[2.601s] DEBUG:colcon:Command line arguments: ['/usr/bin/colcon', 'build']
[2.602s] DEBUG:colcon:Parsed command line arguments: Namespace(allow_overriding=[], ament_cmake_args=None, base_paths=['.'], build_base='build', catkin_cmake_args=None, catkin_skip_building_tests=False, cmake_args=None, cmake_clean_cache=False, cmake_clean_first=False, cmake_force_configure=False, cmake_target=None, cmake_target_skip_unavailable=False, continue_on_error=False, event_handlers=None, executor='parallel', ignore_user_meta=False, install_base='install', log_base=None, log_level=None, main=<bound method BuildVerb.main of <colcon_core.verb.build.BuildVerb object at 0x7fc4db0eaa30>>, merge_install=False, metas=['./colcon.meta'], packages_above=None, packages_above_and_dependencies=None, packages_above_depth=None, packages_end=None, packages_ignore=None, packages_ignore_regex=None, packages_select=None, packages_select_build_failed=False, packages_select_by_dep=None, packages_select_regex=None, packages_select_test_failures=False, packages_skip=None, packages_skip_build_finished=False, packages_skip_by_dep=None, packages_skip_regex=None, packages_skip_test_passed=False, packages_skip_up_to=None, packages_start=None, packages_up_to=None, packages_up_to_regex=None, parallel_workers=6, paths=None, symlink_install=False, test_result_base=None, verb_extension=<colcon_core.verb.build.BuildVerb object at 0x7fc4db0eaa30>, verb_name='build', verb_parser=<colcon_defaults.argument_parser.defaults.DefaultArgumentsDecorator object at 0x7fc4dae25190>)
[2.710s] Level 1:colcon.colcon_core.package_discovery:discover_packages(colcon_meta) check parameters
[2.710s] Level 1:colcon.colcon_core.package_discovery:discover_packages(recursive) check parameters
[2.710s] Level 1:colcon.colcon_core.package_discovery:discover_packages(ignore) check parameters
[2.710s] Level 1:colcon.colcon_core.package_discovery:discover_packages(path) check parameters
[2.710s] Level 1:colcon.colcon_core.package_discovery:discover_packages(colcon_meta) discover
[2.711s] Level 1:colcon.colcon_core.package_discovery:discover_packages(recursive) discover
[2.711s] INFO:colcon.colcon_core.package_discovery:Crawling recursively for packages in '/home/maghetto/ros2_ws/src/my_first_personal_project'
[2.711s] Level 1:colcon.colcon_core.package_identification:_identify(.) by extensions ['ignore', 'ignore_ament_install']
[2.711s] Level 1:colcon.colcon_core.package_identification:_identify(.) by extension 'ignore'
[2.711s] Level 1:colcon.colcon_core.package_identification:_identify(.) by extension 'ignore_ament_install'
[2.711s] Level 1:colcon.colcon_core.package_identification:_identify(.) by extensions ['colcon_pkg']
[2.711s] Level 1:colcon.colcon_core.package_identification:_identify(.) by extension 'colcon_pkg'
[2.711s] Level 1:colcon.colcon_core.package_identification:_identify(.) by extensions ['colcon_meta']
[2.711s] Level 1:colcon.colcon_core.package_identification:_identify(.) by extension 'colcon_meta'
[2.711s] Level 1:colcon.colcon_core.package_identification:_identify(.) by extensions ['ros']
[2.711s] Level 1:colcon.colcon_core.package_identification:_identify(.) by extension 'ros'
[2.727s] DEBUG:colcon.colcon_core.package_identification:Package '.' with type 'ros.ament_cmake' and name 'my_first_personal_project'
[2.727s] Level 1:colcon.colcon_core.package_discovery:discover_packages(recursive) using defaults
[2.727s] Level 1:colcon.colcon_core.package_discovery:discover_packages(ignore) discover
[2.727s] Level 1:colcon.colcon_core.package_discovery:discover_packages(ignore) using defaults
[2.727s] Level 1:colcon.colcon_core.package_discovery:discover_packages(path) discover
[2.727s] Level 1:colcon.colcon_core.package_discovery:discover_packages(path) using defaults
[2.961s] Level 1:colcon.colcon_core.package_discovery:discover_packages(prefix_path) check parameters
[2.961s] Level 1:colcon.colcon_core.package_discovery:discover_packages(prefix_path) discover
[3.059s] DEBUG:colcon.colcon_installed_package_information.package_discovery:Found 264 installed packages in /opt/ros/foxy
[3.061s] Level 1:colcon.colcon_core.package_discovery:discover_packages(prefix_path) using defaults
[3.228s] Level 5:colcon.colcon_core.verb:set package 'my_first_personal_project' build argument 'cmake_args' from command line to 'None'
[3.228s] Level 5:colcon.colcon_core.verb:set package 'my_first_personal_project' build argument 'cmake_target' from command line to 'None'
[3.228s] Level 5:colcon.colcon_core.verb:set package 'my_first_personal_project' build argument 'cmake_target_skip_unavailable' from command line to 'False'
[3.228s] Level 5:colcon.colcon_core.verb:set package 'my_first_personal_project' build argument 'cmake_clean_cache' from command line to 'False'
[3.228s] Level 5:colcon.colcon_core.verb:set package 'my_first_personal_project' build argument 'cmake_clean_first' from command line to 'False'
[3.228s] Level 5:colcon.colcon_core.verb:set package 'my_first_personal_project' build argument 'cmake_force_configure' from command line to 'False'
[3.228s] Level 5:colcon.colcon_core.verb:set package 'my_first_personal_project' build argument 'ament_cmake_args' from command line to 'None'
[3.229s] Level 5:colcon.colcon_core.verb:set package 'my_first_personal_project' build argument 'catkin_cmake_args' from command line to 'None'
[3.229s] Level 5:colcon.colcon_core.verb:set package 'my_first_personal_project' build argument 'catkin_skip_building_tests' from command line to 'False'
[3.229s] DEBUG:colcon.colcon_core.verb:Building package 'my_first_personal_project' with the following arguments: {'ament_cmake_args': None, 'build_base': '/home/maghetto/ros2_ws/src/my_first_personal_project/build/my_first_personal_project', 'catkin_cmake_args': None, 'catkin_skip_building_tests': False, 'cmake_args': None, 'cmake_clean_cache': False, 'cmake_clean_first': False, 'cmake_force_configure': False, 'cmake_target': None, 'cmake_target_skip_unavailable': False, 'install_base': '/home/maghetto/ros2_ws/src/my_first_personal_project/install/my_first_personal_project', 'merge_install': False, 'path': '/home/maghetto/ros2_ws/src/my_first_personal_project', 'symlink_install': False, 'test_result_base': None}
[3.271s] INFO:colcon.colcon_core.executor:Executing jobs using 'parallel' executor
[3.314s] DEBUG:colcon.colcon_parallel_executor.executor.parallel:run_until_complete
[3.315s] INFO:colcon.colcon_ros.task.ament_cmake.build:Building ROS package in '/home/maghetto/ros2_ws/src/my_first_personal_project' with build type 'ament_cmake'
[3.315s] INFO:colcon.colcon_cmake.task.cmake.build:Building CMake package in '/home/maghetto/ros2_ws/src/my_first_personal_project'
[3.365s] INFO:colcon.colcon_core.plugin_system:Skipping extension 'colcon_core.shell.bat': Not used on non-Windows systems
[3.365s] INFO:colcon.colcon_core.shell:Skip shell extension 'powershell' for command environment: Not usable outside of PowerShell
[3.365s] DEBUG:colcon.colcon_core.shell:Skip shell extension 'dsv' for command environment
[3.474s] DEBUG:colcon.colcon_core.event_handler.log_command:Invoking command in '/home/maghetto/ros2_ws/src/my_first_personal_project/build/my_first_personal_project': CMAKE_PREFIX_PATH=/opt/ros/foxy /usr/bin/cmake /home/maghetto/ros2_ws/src/my_first_personal_project -DCMAKE_INSTALL_PREFIX=/home/maghetto/ros2_ws/src/my_first_personal_project/install/my_first_personal_project
[7.951s] DEBUG:colcon.colcon_core.event_handler.log_command:Invoked command in '/home/maghetto/ros2_ws/src/my_first_personal_project/build/my_first_personal_project' returned '0': CMAKE_PREFIX_PATH=/opt/ros/foxy /usr/bin/cmake /home/maghetto/ros2_ws/src/my_first_personal_project -DCMAKE_INSTALL_PREFIX=/home/maghetto/ros2_ws/src/my_first_personal_project/install/my_first_personal_project
[7.956s] DEBUG:colcon.colcon_core.event_handler.log_command:Invoking command in '/home/maghetto/ros2_ws/src/my_first_personal_project/build/my_first_personal_project': CMAKE_PREFIX_PATH=/opt/ros/foxy /usr/bin/cmake --build /home/maghetto/ros2_ws/src/my_first_personal_project/build/my_first_personal_project -- -j6 -l6
[8.916s] DEBUG:colcon.colcon_core.event_handler.log_command:Invoked command in '/home/maghetto/ros2_ws/src/my_first_personal_project/build/my_first_personal_project' returned '2': CMAKE_PREFIX_PATH=/opt/ros/foxy /usr/bin/cmake --build /home/maghetto/ros2_ws/src/my_first_personal_project/build/my_first_personal_project -- -j6 -l6
[9.176s] Level 1:colcon.colcon_core.environment:create_environment_scripts_only(my_first_personal_project)
[9.231s] Level 1:colcon.colcon_core.environment:checking '/home/maghetto/ros2_ws/src/my_first_personal_project/install/my_first_personal_project' for CMake module files
[9.231s] Level 1:colcon.colcon_core.environment:checking '/home/maghetto/ros2_ws/src/my_first_personal_project/install/my_first_personal_project' for CMake config files
[9.232s] Level 1:colcon.colcon_core.environment:checking '/home/maghetto/ros2_ws/src/my_first_personal_project/install/my_first_personal_project/bin'
[9.232s] Level 1:colcon.colcon_core.environment:checking '/home/maghetto/ros2_ws/src/my_first_personal_project/install/my_first_personal_project/lib/pkgconfig/my_first_personal_project.pc'
[9.232s] Level 1:colcon.colcon_core.environment:checking '/home/maghetto/ros2_ws/src/my_first_personal_project/install/my_first_personal_project/lib/python3.8/site-packages'
[9.232s] Level 1:colcon.colcon_core.environment:checking '/home/maghetto/ros2_ws/src/my_first_personal_project/install/my_first_personal_project/bin'
[9.280s] INFO:colcon.colcon_core.shell:Creating package script '/home/maghetto/ros2_ws/src/my_first_personal_project/install/my_first_personal_project/share/my_first_personal_project/package.ps1'
[9.281s] INFO:colcon.colcon_core.shell:Creating package descriptor '/home/maghetto/ros2_ws/src/my_first_personal_project/install/my_first_personal_project/share/my_first_personal_project/package.dsv'
[9.282s] INFO:colcon.colcon_core.shell:Creating package script '/home/maghetto/ros2_ws/src/my_first_personal_project/install/my_first_personal_project/share/my_first_personal_project/package.sh'
[9.283s] INFO:colcon.colcon_core.shell:Creating package script '/home/maghetto/ros2_ws/src/my_first_personal_project/install/my_first_personal_project/share/my_first_personal_project/package.bash'
[9.283s] INFO:colcon.colcon_core.shell:Creating package script '/home/maghetto/ros2_ws/src/my_first_personal_project/install/my_first_personal_project/share/my_first_personal_project/package.zsh'
[9.284s] Level 1:colcon.colcon_core.environment:create_file_with_runtime_dependencies(/home/maghetto/ros2_ws/src/my_first_personal_project/install/my_first_personal_project/share/colcon-core/packages/my_first_personal_project)
[9.295s] DEBUG:colcon.colcon_parallel_executor.executor.parallel:closing loop
[9.296s] DEBUG:colcon.colcon_parallel_executor.executor.parallel:loop closed
[9.296s] DEBUG:colcon.colcon_parallel_executor.executor.parallel:run_until_complete finished with '2'
[9.296s] DEBUG:colcon.colcon_core.event_reactor:joining thread
[9.396s] INFO:colcon.colcon_core.plugin_system:Skipping extension 'colcon_notification.desktop_notification.terminal_notifier': Not used on non-Darwin systems
[9.396s] INFO:colcon.colcon_core.plugin_system:Skipping extension 'colcon_notification.desktop_notification.win32': Not used on non-Windows systems
[9.396s] INFO:colcon.colcon_notification.desktop_notification:Sending desktop notification using 'notify2'
[9.422s] DEBUG:colcon.colcon_core.event_reactor:joined thread
[9.510s] INFO:colcon.colcon_core.shell:Creating prefix script '/home/maghetto/ros2_ws/src/my_first_personal_project/install/local_setup.ps1'
[9.511s] INFO:colcon.colcon_core.shell:Creating prefix util module '/home/maghetto/ros2_ws/src/my_first_personal_project/install/_local_setup_util_ps1.py'
[9.512s] INFO:colcon.colcon_core.shell:Creating prefix chain script '/home/maghetto/ros2_ws/src/my_first_personal_project/install/setup.ps1'
[9.620s] INFO:colcon.colcon_core.shell:Creating prefix script '/home/maghetto/ros2_ws/src/my_first_personal_project/install/local_setup.sh'
[9.623s] INFO:colcon.colcon_core.shell:Creating prefix util module '/home/maghetto/ros2_ws/src/my_first_personal_project/install/_local_setup_util_sh.py'
[9.624s] INFO:colcon.colcon_core.shell:Creating prefix chain script '/home/maghetto/ros2_ws/src/my_first_personal_project/install/setup.sh'
[9.688s] INFO:colcon.colcon_core.shell:Creating prefix script '/home/maghetto/ros2_ws/src/my_first_personal_project/install/local_setup.bash'
[9.688s] INFO:colcon.colcon_core.shell:Creating prefix chain script '/home/maghetto/ros2_ws/src/my_first_personal_project/install/setup.bash'
[9.737s] INFO:colcon.colcon_core.shell:Creating prefix script '/home/maghetto/ros2_ws/src/my_first_personal_project/install/local_setup.zsh'
[9.737s] INFO:colcon.colcon_core.shell:Creating prefix chain script '/home/maghetto/ros2_ws/src/my_first_personal_project/install/setup.zsh'
