[1.916s] Invoking command in '/home/maghetto/ros2_ws/src/examples/rclpy/executors': PYTHONPATH=/home/maghetto/ros2_ws/build/examples_rclpy_executors/prefix_override:/home/maghetto/ros2_ws/install/examples_rclpy_executors/lib/python3.8/site-packages:${PYTHONPATH} /usr/bin/python3 setup.py egg_info --egg-base ../../../../build/examples_rclpy_executors build --build-base /home/maghetto/ros2_ws/build/examples_rclpy_executors/build install --record /home/maghetto/ros2_ws/build/examples_rclpy_executors/install.log --install-scripts $base/lib/examples_rclpy_executors --single-version-externally-managed
[2.140s] running egg_info
[2.141s] writing ../../../../build/examples_rclpy_executors/examples_rclpy_executors.egg-info/PKG-INFO
[2.141s] writing dependency_links to ../../../../build/examples_rclpy_executors/examples_rclpy_executors.egg-info/dependency_links.txt
[2.141s] writing entry points to ../../../../build/examples_rclpy_executors/examples_rclpy_executors.egg-info/entry_points.txt
[2.141s] writing requirements to ../../../../build/examples_rclpy_executors/examples_rclpy_executors.egg-info/requires.txt
[2.141s] writing top-level names to ../../../../build/examples_rclpy_executors/examples_rclpy_executors.egg-info/top_level.txt
[2.194s] reading manifest file '../../../../build/examples_rclpy_executors/examples_rclpy_executors.egg-info/SOURCES.txt'
[2.195s] writing manifest file '../../../../build/examples_rclpy_executors/examples_rclpy_executors.egg-info/SOURCES.txt'
[2.195s] running build
[2.195s] running build_py
[2.195s] running install
[2.196s] running install_lib
[2.196s] running install_data
[2.196s] running install_egg_info
[2.196s] removing '/home/maghetto/ros2_ws/install/examples_rclpy_executors/lib/python3.8/site-packages/examples_rclpy_executors-0.9.4-py3.8.egg-info' (and everything under it)
[2.196s] Copying ../../../../build/examples_rclpy_executors/examples_rclpy_executors.egg-info to /home/maghetto/ros2_ws/install/examples_rclpy_executors/lib/python3.8/site-packages/examples_rclpy_executors-0.9.4-py3.8.egg-info
[2.197s] running install_scripts
[2.223s] Installing callback_group script to /home/maghetto/ros2_ws/install/examples_rclpy_executors/lib/examples_rclpy_executors
[2.223s] Installing composed script to /home/maghetto/ros2_ws/install/examples_rclpy_executors/lib/examples_rclpy_executors
[2.223s] Installing custom_callback_group script to /home/maghetto/ros2_ws/install/examples_rclpy_executors/lib/examples_rclpy_executors
[2.223s] Installing custom_executor script to /home/maghetto/ros2_ws/install/examples_rclpy_executors/lib/examples_rclpy_executors
[2.224s] Installing listener script to /home/maghetto/ros2_ws/install/examples_rclpy_executors/lib/examples_rclpy_executors
[2.224s] Installing talker script to /home/maghetto/ros2_ws/install/examples_rclpy_executors/lib/examples_rclpy_executors
[2.224s] writing list of installed files to '/home/maghetto/ros2_ws/build/examples_rclpy_executors/install.log'
[3.273s] Invoked command in '/home/maghetto/ros2_ws/src/examples/rclpy/executors' returned '0': PYTHONPATH=/home/maghetto/ros2_ws/build/examples_rclpy_executors/prefix_override:/home/maghetto/ros2_ws/install/examples_rclpy_executors/lib/python3.8/site-packages:${PYTHONPATH} /usr/bin/python3 setup.py egg_info --egg-base ../../../../build/examples_rclpy_executors build --build-base /home/maghetto/ros2_ws/build/examples_rclpy_executors/build install --record /home/maghetto/ros2_ws/build/examples_rclpy_executors/install.log --install-scripts $base/lib/examples_rclpy_executors --single-version-externally-managed
