[0.750s] Invoking command in '/home/maghetto/ros2_ws/build/cpp_launch_example': CMAKE_PREFIX_PATH=/opt/ros/foxy /usr/bin/cmake /home/maghetto/ros2_ws/src/cpp_launch_example -DCMAKE_INSTALL_PREFIX=/home/maghetto/ros2_ws/install/cpp_launch_example
[0.991s] -- The C compiler identification is GNU 9.4.0
[1.151s] -- The CXX compiler identification is GNU 9.4.0
[1.175s] -- Check for working C compiler: /usr/bin/cc
[1.336s] -- Check for working C compiler: /usr/bin/cc -- works
[1.336s] -- Detecting C compiler ABI info
[1.451s] -- Detecting C compiler ABI info - done
[1.451s] -- Detecting C compile features
[1.452s] -- Detecting C compile features - done
[1.491s] -- Check for working CXX compiler: /usr/bin/c++
[1.615s] -- Check for working CXX compiler: /usr/bin/c++ -- works
[1.629s] -- Detecting CXX compiler ABI info
[1.721s] -- Detecting CXX compiler ABI info - done
[1.743s] -- Detecting CXX compile features
[1.751s] -- Detecting CXX compile features - done
[1.751s] -- Found ament_cmake: 0.9.12 (/opt/ros/foxy/share/ament_cmake/cmake)
[1.751s] -- Found PythonInterp: /usr/bin/python3 (found suitable version "3.8.10", minimum required is "3") 
[1.751s] -- Using PYTHON_EXECUTABLE: /usr/bin/python3
[2.023s] -- Found ament_lint_auto: 0.9.8 (/opt/ros/foxy/share/ament_lint_auto/cmake)
[2.127s] -- Added test 'copyright' to check source files copyright and LICENSE
[2.127s] -- Added test 'flake8' to check Python code syntax and style conventions
[2.127s] -- Added test 'lint_cmake' to check CMake code style
[2.128s] -- Added test 'pep257' to check Python code against some of the style conventions in PEP 257
[2.128s] -- Added test 'xmllint' to check XML markup files
[2.128s] -- Configuring done
[2.128s] -- Generating done
[2.128s] -- Build files have been written to: /home/maghetto/ros2_ws/build/cpp_launch_example
[2.817s] Invoked command in '/home/maghetto/ros2_ws/build/cpp_launch_example' returned '0': CMAKE_PREFIX_PATH=/opt/ros/foxy /usr/bin/cmake /home/maghetto/ros2_ws/src/cpp_launch_example -DCMAKE_INSTALL_PREFIX=/home/maghetto/ros2_ws/install/cpp_launch_example
[2.818s] Invoking command in '/home/maghetto/ros2_ws/build/cpp_launch_example': CMAKE_PREFIX_PATH=/opt/ros/foxy /usr/bin/cmake --build /home/maghetto/ros2_ws/build/cpp_launch_example -- -j6 -l6
[3.277s] Invoked command in '/home/maghetto/ros2_ws/build/cpp_launch_example' returned '0': CMAKE_PREFIX_PATH=/opt/ros/foxy /usr/bin/cmake --build /home/maghetto/ros2_ws/build/cpp_launch_example -- -j6 -l6
[3.965s] Invoking command in '/home/maghetto/ros2_ws/build/cpp_launch_example': CMAKE_PREFIX_PATH=/opt/ros/foxy /usr/bin/cmake --install /home/maghetto/ros2_ws/build/cpp_launch_example
[4.003s] -- Install configuration: ""
[4.005s] -- Installing: /home/maghetto/ros2_ws/install/cpp_launch_example/share/cpp_launch_example//launch
[4.005s] -- Installing: /home/maghetto/ros2_ws/install/cpp_launch_example/share/cpp_launch_example//launch/my_script_launch.py
[4.006s] -- Installing: /home/maghetto/ros2_ws/install/cpp_launch_example/share/ament_index/resource_index/package_run_dependencies/cpp_launch_example
[4.009s] -- Installing: /home/maghetto/ros2_ws/install/cpp_launch_example/share/ament_index/resource_index/parent_prefix_path/cpp_launch_example
[4.015s] -- Installing: /home/maghetto/ros2_ws/install/cpp_launch_example/share/cpp_launch_example/environment/ament_prefix_path.sh
[4.015s] -- Installing: /home/maghetto/ros2_ws/install/cpp_launch_example/share/cpp_launch_example/environment/ament_prefix_path.dsv
[4.015s] -- Installing: /home/maghetto/ros2_ws/install/cpp_launch_example/share/cpp_launch_example/environment/path.sh
[4.016s] -- Installing: /home/maghetto/ros2_ws/install/cpp_launch_example/share/cpp_launch_example/environment/path.dsv
[4.016s] -- Installing: /home/maghetto/ros2_ws/install/cpp_launch_example/share/cpp_launch_example/local_setup.bash
[4.016s] -- Installing: /home/maghetto/ros2_ws/install/cpp_launch_example/share/cpp_launch_example/local_setup.sh
[4.017s] -- Installing: /home/maghetto/ros2_ws/install/cpp_launch_example/share/cpp_launch_example/local_setup.zsh
[4.017s] -- Installing: /home/maghetto/ros2_ws/install/cpp_launch_example/share/cpp_launch_example/local_setup.dsv
[4.019s] -- Installing: /home/maghetto/ros2_ws/install/cpp_launch_example/share/cpp_launch_example/package.dsv
[4.019s] -- Installing: /home/maghetto/ros2_ws/install/cpp_launch_example/share/ament_index/resource_index/packages/cpp_launch_example
[4.020s] -- Installing: /home/maghetto/ros2_ws/install/cpp_launch_example/share/cpp_launch_example/cmake/cpp_launch_exampleConfig.cmake
[4.020s] -- Installing: /home/maghetto/ros2_ws/install/cpp_launch_example/share/cpp_launch_example/cmake/cpp_launch_exampleConfig-version.cmake
[4.020s] -- Installing: /home/maghetto/ros2_ws/install/cpp_launch_example/share/cpp_launch_example/package.xml
[4.021s] Invoked command in '/home/maghetto/ros2_ws/build/cpp_launch_example' returned '0': CMAKE_PREFIX_PATH=/opt/ros/foxy /usr/bin/cmake --install /home/maghetto/ros2_ws/build/cpp_launch_example
