[0.186s] Invoking command in '/home/maghetto/ros2_ws/build/my_first_personal_project': CMAKE_PREFIX_PATH=/opt/ros/foxy /usr/bin/cmake --build /home/maghetto/ros2_ws/build/my_first_personal_project -- -j6 -l6
[0.281s] [  2%] Built target my_first_personal_project__cpp
[0.282s] [ 11%] Built target my_first_personal_project__rosidl_generator_c
[0.334s] [ 20%] Built target my_first_personal_project__rosidl_typesupport_introspection_cpp
[0.334s] [ 28%] Built target my_first_personal_project__rosidl_typesupport_cpp
[0.335s] [ 37%] Built target my_first_personal_project__rosidl_typesupport_c
[0.337s] [ 45%] Built target my_first_personal_project__rosidl_typesupport_introspection_c
[0.342s] [ 54%] Built target my_first_personal_project__rosidl_typesupport_fastrtps_cpp
[0.416s] [ 62%] Built target my_first_personal_project__rosidl_typesupport_fastrtps_c
[0.460s] [ 62%] Built target my_first_personal_project
[0.496s] [35m[1mScanning dependencies of target eworker[0m
[0.518s] [ 65%] Built target my_first_personal_project__py
[0.528s] [ 71%] Built target random_generator
[0.555s] [ 74%] [32mBuilding CXX object CMakeFiles/eworker.dir/src/eworker.cpp.o[0m
[0.591s] [ 80%] Built target my_first_personal_project__python
[0.677s] [ 85%] Built target my_first_personal_project__rosidl_typesupport_fastrtps_c__pyext
[0.677s] [ 91%] Built target my_first_personal_project__rosidl_typesupport_c__pyext
[0.679s] [ 97%] Built target my_first_personal_project__rosidl_typesupport_introspection_c__pyext
[2.091s] [01m[K/home/maghetto/ros2_ws/src/my_first_personal_project/src/eworker.cpp:[m[K In member function ‘[01m[Kvoid Eworker::topic_callback(my_first_personal_project::msg::Number_<std::allocator<void> >::SharedPtr) const[m[K’:
[2.092s] [01m[K/home/maghetto/ros2_ws/src/my_first_personal_project/src/eworker.cpp:25:66:[m[K [01;31m[Kerror: [m[K‘[01m[Kconst SharedPtr[m[K’ {aka ‘[01m[Kconst class std::shared_ptr<my_first_personal_project::msg::Number_<std::allocator<void> > >[m[K’} has no member named ‘[01m[Knode_id[m[K’
[2.092s]    25 |   std::cout << "Publishing:\n\tnode_id: " << received_number.[01;31m[Knode_id[m[K << "\n\tnumber: " << received_number.number << std::endl;
[2.092s]       |                                                              [01;31m[K^~~~~~~[m[K
[2.092s] 
[2.092s] [01m[K/home/maghetto/ros2_ws/src/my_first_personal_project/src/eworker.cpp:25:111:[m[K [01;31m[Kerror: [m[K‘[01m[Kconst SharedPtr[m[K’ {aka ‘[01m[Kconst class std::shared_ptr<my_first_personal_project::msg::Number_<std::allocator<void> > >[m[K’} has no member named ‘[01m[Knumber[m[K’
[2.093s]    25 | received_number.node_id << "\n\tnumber: " << received_number.[01;31m[Knumber[m[K << std::endl;
[2.093s]       |                                                              [01;31m[K^~~~~~[m[K
[2.093s] 
[3.742s] make[2]: *** [CMakeFiles/eworker.dir/build.make:63: CMakeFiles/eworker.dir/src/eworker.cpp.o] Errore 1
[3.742s] make[1]: *** [CMakeFiles/Makefile2:126: CMakeFiles/eworker.dir/all] Errore 2
[3.742s] make: *** [Makefile:141: all] Errore 2
[3.747s] Invoked command in '/home/maghetto/ros2_ws/build/my_first_personal_project' returned '2': CMAKE_PREFIX_PATH=/opt/ros/foxy /usr/bin/cmake --build /home/maghetto/ros2_ws/build/my_first_personal_project -- -j6 -l6
