[1.650s] Invoking command in '/home/maghetto/ros2_ws/build/tutorial_interfaces': CMAKE_PREFIX_PATH=${CMAKE_PREFIX_PATH}:/home/maghetto/ros2_ws/install/py_launch_example:/home/maghetto/ros2_ws/install/launch_tutorial:/home/maghetto/ros2_ws/install/examples_rclpy_minimal_subscriber:/home/maghetto/ros2_ws/install/examples_rclpy_minimal_service:/home/maghetto/ros2_ws/install/examples_rclpy_minimal_publisher:/home/maghetto/ros2_ws/install/examples_rclpy_minimal_client:/home/maghetto/ros2_ws/install/examples_rclpy_minimal_action_server:/home/maghetto/ros2_ws/install/examples_rclpy_minimal_action_client:/home/maghetto/ros2_ws/install/examples_rclpy_executors:/home/maghetto/ROS2-Tutorials/ros2_ws/install/py_launch_example:/home/maghetto/ROS2-Tutorials/ros2_ws/install/launch_tutorial:/home/maghetto/ROS2-Tutorials/ros2_ws/install/examples_rclpy_minimal_subscriber:/home/maghetto/ROS2-Tutorials/ros2_ws/install/examples_rclpy_minimal_service:/home/maghetto/ROS2-Tutorials/ros2_ws/install/examples_rclpy_minimal_publisher:/home/maghetto/ROS2-Tutorials/ros2_ws/install/examples_rclpy_minimal_client:/home/maghetto/ROS2-Tutorials/ros2_ws/install/examples_rclpy_minimal_action_server:/home/maghetto/ROS2-Tutorials/ros2_ws/install/examples_rclpy_minimal_action_client:/home/maghetto/ROS2-Tutorials/ros2_ws/install/examples_rclpy_executors:/opt/ros/foxy /usr/bin/cmake --build /home/maghetto/ros2_ws/build/tutorial_interfaces -- -j6 -l6
[2.076s] [  2%] Built target tutorial_interfaces__cpp
[2.121s] [ 12%] Built target tutorial_interfaces__rosidl_generator_c
[2.199s] [ 23%] Built target tutorial_interfaces__rosidl_typesupport_introspection_cpp
[2.201s] [ 34%] Built target tutorial_interfaces__rosidl_typesupport_cpp
[2.234s] [ 44%] Built target tutorial_interfaces__rosidl_typesupport_fastrtps_cpp
[2.251s] [ 55%] Built target tutorial_interfaces__rosidl_typesupport_introspection_c
[2.254s] [ 65%] Built target tutorial_interfaces__rosidl_typesupport_c
[2.309s] [ 76%] Built target tutorial_interfaces__rosidl_typesupport_fastrtps_c
[2.354s] [ 76%] Built target tutorial_interfaces
[2.421s] [ 78%] Built target tutorial_interfaces__py
[2.502s] [ 87%] Built target tutorial_interfaces__python
[2.538s] [ 91%] Built target tutorial_interfaces__rosidl_typesupport_introspection_c__pyext
[2.538s] [ 95%] Built target tutorial_interfaces__rosidl_typesupport_c__pyext
[2.541s] [100%] Built target tutorial_interfaces__rosidl_typesupport_fastrtps_c__pyext
[2.582s] Invoked command in '/home/maghetto/ros2_ws/build/tutorial_interfaces' returned '0': CMAKE_PREFIX_PATH=${CMAKE_PREFIX_PATH}:/home/maghetto/ros2_ws/install/py_launch_example:/home/maghetto/ros2_ws/install/launch_tutorial:/home/maghetto/ros2_ws/install/examples_rclpy_minimal_subscriber:/home/maghetto/ros2_ws/install/examples_rclpy_minimal_service:/home/maghetto/ros2_ws/install/examples_rclpy_minimal_publisher:/home/maghetto/ros2_ws/install/examples_rclpy_minimal_client:/home/maghetto/ros2_ws/install/examples_rclpy_minimal_action_server:/home/maghetto/ros2_ws/install/examples_rclpy_minimal_action_client:/home/maghetto/ros2_ws/install/examples_rclpy_executors:/home/maghetto/ROS2-Tutorials/ros2_ws/install/py_launch_example:/home/maghetto/ROS2-Tutorials/ros2_ws/install/launch_tutorial:/home/maghetto/ROS2-Tutorials/ros2_ws/install/examples_rclpy_minimal_subscriber:/home/maghetto/ROS2-Tutorials/ros2_ws/install/examples_rclpy_minimal_service:/home/maghetto/ROS2-Tutorials/ros2_ws/install/examples_rclpy_minimal_publisher:/home/maghetto/ROS2-Tutorials/ros2_ws/install/examples_rclpy_minimal_client:/home/maghetto/ROS2-Tutorials/ros2_ws/install/examples_rclpy_minimal_action_server:/home/maghetto/ROS2-Tutorials/ros2_ws/install/examples_rclpy_minimal_action_client:/home/maghetto/ROS2-Tutorials/ros2_ws/install/examples_rclpy_executors:/opt/ros/foxy /usr/bin/cmake --build /home/maghetto/ros2_ws/build/tutorial_interfaces -- -j6 -l6
[3.339s] Invoking command in '/home/maghetto/ros2_ws/build/tutorial_interfaces': CMAKE_PREFIX_PATH=${CMAKE_PREFIX_PATH}:/home/maghetto/ros2_ws/install/py_launch_example:/home/maghetto/ros2_ws/install/launch_tutorial:/home/maghetto/ros2_ws/install/examples_rclpy_minimal_subscriber:/home/maghetto/ros2_ws/install/examples_rclpy_minimal_service:/home/maghetto/ros2_ws/install/examples_rclpy_minimal_publisher:/home/maghetto/ros2_ws/install/examples_rclpy_minimal_client:/home/maghetto/ros2_ws/install/examples_rclpy_minimal_action_server:/home/maghetto/ros2_ws/install/examples_rclpy_minimal_action_client:/home/maghetto/ros2_ws/install/examples_rclpy_executors:/home/maghetto/ROS2-Tutorials/ros2_ws/install/py_launch_example:/home/maghetto/ROS2-Tutorials/ros2_ws/install/launch_tutorial:/home/maghetto/ROS2-Tutorials/ros2_ws/install/examples_rclpy_minimal_subscriber:/home/maghetto/ROS2-Tutorials/ros2_ws/install/examples_rclpy_minimal_service:/home/maghetto/ROS2-Tutorials/ros2_ws/install/examples_rclpy_minimal_publisher:/home/maghetto/ROS2-Tutorials/ros2_ws/install/examples_rclpy_minimal_client:/home/maghetto/ROS2-Tutorials/ros2_ws/install/examples_rclpy_minimal_action_server:/home/maghetto/ROS2-Tutorials/ros2_ws/install/examples_rclpy_minimal_action_client:/home/maghetto/ROS2-Tutorials/ros2_ws/install/examples_rclpy_executors:/opt/ros/foxy /usr/bin/cmake --install /home/maghetto/ros2_ws/build/tutorial_interfaces
[3.393s] -- Install configuration: ""
[3.395s] -- Up-to-date: /home/maghetto/ros2_ws/install/tutorial_interfaces/share/ament_index/resource_index/rosidl_interfaces/tutorial_interfaces
[3.413s] -- Up-to-date: /home/maghetto/ros2_ws/install/tutorial_interfaces/include/tutorial_interfaces
[3.413s] -- Up-to-date: /home/maghetto/ros2_ws/install/tutorial_interfaces/include/tutorial_interfaces/srv
[3.415s] -- Up-to-date: /home/maghetto/ros2_ws/install/tutorial_interfaces/include/tutorial_interfaces/srv/add_three_ints.h
[3.417s] -- Up-to-date: /home/maghetto/ros2_ws/install/tutorial_interfaces/include/tutorial_interfaces/srv/detail
[3.418s] -- Up-to-date: /home/maghetto/ros2_ws/install/tutorial_interfaces/include/tutorial_interfaces/srv/detail/add_three_ints__functions.c
[3.419s] -- Up-to-date: /home/maghetto/ros2_ws/install/tutorial_interfaces/include/tutorial_interfaces/srv/detail/add_three_ints__struct.h
[3.419s] -- Up-to-date: /home/maghetto/ros2_ws/install/tutorial_interfaces/include/tutorial_interfaces/srv/detail/add_three_ints__type_support.h
[3.421s] -- Up-to-date: /home/maghetto/ros2_ws/install/tutorial_interfaces/include/tutorial_interfaces/srv/detail/add_three_ints__functions.h
[3.421s] -- Up-to-date: /home/maghetto/ros2_ws/install/tutorial_interfaces/include/tutorial_interfaces/msg
[3.421s] -- Up-to-date: /home/maghetto/ros2_ws/install/tutorial_interfaces/include/tutorial_interfaces/msg/num.h
[3.421s] -- Up-to-date: /home/maghetto/ros2_ws/install/tutorial_interfaces/include/tutorial_interfaces/msg/rosidl_generator_c__visibility_control.h
[3.422s] -- Up-to-date: /home/maghetto/ros2_ws/install/tutorial_interfaces/include/tutorial_interfaces/msg/sphere.h
[3.424s] -- Up-to-date: /home/maghetto/ros2_ws/install/tutorial_interfaces/include/tutorial_interfaces/msg/detail
[3.424s] -- Up-to-date: /home/maghetto/ros2_ws/install/tutorial_interfaces/include/tutorial_interfaces/msg/detail/num__functions.h
[3.425s] -- Up-to-date: /home/maghetto/ros2_ws/install/tutorial_interfaces/include/tutorial_interfaces/msg/detail/sphere__functions.c
[3.425s] -- Up-to-date: /home/maghetto/ros2_ws/install/tutorial_interfaces/include/tutorial_interfaces/msg/detail/sphere__struct.h
[3.425s] -- Up-to-date: /home/maghetto/ros2_ws/install/tutorial_interfaces/include/tutorial_interfaces/msg/detail/sphere__functions.h
[3.425s] -- Up-to-date: /home/maghetto/ros2_ws/install/tutorial_interfaces/include/tutorial_interfaces/msg/detail/num__functions.c
[3.425s] -- Up-to-date: /home/maghetto/ros2_ws/install/tutorial_interfaces/include/tutorial_interfaces/msg/detail/num__struct.h
[3.426s] -- Up-to-date: /home/maghetto/ros2_ws/install/tutorial_interfaces/include/tutorial_interfaces/msg/detail/num__type_support.h
[3.426s] -- Up-to-date: /home/maghetto/ros2_ws/install/tutorial_interfaces/include/tutorial_interfaces/msg/detail/sphere__type_support.h
[3.426s] -- Up-to-date: /home/maghetto/ros2_ws/install/tutorial_interfaces/share/tutorial_interfaces/environment/library_path.sh
[3.426s] -- Up-to-date: /home/maghetto/ros2_ws/install/tutorial_interfaces/share/tutorial_interfaces/environment/library_path.dsv
[3.426s] -- Up-to-date: /home/maghetto/ros2_ws/install/tutorial_interfaces/lib/libtutorial_interfaces__rosidl_generator_c.so
[3.427s] -- Up-to-date: /home/maghetto/ros2_ws/install/tutorial_interfaces/include/tutorial_interfaces
[3.427s] -- Up-to-date: /home/maghetto/ros2_ws/install/tutorial_interfaces/include/tutorial_interfaces/srv
[3.427s] -- Up-to-date: /home/maghetto/ros2_ws/install/tutorial_interfaces/include/tutorial_interfaces/srv/detail
[3.427s] -- Up-to-date: /home/maghetto/ros2_ws/install/tutorial_interfaces/include/tutorial_interfaces/srv/detail/add_three_ints__rosidl_typesupport_fastrtps_c.h
[3.427s] -- Up-to-date: /home/maghetto/ros2_ws/install/tutorial_interfaces/include/tutorial_interfaces/msg
[3.428s] -- Up-to-date: /home/maghetto/ros2_ws/install/tutorial_interfaces/include/tutorial_interfaces/msg/rosidl_typesupport_fastrtps_c__visibility_control.h
[3.428s] -- Up-to-date: /home/maghetto/ros2_ws/install/tutorial_interfaces/include/tutorial_interfaces/msg/detail
[3.428s] -- Up-to-date: /home/maghetto/ros2_ws/install/tutorial_interfaces/include/tutorial_interfaces/msg/detail/num__rosidl_typesupport_fastrtps_c.h
[3.429s] -- Up-to-date: /home/maghetto/ros2_ws/install/tutorial_interfaces/include/tutorial_interfaces/msg/detail/sphere__rosidl_typesupport_fastrtps_c.h
[3.429s] -- Up-to-date: /home/maghetto/ros2_ws/install/tutorial_interfaces/lib/libtutorial_interfaces__rosidl_typesupport_fastrtps_c.so
[3.429s] -- Up-to-date: /home/maghetto/ros2_ws/install/tutorial_interfaces/include/tutorial_interfaces
[3.429s] -- Up-to-date: /home/maghetto/ros2_ws/install/tutorial_interfaces/include/tutorial_interfaces/srv
[3.429s] -- Up-to-date: /home/maghetto/ros2_ws/install/tutorial_interfaces/include/tutorial_interfaces/srv/detail
[3.430s] -- Up-to-date: /home/maghetto/ros2_ws/install/tutorial_interfaces/include/tutorial_interfaces/srv/detail/dds_fastrtps
[3.430s] -- Up-to-date: /home/maghetto/ros2_ws/install/tutorial_interfaces/include/tutorial_interfaces/srv/detail/add_three_ints__rosidl_typesupport_fastrtps_cpp.hpp
[3.430s] -- Up-to-date: /home/maghetto/ros2_ws/install/tutorial_interfaces/include/tutorial_interfaces/msg
[3.430s] -- Up-to-date: /home/maghetto/ros2_ws/install/tutorial_interfaces/include/tutorial_interfaces/msg/rosidl_typesupport_fastrtps_cpp__visibility_control.h
[3.430s] -- Up-to-date: /home/maghetto/ros2_ws/install/tutorial_interfaces/include/tutorial_interfaces/msg/detail
[3.431s] -- Up-to-date: /home/maghetto/ros2_ws/install/tutorial_interfaces/include/tutorial_interfaces/msg/detail/dds_fastrtps
[3.431s] -- Up-to-date: /home/maghetto/ros2_ws/install/tutorial_interfaces/include/tutorial_interfaces/msg/detail/num__rosidl_typesupport_fastrtps_cpp.hpp
[3.431s] -- Up-to-date: /home/maghetto/ros2_ws/install/tutorial_interfaces/include/tutorial_interfaces/msg/detail/sphere__rosidl_typesupport_fastrtps_cpp.hpp
[3.431s] -- Up-to-date: /home/maghetto/ros2_ws/install/tutorial_interfaces/lib/libtutorial_interfaces__rosidl_typesupport_fastrtps_cpp.so
[3.431s] -- Up-to-date: /home/maghetto/ros2_ws/install/tutorial_interfaces/include/tutorial_interfaces
[3.432s] -- Up-to-date: /home/maghetto/ros2_ws/install/tutorial_interfaces/include/tutorial_interfaces/srv
[3.432s] -- Up-to-date: /home/maghetto/ros2_ws/install/tutorial_interfaces/include/tutorial_interfaces/srv/detail
[3.432s] -- Up-to-date: /home/maghetto/ros2_ws/install/tutorial_interfaces/include/tutorial_interfaces/srv/detail/add_three_ints__type_support.c
[3.432s] -- Up-to-date: /home/maghetto/ros2_ws/install/tutorial_interfaces/include/tutorial_interfaces/srv/detail/add_three_ints__rosidl_typesupport_introspection_c.h
[3.432s] -- Up-to-date: /home/maghetto/ros2_ws/install/tutorial_interfaces/include/tutorial_interfaces/msg
[3.433s] -- Up-to-date: /home/maghetto/ros2_ws/install/tutorial_interfaces/include/tutorial_interfaces/msg/rosidl_typesupport_introspection_c__visibility_control.h
[3.433s] -- Up-to-date: /home/maghetto/ros2_ws/install/tutorial_interfaces/include/tutorial_interfaces/msg/detail
[3.433s] -- Up-to-date: /home/maghetto/ros2_ws/install/tutorial_interfaces/include/tutorial_interfaces/msg/detail/sphere__type_support.c
[3.433s] -- Up-to-date: /home/maghetto/ros2_ws/install/tutorial_interfaces/include/tutorial_interfaces/msg/detail/sphere__rosidl_typesupport_introspection_c.h
[3.433s] -- Up-to-date: /home/maghetto/ros2_ws/install/tutorial_interfaces/include/tutorial_interfaces/msg/detail/num__type_support.c
[3.434s] -- Up-to-date: /home/maghetto/ros2_ws/install/tutorial_interfaces/include/tutorial_interfaces/msg/detail/num__rosidl_typesupport_introspection_c.h
[3.434s] -- Up-to-date: /home/maghetto/ros2_ws/install/tutorial_interfaces/lib/libtutorial_interfaces__rosidl_typesupport_introspection_c.so
[3.434s] -- Up-to-date: /home/maghetto/ros2_ws/install/tutorial_interfaces/lib/libtutorial_interfaces__rosidl_typesupport_c.so
[3.532s] -- Up-to-date: /home/maghetto/ros2_ws/install/tutorial_interfaces/include/tutorial_interfaces
[3.532s] -- Up-to-date: /home/maghetto/ros2_ws/install/tutorial_interfaces/include/tutorial_interfaces/srv
[3.533s] -- Up-to-date: /home/maghetto/ros2_ws/install/tutorial_interfaces/include/tutorial_interfaces/srv/add_three_ints.hpp
[3.533s] -- Up-to-date: /home/maghetto/ros2_ws/install/tutorial_interfaces/include/tutorial_interfaces/srv/detail
[3.533s] -- Up-to-date: /home/maghetto/ros2_ws/install/tutorial_interfaces/include/tutorial_interfaces/srv/detail/add_three_ints__type_support.hpp
[3.553s] -- Up-to-date: /home/maghetto/ros2_ws/install/tutorial_interfaces/include/tutorial_interfaces/srv/detail/add_three_ints__traits.hpp
[3.562s] -- Up-to-date: /home/maghetto/ros2_ws/install/tutorial_interfaces/include/tutorial_interfaces/srv/detail/add_three_ints__builder.hpp
[3.563s] -- Up-to-date: /home/maghetto/ros2_ws/install/tutorial_interfaces/include/tutorial_interfaces/srv/detail/add_three_ints__struct.hpp
[3.563s] -- Up-to-date: /home/maghetto/ros2_ws/install/tutorial_interfaces/include/tutorial_interfaces/msg
[3.563s] -- Up-to-date: /home/maghetto/ros2_ws/install/tutorial_interfaces/include/tutorial_interfaces/msg/rosidl_generator_cpp__visibility_control.hpp
[3.563s] -- Up-to-date: /home/maghetto/ros2_ws/install/tutorial_interfaces/include/tutorial_interfaces/msg/sphere.hpp
[3.564s] -- Up-to-date: /home/maghetto/ros2_ws/install/tutorial_interfaces/include/tutorial_interfaces/msg/detail
[3.564s] -- Up-to-date: /home/maghetto/ros2_ws/install/tutorial_interfaces/include/tutorial_interfaces/msg/detail/sphere__traits.hpp
[3.564s] -- Up-to-date: /home/maghetto/ros2_ws/install/tutorial_interfaces/include/tutorial_interfaces/msg/detail/num__type_support.hpp
[3.565s] -- Up-to-date: /home/maghetto/ros2_ws/install/tutorial_interfaces/include/tutorial_interfaces/msg/detail/sphere__struct.hpp
[3.565s] -- Up-to-date: /home/maghetto/ros2_ws/install/tutorial_interfaces/include/tutorial_interfaces/msg/detail/num__builder.hpp
[3.565s] -- Up-to-date: /home/maghetto/ros2_ws/install/tutorial_interfaces/include/tutorial_interfaces/msg/detail/sphere__builder.hpp
[3.565s] -- Up-to-date: /home/maghetto/ros2_ws/install/tutorial_interfaces/include/tutorial_interfaces/msg/detail/num__struct.hpp
[3.572s] -- Up-to-date: /home/maghetto/ros2_ws/install/tutorial_interfaces/include/tutorial_interfaces/msg/detail/sphere__type_support.hpp
[3.578s] -- Up-to-date: /home/maghetto/ros2_ws/install/tutorial_interfaces/include/tutorial_interfaces/msg/detail/num__traits.hpp
[3.579s] -- Up-to-date: /home/maghetto/ros2_ws/install/tutorial_interfaces/include/tutorial_interfaces/msg/num.hpp
[3.579s] -- Up-to-date: /home/maghetto/ros2_ws/install/tutorial_interfaces/include/tutorial_interfaces
[3.579s] -- Up-to-date: /home/maghetto/ros2_ws/install/tutorial_interfaces/include/tutorial_interfaces/srv
[3.584s] -- Up-to-date: /home/maghetto/ros2_ws/install/tutorial_interfaces/include/tutorial_interfaces/srv/detail
[3.584s] -- Up-to-date: /home/maghetto/ros2_ws/install/tutorial_interfaces/include/tutorial_interfaces/srv/detail/add_three_ints__rosidl_typesupport_introspection_cpp.hpp
[3.584s] -- Up-to-date: /home/maghetto/ros2_ws/install/tutorial_interfaces/include/tutorial_interfaces/srv/detail/add_three_ints__type_support.cpp
[3.584s] -- Up-to-date: /home/maghetto/ros2_ws/install/tutorial_interfaces/include/tutorial_interfaces/msg
[3.585s] -- Up-to-date: /home/maghetto/ros2_ws/install/tutorial_interfaces/include/tutorial_interfaces/msg/detail
[3.585s] -- Up-to-date: /home/maghetto/ros2_ws/install/tutorial_interfaces/include/tutorial_interfaces/msg/detail/num__type_support.cpp
[3.585s] -- Up-to-date: /home/maghetto/ros2_ws/install/tutorial_interfaces/include/tutorial_interfaces/msg/detail/num__rosidl_typesupport_introspection_cpp.hpp
[3.585s] -- Up-to-date: /home/maghetto/ros2_ws/install/tutorial_interfaces/include/tutorial_interfaces/msg/detail/sphere__rosidl_typesupport_introspection_cpp.hpp
[3.585s] -- Up-to-date: /home/maghetto/ros2_ws/install/tutorial_interfaces/include/tutorial_interfaces/msg/detail/sphere__type_support.cpp
[3.585s] -- Up-to-date: /home/maghetto/ros2_ws/install/tutorial_interfaces/lib/libtutorial_interfaces__rosidl_typesupport_introspection_cpp.so
[3.586s] -- Up-to-date: /home/maghetto/ros2_ws/install/tutorial_interfaces/lib/libtutorial_interfaces__rosidl_typesupport_cpp.so
[3.586s] -- Up-to-date: /home/maghetto/ros2_ws/install/tutorial_interfaces/share/tutorial_interfaces/environment/pythonpath.sh
[3.586s] -- Up-to-date: /home/maghetto/ros2_ws/install/tutorial_interfaces/share/tutorial_interfaces/environment/pythonpath.dsv
[3.587s] -- Up-to-date: /home/maghetto/ros2_ws/install/tutorial_interfaces/lib/python3.8/site-packages/tutorial_interfaces/__init__.py
[3.592s] -- Up-to-date: /home/maghetto/ros2_ws/install/tutorial_interfaces/lib/python3.8/site-packages/tutorial_interfaces/msg
[3.593s] -- Up-to-date: /home/maghetto/ros2_ws/install/tutorial_interfaces/lib/python3.8/site-packages/tutorial_interfaces/msg/_sphere_s.c
[3.593s] -- Up-to-date: /home/maghetto/ros2_ws/install/tutorial_interfaces/lib/python3.8/site-packages/tutorial_interfaces/msg/__init__.py
[3.593s] -- Up-to-date: /home/maghetto/ros2_ws/install/tutorial_interfaces/lib/python3.8/site-packages/tutorial_interfaces/msg/_num.py
[3.593s] -- Up-to-date: /home/maghetto/ros2_ws/install/tutorial_interfaces/lib/python3.8/site-packages/tutorial_interfaces/msg/_sphere.py
[3.594s] -- Up-to-date: /home/maghetto/ros2_ws/install/tutorial_interfaces/lib/python3.8/site-packages/tutorial_interfaces/msg/_num_s.c
[3.594s] -- Up-to-date: /home/maghetto/ros2_ws/install/tutorial_interfaces/lib/python3.8/site-packages/tutorial_interfaces/srv
[3.594s] -- Up-to-date: /home/maghetto/ros2_ws/install/tutorial_interfaces/lib/python3.8/site-packages/tutorial_interfaces/srv/_add_three_ints_s.c
[3.594s] -- Up-to-date: /home/maghetto/ros2_ws/install/tutorial_interfaces/lib/python3.8/site-packages/tutorial_interfaces/srv/__init__.py
[3.595s] -- Up-to-date: /home/maghetto/ros2_ws/install/tutorial_interfaces/lib/python3.8/site-packages/tutorial_interfaces/srv/_add_three_ints.py
[3.595s] -- Up-to-date: /home/maghetto/ros2_ws/install/tutorial_interfaces/lib/python3.8/site-packages/tutorial_interfaces/tutorial_interfaces_s__rosidl_typesupport_fastrtps_c.cpython-38-x86_64-linux-gnu.so
[3.595s] -- Up-to-date: /home/maghetto/ros2_ws/install/tutorial_interfaces/lib/python3.8/site-packages/tutorial_interfaces/tutorial_interfaces_s__rosidl_typesupport_introspection_c.cpython-38-x86_64-linux-gnu.so
[3.595s] -- Up-to-date: /home/maghetto/ros2_ws/install/tutorial_interfaces/lib/python3.8/site-packages/tutorial_interfaces/tutorial_interfaces_s__rosidl_typesupport_c.cpython-38-x86_64-linux-gnu.so
[3.595s] -- Up-to-date: /home/maghetto/ros2_ws/install/tutorial_interfaces/lib/libtutorial_interfaces__python.so
[3.596s] -- Up-to-date: /home/maghetto/ros2_ws/install/tutorial_interfaces/share/tutorial_interfaces/msg/Num.idl
[3.597s] -- Up-to-date: /home/maghetto/ros2_ws/install/tutorial_interfaces/share/tutorial_interfaces/msg/Sphere.idl
[3.597s] -- Up-to-date: /home/maghetto/ros2_ws/install/tutorial_interfaces/share/tutorial_interfaces/srv/AddThreeInts.idl
[3.597s] -- Up-to-date: /home/maghetto/ros2_ws/install/tutorial_interfaces/share/tutorial_interfaces/msg/Num.msg
[3.597s] -- Up-to-date: /home/maghetto/ros2_ws/install/tutorial_interfaces/share/tutorial_interfaces/msg/Sphere.msg
[3.598s] -- Up-to-date: /home/maghetto/ros2_ws/install/tutorial_interfaces/share/tutorial_interfaces/srv/AddThreeInts.srv
[3.598s] -- Up-to-date: /home/maghetto/ros2_ws/install/tutorial_interfaces/share/tutorial_interfaces/srv/AddThreeInts_Request.msg
[3.598s] -- Up-to-date: /home/maghetto/ros2_ws/install/tutorial_interfaces/share/tutorial_interfaces/srv/AddThreeInts_Response.msg
[3.598s] -- Up-to-date: /home/maghetto/ros2_ws/install/tutorial_interfaces/share/ament_index/resource_index/package_run_dependencies/tutorial_interfaces
[3.598s] -- Up-to-date: /home/maghetto/ros2_ws/install/tutorial_interfaces/share/ament_index/resource_index/parent_prefix_path/tutorial_interfaces
[3.598s] -- Up-to-date: /home/maghetto/ros2_ws/install/tutorial_interfaces/share/tutorial_interfaces/environment/ament_prefix_path.sh
[3.599s] -- Up-to-date: /home/maghetto/ros2_ws/install/tutorial_interfaces/share/tutorial_interfaces/environment/ament_prefix_path.dsv
[3.599s] -- Up-to-date: /home/maghetto/ros2_ws/install/tutorial_interfaces/share/tutorial_interfaces/environment/path.sh
[3.599s] -- Up-to-date: /home/maghetto/ros2_ws/install/tutorial_interfaces/share/tutorial_interfaces/environment/path.dsv
[3.599s] -- Up-to-date: /home/maghetto/ros2_ws/install/tutorial_interfaces/share/tutorial_interfaces/local_setup.bash
[3.600s] -- Up-to-date: /home/maghetto/ros2_ws/install/tutorial_interfaces/share/tutorial_interfaces/local_setup.sh
[3.600s] -- Up-to-date: /home/maghetto/ros2_ws/install/tutorial_interfaces/share/tutorial_interfaces/local_setup.zsh
[3.600s] -- Up-to-date: /home/maghetto/ros2_ws/install/tutorial_interfaces/share/tutorial_interfaces/local_setup.dsv
[3.600s] -- Installing: /home/maghetto/ros2_ws/install/tutorial_interfaces/share/tutorial_interfaces/package.dsv
[3.600s] -- Up-to-date: /home/maghetto/ros2_ws/install/tutorial_interfaces/share/ament_index/resource_index/packages/tutorial_interfaces
[3.600s] -- Up-to-date: /home/maghetto/ros2_ws/install/tutorial_interfaces/share/tutorial_interfaces/cmake/tutorial_interfaces__rosidl_generator_cExport.cmake
[3.600s] -- Up-to-date: /home/maghetto/ros2_ws/install/tutorial_interfaces/share/tutorial_interfaces/cmake/tutorial_interfaces__rosidl_generator_cExport-noconfig.cmake
[3.600s] -- Up-to-date: /home/maghetto/ros2_ws/install/tutorial_interfaces/share/tutorial_interfaces/cmake/tutorial_interfaces__rosidl_typesupport_introspection_cExport.cmake
[3.600s] -- Up-to-date: /home/maghetto/ros2_ws/install/tutorial_interfaces/share/tutorial_interfaces/cmake/tutorial_interfaces__rosidl_typesupport_introspection_cExport-noconfig.cmake
[3.600s] -- Up-to-date: /home/maghetto/ros2_ws/install/tutorial_interfaces/share/tutorial_interfaces/cmake/tutorial_interfaces__rosidl_typesupport_cExport.cmake
[3.601s] -- Up-to-date: /home/maghetto/ros2_ws/install/tutorial_interfaces/share/tutorial_interfaces/cmake/tutorial_interfaces__rosidl_typesupport_cExport-noconfig.cmake
[3.601s] -- Up-to-date: /home/maghetto/ros2_ws/install/tutorial_interfaces/share/tutorial_interfaces/cmake/tutorial_interfaces__rosidl_generator_cppExport.cmake
[3.601s] -- Up-to-date: /home/maghetto/ros2_ws/install/tutorial_interfaces/share/tutorial_interfaces/cmake/tutorial_interfaces__rosidl_typesupport_introspection_cppExport.cmake
[3.601s] -- Up-to-date: /home/maghetto/ros2_ws/install/tutorial_interfaces/share/tutorial_interfaces/cmake/tutorial_interfaces__rosidl_typesupport_introspection_cppExport-noconfig.cmake
[3.601s] -- Up-to-date: /home/maghetto/ros2_ws/install/tutorial_interfaces/share/tutorial_interfaces/cmake/tutorial_interfaces__rosidl_typesupport_cppExport.cmake
[3.601s] -- Up-to-date: /home/maghetto/ros2_ws/install/tutorial_interfaces/share/tutorial_interfaces/cmake/tutorial_interfaces__rosidl_typesupport_cppExport-noconfig.cmake
[3.601s] -- Up-to-date: /home/maghetto/ros2_ws/install/tutorial_interfaces/share/tutorial_interfaces/cmake/rosidl_cmake-extras.cmake
[3.601s] -- Up-to-date: /home/maghetto/ros2_ws/install/tutorial_interfaces/share/tutorial_interfaces/cmake/ament_cmake_export_dependencies-extras.cmake
[3.602s] -- Up-to-date: /home/maghetto/ros2_ws/install/tutorial_interfaces/share/tutorial_interfaces/cmake/ament_cmake_export_libraries-extras.cmake
[3.602s] -- Up-to-date: /home/maghetto/ros2_ws/install/tutorial_interfaces/share/tutorial_interfaces/cmake/ament_cmake_export_targets-extras.cmake
[3.602s] -- Up-to-date: /home/maghetto/ros2_ws/install/tutorial_interfaces/share/tutorial_interfaces/cmake/ament_cmake_export_include_directories-extras.cmake
[3.602s] -- Up-to-date: /home/maghetto/ros2_ws/install/tutorial_interfaces/share/tutorial_interfaces/cmake/rosidl_cmake_export_typesupport_libraries-extras.cmake
[3.602s] -- Up-to-date: /home/maghetto/ros2_ws/install/tutorial_interfaces/share/tutorial_interfaces/cmake/rosidl_cmake_export_typesupport_targets-extras.cmake
[3.602s] -- Up-to-date: /home/maghetto/ros2_ws/install/tutorial_interfaces/share/tutorial_interfaces/cmake/tutorial_interfacesConfig.cmake
[3.602s] -- Up-to-date: /home/maghetto/ros2_ws/install/tutorial_interfaces/share/tutorial_interfaces/cmake/tutorial_interfacesConfig-version.cmake
[3.602s] -- Up-to-date: /home/maghetto/ros2_ws/install/tutorial_interfaces/share/tutorial_interfaces/package.xml
[4.466s] Invoked command in '/home/maghetto/ros2_ws/build/tutorial_interfaces' returned '0': CMAKE_PREFIX_PATH=${CMAKE_PREFIX_PATH}:/home/maghetto/ros2_ws/install/py_launch_example:/home/maghetto/ros2_ws/install/launch_tutorial:/home/maghetto/ros2_ws/install/examples_rclpy_minimal_subscriber:/home/maghetto/ros2_ws/install/examples_rclpy_minimal_service:/home/maghetto/ros2_ws/install/examples_rclpy_minimal_publisher:/home/maghetto/ros2_ws/install/examples_rclpy_minimal_client:/home/maghetto/ros2_ws/install/examples_rclpy_minimal_action_server:/home/maghetto/ros2_ws/install/examples_rclpy_minimal_action_client:/home/maghetto/ros2_ws/install/examples_rclpy_executors:/home/maghetto/ROS2-Tutorials/ros2_ws/install/py_launch_example:/home/maghetto/ROS2-Tutorials/ros2_ws/install/launch_tutorial:/home/maghetto/ROS2-Tutorials/ros2_ws/install/examples_rclpy_minimal_subscriber:/home/maghetto/ROS2-Tutorials/ros2_ws/install/examples_rclpy_minimal_service:/home/maghetto/ROS2-Tutorials/ros2_ws/install/examples_rclpy_minimal_publisher:/home/maghetto/ROS2-Tutorials/ros2_ws/install/examples_rclpy_minimal_client:/home/maghetto/ROS2-Tutorials/ros2_ws/install/examples_rclpy_minimal_action_server:/home/maghetto/ROS2-Tutorials/ros2_ws/install/examples_rclpy_minimal_action_client:/home/maghetto/ROS2-Tutorials/ros2_ws/install/examples_rclpy_executors:/opt/ros/foxy /usr/bin/cmake --install /home/maghetto/ros2_ws/build/tutorial_interfaces
