[0.870s] Invoking command in '/home/maghetto/ros2_ws/build/tutorial_interfaces': CMAKE_PREFIX_PATH=/opt/ros/foxy /usr/bin/cmake --build /home/maghetto/ros2_ws/build/tutorial_interfaces -- -j6 -l6
[1.122s] [  2%] Built target tutorial_interfaces__cpp
[1.173s] [ 12%] Built target tutorial_interfaces__rosidl_generator_c
[1.229s] [ 23%] Built target tutorial_interfaces__rosidl_typesupport_cpp
[1.245s] [ 34%] Built target tutorial_interfaces__rosidl_typesupport_introspection_cpp
[1.254s] [ 44%] Built target tutorial_interfaces__rosidl_typesupport_fastrtps_cpp
[1.275s] [ 55%] Built target tutorial_interfaces__rosidl_typesupport_c
[1.310s] [ 65%] Built target tutorial_interfaces__rosidl_typesupport_introspection_c
[1.346s] [ 76%] Built target tutorial_interfaces__rosidl_typesupport_fastrtps_c
[1.454s] [ 76%] Built target tutorial_interfaces
[1.481s] [ 78%] Built target tutorial_interfaces__py
[1.543s] [ 87%] Built target tutorial_interfaces__python
[1.614s] [ 91%] Built target tutorial_interfaces__rosidl_typesupport_c__pyext
[1.627s] [ 95%] Built target tutorial_interfaces__rosidl_typesupport_fastrtps_c__pyext
[1.660s] [100%] Built target tutorial_interfaces__rosidl_typesupport_introspection_c__pyext
[2.053s] Invoked command in '/home/maghetto/ros2_ws/build/tutorial_interfaces' returned '0': CMAKE_PREFIX_PATH=/opt/ros/foxy /usr/bin/cmake --build /home/maghetto/ros2_ws/build/tutorial_interfaces -- -j6 -l6
[3.177s] Invoking command in '/home/maghetto/ros2_ws/build/tutorial_interfaces': CMAKE_PREFIX_PATH=/opt/ros/foxy /usr/bin/cmake --install /home/maghetto/ros2_ws/build/tutorial_interfaces
[3.349s] -- Install configuration: ""
[3.350s] -- Up-to-date: /home/maghetto/ros2_ws/install/tutorial_interfaces/share/ament_index/resource_index/rosidl_interfaces/tutorial_interfaces
[3.350s] -- Up-to-date: /home/maghetto/ros2_ws/install/tutorial_interfaces/include/tutorial_interfaces
[3.350s] -- Up-to-date: /home/maghetto/ros2_ws/install/tutorial_interfaces/include/tutorial_interfaces/srv
[3.350s] -- Up-to-date: /home/maghetto/ros2_ws/install/tutorial_interfaces/include/tutorial_interfaces/srv/add_three_ints.h
[3.351s] -- Up-to-date: /home/maghetto/ros2_ws/install/tutorial_interfaces/include/tutorial_interfaces/srv/detail
[3.351s] -- Up-to-date: /home/maghetto/ros2_ws/install/tutorial_interfaces/include/tutorial_interfaces/srv/detail/add_three_ints__functions.c
[3.352s] -- Up-to-date: /home/maghetto/ros2_ws/install/tutorial_interfaces/include/tutorial_interfaces/srv/detail/add_three_ints__struct.h
[3.352s] -- Up-to-date: /home/maghetto/ros2_ws/install/tutorial_interfaces/include/tutorial_interfaces/srv/detail/add_three_ints__type_support.h
[3.353s] -- Up-to-date: /home/maghetto/ros2_ws/install/tutorial_interfaces/include/tutorial_interfaces/srv/detail/add_three_ints__functions.h
[3.353s] -- Up-to-date: /home/maghetto/ros2_ws/install/tutorial_interfaces/include/tutorial_interfaces/msg
[3.353s] -- Up-to-date: /home/maghetto/ros2_ws/install/tutorial_interfaces/include/tutorial_interfaces/msg/num.h
[3.354s] -- Up-to-date: /home/maghetto/ros2_ws/install/tutorial_interfaces/include/tutorial_interfaces/msg/rosidl_generator_c__visibility_control.h
[3.354s] -- Up-to-date: /home/maghetto/ros2_ws/install/tutorial_interfaces/include/tutorial_interfaces/msg/sphere.h
[3.354s] -- Up-to-date: /home/maghetto/ros2_ws/install/tutorial_interfaces/include/tutorial_interfaces/msg/detail
[3.354s] -- Up-to-date: /home/maghetto/ros2_ws/install/tutorial_interfaces/include/tutorial_interfaces/msg/detail/num__functions.h
[3.354s] -- Up-to-date: /home/maghetto/ros2_ws/install/tutorial_interfaces/include/tutorial_interfaces/msg/detail/sphere__functions.c
[3.355s] -- Up-to-date: /home/maghetto/ros2_ws/install/tutorial_interfaces/include/tutorial_interfaces/msg/detail/sphere__struct.h
[3.355s] -- Up-to-date: /home/maghetto/ros2_ws/install/tutorial_interfaces/include/tutorial_interfaces/msg/detail/sphere__functions.h
[3.355s] -- Up-to-date: /home/maghetto/ros2_ws/install/tutorial_interfaces/include/tutorial_interfaces/msg/detail/num__functions.c
[3.355s] -- Up-to-date: /home/maghetto/ros2_ws/install/tutorial_interfaces/include/tutorial_interfaces/msg/detail/num__struct.h
[3.355s] -- Up-to-date: /home/maghetto/ros2_ws/install/tutorial_interfaces/include/tutorial_interfaces/msg/detail/num__type_support.h
[3.356s] -- Up-to-date: /home/maghetto/ros2_ws/install/tutorial_interfaces/include/tutorial_interfaces/msg/detail/sphere__type_support.h
[3.356s] -- Up-to-date: /home/maghetto/ros2_ws/install/tutorial_interfaces/share/tutorial_interfaces/environment/library_path.sh
[3.360s] -- Up-to-date: /home/maghetto/ros2_ws/install/tutorial_interfaces/share/tutorial_interfaces/environment/library_path.dsv
[3.360s] -- Up-to-date: /home/maghetto/ros2_ws/install/tutorial_interfaces/lib/libtutorial_interfaces__rosidl_generator_c.so
[3.360s] -- Up-to-date: /home/maghetto/ros2_ws/install/tutorial_interfaces/include/tutorial_interfaces
[3.360s] -- Up-to-date: /home/maghetto/ros2_ws/install/tutorial_interfaces/include/tutorial_interfaces/srv
[3.360s] -- Up-to-date: /home/maghetto/ros2_ws/install/tutorial_interfaces/include/tutorial_interfaces/srv/detail
[3.361s] -- Up-to-date: /home/maghetto/ros2_ws/install/tutorial_interfaces/include/tutorial_interfaces/srv/detail/add_three_ints__rosidl_typesupport_fastrtps_c.h
[3.361s] -- Up-to-date: /home/maghetto/ros2_ws/install/tutorial_interfaces/include/tutorial_interfaces/msg
[3.361s] -- Up-to-date: /home/maghetto/ros2_ws/install/tutorial_interfaces/include/tutorial_interfaces/msg/rosidl_typesupport_fastrtps_c__visibility_control.h
[3.361s] -- Up-to-date: /home/maghetto/ros2_ws/install/tutorial_interfaces/include/tutorial_interfaces/msg/detail
[3.362s] -- Up-to-date: /home/maghetto/ros2_ws/install/tutorial_interfaces/include/tutorial_interfaces/msg/detail/num__rosidl_typesupport_fastrtps_c.h
[3.362s] -- Up-to-date: /home/maghetto/ros2_ws/install/tutorial_interfaces/include/tutorial_interfaces/msg/detail/sphere__rosidl_typesupport_fastrtps_c.h
[3.362s] -- Up-to-date: /home/maghetto/ros2_ws/install/tutorial_interfaces/lib/libtutorial_interfaces__rosidl_typesupport_fastrtps_c.so
[3.362s] -- Up-to-date: /home/maghetto/ros2_ws/install/tutorial_interfaces/include/tutorial_interfaces
[3.362s] -- Up-to-date: /home/maghetto/ros2_ws/install/tutorial_interfaces/include/tutorial_interfaces/srv
[3.363s] -- Up-to-date: /home/maghetto/ros2_ws/install/tutorial_interfaces/include/tutorial_interfaces/srv/detail
[3.363s] -- Up-to-date: /home/maghetto/ros2_ws/install/tutorial_interfaces/include/tutorial_interfaces/srv/detail/dds_fastrtps
[3.363s] -- Up-to-date: /home/maghetto/ros2_ws/install/tutorial_interfaces/include/tutorial_interfaces/srv/detail/add_three_ints__rosidl_typesupport_fastrtps_cpp.hpp
[3.363s] -- Up-to-date: /home/maghetto/ros2_ws/install/tutorial_interfaces/include/tutorial_interfaces/msg
[3.363s] -- Up-to-date: /home/maghetto/ros2_ws/install/tutorial_interfaces/include/tutorial_interfaces/msg/rosidl_typesupport_fastrtps_cpp__visibility_control.h
[3.364s] -- Up-to-date: /home/maghetto/ros2_ws/install/tutorial_interfaces/include/tutorial_interfaces/msg/detail
[3.364s] -- Up-to-date: /home/maghetto/ros2_ws/install/tutorial_interfaces/include/tutorial_interfaces/msg/detail/dds_fastrtps
[3.364s] -- Up-to-date: /home/maghetto/ros2_ws/install/tutorial_interfaces/include/tutorial_interfaces/msg/detail/num__rosidl_typesupport_fastrtps_cpp.hpp
[3.364s] -- Up-to-date: /home/maghetto/ros2_ws/install/tutorial_interfaces/include/tutorial_interfaces/msg/detail/sphere__rosidl_typesupport_fastrtps_cpp.hpp
[3.365s] -- Up-to-date: /home/maghetto/ros2_ws/install/tutorial_interfaces/lib/libtutorial_interfaces__rosidl_typesupport_fastrtps_cpp.so
[3.365s] -- Up-to-date: /home/maghetto/ros2_ws/install/tutorial_interfaces/include/tutorial_interfaces
[3.365s] -- Up-to-date: /home/maghetto/ros2_ws/install/tutorial_interfaces/include/tutorial_interfaces/srv
[3.368s] -- Up-to-date: /home/maghetto/ros2_ws/install/tutorial_interfaces/include/tutorial_interfaces/srv/detail
[3.369s] -- Up-to-date: /home/maghetto/ros2_ws/install/tutorial_interfaces/include/tutorial_interfaces/srv/detail/add_three_ints__type_support.c
[3.369s] -- Up-to-date: /home/maghetto/ros2_ws/install/tutorial_interfaces/include/tutorial_interfaces/srv/detail/add_three_ints__rosidl_typesupport_introspection_c.h
[3.369s] -- Up-to-date: /home/maghetto/ros2_ws/install/tutorial_interfaces/include/tutorial_interfaces/msg
[3.369s] -- Up-to-date: /home/maghetto/ros2_ws/install/tutorial_interfaces/include/tutorial_interfaces/msg/rosidl_typesupport_introspection_c__visibility_control.h
[3.369s] -- Up-to-date: /home/maghetto/ros2_ws/install/tutorial_interfaces/include/tutorial_interfaces/msg/detail
[3.370s] -- Up-to-date: /home/maghetto/ros2_ws/install/tutorial_interfaces/include/tutorial_interfaces/msg/detail/sphere__type_support.c
[3.370s] -- Up-to-date: /home/maghetto/ros2_ws/install/tutorial_interfaces/include/tutorial_interfaces/msg/detail/sphere__rosidl_typesupport_introspection_c.h
[3.370s] -- Up-to-date: /home/maghetto/ros2_ws/install/tutorial_interfaces/include/tutorial_interfaces/msg/detail/num__type_support.c
[3.370s] -- Up-to-date: /home/maghetto/ros2_ws/install/tutorial_interfaces/include/tutorial_interfaces/msg/detail/num__rosidl_typesupport_introspection_c.h
[3.370s] -- Up-to-date: /home/maghetto/ros2_ws/install/tutorial_interfaces/lib/libtutorial_interfaces__rosidl_typesupport_introspection_c.so
[3.371s] -- Up-to-date: /home/maghetto/ros2_ws/install/tutorial_interfaces/lib/libtutorial_interfaces__rosidl_typesupport_c.so
[3.371s] -- Up-to-date: /home/maghetto/ros2_ws/install/tutorial_interfaces/include/tutorial_interfaces
[3.371s] -- Up-to-date: /home/maghetto/ros2_ws/install/tutorial_interfaces/include/tutorial_interfaces/srv
[3.371s] -- Up-to-date: /home/maghetto/ros2_ws/install/tutorial_interfaces/include/tutorial_interfaces/srv/add_three_ints.hpp
[3.371s] -- Up-to-date: /home/maghetto/ros2_ws/install/tutorial_interfaces/include/tutorial_interfaces/srv/detail
[3.372s] -- Up-to-date: /home/maghetto/ros2_ws/install/tutorial_interfaces/include/tutorial_interfaces/srv/detail/add_three_ints__type_support.hpp
[3.372s] -- Up-to-date: /home/maghetto/ros2_ws/install/tutorial_interfaces/include/tutorial_interfaces/srv/detail/add_three_ints__traits.hpp
[3.373s] -- Up-to-date: /home/maghetto/ros2_ws/install/tutorial_interfaces/include/tutorial_interfaces/srv/detail/add_three_ints__builder.hpp
[3.373s] -- Up-to-date: /home/maghetto/ros2_ws/install/tutorial_interfaces/include/tutorial_interfaces/srv/detail/add_three_ints__struct.hpp
[3.373s] -- Up-to-date: /home/maghetto/ros2_ws/install/tutorial_interfaces/include/tutorial_interfaces/msg
[3.373s] -- Up-to-date: /home/maghetto/ros2_ws/install/tutorial_interfaces/include/tutorial_interfaces/msg/rosidl_generator_cpp__visibility_control.hpp
[3.374s] -- Up-to-date: /home/maghetto/ros2_ws/install/tutorial_interfaces/include/tutorial_interfaces/msg/sphere.hpp
[3.374s] -- Up-to-date: /home/maghetto/ros2_ws/install/tutorial_interfaces/include/tutorial_interfaces/msg/detail
[3.374s] -- Up-to-date: /home/maghetto/ros2_ws/install/tutorial_interfaces/include/tutorial_interfaces/msg/detail/sphere__traits.hpp
[3.374s] -- Up-to-date: /home/maghetto/ros2_ws/install/tutorial_interfaces/include/tutorial_interfaces/msg/detail/num__type_support.hpp
[3.384s] -- Up-to-date: /home/maghetto/ros2_ws/install/tutorial_interfaces/include/tutorial_interfaces/msg/detail/sphere__struct.hpp
[3.384s] -- Up-to-date: /home/maghetto/ros2_ws/install/tutorial_interfaces/include/tutorial_interfaces/msg/detail/num__builder.hpp
[3.384s] -- Up-to-date: /home/maghetto/ros2_ws/install/tutorial_interfaces/include/tutorial_interfaces/msg/detail/sphere__builder.hpp
[3.384s] -- Up-to-date: /home/maghetto/ros2_ws/install/tutorial_interfaces/include/tutorial_interfaces/msg/detail/num__struct.hpp
[3.385s] -- Up-to-date: /home/maghetto/ros2_ws/install/tutorial_interfaces/include/tutorial_interfaces/msg/detail/sphere__type_support.hpp
[3.385s] -- Up-to-date: /home/maghetto/ros2_ws/install/tutorial_interfaces/include/tutorial_interfaces/msg/detail/num__traits.hpp
[3.385s] -- Up-to-date: /home/maghetto/ros2_ws/install/tutorial_interfaces/include/tutorial_interfaces/msg/num.hpp
[3.385s] -- Up-to-date: /home/maghetto/ros2_ws/install/tutorial_interfaces/include/tutorial_interfaces
[3.386s] -- Up-to-date: /home/maghetto/ros2_ws/install/tutorial_interfaces/include/tutorial_interfaces/srv
[3.386s] -- Up-to-date: /home/maghetto/ros2_ws/install/tutorial_interfaces/include/tutorial_interfaces/srv/detail
[3.386s] -- Up-to-date: /home/maghetto/ros2_ws/install/tutorial_interfaces/include/tutorial_interfaces/srv/detail/add_three_ints__rosidl_typesupport_introspection_cpp.hpp
[3.386s] -- Up-to-date: /home/maghetto/ros2_ws/install/tutorial_interfaces/include/tutorial_interfaces/srv/detail/add_three_ints__type_support.cpp
[3.386s] -- Up-to-date: /home/maghetto/ros2_ws/install/tutorial_interfaces/include/tutorial_interfaces/msg
[3.387s] -- Up-to-date: /home/maghetto/ros2_ws/install/tutorial_interfaces/include/tutorial_interfaces/msg/detail
[3.387s] -- Up-to-date: /home/maghetto/ros2_ws/install/tutorial_interfaces/include/tutorial_interfaces/msg/detail/num__type_support.cpp
[3.387s] -- Up-to-date: /home/maghetto/ros2_ws/install/tutorial_interfaces/include/tutorial_interfaces/msg/detail/num__rosidl_typesupport_introspection_cpp.hpp
[3.387s] -- Up-to-date: /home/maghetto/ros2_ws/install/tutorial_interfaces/include/tutorial_interfaces/msg/detail/sphere__rosidl_typesupport_introspection_cpp.hpp
[3.387s] -- Up-to-date: /home/maghetto/ros2_ws/install/tutorial_interfaces/include/tutorial_interfaces/msg/detail/sphere__type_support.cpp
[3.388s] -- Up-to-date: /home/maghetto/ros2_ws/install/tutorial_interfaces/lib/libtutorial_interfaces__rosidl_typesupport_introspection_cpp.so
[3.388s] -- Up-to-date: /home/maghetto/ros2_ws/install/tutorial_interfaces/lib/libtutorial_interfaces__rosidl_typesupport_cpp.so
[3.388s] -- Up-to-date: /home/maghetto/ros2_ws/install/tutorial_interfaces/share/tutorial_interfaces/environment/pythonpath.sh
[3.388s] -- Up-to-date: /home/maghetto/ros2_ws/install/tutorial_interfaces/share/tutorial_interfaces/environment/pythonpath.dsv
[3.388s] -- Up-to-date: /home/maghetto/ros2_ws/install/tutorial_interfaces/lib/python3.8/site-packages/tutorial_interfaces/__init__.py
[3.389s] -- Up-to-date: /home/maghetto/ros2_ws/install/tutorial_interfaces/lib/python3.8/site-packages/tutorial_interfaces/msg
[3.389s] -- Up-to-date: /home/maghetto/ros2_ws/install/tutorial_interfaces/lib/python3.8/site-packages/tutorial_interfaces/msg/_sphere_s.c
[3.389s] -- Up-to-date: /home/maghetto/ros2_ws/install/tutorial_interfaces/lib/python3.8/site-packages/tutorial_interfaces/msg/__init__.py
[3.389s] -- Up-to-date: /home/maghetto/ros2_ws/install/tutorial_interfaces/lib/python3.8/site-packages/tutorial_interfaces/msg/_num.py
[3.389s] -- Up-to-date: /home/maghetto/ros2_ws/install/tutorial_interfaces/lib/python3.8/site-packages/tutorial_interfaces/msg/_sphere.py
[3.390s] -- Up-to-date: /home/maghetto/ros2_ws/install/tutorial_interfaces/lib/python3.8/site-packages/tutorial_interfaces/msg/_num_s.c
[3.390s] -- Up-to-date: /home/maghetto/ros2_ws/install/tutorial_interfaces/lib/python3.8/site-packages/tutorial_interfaces/srv
[3.390s] -- Up-to-date: /home/maghetto/ros2_ws/install/tutorial_interfaces/lib/python3.8/site-packages/tutorial_interfaces/srv/_add_three_ints_s.c
[3.390s] -- Up-to-date: /home/maghetto/ros2_ws/install/tutorial_interfaces/lib/python3.8/site-packages/tutorial_interfaces/srv/__init__.py
[3.390s] -- Up-to-date: /home/maghetto/ros2_ws/install/tutorial_interfaces/lib/python3.8/site-packages/tutorial_interfaces/srv/_add_three_ints.py
[3.391s] -- Up-to-date: /home/maghetto/ros2_ws/install/tutorial_interfaces/lib/python3.8/site-packages/tutorial_interfaces/tutorial_interfaces_s__rosidl_typesupport_fastrtps_c.cpython-38-x86_64-linux-gnu.so
[3.391s] -- Up-to-date: /home/maghetto/ros2_ws/install/tutorial_interfaces/lib/python3.8/site-packages/tutorial_interfaces/tutorial_interfaces_s__rosidl_typesupport_introspection_c.cpython-38-x86_64-linux-gnu.so
[3.391s] -- Up-to-date: /home/maghetto/ros2_ws/install/tutorial_interfaces/lib/python3.8/site-packages/tutorial_interfaces/tutorial_interfaces_s__rosidl_typesupport_c.cpython-38-x86_64-linux-gnu.so
[3.391s] -- Up-to-date: /home/maghetto/ros2_ws/install/tutorial_interfaces/lib/libtutorial_interfaces__python.so
[3.391s] -- Up-to-date: /home/maghetto/ros2_ws/install/tutorial_interfaces/share/tutorial_interfaces/msg/Num.idl
[3.392s] -- Up-to-date: /home/maghetto/ros2_ws/install/tutorial_interfaces/share/tutorial_interfaces/msg/Sphere.idl
[3.392s] -- Up-to-date: /home/maghetto/ros2_ws/install/tutorial_interfaces/share/tutorial_interfaces/srv/AddThreeInts.idl
[3.392s] -- Up-to-date: /home/maghetto/ros2_ws/install/tutorial_interfaces/share/tutorial_interfaces/msg/Num.msg
[3.392s] -- Up-to-date: /home/maghetto/ros2_ws/install/tutorial_interfaces/share/tutorial_interfaces/msg/Sphere.msg
[3.392s] -- Up-to-date: /home/maghetto/ros2_ws/install/tutorial_interfaces/share/tutorial_interfaces/srv/AddThreeInts.srv
[3.393s] -- Up-to-date: /home/maghetto/ros2_ws/install/tutorial_interfaces/share/tutorial_interfaces/srv/AddThreeInts_Request.msg
[3.393s] -- Up-to-date: /home/maghetto/ros2_ws/install/tutorial_interfaces/share/tutorial_interfaces/srv/AddThreeInts_Response.msg
[3.393s] -- Up-to-date: /home/maghetto/ros2_ws/install/tutorial_interfaces/share/ament_index/resource_index/package_run_dependencies/tutorial_interfaces
[3.396s] -- Up-to-date: /home/maghetto/ros2_ws/install/tutorial_interfaces/share/ament_index/resource_index/parent_prefix_path/tutorial_interfaces
[3.396s] -- Up-to-date: /home/maghetto/ros2_ws/install/tutorial_interfaces/share/tutorial_interfaces/environment/ament_prefix_path.sh
[3.396s] -- Up-to-date: /home/maghetto/ros2_ws/install/tutorial_interfaces/share/tutorial_interfaces/environment/ament_prefix_path.dsv
[3.396s] -- Up-to-date: /home/maghetto/ros2_ws/install/tutorial_interfaces/share/tutorial_interfaces/environment/path.sh
[3.396s] -- Up-to-date: /home/maghetto/ros2_ws/install/tutorial_interfaces/share/tutorial_interfaces/environment/path.dsv
[3.396s] -- Up-to-date: /home/maghetto/ros2_ws/install/tutorial_interfaces/share/tutorial_interfaces/local_setup.bash
[3.396s] -- Up-to-date: /home/maghetto/ros2_ws/install/tutorial_interfaces/share/tutorial_interfaces/local_setup.sh
[3.396s] -- Up-to-date: /home/maghetto/ros2_ws/install/tutorial_interfaces/share/tutorial_interfaces/local_setup.zsh
[3.396s] -- Up-to-date: /home/maghetto/ros2_ws/install/tutorial_interfaces/share/tutorial_interfaces/local_setup.dsv
[3.397s] -- Installing: /home/maghetto/ros2_ws/install/tutorial_interfaces/share/tutorial_interfaces/package.dsv
[3.397s] -- Up-to-date: /home/maghetto/ros2_ws/install/tutorial_interfaces/share/ament_index/resource_index/packages/tutorial_interfaces
[3.397s] -- Up-to-date: /home/maghetto/ros2_ws/install/tutorial_interfaces/share/tutorial_interfaces/cmake/tutorial_interfaces__rosidl_generator_cExport.cmake
[3.397s] -- Up-to-date: /home/maghetto/ros2_ws/install/tutorial_interfaces/share/tutorial_interfaces/cmake/tutorial_interfaces__rosidl_generator_cExport-noconfig.cmake
[3.397s] -- Up-to-date: /home/maghetto/ros2_ws/install/tutorial_interfaces/share/tutorial_interfaces/cmake/tutorial_interfaces__rosidl_typesupport_introspection_cExport.cmake
[3.397s] -- Up-to-date: /home/maghetto/ros2_ws/install/tutorial_interfaces/share/tutorial_interfaces/cmake/tutorial_interfaces__rosidl_typesupport_introspection_cExport-noconfig.cmake
[3.397s] -- Up-to-date: /home/maghetto/ros2_ws/install/tutorial_interfaces/share/tutorial_interfaces/cmake/tutorial_interfaces__rosidl_typesupport_cExport.cmake
[3.397s] -- Up-to-date: /home/maghetto/ros2_ws/install/tutorial_interfaces/share/tutorial_interfaces/cmake/tutorial_interfaces__rosidl_typesupport_cExport-noconfig.cmake
[3.397s] -- Up-to-date: /home/maghetto/ros2_ws/install/tutorial_interfaces/share/tutorial_interfaces/cmake/tutorial_interfaces__rosidl_generator_cppExport.cmake
[3.397s] -- Up-to-date: /home/maghetto/ros2_ws/install/tutorial_interfaces/share/tutorial_interfaces/cmake/tutorial_interfaces__rosidl_typesupport_introspection_cppExport.cmake
[3.397s] -- Up-to-date: /home/maghetto/ros2_ws/install/tutorial_interfaces/share/tutorial_interfaces/cmake/tutorial_interfaces__rosidl_typesupport_introspection_cppExport-noconfig.cmake
[3.398s] -- Up-to-date: /home/maghetto/ros2_ws/install/tutorial_interfaces/share/tutorial_interfaces/cmake/tutorial_interfaces__rosidl_typesupport_cppExport.cmake
[3.398s] -- Up-to-date: /home/maghetto/ros2_ws/install/tutorial_interfaces/share/tutorial_interfaces/cmake/tutorial_interfaces__rosidl_typesupport_cppExport-noconfig.cmake
[3.398s] -- Up-to-date: /home/maghetto/ros2_ws/install/tutorial_interfaces/share/tutorial_interfaces/cmake/rosidl_cmake-extras.cmake
[3.398s] -- Up-to-date: /home/maghetto/ros2_ws/install/tutorial_interfaces/share/tutorial_interfaces/cmake/ament_cmake_export_dependencies-extras.cmake
[3.398s] -- Up-to-date: /home/maghetto/ros2_ws/install/tutorial_interfaces/share/tutorial_interfaces/cmake/ament_cmake_export_libraries-extras.cmake
[3.399s] -- Up-to-date: /home/maghetto/ros2_ws/install/tutorial_interfaces/share/tutorial_interfaces/cmake/ament_cmake_export_targets-extras.cmake
[3.399s] -- Up-to-date: /home/maghetto/ros2_ws/install/tutorial_interfaces/share/tutorial_interfaces/cmake/ament_cmake_export_include_directories-extras.cmake
[3.399s] -- Up-to-date: /home/maghetto/ros2_ws/install/tutorial_interfaces/share/tutorial_interfaces/cmake/rosidl_cmake_export_typesupport_libraries-extras.cmake
[3.399s] -- Up-to-date: /home/maghetto/ros2_ws/install/tutorial_interfaces/share/tutorial_interfaces/cmake/rosidl_cmake_export_typesupport_targets-extras.cmake
[3.400s] -- Up-to-date: /home/maghetto/ros2_ws/install/tutorial_interfaces/share/tutorial_interfaces/cmake/tutorial_interfacesConfig.cmake
[3.400s] -- Up-to-date: /home/maghetto/ros2_ws/install/tutorial_interfaces/share/tutorial_interfaces/cmake/tutorial_interfacesConfig-version.cmake
[3.400s] -- Up-to-date: /home/maghetto/ros2_ws/install/tutorial_interfaces/share/tutorial_interfaces/package.xml
[3.831s] Invoked command in '/home/maghetto/ros2_ws/build/tutorial_interfaces' returned '0': CMAKE_PREFIX_PATH=/opt/ros/foxy /usr/bin/cmake --install /home/maghetto/ros2_ws/build/tutorial_interfaces
