[1.758s] Invoking command in '/home/maghetto/ros2_ws/build/more_interfaces': CMAKE_PREFIX_PATH=${CMAKE_PREFIX_PATH}:/home/maghetto/ros2_ws/install/py_launch_example:/home/maghetto/ros2_ws/install/launch_tutorial:/home/maghetto/ros2_ws/install/examples_rclpy_minimal_subscriber:/home/maghetto/ros2_ws/install/examples_rclpy_minimal_service:/home/maghetto/ros2_ws/install/examples_rclpy_minimal_publisher:/home/maghetto/ros2_ws/install/examples_rclpy_minimal_client:/home/maghetto/ros2_ws/install/examples_rclpy_minimal_action_server:/home/maghetto/ros2_ws/install/examples_rclpy_minimal_action_client:/home/maghetto/ros2_ws/install/examples_rclpy_executors:/home/maghetto/ROS2-Tutorials/ros2_ws/install/py_launch_example:/home/maghetto/ROS2-Tutorials/ros2_ws/install/launch_tutorial:/home/maghetto/ROS2-Tutorials/ros2_ws/install/examples_rclpy_minimal_subscriber:/home/maghetto/ROS2-Tutorials/ros2_ws/install/examples_rclpy_minimal_service:/home/maghetto/ROS2-Tutorials/ros2_ws/install/examples_rclpy_minimal_publisher:/home/maghetto/ROS2-Tutorials/ros2_ws/install/examples_rclpy_minimal_client:/home/maghetto/ROS2-Tutorials/ros2_ws/install/examples_rclpy_minimal_action_server:/home/maghetto/ROS2-Tutorials/ros2_ws/install/examples_rclpy_minimal_action_client:/home/maghetto/ROS2-Tutorials/ros2_ws/install/examples_rclpy_executors:/opt/ros/foxy /usr/bin/cmake --build /home/maghetto/ros2_ws/build/more_interfaces -- -j6 -l6
[1.889s] [  9%] Built target more_interfaces__rosidl_generator_c
[1.910s] [ 12%] Built target more_interfaces__cpp
[1.976s] [ 21%] Built target more_interfaces__rosidl_typesupport_c
[2.004s] [ 30%] Built target more_interfaces__rosidl_typesupport_introspection_c
[2.037s] [ 48%] Built target more_interfaces__rosidl_typesupport_cpp
[2.038s] [ 48%] Built target more_interfaces__rosidl_typesupport_introspection_cpp
[2.053s] [ 57%] Built target more_interfaces__rosidl_typesupport_fastrtps_cpp
[2.116s] [ 66%] Built target more_interfaces__rosidl_typesupport_fastrtps_c
[2.144s] [ 66%] Built target more_interfaces
[2.195s] [ 69%] Built target more_interfaces__py
[2.262s] [ 75%] Built target publish_address_book
[2.296s] [ 81%] Built target more_interfaces__python
[2.352s] [ 87%] Built target more_interfaces__rosidl_typesupport_c__pyext
[2.358s] [ 93%] Built target more_interfaces__rosidl_typesupport_fastrtps_c__pyext
[2.359s] [100%] Built target more_interfaces__rosidl_typesupport_introspection_c__pyext
[3.243s] Invoked command in '/home/maghetto/ros2_ws/build/more_interfaces' returned '0': CMAKE_PREFIX_PATH=${CMAKE_PREFIX_PATH}:/home/maghetto/ros2_ws/install/py_launch_example:/home/maghetto/ros2_ws/install/launch_tutorial:/home/maghetto/ros2_ws/install/examples_rclpy_minimal_subscriber:/home/maghetto/ros2_ws/install/examples_rclpy_minimal_service:/home/maghetto/ros2_ws/install/examples_rclpy_minimal_publisher:/home/maghetto/ros2_ws/install/examples_rclpy_minimal_client:/home/maghetto/ros2_ws/install/examples_rclpy_minimal_action_server:/home/maghetto/ros2_ws/install/examples_rclpy_minimal_action_client:/home/maghetto/ros2_ws/install/examples_rclpy_executors:/home/maghetto/ROS2-Tutorials/ros2_ws/install/py_launch_example:/home/maghetto/ROS2-Tutorials/ros2_ws/install/launch_tutorial:/home/maghetto/ROS2-Tutorials/ros2_ws/install/examples_rclpy_minimal_subscriber:/home/maghetto/ROS2-Tutorials/ros2_ws/install/examples_rclpy_minimal_service:/home/maghetto/ROS2-Tutorials/ros2_ws/install/examples_rclpy_minimal_publisher:/home/maghetto/ROS2-Tutorials/ros2_ws/install/examples_rclpy_minimal_client:/home/maghetto/ROS2-Tutorials/ros2_ws/install/examples_rclpy_minimal_action_server:/home/maghetto/ROS2-Tutorials/ros2_ws/install/examples_rclpy_minimal_action_client:/home/maghetto/ROS2-Tutorials/ros2_ws/install/examples_rclpy_executors:/opt/ros/foxy /usr/bin/cmake --build /home/maghetto/ros2_ws/build/more_interfaces -- -j6 -l6
[3.502s] Invoking command in '/home/maghetto/ros2_ws/build/more_interfaces': CMAKE_PREFIX_PATH=${CMAKE_PREFIX_PATH}:/home/maghetto/ros2_ws/install/py_launch_example:/home/maghetto/ros2_ws/install/launch_tutorial:/home/maghetto/ros2_ws/install/examples_rclpy_minimal_subscriber:/home/maghetto/ros2_ws/install/examples_rclpy_minimal_service:/home/maghetto/ros2_ws/install/examples_rclpy_minimal_publisher:/home/maghetto/ros2_ws/install/examples_rclpy_minimal_client:/home/maghetto/ros2_ws/install/examples_rclpy_minimal_action_server:/home/maghetto/ros2_ws/install/examples_rclpy_minimal_action_client:/home/maghetto/ros2_ws/install/examples_rclpy_executors:/home/maghetto/ROS2-Tutorials/ros2_ws/install/py_launch_example:/home/maghetto/ROS2-Tutorials/ros2_ws/install/launch_tutorial:/home/maghetto/ROS2-Tutorials/ros2_ws/install/examples_rclpy_minimal_subscriber:/home/maghetto/ROS2-Tutorials/ros2_ws/install/examples_rclpy_minimal_service:/home/maghetto/ROS2-Tutorials/ros2_ws/install/examples_rclpy_minimal_publisher:/home/maghetto/ROS2-Tutorials/ros2_ws/install/examples_rclpy_minimal_client:/home/maghetto/ROS2-Tutorials/ros2_ws/install/examples_rclpy_minimal_action_server:/home/maghetto/ROS2-Tutorials/ros2_ws/install/examples_rclpy_minimal_action_client:/home/maghetto/ROS2-Tutorials/ros2_ws/install/examples_rclpy_executors:/opt/ros/foxy /usr/bin/cmake --install /home/maghetto/ros2_ws/build/more_interfaces
[3.519s] -- Install configuration: ""
[3.519s] -- Up-to-date: /home/maghetto/ros2_ws/install/more_interfaces/lib/more_interfaces/publish_address_book
[3.520s] -- Up-to-date: /home/maghetto/ros2_ws/install/more_interfaces/share/ament_index/resource_index/rosidl_interfaces/more_interfaces
[3.520s] -- Up-to-date: /home/maghetto/ros2_ws/install/more_interfaces/include/more_interfaces
[3.521s] -- Up-to-date: /home/maghetto/ros2_ws/install/more_interfaces/include/more_interfaces/msg
[3.521s] -- Up-to-date: /home/maghetto/ros2_ws/install/more_interfaces/include/more_interfaces/msg/rosidl_generator_c__visibility_control.h
[3.521s] -- Up-to-date: /home/maghetto/ros2_ws/install/more_interfaces/include/more_interfaces/msg/address_book.h
[3.522s] -- Up-to-date: /home/maghetto/ros2_ws/install/more_interfaces/include/more_interfaces/msg/detail
[3.524s] -- Up-to-date: /home/maghetto/ros2_ws/install/more_interfaces/include/more_interfaces/msg/detail/address_book__type_support.h
[3.524s] -- Up-to-date: /home/maghetto/ros2_ws/install/more_interfaces/include/more_interfaces/msg/detail/address_book__functions.h
[3.525s] -- Up-to-date: /home/maghetto/ros2_ws/install/more_interfaces/include/more_interfaces/msg/detail/address_book__functions.c
[3.525s] -- Up-to-date: /home/maghetto/ros2_ws/install/more_interfaces/include/more_interfaces/msg/detail/address_book__struct.h
[3.525s] -- Up-to-date: /home/maghetto/ros2_ws/install/more_interfaces/share/more_interfaces/environment/library_path.sh
[3.525s] -- Up-to-date: /home/maghetto/ros2_ws/install/more_interfaces/share/more_interfaces/environment/library_path.dsv
[3.525s] -- Up-to-date: /home/maghetto/ros2_ws/install/more_interfaces/lib/libmore_interfaces__rosidl_generator_c.so
[3.525s] -- Up-to-date: /home/maghetto/ros2_ws/install/more_interfaces/include/more_interfaces
[3.525s] -- Up-to-date: /home/maghetto/ros2_ws/install/more_interfaces/include/more_interfaces/msg
[3.525s] -- Up-to-date: /home/maghetto/ros2_ws/install/more_interfaces/include/more_interfaces/msg/rosidl_typesupport_fastrtps_c__visibility_control.h
[3.525s] -- Up-to-date: /home/maghetto/ros2_ws/install/more_interfaces/include/more_interfaces/msg/detail
[3.526s] -- Up-to-date: /home/maghetto/ros2_ws/install/more_interfaces/include/more_interfaces/msg/detail/address_book__rosidl_typesupport_fastrtps_c.h
[3.526s] -- Up-to-date: /home/maghetto/ros2_ws/install/more_interfaces/lib/libmore_interfaces__rosidl_typesupport_fastrtps_c.so
[3.527s] -- Up-to-date: /home/maghetto/ros2_ws/install/more_interfaces/include/more_interfaces
[3.532s] -- Up-to-date: /home/maghetto/ros2_ws/install/more_interfaces/include/more_interfaces/msg
[3.532s] -- Up-to-date: /home/maghetto/ros2_ws/install/more_interfaces/include/more_interfaces/msg/rosidl_typesupport_fastrtps_cpp__visibility_control.h
[3.532s] -- Up-to-date: /home/maghetto/ros2_ws/install/more_interfaces/include/more_interfaces/msg/detail
[3.534s] -- Up-to-date: /home/maghetto/ros2_ws/install/more_interfaces/include/more_interfaces/msg/detail/dds_fastrtps
[3.535s] -- Up-to-date: /home/maghetto/ros2_ws/install/more_interfaces/include/more_interfaces/msg/detail/address_book__rosidl_typesupport_fastrtps_cpp.hpp
[3.535s] -- Up-to-date: /home/maghetto/ros2_ws/install/more_interfaces/lib/libmore_interfaces__rosidl_typesupport_fastrtps_cpp.so
[3.535s] -- Up-to-date: /home/maghetto/ros2_ws/install/more_interfaces/include/more_interfaces
[3.536s] -- Up-to-date: /home/maghetto/ros2_ws/install/more_interfaces/include/more_interfaces/msg
[3.536s] -- Up-to-date: /home/maghetto/ros2_ws/install/more_interfaces/include/more_interfaces/msg/rosidl_typesupport_introspection_c__visibility_control.h
[3.536s] -- Up-to-date: /home/maghetto/ros2_ws/install/more_interfaces/include/more_interfaces/msg/detail
[3.537s] -- Up-to-date: /home/maghetto/ros2_ws/install/more_interfaces/include/more_interfaces/msg/detail/address_book__rosidl_typesupport_introspection_c.h
[3.537s] -- Up-to-date: /home/maghetto/ros2_ws/install/more_interfaces/include/more_interfaces/msg/detail/address_book__type_support.c
[3.537s] -- Up-to-date: /home/maghetto/ros2_ws/install/more_interfaces/lib/libmore_interfaces__rosidl_typesupport_introspection_c.so
[3.538s] -- Up-to-date: /home/maghetto/ros2_ws/install/more_interfaces/lib/libmore_interfaces__rosidl_typesupport_c.so
[3.538s] -- Up-to-date: /home/maghetto/ros2_ws/install/more_interfaces/include/more_interfaces
[3.539s] -- Up-to-date: /home/maghetto/ros2_ws/install/more_interfaces/include/more_interfaces/msg
[3.539s] -- Up-to-date: /home/maghetto/ros2_ws/install/more_interfaces/include/more_interfaces/msg/address_book.hpp
[3.539s] -- Up-to-date: /home/maghetto/ros2_ws/install/more_interfaces/include/more_interfaces/msg/rosidl_generator_cpp__visibility_control.hpp
[3.539s] -- Up-to-date: /home/maghetto/ros2_ws/install/more_interfaces/include/more_interfaces/msg/detail
[3.539s] -- Up-to-date: /home/maghetto/ros2_ws/install/more_interfaces/include/more_interfaces/msg/detail/address_book__traits.hpp
[3.539s] -- Up-to-date: /home/maghetto/ros2_ws/install/more_interfaces/include/more_interfaces/msg/detail/address_book__type_support.hpp
[3.540s] -- Up-to-date: /home/maghetto/ros2_ws/install/more_interfaces/include/more_interfaces/msg/detail/address_book__builder.hpp
[3.540s] -- Up-to-date: /home/maghetto/ros2_ws/install/more_interfaces/include/more_interfaces/msg/detail/address_book__struct.hpp
[3.540s] -- Up-to-date: /home/maghetto/ros2_ws/install/more_interfaces/include/more_interfaces
[3.542s] -- Up-to-date: /home/maghetto/ros2_ws/install/more_interfaces/include/more_interfaces/msg
[3.543s] -- Up-to-date: /home/maghetto/ros2_ws/install/more_interfaces/include/more_interfaces/msg/detail
[3.543s] -- Up-to-date: /home/maghetto/ros2_ws/install/more_interfaces/include/more_interfaces/msg/detail/address_book__rosidl_typesupport_introspection_cpp.hpp
[3.544s] -- Up-to-date: /home/maghetto/ros2_ws/install/more_interfaces/include/more_interfaces/msg/detail/address_book__type_support.cpp
[3.545s] -- Up-to-date: /home/maghetto/ros2_ws/install/more_interfaces/lib/libmore_interfaces__rosidl_typesupport_introspection_cpp.so
[3.546s] -- Up-to-date: /home/maghetto/ros2_ws/install/more_interfaces/lib/libmore_interfaces__rosidl_typesupport_cpp.so
[3.547s] -- Up-to-date: /home/maghetto/ros2_ws/install/more_interfaces/share/more_interfaces/environment/pythonpath.sh
[3.547s] -- Up-to-date: /home/maghetto/ros2_ws/install/more_interfaces/share/more_interfaces/environment/pythonpath.dsv
[3.547s] -- Up-to-date: /home/maghetto/ros2_ws/install/more_interfaces/lib/python3.8/site-packages/more_interfaces/__init__.py
[3.629s] -- Up-to-date: /home/maghetto/ros2_ws/install/more_interfaces/lib/python3.8/site-packages/more_interfaces/msg
[3.629s] -- Up-to-date: /home/maghetto/ros2_ws/install/more_interfaces/lib/python3.8/site-packages/more_interfaces/msg/_address_book_s.c
[3.629s] -- Up-to-date: /home/maghetto/ros2_ws/install/more_interfaces/lib/python3.8/site-packages/more_interfaces/msg/__init__.py
[3.630s] -- Up-to-date: /home/maghetto/ros2_ws/install/more_interfaces/lib/python3.8/site-packages/more_interfaces/msg/_address_book.py
[3.630s] -- Up-to-date: /home/maghetto/ros2_ws/install/more_interfaces/lib/python3.8/site-packages/more_interfaces/more_interfaces_s__rosidl_typesupport_fastrtps_c.cpython-38-x86_64-linux-gnu.so
[3.631s] -- Up-to-date: /home/maghetto/ros2_ws/install/more_interfaces/lib/python3.8/site-packages/more_interfaces/more_interfaces_s__rosidl_typesupport_introspection_c.cpython-38-x86_64-linux-gnu.so
[3.631s] -- Up-to-date: /home/maghetto/ros2_ws/install/more_interfaces/lib/python3.8/site-packages/more_interfaces/more_interfaces_s__rosidl_typesupport_c.cpython-38-x86_64-linux-gnu.so
[3.631s] -- Up-to-date: /home/maghetto/ros2_ws/install/more_interfaces/lib/libmore_interfaces__python.so
[3.632s] -- Up-to-date: /home/maghetto/ros2_ws/install/more_interfaces/share/more_interfaces/msg/AddressBook.idl
[3.632s] -- Up-to-date: /home/maghetto/ros2_ws/install/more_interfaces/share/more_interfaces/msg/AddressBook.msg
[3.632s] -- Up-to-date: /home/maghetto/ros2_ws/install/more_interfaces/share/ament_index/resource_index/package_run_dependencies/more_interfaces
[3.632s] -- Up-to-date: /home/maghetto/ros2_ws/install/more_interfaces/share/ament_index/resource_index/parent_prefix_path/more_interfaces
[3.633s] -- Up-to-date: /home/maghetto/ros2_ws/install/more_interfaces/share/more_interfaces/environment/ament_prefix_path.sh
[3.633s] -- Up-to-date: /home/maghetto/ros2_ws/install/more_interfaces/share/more_interfaces/environment/ament_prefix_path.dsv
[3.633s] -- Up-to-date: /home/maghetto/ros2_ws/install/more_interfaces/share/more_interfaces/environment/path.sh
[3.633s] -- Up-to-date: /home/maghetto/ros2_ws/install/more_interfaces/share/more_interfaces/environment/path.dsv
[3.633s] -- Up-to-date: /home/maghetto/ros2_ws/install/more_interfaces/share/more_interfaces/local_setup.bash
[3.633s] -- Up-to-date: /home/maghetto/ros2_ws/install/more_interfaces/share/more_interfaces/local_setup.sh
[3.633s] -- Up-to-date: /home/maghetto/ros2_ws/install/more_interfaces/share/more_interfaces/local_setup.zsh
[3.633s] -- Up-to-date: /home/maghetto/ros2_ws/install/more_interfaces/share/more_interfaces/local_setup.dsv
[3.633s] -- Installing: /home/maghetto/ros2_ws/install/more_interfaces/share/more_interfaces/package.dsv
[3.648s] -- Up-to-date: /home/maghetto/ros2_ws/install/more_interfaces/share/ament_index/resource_index/packages/more_interfaces
[3.649s] -- Up-to-date: /home/maghetto/ros2_ws/install/more_interfaces/share/more_interfaces/cmake/more_interfaces__rosidl_generator_cExport.cmake
[3.649s] -- Up-to-date: /home/maghetto/ros2_ws/install/more_interfaces/share/more_interfaces/cmake/more_interfaces__rosidl_generator_cExport-noconfig.cmake
[3.649s] -- Up-to-date: /home/maghetto/ros2_ws/install/more_interfaces/share/more_interfaces/cmake/more_interfaces__rosidl_typesupport_introspection_cExport.cmake
[3.650s] -- Up-to-date: /home/maghetto/ros2_ws/install/more_interfaces/share/more_interfaces/cmake/more_interfaces__rosidl_typesupport_introspection_cExport-noconfig.cmake
[3.650s] -- Up-to-date: /home/maghetto/ros2_ws/install/more_interfaces/share/more_interfaces/cmake/more_interfaces__rosidl_typesupport_cExport.cmake
[3.650s] -- Up-to-date: /home/maghetto/ros2_ws/install/more_interfaces/share/more_interfaces/cmake/more_interfaces__rosidl_typesupport_cExport-noconfig.cmake
[3.652s] -- Up-to-date: /home/maghetto/ros2_ws/install/more_interfaces/share/more_interfaces/cmake/more_interfaces__rosidl_generator_cppExport.cmake
[3.652s] -- Up-to-date: /home/maghetto/ros2_ws/install/more_interfaces/share/more_interfaces/cmake/more_interfaces__rosidl_typesupport_introspection_cppExport.cmake
[3.652s] -- Up-to-date: /home/maghetto/ros2_ws/install/more_interfaces/share/more_interfaces/cmake/more_interfaces__rosidl_typesupport_introspection_cppExport-noconfig.cmake
[3.653s] -- Up-to-date: /home/maghetto/ros2_ws/install/more_interfaces/share/more_interfaces/cmake/more_interfaces__rosidl_typesupport_cppExport.cmake
[3.653s] -- Up-to-date: /home/maghetto/ros2_ws/install/more_interfaces/share/more_interfaces/cmake/more_interfaces__rosidl_typesupport_cppExport-noconfig.cmake
[3.655s] -- Up-to-date: /home/maghetto/ros2_ws/install/more_interfaces/share/more_interfaces/cmake/rosidl_cmake-extras.cmake
[3.655s] -- Up-to-date: /home/maghetto/ros2_ws/install/more_interfaces/share/more_interfaces/cmake/ament_cmake_export_dependencies-extras.cmake
[3.655s] -- Up-to-date: /home/maghetto/ros2_ws/install/more_interfaces/share/more_interfaces/cmake/ament_cmake_export_libraries-extras.cmake
[3.656s] -- Up-to-date: /home/maghetto/ros2_ws/install/more_interfaces/share/more_interfaces/cmake/ament_cmake_export_targets-extras.cmake
[3.656s] -- Up-to-date: /home/maghetto/ros2_ws/install/more_interfaces/share/more_interfaces/cmake/ament_cmake_export_include_directories-extras.cmake
[3.656s] -- Up-to-date: /home/maghetto/ros2_ws/install/more_interfaces/share/more_interfaces/cmake/rosidl_cmake_export_typesupport_libraries-extras.cmake
[3.656s] -- Up-to-date: /home/maghetto/ros2_ws/install/more_interfaces/share/more_interfaces/cmake/rosidl_cmake_export_typesupport_targets-extras.cmake
[3.656s] -- Up-to-date: /home/maghetto/ros2_ws/install/more_interfaces/share/more_interfaces/cmake/more_interfacesConfig.cmake
[3.656s] -- Up-to-date: /home/maghetto/ros2_ws/install/more_interfaces/share/more_interfaces/cmake/more_interfacesConfig-version.cmake
[3.656s] -- Up-to-date: /home/maghetto/ros2_ws/install/more_interfaces/share/more_interfaces/package.xml
[3.659s] Invoked command in '/home/maghetto/ros2_ws/build/more_interfaces' returned '0': CMAKE_PREFIX_PATH=${CMAKE_PREFIX_PATH}:/home/maghetto/ros2_ws/install/py_launch_example:/home/maghetto/ros2_ws/install/launch_tutorial:/home/maghetto/ros2_ws/install/examples_rclpy_minimal_subscriber:/home/maghetto/ros2_ws/install/examples_rclpy_minimal_service:/home/maghetto/ros2_ws/install/examples_rclpy_minimal_publisher:/home/maghetto/ros2_ws/install/examples_rclpy_minimal_client:/home/maghetto/ros2_ws/install/examples_rclpy_minimal_action_server:/home/maghetto/ros2_ws/install/examples_rclpy_minimal_action_client:/home/maghetto/ros2_ws/install/examples_rclpy_executors:/home/maghetto/ROS2-Tutorials/ros2_ws/install/py_launch_example:/home/maghetto/ROS2-Tutorials/ros2_ws/install/launch_tutorial:/home/maghetto/ROS2-Tutorials/ros2_ws/install/examples_rclpy_minimal_subscriber:/home/maghetto/ROS2-Tutorials/ros2_ws/install/examples_rclpy_minimal_service:/home/maghetto/ROS2-Tutorials/ros2_ws/install/examples_rclpy_minimal_publisher:/home/maghetto/ROS2-Tutorials/ros2_ws/install/examples_rclpy_minimal_client:/home/maghetto/ROS2-Tutorials/ros2_ws/install/examples_rclpy_minimal_action_server:/home/maghetto/ROS2-Tutorials/ros2_ws/install/examples_rclpy_minimal_action_client:/home/maghetto/ROS2-Tutorials/ros2_ws/install/examples_rclpy_executors:/opt/ros/foxy /usr/bin/cmake --install /home/maghetto/ros2_ws/build/more_interfaces
