[0.169s] Invoking command in '/home/maghetto/ros2_ws/build/my_first_personal_project': CMAKE_PREFIX_PATH=/opt/ros/foxy /usr/bin/cmake --build /home/maghetto/ros2_ws/build/my_first_personal_project -- -j6 -l6
[0.263s] [  2%] Built target my_first_personal_project__cpp
[0.278s] [ 11%] Built target my_first_personal_project__rosidl_generator_c
[0.349s] [ 20%] Built target my_first_personal_project__rosidl_typesupport_introspection_cpp
[0.350s] [ 28%] Built target my_first_personal_project__rosidl_typesupport_c
[0.351s] [ 37%] Built target my_first_personal_project__rosidl_typesupport_cpp
[0.359s] [ 51%] Built target my_first_personal_project__rosidl_typesupport_introspection_c
[0.360s] [ 54%] Built target my_first_personal_project__rosidl_typesupport_fastrtps_cpp
[0.417s] [ 62%] Built target my_first_personal_project__rosidl_typesupport_fastrtps_c
[0.455s] [ 62%] Built target my_first_personal_project
[0.476s] [35m[1mScanning dependencies of target eworker[0m
[0.513s] [ 65%] Built target my_first_personal_project__py
[0.526s] [ 71%] Built target random_generator
[0.555s] [ 74%] [32mBuilding CXX object CMakeFiles/eworker.dir/src/eworker.cpp.o[0m
[0.607s] [ 80%] Built target my_first_personal_project__python
[0.667s] [ 85%] Built target my_first_personal_project__rosidl_typesupport_introspection_c__pyext
[0.669s] [ 91%] Built target my_first_personal_project__rosidl_typesupport_fastrtps_c__pyext
[0.679s] [ 97%] Built target my_first_personal_project__rosidl_typesupport_c__pyext
[2.238s] [01m[K/home/maghetto/ros2_ws/src/my_first_personal_project/src/eworker.cpp:[m[K In constructor ‘[01m[KEworker::Eworker()[m[K’:
[2.238s] [01m[K/home/maghetto/ros2_ws/src/my_first_personal_project/src/eworker.cpp:23:7:[m[K [01;31m[Kerror: [m[Kunable to find numeric literal operator ‘[01m[Koperator""ms[m[K’
[2.238s]    23 |       [01;31m[K10000ms[m[K, std::bind(&Eworker::timer_callback, this));
[2.238s]       |       [01;31m[K^~~~~~~[m[K
[2.247s] [01m[K/home/maghetto/ros2_ws/src/my_first_personal_project/src/eworker.cpp:[m[K In member function ‘[01m[Kvoid Eworker::topic_callback(my_first_personal_project::msg::Number_<std::allocator<void> >::SharedPtr) const[m[K’:
[2.247s] [01m[K/home/maghetto/ros2_ws/src/my_first_personal_project/src/eworker.cpp:33:40:[m[K [01;31m[Kerror: [m[Kpassing ‘[01m[Kconst std::vector<my_first_personal_project::msg::Number_<std::allocator<void> > >[m[K’ as ‘[01m[Kthis[m[K’ argument discards qualifiers [[01;31m[K-fpermissive[m[K]
[2.248s]    33 |       received_numbers.push_back(number[01;31m[K)[m[K;
[2.248s]       |                                        [01;31m[K^[m[K
[2.248s] In file included from [01m[K/usr/include/c++/9/vector:67[m[K,
[2.248s]                  from [01m[K/home/maghetto/ros2_ws/src/my_first_personal_project/src/eworker.cpp:6[m[K:
[2.248s] [01m[K/usr/include/c++/9/bits/stl_vector.h:1184:7:[m[K [01;36m[Knote: [m[K  in call to ‘[01m[Kvoid std::vector<_Tp, _Alloc>::push_back(const value_type&) [with _Tp = my_first_personal_project::msg::Number_<std::allocator<void> >; _Alloc = std::allocator<my_first_personal_project::msg::Number_<std::allocator<void> > >; std::vector<_Tp, _Alloc>::value_type = my_first_personal_project::msg::Number_<std::allocator<void> >][m[K’
[2.248s]  1184 |       [01;36m[Kpush_back[m[K(const value_type& __x)
[2.248s]       |       [01;36m[K^~~~~~~~~[m[K
[2.250s] [01m[K/home/maghetto/ros2_ws/src/my_first_personal_project/src/eworker.cpp:35:28:[m[K [01;31m[Kerror: [m[K‘[01m[KFALSE[m[K’ was not declared in this scope
[2.250s]    35 |       bool id_is_present = [01;31m[KFALSE[m[K;
[2.250s]       |                            [01;31m[K^~~~~[m[K
[2.253s] [01m[K/home/maghetto/ros2_ws/src/my_first_personal_project/src/eworker.cpp:39:31:[m[K [01;31m[Kerror: [m[K‘[01m[KTRUE[m[K’ was not declared in this scope
[2.253s]    39 |               id_is_present = [01;31m[KTRUE[m[K;
[2.253s]       |                               [01;31m[K^~~~[m[K
[2.253s] [01m[K/home/maghetto/ros2_ws/src/my_first_personal_project/src/eworker.cpp:45:40:[m[K [01;31m[Kerror: [m[Kpassing ‘[01m[Kconst std::vector<std::__cxx11::basic_string<char> >[m[K’ as ‘[01m[Kthis[m[K’ argument discards qualifiers [[01;31m[K-fpermissive[m[K]
[2.253s]    45 |         pub_id.push_back(number.node_id[01;31m[K)[m[K;
[2.253s]       |                                        [01;31m[K^[m[K
[2.253s] In file included from [01m[K/usr/include/c++/9/vector:67[m[K,
[2.253s]                  from [01m[K/home/maghetto/ros2_ws/src/my_first_personal_project/src/eworker.cpp:6[m[K:
[2.253s] [01m[K/usr/include/c++/9/bits/stl_vector.h:1184:7:[m[K [01;36m[Knote: [m[K  in call to ‘[01m[Kvoid std::vector<_Tp, _Alloc>::push_back(const value_type&) [with _Tp = std::__cxx11::basic_string<char>; _Alloc = std::allocator<std::__cxx11::basic_string<char> >; std::vector<_Tp, _Alloc>::value_type = std::__cxx11::basic_string<char>][m[K’
[2.253s]  1184 |       [01;36m[Kpush_back[m[K(const value_type& __x)
[2.253s]       |       [01;36m[K^~~~~~~~~[m[K
[2.256s] [01m[K/home/maghetto/ros2_ws/src/my_first_personal_project/src/eworker.cpp:[m[K In member function ‘[01m[Kvoid Eworker::timer_callback()[m[K’:
[2.256s] [01m[K/home/maghetto/ros2_ws/src/my_first_personal_project/src/eworker.cpp:59:28:[m[K [01;31m[Kerror: [m[Kbase operand of ‘[01m[K->[m[K’ has non-pointer type ‘[01m[Kmy_first_personal_project::msg::Number[m[K’ {aka ‘[01m[Kmy_first_personal_project::msg::Number_<std::allocator<void> >[m[K’}
[2.256s]    59 |             if(id.compare(n[01;31m[K->[m[Knode_id) == 0){
[2.256s]       |                            [01;31m[K^~[m[K
[2.256s] [01m[K/home/maghetto/ros2_ws/src/my_first_personal_project/src/eworker.cpp:60:24:[m[K [01;31m[Kerror: [m[Kbase operand of ‘[01m[K->[m[K’ has non-pointer type ‘[01m[Kmy_first_personal_project::msg::Number[m[K’ {aka ‘[01m[Kmy_first_personal_project::msg::Number_<std::allocator<void> >[m[K’}
[2.256s]    60 |               sum_ += n[01;31m[K->[m[Knumber;
[2.256s]       |                        [01;31m[K^~[m[K
[2.259s] [01m[K/home/maghetto/ros2_ws/src/my_first_personal_project/src/eworker.cpp:67:50:[m[K [01;31m[Kerror: [m[K‘[01m[Knumber[m[K’ was not declared in this scope
[2.259s]    67 |       std::cout << "Publishing:\n\tnode_id: " << [01;31m[Knumber[m[K.node_id << "\n\tnumber: " << number.number << std::endl;
[2.259s]       |                                                  [01;31m[K^~~~~~[m[K
[4.090s] make[2]: *** [CMakeFiles/eworker.dir/build.make:63: CMakeFiles/eworker.dir/src/eworker.cpp.o] Errore 1
[4.091s] make[1]: *** [CMakeFiles/Makefile2:126: CMakeFiles/eworker.dir/all] Errore 2
[4.091s] make: *** [Makefile:141: all] Errore 2
[4.098s] Invoked command in '/home/maghetto/ros2_ws/build/my_first_personal_project' returned '2': CMAKE_PREFIX_PATH=/opt/ros/foxy /usr/bin/cmake --build /home/maghetto/ros2_ws/build/my_first_personal_project -- -j6 -l6
