[0.177s] Invoking command in '/home/maghetto/ros2_ws/build/my_first_personal_project': CMAKE_PREFIX_PATH=/opt/ros/foxy /usr/bin/cmake --build /home/maghetto/ros2_ws/build/my_first_personal_project -- -j6 -l6
[0.302s] [  3%] [32mBuilding C object CMakeFiles/my_first_personal_project__rosidl_generator_c.dir/rosidl_generator_c/my_first_personal_project/msg/detail/number__functions.c.o[0m
[0.306s] [  6%] Built target my_first_personal_project__cpp
[0.351s] In file included from [01m[K/home/maghetto/ros2_ws/build/my_first_personal_project/rosidl_generator_c/my_first_personal_project/msg/detail/number__functions.h:19[m[K,
[0.351s]                  from [01m[K/home/maghetto/ros2_ws/build/my_first_personal_project/rosidl_generator_c/my_first_personal_project/msg/detail/number__functions.c:4[m[K:
[0.351s] [01m[K/home/maghetto/ros2_ws/build/my_first_personal_project/rosidl_generator_c/my_first_personal_project/msg/detail/number__struct.h:22:10:[m[K [01;31m[Kfatal error: [m[Kmy_first_personal_project/msg/detail/string__struct.h: File o directory non esistente
[0.352s]    22 | #include [01;31m[K"my_first_personal_project/msg/detail/string__struct.h"[m[K
[0.352s]       |          [01;31m[K^~~~~~~~~~~~~~~~~~~~~~~~~~~~~~~~~~~~~~~~~~~~~~~~~~~~~~~[m[K
[0.352s] compilation terminated.
[0.355s] [  9%] [32mBuilding CXX object CMakeFiles/my_first_personal_project__rosidl_typesupport_introspection_cpp.dir/rosidl_typesupport_introspection_cpp/my_first_personal_project/msg/detail/number__type_support.cpp.o[0m
[0.355s] [ 12%] [32mBuilding CXX object CMakeFiles/my_first_personal_project__rosidl_typesupport_fastrtps_cpp.dir/rosidl_typesupport_fastrtps_cpp/my_first_personal_project/msg/detail/dds_fastrtps/number__type_support.cpp.o[0m
[0.355s] make[2]: *** [CMakeFiles/my_first_personal_project__rosidl_generator_c.dir/build.make:92: CMakeFiles/my_first_personal_project__rosidl_generator_c.dir/rosidl_generator_c/my_first_personal_project/msg/detail/number__functions.c.o] Errore 1
[0.356s] make[1]: *** [CMakeFiles/Makefile2:362: CMakeFiles/my_first_personal_project__rosidl_generator_c.dir/all] Errore 2
[0.356s] make[1]: *** Attesa per i processi non terminati....
[0.381s] [ 15%] [32mBuilding CXX object CMakeFiles/my_first_personal_project__rosidl_typesupport_cpp.dir/rosidl_typesupport_cpp/my_first_personal_project/msg/number__type_support.cpp.o[0m
[0.466s] In file included from [01m[K/home/maghetto/ros2_ws/build/my_first_personal_project/rosidl_typesupport_cpp/my_first_personal_project/msg/number__type_support.cpp:7[m[K:
[0.466s] [01m[K/home/maghetto/ros2_ws/build/my_first_personal_project/rosidl_generator_cpp/my_first_personal_project/msg/detail/number__struct.hpp:19:10:[m[K [01;31m[Kfatal error: [m[Kmy_first_personal_project/msg/detail/string__struct.hpp: File o directory non esistente
[0.466s]    19 | #include [01;31m[K"my_first_personal_project/msg/detail/string__struct.hpp"[m[K
[0.467s]       |          [01;31m[K^~~~~~~~~~~~~~~~~~~~~~~~~~~~~~~~~~~~~~~~~~~~~~~~~~~~~~~~~[m[K
[0.467s] compilation terminated.
[0.469s] make[2]: *** [CMakeFiles/my_first_personal_project__rosidl_typesupport_cpp.dir/build.make:73: CMakeFiles/my_first_personal_project__rosidl_typesupport_cpp.dir/rosidl_typesupport_cpp/my_first_personal_project/msg/number__type_support.cpp.o] Errore 1
[0.470s] make[1]: *** [CMakeFiles/Makefile2:445: CMakeFiles/my_first_personal_project__rosidl_typesupport_cpp.dir/all] Errore 2
[0.476s] In file included from [01m[K/home/maghetto/ros2_ws/build/my_first_personal_project/rosidl_typesupport_fastrtps_cpp/my_first_personal_project/msg/detail/number__rosidl_typesupport_fastrtps_cpp.hpp:11[m[K,
[0.476s]                  from [01m[K/home/maghetto/ros2_ws/build/my_first_personal_project/rosidl_typesupport_fastrtps_cpp/my_first_personal_project/msg/detail/dds_fastrtps/number__type_support.cpp:4[m[K:
[0.476s] [01m[K/home/maghetto/ros2_ws/build/my_first_personal_project/rosidl_generator_cpp/my_first_personal_project/msg/detail/number__struct.hpp:19:10:[m[K [01;31m[Kfatal error: [m[Kmy_first_personal_project/msg/detail/string__struct.hpp: File o directory non esistente
[0.476s]    19 | #include [01;31m[K"my_first_personal_project/msg/detail/string__struct.hpp"[m[K
[0.476s]       |          [01;31m[K^~~~~~~~~~~~~~~~~~~~~~~~~~~~~~~~~~~~~~~~~~~~~~~~~~~~~~~~~[m[K
[0.476s] compilation terminated.
[0.502s] make[2]: *** [CMakeFiles/my_first_personal_project__rosidl_typesupport_fastrtps_cpp.dir/build.make:78: CMakeFiles/my_first_personal_project__rosidl_typesupport_fastrtps_cpp.dir/rosidl_typesupport_fastrtps_cpp/my_first_personal_project/msg/detail/dds_fastrtps/number__type_support.cpp.o] Errore 1
[0.503s] make[1]: *** [CMakeFiles/Makefile2:308: CMakeFiles/my_first_personal_project__rosidl_typesupport_fastrtps_cpp.dir/all] Errore 2
[0.512s] In file included from [01m[K/home/maghetto/ros2_ws/build/my_first_personal_project/rosidl_typesupport_introspection_cpp/my_first_personal_project/msg/detail/number__type_support.cpp:12[m[K:
[0.512s] [01m[K/home/maghetto/ros2_ws/build/my_first_personal_project/rosidl_generator_cpp/my_first_personal_project/msg/detail/number__struct.hpp:19:10:[m[K [01;31m[Kfatal error: [m[Kmy_first_personal_project/msg/detail/string__struct.hpp: File o directory non esistente
[0.512s]    19 | #include [01;31m[K"my_first_personal_project/msg/detail/string__struct.hpp"[m[K
[0.512s]       |          [01;31m[K^~~~~~~~~~~~~~~~~~~~~~~~~~~~~~~~~~~~~~~~~~~~~~~~~~~~~~~~~[m[K
[0.512s] compilation terminated.
[0.515s] make[2]: *** [CMakeFiles/my_first_personal_project__rosidl_typesupport_introspection_cpp.dir/build.make:78: CMakeFiles/my_first_personal_project__rosidl_typesupport_introspection_cpp.dir/rosidl_typesupport_introspection_cpp/my_first_personal_project/msg/detail/number__type_support.cpp.o] Errore 1
[0.516s] make[1]: *** [CMakeFiles/Makefile2:526: CMakeFiles/my_first_personal_project__rosidl_typesupport_introspection_cpp.dir/all] Errore 2
[0.516s] make: *** [Makefile:141: all] Errore 2
[0.521s] Invoked command in '/home/maghetto/ros2_ws/build/my_first_personal_project' returned '2': CMAKE_PREFIX_PATH=/opt/ros/foxy /usr/bin/cmake --build /home/maghetto/ros2_ws/build/my_first_personal_project -- -j6 -l6
