[0.977s] Invoking command in '/home/maghetto/ros2_ws/build/examples_rclcpp_minimal_action_client': CMAKE_PREFIX_PATH=${CMAKE_PREFIX_PATH}:/home/maghetto/ros2_ws/install/examples_rclpy_minimal_subscriber:/home/maghetto/ros2_ws/install/examples_rclpy_minimal_service:/home/maghetto/ros2_ws/install/examples_rclpy_minimal_publisher:/home/maghetto/ros2_ws/install/examples_rclpy_minimal_client:/home/maghetto/ros2_ws/install/examples_rclpy_minimal_action_server:/home/maghetto/ros2_ws/install/examples_rclpy_minimal_action_client:/home/maghetto/ros2_ws/install/examples_rclpy_executors:/opt/ros/foxy /usr/bin/cmake /home/maghetto/ros2_ws/src/examples/rclcpp/actions/minimal_action_client -DCMAKE_INSTALL_PREFIX=/home/maghetto/ros2_ws/install/examples_rclcpp_minimal_action_client
[1.007s] -- Found ament_cmake: 0.9.12 (/opt/ros/foxy/share/ament_cmake/cmake)
[1.048s] -- Using PYTHON_EXECUTABLE: /usr/bin/python3
[1.273s] -- Override CMake install command with custom implementation using symlinks instead of copying resources
[1.283s] -- Found example_interfaces: 0.9.1 (/opt/ros/foxy/share/example_interfaces/cmake)
[1.317s] -- Using all available rosidl_typesupport_c: rosidl_typesupport_fastrtps_c;rosidl_typesupport_introspection_c
[1.321s] -- Found rosidl_adapter: 1.3.1 (/opt/ros/foxy/share/rosidl_adapter/cmake)
[1.462s] -- Using all available rosidl_typesupport_cpp: rosidl_typesupport_fastrtps_cpp;rosidl_typesupport_introspection_cpp
[1.620s] -- Found rclcpp: 2.4.3 (/opt/ros/foxy/share/rclcpp/cmake)
[1.661s] -- Found rmw_implementation_cmake: 1.0.4 (/opt/ros/foxy/share/rmw_implementation_cmake/cmake)
[1.666s] -- Using RMW implementation 'rmw_fastrtps_cpp' as default
[1.903s] -- Found rclcpp_action: 2.4.3 (/opt/ros/foxy/share/rclcpp_action/cmake)
[1.958s] -- Found ament_lint_auto: 0.9.8 (/opt/ros/foxy/share/ament_lint_auto/cmake)
[2.184s] -- Added test 'copyright' to check source files copyright and LICENSE
[2.184s] -- Added test 'cppcheck' to perform static code analysis on C / C++ code
[2.184s] -- Configured cppcheck include dirs: 
[2.185s] -- Configured cppcheck exclude dirs and/or files: 
[2.185s] -- Added test 'cpplint' to check C / C++ code against the Google style
[2.188s] -- Configured cpplint exclude dirs and/or files: 
[2.188s] -- Added test 'lint_cmake' to check CMake code style
[2.195s] -- Added test 'uncrustify' to check C / C++ code style
[2.195s] -- Configured uncrustify additional arguments: 
[2.196s] -- Added test 'xmllint' to check XML markup files
[2.196s] -- Configuring done
[2.222s] -- Generating done
[2.229s] -- Build files have been written to: /home/maghetto/ros2_ws/build/examples_rclcpp_minimal_action_client
[2.244s] Invoked command in '/home/maghetto/ros2_ws/build/examples_rclcpp_minimal_action_client' returned '0': CMAKE_PREFIX_PATH=${CMAKE_PREFIX_PATH}:/home/maghetto/ros2_ws/install/examples_rclpy_minimal_subscriber:/home/maghetto/ros2_ws/install/examples_rclpy_minimal_service:/home/maghetto/ros2_ws/install/examples_rclpy_minimal_publisher:/home/maghetto/ros2_ws/install/examples_rclpy_minimal_client:/home/maghetto/ros2_ws/install/examples_rclpy_minimal_action_server:/home/maghetto/ros2_ws/install/examples_rclpy_minimal_action_client:/home/maghetto/ros2_ws/install/examples_rclpy_executors:/opt/ros/foxy /usr/bin/cmake /home/maghetto/ros2_ws/src/examples/rclcpp/actions/minimal_action_client -DCMAKE_INSTALL_PREFIX=/home/maghetto/ros2_ws/install/examples_rclcpp_minimal_action_client
[2.245s] Invoking command in '/home/maghetto/ros2_ws/build/examples_rclcpp_minimal_action_client': CMAKE_PREFIX_PATH=${CMAKE_PREFIX_PATH}:/home/maghetto/ros2_ws/install/examples_rclpy_minimal_subscriber:/home/maghetto/ros2_ws/install/examples_rclpy_minimal_service:/home/maghetto/ros2_ws/install/examples_rclpy_minimal_publisher:/home/maghetto/ros2_ws/install/examples_rclpy_minimal_client:/home/maghetto/ros2_ws/install/examples_rclpy_minimal_action_server:/home/maghetto/ros2_ws/install/examples_rclpy_minimal_action_client:/home/maghetto/ros2_ws/install/examples_rclpy_executors:/opt/ros/foxy /usr/bin/cmake --build /home/maghetto/ros2_ws/build/examples_rclcpp_minimal_action_client -- -j5 -l5
[2.376s] [ 25%] Built target action_client_not_composable_with_cancel
[2.401s] [ 50%] Built target action_client_not_composable
[2.402s] [ 75%] Built target action_client_not_composable_with_feedback
[2.415s] [100%] Built target action_client_member_functions
[2.566s] Invoked command in '/home/maghetto/ros2_ws/build/examples_rclcpp_minimal_action_client' returned '0': CMAKE_PREFIX_PATH=${CMAKE_PREFIX_PATH}:/home/maghetto/ros2_ws/install/examples_rclpy_minimal_subscriber:/home/maghetto/ros2_ws/install/examples_rclpy_minimal_service:/home/maghetto/ros2_ws/install/examples_rclpy_minimal_publisher:/home/maghetto/ros2_ws/install/examples_rclpy_minimal_client:/home/maghetto/ros2_ws/install/examples_rclpy_minimal_action_server:/home/maghetto/ros2_ws/install/examples_rclpy_minimal_action_client:/home/maghetto/ros2_ws/install/examples_rclpy_executors:/opt/ros/foxy /usr/bin/cmake --build /home/maghetto/ros2_ws/build/examples_rclcpp_minimal_action_client -- -j5 -l5
[3.246s] Invoking command in '/home/maghetto/ros2_ws/build/examples_rclcpp_minimal_action_client': CMAKE_PREFIX_PATH=${CMAKE_PREFIX_PATH}:/home/maghetto/ros2_ws/install/examples_rclpy_minimal_subscriber:/home/maghetto/ros2_ws/install/examples_rclpy_minimal_service:/home/maghetto/ros2_ws/install/examples_rclpy_minimal_publisher:/home/maghetto/ros2_ws/install/examples_rclpy_minimal_client:/home/maghetto/ros2_ws/install/examples_rclpy_minimal_action_server:/home/maghetto/ros2_ws/install/examples_rclpy_minimal_action_client:/home/maghetto/ros2_ws/install/examples_rclpy_executors:/opt/ros/foxy /usr/bin/cmake --install /home/maghetto/ros2_ws/build/examples_rclcpp_minimal_action_client
[3.609s] -- Install configuration: ""
[3.609s] -- Execute custom install script
[3.609s] -- Up-to-date symlink: /home/maghetto/ros2_ws/install/examples_rclcpp_minimal_action_client/lib/examples_rclcpp_minimal_action_client/action_client_member_functions
[3.609s] -- Up-to-date symlink: /home/maghetto/ros2_ws/install/examples_rclcpp_minimal_action_client/lib/examples_rclcpp_minimal_action_client/action_client_not_composable
[3.609s] -- Up-to-date symlink: /home/maghetto/ros2_ws/install/examples_rclcpp_minimal_action_client/lib/examples_rclcpp_minimal_action_client/action_client_not_composable_with_cancel
[3.609s] -- Up-to-date symlink: /home/maghetto/ros2_ws/install/examples_rclcpp_minimal_action_client/lib/examples_rclcpp_minimal_action_client/action_client_not_composable_with_feedback
[3.609s] -- Up-to-date symlink: /home/maghetto/ros2_ws/install/examples_rclcpp_minimal_action_client/share/ament_index/resource_index/package_run_dependencies/examples_rclcpp_minimal_action_client
[3.610s] -- Up-to-date symlink: /home/maghetto/ros2_ws/install/examples_rclcpp_minimal_action_client/share/ament_index/resource_index/parent_prefix_path/examples_rclcpp_minimal_action_client
[3.610s] -- Up-to-date symlink: /home/maghetto/ros2_ws/install/examples_rclcpp_minimal_action_client/share/examples_rclcpp_minimal_action_client/environment/ament_prefix_path.sh
[3.610s] -- Up-to-date symlink: /home/maghetto/ros2_ws/install/examples_rclcpp_minimal_action_client/share/examples_rclcpp_minimal_action_client/environment/ament_prefix_path.dsv
[3.610s] -- Up-to-date symlink: /home/maghetto/ros2_ws/install/examples_rclcpp_minimal_action_client/share/examples_rclcpp_minimal_action_client/environment/path.sh
[3.613s] -- Up-to-date symlink: /home/maghetto/ros2_ws/install/examples_rclcpp_minimal_action_client/share/examples_rclcpp_minimal_action_client/environment/path.dsv
[3.613s] -- Up-to-date symlink: /home/maghetto/ros2_ws/install/examples_rclcpp_minimal_action_client/share/examples_rclcpp_minimal_action_client/local_setup.bash
[3.613s] -- Up-to-date symlink: /home/maghetto/ros2_ws/install/examples_rclcpp_minimal_action_client/share/examples_rclcpp_minimal_action_client/local_setup.sh
[3.614s] -- Up-to-date symlink: /home/maghetto/ros2_ws/install/examples_rclcpp_minimal_action_client/share/examples_rclcpp_minimal_action_client/local_setup.zsh
[3.614s] -- Up-to-date symlink: /home/maghetto/ros2_ws/install/examples_rclcpp_minimal_action_client/share/examples_rclcpp_minimal_action_client/local_setup.dsv
[3.614s] -- Symlinking: /home/maghetto/ros2_ws/install/examples_rclcpp_minimal_action_client/share/examples_rclcpp_minimal_action_client/package.dsv
[3.614s] -- Up-to-date symlink: /home/maghetto/ros2_ws/install/examples_rclcpp_minimal_action_client/share/ament_index/resource_index/packages/examples_rclcpp_minimal_action_client
[3.615s] -- Up-to-date symlink: /home/maghetto/ros2_ws/install/examples_rclcpp_minimal_action_client/share/examples_rclcpp_minimal_action_client/cmake/examples_rclcpp_minimal_action_clientConfig.cmake
[3.615s] -- Up-to-date symlink: /home/maghetto/ros2_ws/install/examples_rclcpp_minimal_action_client/share/examples_rclcpp_minimal_action_client/cmake/examples_rclcpp_minimal_action_clientConfig-version.cmake
[3.615s] -- Up-to-date symlink: /home/maghetto/ros2_ws/install/examples_rclcpp_minimal_action_client/share/examples_rclcpp_minimal_action_client/package.xml
[4.508s] Invoked command in '/home/maghetto/ros2_ws/build/examples_rclcpp_minimal_action_client' returned '0': CMAKE_PREFIX_PATH=${CMAKE_PREFIX_PATH}:/home/maghetto/ros2_ws/install/examples_rclpy_minimal_subscriber:/home/maghetto/ros2_ws/install/examples_rclpy_minimal_service:/home/maghetto/ros2_ws/install/examples_rclpy_minimal_publisher:/home/maghetto/ros2_ws/install/examples_rclpy_minimal_client:/home/maghetto/ros2_ws/install/examples_rclpy_minimal_action_server:/home/maghetto/ros2_ws/install/examples_rclpy_minimal_action_client:/home/maghetto/ros2_ws/install/examples_rclpy_executors:/opt/ros/foxy /usr/bin/cmake --install /home/maghetto/ros2_ws/build/examples_rclcpp_minimal_action_client
