[1.413s] Invoking command in '/home/maghetto/ros2_ws/build/cpp_pubsub': CMAKE_PREFIX_PATH=${CMAKE_PREFIX_PATH}:/home/maghetto/ros2_ws/install/examples_rclpy_minimal_subscriber:/home/maghetto/ros2_ws/install/examples_rclpy_minimal_service:/home/maghetto/ros2_ws/install/examples_rclpy_minimal_publisher:/home/maghetto/ros2_ws/install/examples_rclpy_minimal_client:/home/maghetto/ros2_ws/install/examples_rclpy_minimal_action_server:/home/maghetto/ros2_ws/install/examples_rclpy_minimal_action_client:/home/maghetto/ros2_ws/install/examples_rclpy_executors:/opt/ros/foxy /usr/bin/cmake --build /home/maghetto/ros2_ws/build/cpp_pubsub -- -j6 -l6
[1.940s] [ 50%] Built target talker
[1.949s] [100%] Built target listener
[2.043s] Invoked command in '/home/maghetto/ros2_ws/build/cpp_pubsub' returned '0': CMAKE_PREFIX_PATH=${CMAKE_PREFIX_PATH}:/home/maghetto/ros2_ws/install/examples_rclpy_minimal_subscriber:/home/maghetto/ros2_ws/install/examples_rclpy_minimal_service:/home/maghetto/ros2_ws/install/examples_rclpy_minimal_publisher:/home/maghetto/ros2_ws/install/examples_rclpy_minimal_client:/home/maghetto/ros2_ws/install/examples_rclpy_minimal_action_server:/home/maghetto/ros2_ws/install/examples_rclpy_minimal_action_client:/home/maghetto/ros2_ws/install/examples_rclpy_executors:/opt/ros/foxy /usr/bin/cmake --build /home/maghetto/ros2_ws/build/cpp_pubsub -- -j6 -l6
[2.317s] Invoking command in '/home/maghetto/ros2_ws/build/cpp_pubsub': CMAKE_PREFIX_PATH=${CMAKE_PREFIX_PATH}:/home/maghetto/ros2_ws/install/examples_rclpy_minimal_subscriber:/home/maghetto/ros2_ws/install/examples_rclpy_minimal_service:/home/maghetto/ros2_ws/install/examples_rclpy_minimal_publisher:/home/maghetto/ros2_ws/install/examples_rclpy_minimal_client:/home/maghetto/ros2_ws/install/examples_rclpy_minimal_action_server:/home/maghetto/ros2_ws/install/examples_rclpy_minimal_action_client:/home/maghetto/ros2_ws/install/examples_rclpy_executors:/opt/ros/foxy /usr/bin/cmake --install /home/maghetto/ros2_ws/build/cpp_pubsub
[2.444s] -- Install configuration: ""
[2.445s] -- Up-to-date: /home/maghetto/ros2_ws/install/cpp_pubsub/lib/cpp_pubsub/talker
[2.445s] -- Up-to-date: /home/maghetto/ros2_ws/install/cpp_pubsub/lib/cpp_pubsub/listener
[2.446s] -- Up-to-date: /home/maghetto/ros2_ws/install/cpp_pubsub/share/ament_index/resource_index/package_run_dependencies/cpp_pubsub
[2.449s] -- Up-to-date: /home/maghetto/ros2_ws/install/cpp_pubsub/share/ament_index/resource_index/parent_prefix_path/cpp_pubsub
[2.449s] -- Up-to-date: /home/maghetto/ros2_ws/install/cpp_pubsub/share/cpp_pubsub/environment/ament_prefix_path.sh
[2.454s] -- Up-to-date: /home/maghetto/ros2_ws/install/cpp_pubsub/share/cpp_pubsub/environment/ament_prefix_path.dsv
[2.454s] -- Up-to-date: /home/maghetto/ros2_ws/install/cpp_pubsub/share/cpp_pubsub/environment/path.sh
[2.455s] -- Up-to-date: /home/maghetto/ros2_ws/install/cpp_pubsub/share/cpp_pubsub/environment/path.dsv
[2.455s] -- Up-to-date: /home/maghetto/ros2_ws/install/cpp_pubsub/share/cpp_pubsub/local_setup.bash
[2.457s] -- Up-to-date: /home/maghetto/ros2_ws/install/cpp_pubsub/share/cpp_pubsub/local_setup.sh
[2.457s] -- Up-to-date: /home/maghetto/ros2_ws/install/cpp_pubsub/share/cpp_pubsub/local_setup.zsh
[2.457s] -- Up-to-date: /home/maghetto/ros2_ws/install/cpp_pubsub/share/cpp_pubsub/local_setup.dsv
[2.458s] -- Installing: /home/maghetto/ros2_ws/install/cpp_pubsub/share/cpp_pubsub/package.dsv
[2.462s] -- Up-to-date: /home/maghetto/ros2_ws/install/cpp_pubsub/share/ament_index/resource_index/packages/cpp_pubsub
[2.465s] -- Up-to-date: /home/maghetto/ros2_ws/install/cpp_pubsub/share/cpp_pubsub/cmake/cpp_pubsubConfig.cmake
[2.466s] -- Up-to-date: /home/maghetto/ros2_ws/install/cpp_pubsub/share/cpp_pubsub/cmake/cpp_pubsubConfig-version.cmake
[2.467s] -- Up-to-date: /home/maghetto/ros2_ws/install/cpp_pubsub/share/cpp_pubsub/package.xml
[2.771s] Invoked command in '/home/maghetto/ros2_ws/build/cpp_pubsub' returned '0': CMAKE_PREFIX_PATH=${CMAKE_PREFIX_PATH}:/home/maghetto/ros2_ws/install/examples_rclpy_minimal_subscriber:/home/maghetto/ros2_ws/install/examples_rclpy_minimal_service:/home/maghetto/ros2_ws/install/examples_rclpy_minimal_publisher:/home/maghetto/ros2_ws/install/examples_rclpy_minimal_client:/home/maghetto/ros2_ws/install/examples_rclpy_minimal_action_server:/home/maghetto/ros2_ws/install/examples_rclpy_minimal_action_client:/home/maghetto/ros2_ws/install/examples_rclpy_executors:/opt/ros/foxy /usr/bin/cmake --install /home/maghetto/ros2_ws/build/cpp_pubsub
