[0.145s] Invoking command in '/home/maghetto/ros2_ws/build/cpp_parameters': CMAKE_PREFIX_PATH=/opt/ros/foxy /usr/bin/cmake /home/maghetto/ros2_ws/src/cpp_parameters -DCMAKE_INSTALL_PREFIX=/home/maghetto/ros2_ws/install/cpp_parameters
[0.165s] -- Found ament_cmake: 0.9.12 (/opt/ros/foxy/share/ament_cmake/cmake)
[0.187s] -- Using PYTHON_EXECUTABLE: /usr/bin/python3
[0.406s] -- Found rclcpp: 2.4.3 (/opt/ros/foxy/share/rclcpp/cmake)
[0.562s] -- Using all available rosidl_typesupport_c: rosidl_typesupport_fastrtps_c;rosidl_typesupport_introspection_c
[0.581s] -- Found rosidl_adapter: 1.3.1 (/opt/ros/foxy/share/rosidl_adapter/cmake)
[0.741s] -- Found OpenSSL: /usr/lib/x86_64-linux-gnu/libcrypto.so (found version "1.1.1f")  
[0.784s] -- Found FastRTPS: /opt/ros/foxy/include  
[0.925s] -- Using all available rosidl_typesupport_cpp: rosidl_typesupport_fastrtps_cpp;rosidl_typesupport_introspection_cpp
[1.062s] -- Found rmw_implementation_cmake: 1.0.4 (/opt/ros/foxy/share/rmw_implementation_cmake/cmake)
[1.068s] -- Using RMW implementation 'rmw_fastrtps_cpp' as default
[1.073s] -- Looking for pthread.h
[1.255s] -- Looking for pthread.h - found
[1.256s] -- Performing Test CMAKE_HAVE_LIBC_PTHREAD
[1.375s] -- Performing Test CMAKE_HAVE_LIBC_PTHREAD - Failed
[1.376s] -- Looking for pthread_create in pthreads
[1.454s] -- Looking for pthread_create in pthreads - not found
[1.455s] -- Looking for pthread_create in pthread
[1.548s] -- Looking for pthread_create in pthread - found
[1.549s] -- Found Threads: TRUE  
[1.855s] -- Found ament_lint_auto: 0.9.8 (/opt/ros/foxy/share/ament_lint_auto/cmake)
[1.974s] -- Added test 'copyright' to check source files copyright and LICENSE
[1.976s] -- Added test 'cppcheck' to perform static code analysis on C / C++ code
[1.976s] -- Configured cppcheck include dirs: 
[1.977s] -- Configured cppcheck exclude dirs and/or files: 
[1.978s] -- Added test 'cpplint' to check C / C++ code against the Google style
[1.978s] -- Configured cpplint exclude dirs and/or files: 
[1.981s] -- Added test 'lint_cmake' to check CMake code style
[1.983s] -- Added test 'uncrustify' to check C / C++ code style
[1.984s] -- Configured uncrustify additional arguments: 
[1.985s] -- Added test 'xmllint' to check XML markup files
[1.990s] -- Configuring done
[1.999s] -- Generating done
[2.001s] -- Build files have been written to: /home/maghetto/ros2_ws/build/cpp_parameters
[2.011s] Invoked command in '/home/maghetto/ros2_ws/build/cpp_parameters' returned '0': CMAKE_PREFIX_PATH=/opt/ros/foxy /usr/bin/cmake /home/maghetto/ros2_ws/src/cpp_parameters -DCMAKE_INSTALL_PREFIX=/home/maghetto/ros2_ws/install/cpp_parameters
[2.012s] Invoking command in '/home/maghetto/ros2_ws/build/cpp_parameters': CMAKE_PREFIX_PATH=/opt/ros/foxy /usr/bin/cmake --build /home/maghetto/ros2_ws/build/cpp_parameters -- -j6 -l6
[2.063s] [35m[1mScanning dependencies of target minimal_param_node[0m
[2.423s] [ 50%] [32mBuilding CXX object CMakeFiles/minimal_param_node.dir/src/cpp_parameters_node.cpp.o[0m
[6.767s] [100%] [32m[1mLinking CXX executable minimal_param_node[0m
[7.013s] [100%] Built target minimal_param_node
[7.040s] Invoked command in '/home/maghetto/ros2_ws/build/cpp_parameters' returned '0': CMAKE_PREFIX_PATH=/opt/ros/foxy /usr/bin/cmake --build /home/maghetto/ros2_ws/build/cpp_parameters -- -j6 -l6
[7.103s] Invoking command in '/home/maghetto/ros2_ws/build/cpp_parameters': CMAKE_PREFIX_PATH=/opt/ros/foxy /usr/bin/cmake --install /home/maghetto/ros2_ws/build/cpp_parameters
[7.113s] -- Install configuration: ""
[7.113s] -- Installing: /home/maghetto/ros2_ws/install/cpp_parameters/lib/cpp_parameters/minimal_param_node
[7.114s] -- Set runtime path of "/home/maghetto/ros2_ws/install/cpp_parameters/lib/cpp_parameters/minimal_param_node" to ""
[7.114s] -- Installing: /home/maghetto/ros2_ws/install/cpp_parameters/share/ament_index/resource_index/package_run_dependencies/cpp_parameters
[7.115s] -- Installing: /home/maghetto/ros2_ws/install/cpp_parameters/share/ament_index/resource_index/parent_prefix_path/cpp_parameters
[7.115s] -- Installing: /home/maghetto/ros2_ws/install/cpp_parameters/share/cpp_parameters/environment/ament_prefix_path.sh
[7.115s] -- Installing: /home/maghetto/ros2_ws/install/cpp_parameters/share/cpp_parameters/environment/ament_prefix_path.dsv
[7.115s] -- Installing: /home/maghetto/ros2_ws/install/cpp_parameters/share/cpp_parameters/environment/path.sh
[7.115s] -- Installing: /home/maghetto/ros2_ws/install/cpp_parameters/share/cpp_parameters/environment/path.dsv
[7.116s] -- Installing: /home/maghetto/ros2_ws/install/cpp_parameters/share/cpp_parameters/local_setup.bash
[7.116s] -- Installing: /home/maghetto/ros2_ws/install/cpp_parameters/share/cpp_parameters/local_setup.sh
[7.116s] -- Installing: /home/maghetto/ros2_ws/install/cpp_parameters/share/cpp_parameters/local_setup.zsh
[7.116s] -- Installing: /home/maghetto/ros2_ws/install/cpp_parameters/share/cpp_parameters/local_setup.dsv
[7.117s] -- Installing: /home/maghetto/ros2_ws/install/cpp_parameters/share/cpp_parameters/package.dsv
[7.117s] -- Installing: /home/maghetto/ros2_ws/install/cpp_parameters/share/ament_index/resource_index/packages/cpp_parameters
[7.117s] -- Installing: /home/maghetto/ros2_ws/install/cpp_parameters/share/cpp_parameters/cmake/cpp_parametersConfig.cmake
[7.117s] -- Installing: /home/maghetto/ros2_ws/install/cpp_parameters/share/cpp_parameters/cmake/cpp_parametersConfig-version.cmake
[7.118s] -- Installing: /home/maghetto/ros2_ws/install/cpp_parameters/share/cpp_parameters/package.xml
[7.120s] Invoked command in '/home/maghetto/ros2_ws/build/cpp_parameters' returned '0': CMAKE_PREFIX_PATH=/opt/ros/foxy /usr/bin/cmake --install /home/maghetto/ros2_ws/build/cpp_parameters
