[2.492s] Invoking command in '/home/maghetto/ros2_ws/build/examples_rclpy_minimal_service': PYTHONPATH=/home/maghetto/ros2_ws/build/examples_rclpy_minimal_service/prefix_override:/home/maghetto/ros2_ws/install/examples_rclpy_minimal_service/lib/python3.8/site-packages:${PYTHONPATH} /usr/bin/python3 setup.py develop --editable --build-directory /home/maghetto/ros2_ws/build/examples_rclpy_minimal_service/build --no-deps install_data
[2.857s] running develop
[3.024s] running egg_info
[3.025s] creating examples_rclpy_minimal_service.egg-info
[3.025s] writing examples_rclpy_minimal_service.egg-info/PKG-INFO
[3.026s] writing dependency_links to examples_rclpy_minimal_service.egg-info/dependency_links.txt
[3.026s] writing entry points to examples_rclpy_minimal_service.egg-info/entry_points.txt
[3.028s] writing requirements to examples_rclpy_minimal_service.egg-info/requires.txt
[3.028s] writing top-level names to examples_rclpy_minimal_service.egg-info/top_level.txt
[3.028s] writing manifest file 'examples_rclpy_minimal_service.egg-info/SOURCES.txt'
[3.088s] reading manifest file 'examples_rclpy_minimal_service.egg-info/SOURCES.txt'
[3.095s] writing manifest file 'examples_rclpy_minimal_service.egg-info/SOURCES.txt'
[3.168s] running build_ext
[3.168s] Creating /home/maghetto/ros2_ws/install/examples_rclpy_minimal_service/lib/python3.8/site-packages/site.py
[3.169s] Creating /home/maghetto/ros2_ws/install/examples_rclpy_minimal_service/lib/python3.8/site-packages/examples-rclpy-minimal-service.egg-link (link to .)
[3.169s] Installing service script to /home/maghetto/ros2_ws/install/examples_rclpy_minimal_service/lib/examples_rclpy_minimal_service
[3.169s] Installing service_member_function script to /home/maghetto/ros2_ws/install/examples_rclpy_minimal_service/lib/examples_rclpy_minimal_service
[3.170s] 
[3.170s] Installed /home/maghetto/ros2_ws/build/examples_rclpy_minimal_service
[3.171s] running install_data
[3.171s] creating /home/maghetto/ros2_ws/install/examples_rclpy_minimal_service/share/ament_index
[3.172s] creating /home/maghetto/ros2_ws/install/examples_rclpy_minimal_service/share/ament_index/resource_index
[3.172s] creating /home/maghetto/ros2_ws/install/examples_rclpy_minimal_service/share/ament_index/resource_index/packages
[3.172s] copying resource/examples_rclpy_minimal_service -> /home/maghetto/ros2_ws/install/examples_rclpy_minimal_service/share/ament_index/resource_index/packages
[3.173s] copying package.xml -> /home/maghetto/ros2_ws/install/examples_rclpy_minimal_service/share/examples_rclpy_minimal_service
[3.407s] Invoked command in '/home/maghetto/ros2_ws/build/examples_rclpy_minimal_service' returned '0': PYTHONPATH=/home/maghetto/ros2_ws/build/examples_rclpy_minimal_service/prefix_override:/home/maghetto/ros2_ws/install/examples_rclpy_minimal_service/lib/python3.8/site-packages:${PYTHONPATH} /usr/bin/python3 setup.py develop --editable --build-directory /home/maghetto/ros2_ws/build/examples_rclpy_minimal_service/build --no-deps install_data
