[3.470s] Invoking command in '/home/maghetto/ros2_ws/build/examples_rclpy_executors': PYTHONPATH=/home/maghetto/ros2_ws/build/examples_rclpy_executors/prefix_override:/home/maghetto/ros2_ws/install/examples_rclpy_executors/lib/python3.8/site-packages:${PYTHONPATH} /usr/bin/python3 setup.py develop --editable --build-directory /home/maghetto/ros2_ws/build/examples_rclpy_executors/build --no-deps install_data
[3.783s] running develop
[3.993s] running egg_info
[3.993s] creating examples_rclpy_executors.egg-info
[3.993s] writing examples_rclpy_executors.egg-info/PKG-INFO
[3.993s] writing dependency_links to examples_rclpy_executors.egg-info/dependency_links.txt
[3.993s] writing entry points to examples_rclpy_executors.egg-info/entry_points.txt
[3.993s] writing requirements to examples_rclpy_executors.egg-info/requires.txt
[3.993s] writing top-level names to examples_rclpy_executors.egg-info/top_level.txt
[4.022s] writing manifest file 'examples_rclpy_executors.egg-info/SOURCES.txt'
[4.066s] reading manifest file 'examples_rclpy_executors.egg-info/SOURCES.txt'
[4.067s] writing manifest file 'examples_rclpy_executors.egg-info/SOURCES.txt'
[4.133s] running build_ext
[4.133s] Creating /home/maghetto/ros2_ws/install/examples_rclpy_executors/lib/python3.8/site-packages/site.py
[4.150s] Creating /home/maghetto/ros2_ws/install/examples_rclpy_executors/lib/python3.8/site-packages/examples-rclpy-executors.egg-link (link to .)
[4.150s] Installing callback_group script to /home/maghetto/ros2_ws/install/examples_rclpy_executors/lib/examples_rclpy_executors
[4.150s] Installing composed script to /home/maghetto/ros2_ws/install/examples_rclpy_executors/lib/examples_rclpy_executors
[4.150s] Installing custom_callback_group script to /home/maghetto/ros2_ws/install/examples_rclpy_executors/lib/examples_rclpy_executors
[4.150s] Installing custom_executor script to /home/maghetto/ros2_ws/install/examples_rclpy_executors/lib/examples_rclpy_executors
[4.150s] Installing listener script to /home/maghetto/ros2_ws/install/examples_rclpy_executors/lib/examples_rclpy_executors
[4.151s] Installing talker script to /home/maghetto/ros2_ws/install/examples_rclpy_executors/lib/examples_rclpy_executors
[4.151s] 
[4.151s] Installed /home/maghetto/ros2_ws/build/examples_rclpy_executors
[4.151s] running install_data
[4.151s] creating /home/maghetto/ros2_ws/install/examples_rclpy_executors/share/ament_index
[4.151s] creating /home/maghetto/ros2_ws/install/examples_rclpy_executors/share/ament_index/resource_index
[4.151s] creating /home/maghetto/ros2_ws/install/examples_rclpy_executors/share/ament_index/resource_index/packages
[4.151s] copying resource/examples_rclpy_executors -> /home/maghetto/ros2_ws/install/examples_rclpy_executors/share/ament_index/resource_index/packages
[4.151s] copying package.xml -> /home/maghetto/ros2_ws/install/examples_rclpy_executors/share/examples_rclpy_executors
[4.803s] Invoked command in '/home/maghetto/ros2_ws/build/examples_rclpy_executors' returned '0': PYTHONPATH=/home/maghetto/ros2_ws/build/examples_rclpy_executors/prefix_override:/home/maghetto/ros2_ws/install/examples_rclpy_executors/lib/python3.8/site-packages:${PYTHONPATH} /usr/bin/python3 setup.py develop --editable --build-directory /home/maghetto/ros2_ws/build/examples_rclpy_executors/build --no-deps install_data
