[0.211s] Invoking command in '/home/maghetto/ros2_ws/build/my_first_personal_project': CMAKE_PREFIX_PATH=${CMAKE_PREFIX_PATH}:/home/maghetto/ros2_ws/install/py_launch_example:/home/maghetto/ros2_ws/install/launch_tutorial:/home/maghetto/ros2_ws/install/examples_rclpy_minimal_subscriber:/home/maghetto/ros2_ws/install/examples_rclpy_minimal_service:/home/maghetto/ros2_ws/install/examples_rclpy_minimal_publisher:/home/maghetto/ros2_ws/install/examples_rclpy_minimal_client:/home/maghetto/ros2_ws/install/examples_rclpy_minimal_action_server:/home/maghetto/ros2_ws/install/examples_rclpy_minimal_action_client:/home/maghetto/ros2_ws/install/examples_rclpy_executors:/opt/ros/foxy /usr/bin/cmake --build /home/maghetto/ros2_ws/build/my_first_personal_project -- -j6 -l6
[0.289s] [  3%] Built target my_first_personal_project__cpp
[0.303s] [ 12%] Built target my_first_personal_project__rosidl_generator_c
[0.329s] [ 21%] Built target my_first_personal_project__rosidl_typesupport_cpp
[0.329s] [ 30%] Built target my_first_personal_project__rosidl_typesupport_introspection_cpp
[0.333s] [ 39%] Built target my_first_personal_project__rosidl_typesupport_c
[0.334s] [ 48%] Built target my_first_personal_project__rosidl_typesupport_introspection_c
[0.346s] [ 57%] Built target my_first_personal_project__rosidl_typesupport_fastrtps_cpp
[0.387s] [ 66%] Built target my_first_personal_project__rosidl_typesupport_fastrtps_c
[0.426s] [ 66%] Built target my_first_personal_project
[0.444s] [35m[1mScanning dependencies of target random_generator[0m
[0.468s] [ 69%] Built target my_first_personal_project__py
[0.484s] [ 72%] [32mBuilding CXX object CMakeFiles/random_generator.dir/src/random_generator.cpp.o[0m
[0.503s] [ 78%] Built target my_first_personal_project__python
[0.537s] [ 96%] Built target my_first_personal_project__rosidl_typesupport_c__pyext
[0.538s] [ 96%] Built target my_first_personal_project__rosidl_typesupport_fastrtps_c__pyext
[0.538s] [ 96%] Built target my_first_personal_project__rosidl_typesupport_introspection_c__pyext
[3.703s] [100%] [32m[1mLinking CXX executable random_generator[0m
[3.899s] [100%] Built target random_generator
[3.918s] Invoked command in '/home/maghetto/ros2_ws/build/my_first_personal_project' returned '0': CMAKE_PREFIX_PATH=${CMAKE_PREFIX_PATH}:/home/maghetto/ros2_ws/install/py_launch_example:/home/maghetto/ros2_ws/install/launch_tutorial:/home/maghetto/ros2_ws/install/examples_rclpy_minimal_subscriber:/home/maghetto/ros2_ws/install/examples_rclpy_minimal_service:/home/maghetto/ros2_ws/install/examples_rclpy_minimal_publisher:/home/maghetto/ros2_ws/install/examples_rclpy_minimal_client:/home/maghetto/ros2_ws/install/examples_rclpy_minimal_action_server:/home/maghetto/ros2_ws/install/examples_rclpy_minimal_action_client:/home/maghetto/ros2_ws/install/examples_rclpy_executors:/opt/ros/foxy /usr/bin/cmake --build /home/maghetto/ros2_ws/build/my_first_personal_project -- -j6 -l6
[4.082s] Invoking command in '/home/maghetto/ros2_ws/build/my_first_personal_project': CMAKE_PREFIX_PATH=${CMAKE_PREFIX_PATH}:/home/maghetto/ros2_ws/install/py_launch_example:/home/maghetto/ros2_ws/install/launch_tutorial:/home/maghetto/ros2_ws/install/examples_rclpy_minimal_subscriber:/home/maghetto/ros2_ws/install/examples_rclpy_minimal_service:/home/maghetto/ros2_ws/install/examples_rclpy_minimal_publisher:/home/maghetto/ros2_ws/install/examples_rclpy_minimal_client:/home/maghetto/ros2_ws/install/examples_rclpy_minimal_action_server:/home/maghetto/ros2_ws/install/examples_rclpy_minimal_action_client:/home/maghetto/ros2_ws/install/examples_rclpy_executors:/opt/ros/foxy /usr/bin/cmake --install /home/maghetto/ros2_ws/build/my_first_personal_project
[4.100s] -- Install configuration: ""
[4.101s] -- Up-to-date: /home/maghetto/ros2_ws/install/my_first_personal_project/share/ament_index/resource_index/rosidl_interfaces/my_first_personal_project
[4.101s] -- Up-to-date: /home/maghetto/ros2_ws/install/my_first_personal_project/include/my_first_personal_project
[4.101s] -- Up-to-date: /home/maghetto/ros2_ws/install/my_first_personal_project/include/my_first_personal_project/msg
[4.101s] -- Up-to-date: /home/maghetto/ros2_ws/install/my_first_personal_project/include/my_first_personal_project/msg/rosidl_generator_c__visibility_control.h
[4.101s] -- Up-to-date: /home/maghetto/ros2_ws/install/my_first_personal_project/include/my_first_personal_project/msg/number.h
[4.102s] -- Up-to-date: /home/maghetto/ros2_ws/install/my_first_personal_project/include/my_first_personal_project/msg/detail
[4.104s] -- Up-to-date: /home/maghetto/ros2_ws/install/my_first_personal_project/include/my_first_personal_project/msg/detail/number__functions.h
[4.104s] -- Up-to-date: /home/maghetto/ros2_ws/install/my_first_personal_project/include/my_first_personal_project/msg/detail/number__struct.h
[4.105s] -- Up-to-date: /home/maghetto/ros2_ws/install/my_first_personal_project/include/my_first_personal_project/msg/detail/number__type_support.h
[4.105s] -- Up-to-date: /home/maghetto/ros2_ws/install/my_first_personal_project/include/my_first_personal_project/msg/detail/number__functions.c
[4.105s] -- Up-to-date: /home/maghetto/ros2_ws/install/my_first_personal_project/share/my_first_personal_project/environment/library_path.sh
[4.105s] -- Up-to-date: /home/maghetto/ros2_ws/install/my_first_personal_project/share/my_first_personal_project/environment/library_path.dsv
[4.105s] -- Up-to-date: /home/maghetto/ros2_ws/install/my_first_personal_project/lib/libmy_first_personal_project__rosidl_generator_c.so
[4.105s] -- Up-to-date: /home/maghetto/ros2_ws/install/my_first_personal_project/include/my_first_personal_project
[4.106s] -- Up-to-date: /home/maghetto/ros2_ws/install/my_first_personal_project/include/my_first_personal_project/msg
[4.106s] -- Up-to-date: /home/maghetto/ros2_ws/install/my_first_personal_project/include/my_first_personal_project/msg/rosidl_typesupport_fastrtps_c__visibility_control.h
[4.106s] -- Up-to-date: /home/maghetto/ros2_ws/install/my_first_personal_project/include/my_first_personal_project/msg/detail
[4.106s] -- Up-to-date: /home/maghetto/ros2_ws/install/my_first_personal_project/include/my_first_personal_project/msg/detail/number__rosidl_typesupport_fastrtps_c.h
[4.107s] -- Up-to-date: /home/maghetto/ros2_ws/install/my_first_personal_project/lib/libmy_first_personal_project__rosidl_typesupport_fastrtps_c.so
[4.108s] -- Up-to-date: /home/maghetto/ros2_ws/install/my_first_personal_project/include/my_first_personal_project
[4.108s] -- Up-to-date: /home/maghetto/ros2_ws/install/my_first_personal_project/include/my_first_personal_project/msg
[4.108s] -- Up-to-date: /home/maghetto/ros2_ws/install/my_first_personal_project/include/my_first_personal_project/msg/rosidl_typesupport_fastrtps_cpp__visibility_control.h
[4.108s] -- Up-to-date: /home/maghetto/ros2_ws/install/my_first_personal_project/include/my_first_personal_project/msg/detail
[4.109s] -- Up-to-date: /home/maghetto/ros2_ws/install/my_first_personal_project/include/my_first_personal_project/msg/detail/dds_fastrtps
[4.109s] -- Up-to-date: /home/maghetto/ros2_ws/install/my_first_personal_project/include/my_first_personal_project/msg/detail/number__rosidl_typesupport_fastrtps_cpp.hpp
[4.109s] -- Up-to-date: /home/maghetto/ros2_ws/install/my_first_personal_project/lib/libmy_first_personal_project__rosidl_typesupport_fastrtps_cpp.so
[4.109s] -- Up-to-date: /home/maghetto/ros2_ws/install/my_first_personal_project/include/my_first_personal_project
[4.109s] -- Up-to-date: /home/maghetto/ros2_ws/install/my_first_personal_project/include/my_first_personal_project/msg
[4.109s] -- Up-to-date: /home/maghetto/ros2_ws/install/my_first_personal_project/include/my_first_personal_project/msg/rosidl_typesupport_introspection_c__visibility_control.h
[4.109s] -- Up-to-date: /home/maghetto/ros2_ws/install/my_first_personal_project/include/my_first_personal_project/msg/detail
[4.109s] -- Up-to-date: /home/maghetto/ros2_ws/install/my_first_personal_project/include/my_first_personal_project/msg/detail/number__type_support.c
[4.109s] -- Up-to-date: /home/maghetto/ros2_ws/install/my_first_personal_project/include/my_first_personal_project/msg/detail/number__rosidl_typesupport_introspection_c.h
[4.109s] -- Up-to-date: /home/maghetto/ros2_ws/install/my_first_personal_project/lib/libmy_first_personal_project__rosidl_typesupport_introspection_c.so
[4.109s] -- Up-to-date: /home/maghetto/ros2_ws/install/my_first_personal_project/lib/libmy_first_personal_project__rosidl_typesupport_c.so
[4.109s] -- Up-to-date: /home/maghetto/ros2_ws/install/my_first_personal_project/include/my_first_personal_project
[4.109s] -- Up-to-date: /home/maghetto/ros2_ws/install/my_first_personal_project/include/my_first_personal_project/msg
[4.109s] -- Up-to-date: /home/maghetto/ros2_ws/install/my_first_personal_project/include/my_first_personal_project/msg/rosidl_generator_cpp__visibility_control.hpp
[4.109s] -- Up-to-date: /home/maghetto/ros2_ws/install/my_first_personal_project/include/my_first_personal_project/msg/number.hpp
[4.110s] -- Up-to-date: /home/maghetto/ros2_ws/install/my_first_personal_project/include/my_first_personal_project/msg/detail
[4.110s] -- Up-to-date: /home/maghetto/ros2_ws/install/my_first_personal_project/include/my_first_personal_project/msg/detail/number__traits.hpp
[4.110s] -- Up-to-date: /home/maghetto/ros2_ws/install/my_first_personal_project/include/my_first_personal_project/msg/detail/number__struct.hpp
[4.110s] -- Up-to-date: /home/maghetto/ros2_ws/install/my_first_personal_project/include/my_first_personal_project/msg/detail/number__type_support.hpp
[4.110s] -- Up-to-date: /home/maghetto/ros2_ws/install/my_first_personal_project/include/my_first_personal_project/msg/detail/number__builder.hpp
[4.110s] -- Up-to-date: /home/maghetto/ros2_ws/install/my_first_personal_project/include/my_first_personal_project
[4.110s] -- Up-to-date: /home/maghetto/ros2_ws/install/my_first_personal_project/include/my_first_personal_project/msg
[4.110s] -- Up-to-date: /home/maghetto/ros2_ws/install/my_first_personal_project/include/my_first_personal_project/msg/detail
[4.110s] -- Up-to-date: /home/maghetto/ros2_ws/install/my_first_personal_project/include/my_first_personal_project/msg/detail/number__rosidl_typesupport_introspection_cpp.hpp
[4.110s] -- Up-to-date: /home/maghetto/ros2_ws/install/my_first_personal_project/include/my_first_personal_project/msg/detail/number__type_support.cpp
[4.110s] -- Up-to-date: /home/maghetto/ros2_ws/install/my_first_personal_project/lib/libmy_first_personal_project__rosidl_typesupport_introspection_cpp.so
[4.110s] -- Up-to-date: /home/maghetto/ros2_ws/install/my_first_personal_project/lib/libmy_first_personal_project__rosidl_typesupport_cpp.so
[4.111s] -- Up-to-date: /home/maghetto/ros2_ws/install/my_first_personal_project/share/my_first_personal_project/environment/pythonpath.sh
[4.111s] -- Up-to-date: /home/maghetto/ros2_ws/install/my_first_personal_project/share/my_first_personal_project/environment/pythonpath.dsv
[4.111s] -- Up-to-date: /home/maghetto/ros2_ws/install/my_first_personal_project/lib/python3.8/site-packages/my_first_personal_project/__init__.py
[4.154s] -- Up-to-date: /home/maghetto/ros2_ws/install/my_first_personal_project/lib/python3.8/site-packages/my_first_personal_project/msg
[4.154s] -- Up-to-date: /home/maghetto/ros2_ws/install/my_first_personal_project/lib/python3.8/site-packages/my_first_personal_project/msg/_number.py
[4.154s] -- Up-to-date: /home/maghetto/ros2_ws/install/my_first_personal_project/lib/python3.8/site-packages/my_first_personal_project/msg/__init__.py
[4.154s] -- Up-to-date: /home/maghetto/ros2_ws/install/my_first_personal_project/lib/python3.8/site-packages/my_first_personal_project/msg/_number_s.c
[4.155s] -- Up-to-date: /home/maghetto/ros2_ws/install/my_first_personal_project/lib/python3.8/site-packages/my_first_personal_project/my_first_personal_project_s__rosidl_typesupport_fastrtps_c.cpython-38-x86_64-linux-gnu.so
[4.155s] -- Up-to-date: /home/maghetto/ros2_ws/install/my_first_personal_project/lib/python3.8/site-packages/my_first_personal_project/my_first_personal_project_s__rosidl_typesupport_introspection_c.cpython-38-x86_64-linux-gnu.so
[4.156s] -- Up-to-date: /home/maghetto/ros2_ws/install/my_first_personal_project/lib/python3.8/site-packages/my_first_personal_project/my_first_personal_project_s__rosidl_typesupport_c.cpython-38-x86_64-linux-gnu.so
[4.156s] -- Up-to-date: /home/maghetto/ros2_ws/install/my_first_personal_project/lib/libmy_first_personal_project__python.so
[4.157s] -- Up-to-date: /home/maghetto/ros2_ws/install/my_first_personal_project/share/my_first_personal_project/msg/Number.idl
[4.157s] -- Up-to-date: /home/maghetto/ros2_ws/install/my_first_personal_project/share/my_first_personal_project/msg/Number.msg
[4.157s] -- Installing: /home/maghetto/ros2_ws/install/my_first_personal_project/lib/my_first_personal_project/random_generator
[4.158s] -- Set runtime path of "/home/maghetto/ros2_ws/install/my_first_personal_project/lib/my_first_personal_project/random_generator" to ""
[4.158s] -- Up-to-date: /home/maghetto/ros2_ws/install/my_first_personal_project/share/ament_index/resource_index/package_run_dependencies/my_first_personal_project
[4.159s] -- Up-to-date: /home/maghetto/ros2_ws/install/my_first_personal_project/share/ament_index/resource_index/parent_prefix_path/my_first_personal_project
[4.159s] -- Up-to-date: /home/maghetto/ros2_ws/install/my_first_personal_project/share/my_first_personal_project/environment/ament_prefix_path.sh
[4.159s] -- Up-to-date: /home/maghetto/ros2_ws/install/my_first_personal_project/share/my_first_personal_project/environment/ament_prefix_path.dsv
[4.159s] -- Up-to-date: /home/maghetto/ros2_ws/install/my_first_personal_project/share/my_first_personal_project/environment/path.sh
[4.160s] -- Up-to-date: /home/maghetto/ros2_ws/install/my_first_personal_project/share/my_first_personal_project/environment/path.dsv
[4.160s] -- Up-to-date: /home/maghetto/ros2_ws/install/my_first_personal_project/share/my_first_personal_project/local_setup.bash
[4.160s] -- Up-to-date: /home/maghetto/ros2_ws/install/my_first_personal_project/share/my_first_personal_project/local_setup.sh
[4.160s] -- Up-to-date: /home/maghetto/ros2_ws/install/my_first_personal_project/share/my_first_personal_project/local_setup.zsh
[4.160s] -- Up-to-date: /home/maghetto/ros2_ws/install/my_first_personal_project/share/my_first_personal_project/local_setup.dsv
[4.160s] -- Installing: /home/maghetto/ros2_ws/install/my_first_personal_project/share/my_first_personal_project/package.dsv
[4.160s] -- Up-to-date: /home/maghetto/ros2_ws/install/my_first_personal_project/share/ament_index/resource_index/packages/my_first_personal_project
[4.160s] -- Up-to-date: /home/maghetto/ros2_ws/install/my_first_personal_project/share/my_first_personal_project/cmake/my_first_personal_project__rosidl_generator_cExport.cmake
[4.160s] -- Up-to-date: /home/maghetto/ros2_ws/install/my_first_personal_project/share/my_first_personal_project/cmake/my_first_personal_project__rosidl_generator_cExport-noconfig.cmake
[4.160s] -- Up-to-date: /home/maghetto/ros2_ws/install/my_first_personal_project/share/my_first_personal_project/cmake/my_first_personal_project__rosidl_typesupport_introspection_cExport.cmake
[4.160s] -- Up-to-date: /home/maghetto/ros2_ws/install/my_first_personal_project/share/my_first_personal_project/cmake/my_first_personal_project__rosidl_typesupport_introspection_cExport-noconfig.cmake
[4.161s] -- Up-to-date: /home/maghetto/ros2_ws/install/my_first_personal_project/share/my_first_personal_project/cmake/my_first_personal_project__rosidl_typesupport_cExport.cmake
[4.161s] -- Up-to-date: /home/maghetto/ros2_ws/install/my_first_personal_project/share/my_first_personal_project/cmake/my_first_personal_project__rosidl_typesupport_cExport-noconfig.cmake
[4.161s] -- Up-to-date: /home/maghetto/ros2_ws/install/my_first_personal_project/share/my_first_personal_project/cmake/my_first_personal_project__rosidl_generator_cppExport.cmake
[4.161s] -- Up-to-date: /home/maghetto/ros2_ws/install/my_first_personal_project/share/my_first_personal_project/cmake/my_first_personal_project__rosidl_typesupport_introspection_cppExport.cmake
[4.161s] -- Up-to-date: /home/maghetto/ros2_ws/install/my_first_personal_project/share/my_first_personal_project/cmake/my_first_personal_project__rosidl_typesupport_introspection_cppExport-noconfig.cmake
[4.162s] -- Up-to-date: /home/maghetto/ros2_ws/install/my_first_personal_project/share/my_first_personal_project/cmake/my_first_personal_project__rosidl_typesupport_cppExport.cmake
[4.162s] -- Up-to-date: /home/maghetto/ros2_ws/install/my_first_personal_project/share/my_first_personal_project/cmake/my_first_personal_project__rosidl_typesupport_cppExport-noconfig.cmake
[4.162s] -- Up-to-date: /home/maghetto/ros2_ws/install/my_first_personal_project/share/my_first_personal_project/cmake/rosidl_cmake-extras.cmake
[4.162s] -- Up-to-date: /home/maghetto/ros2_ws/install/my_first_personal_project/share/my_first_personal_project/cmake/ament_cmake_export_dependencies-extras.cmake
[4.162s] -- Up-to-date: /home/maghetto/ros2_ws/install/my_first_personal_project/share/my_first_personal_project/cmake/ament_cmake_export_libraries-extras.cmake
[4.162s] -- Up-to-date: /home/maghetto/ros2_ws/install/my_first_personal_project/share/my_first_personal_project/cmake/ament_cmake_export_targets-extras.cmake
[4.163s] -- Up-to-date: /home/maghetto/ros2_ws/install/my_first_personal_project/share/my_first_personal_project/cmake/ament_cmake_export_include_directories-extras.cmake
[4.163s] -- Up-to-date: /home/maghetto/ros2_ws/install/my_first_personal_project/share/my_first_personal_project/cmake/rosidl_cmake_export_typesupport_libraries-extras.cmake
[4.163s] -- Up-to-date: /home/maghetto/ros2_ws/install/my_first_personal_project/share/my_first_personal_project/cmake/rosidl_cmake_export_typesupport_targets-extras.cmake
[4.163s] -- Up-to-date: /home/maghetto/ros2_ws/install/my_first_personal_project/share/my_first_personal_project/cmake/my_first_personal_projectConfig.cmake
[4.163s] -- Up-to-date: /home/maghetto/ros2_ws/install/my_first_personal_project/share/my_first_personal_project/cmake/my_first_personal_projectConfig-version.cmake
[4.163s] -- Up-to-date: /home/maghetto/ros2_ws/install/my_first_personal_project/share/my_first_personal_project/package.xml
[4.165s] Invoked command in '/home/maghetto/ros2_ws/build/my_first_personal_project' returned '0': CMAKE_PREFIX_PATH=${CMAKE_PREFIX_PATH}:/home/maghetto/ros2_ws/install/py_launch_example:/home/maghetto/ros2_ws/install/launch_tutorial:/home/maghetto/ros2_ws/install/examples_rclpy_minimal_subscriber:/home/maghetto/ros2_ws/install/examples_rclpy_minimal_service:/home/maghetto/ros2_ws/install/examples_rclpy_minimal_publisher:/home/maghetto/ros2_ws/install/examples_rclpy_minimal_client:/home/maghetto/ros2_ws/install/examples_rclpy_minimal_action_server:/home/maghetto/ros2_ws/install/examples_rclpy_minimal_action_client:/home/maghetto/ros2_ws/install/examples_rclpy_executors:/opt/ros/foxy /usr/bin/cmake --install /home/maghetto/ros2_ws/build/my_first_personal_project
