[4.965s] Invoking command in '/home/maghetto/ros2_ws/src/examples/rclpy/services/minimal_client': PYTHONPATH=/home/maghetto/ros2_ws/build/examples_rclpy_minimal_client/prefix_override:/home/maghetto/ros2_ws/install/examples_rclpy_minimal_client/lib/python3.8/site-packages:${PYTHONPATH} /usr/bin/python3 setup.py egg_info --egg-base ../../../../../build/examples_rclpy_minimal_client build --build-base /home/maghetto/ros2_ws/build/examples_rclpy_minimal_client/build install --record /home/maghetto/ros2_ws/build/examples_rclpy_minimal_client/install.log --install-scripts $base/lib/examples_rclpy_minimal_client --single-version-externally-managed
[5.324s] running egg_info
[5.326s] writing ../../../../../build/examples_rclpy_minimal_client/examples_rclpy_minimal_client.egg-info/PKG-INFO
[5.348s] writing dependency_links to ../../../../../build/examples_rclpy_minimal_client/examples_rclpy_minimal_client.egg-info/dependency_links.txt
[5.354s] writing entry points to ../../../../../build/examples_rclpy_minimal_client/examples_rclpy_minimal_client.egg-info/entry_points.txt
[5.354s] writing requirements to ../../../../../build/examples_rclpy_minimal_client/examples_rclpy_minimal_client.egg-info/requires.txt
[5.356s] writing top-level names to ../../../../../build/examples_rclpy_minimal_client/examples_rclpy_minimal_client.egg-info/top_level.txt
[5.475s] reading manifest file '../../../../../build/examples_rclpy_minimal_client/examples_rclpy_minimal_client.egg-info/SOURCES.txt'
[5.488s] writing manifest file '../../../../../build/examples_rclpy_minimal_client/examples_rclpy_minimal_client.egg-info/SOURCES.txt'
[5.488s] running build
[5.488s] running build_py
[5.494s] running install
[5.496s] running install_lib
[5.537s] running install_data
[5.538s] running install_egg_info
[5.541s] removing '/home/maghetto/ros2_ws/install/examples_rclpy_minimal_client/lib/python3.8/site-packages/examples_rclpy_minimal_client-0.9.4-py3.8.egg-info' (and everything under it)
[5.541s] Copying ../../../../../build/examples_rclpy_minimal_client/examples_rclpy_minimal_client.egg-info to /home/maghetto/ros2_ws/install/examples_rclpy_minimal_client/lib/python3.8/site-packages/examples_rclpy_minimal_client-0.9.4-py3.8.egg-info
[5.549s] running install_scripts
[5.577s] Installing client script to /home/maghetto/ros2_ws/install/examples_rclpy_minimal_client/lib/examples_rclpy_minimal_client
[5.578s] Installing client_async script to /home/maghetto/ros2_ws/install/examples_rclpy_minimal_client/lib/examples_rclpy_minimal_client
[5.578s] Installing client_async_callback script to /home/maghetto/ros2_ws/install/examples_rclpy_minimal_client/lib/examples_rclpy_minimal_client
[5.579s] Installing client_async_member_function script to /home/maghetto/ros2_ws/install/examples_rclpy_minimal_client/lib/examples_rclpy_minimal_client
[5.584s] writing list of installed files to '/home/maghetto/ros2_ws/build/examples_rclpy_minimal_client/install.log'
[5.624s] Invoked command in '/home/maghetto/ros2_ws/src/examples/rclpy/services/minimal_client' returned '0': PYTHONPATH=/home/maghetto/ros2_ws/build/examples_rclpy_minimal_client/prefix_override:/home/maghetto/ros2_ws/install/examples_rclpy_minimal_client/lib/python3.8/site-packages:${PYTHONPATH} /usr/bin/python3 setup.py egg_info --egg-base ../../../../../build/examples_rclpy_minimal_client build --build-base /home/maghetto/ros2_ws/build/examples_rclpy_minimal_client/build install --record /home/maghetto/ros2_ws/build/examples_rclpy_minimal_client/install.log --install-scripts $base/lib/examples_rclpy_minimal_client --single-version-externally-managed
