[3.348s] Invoking command in '/home/maghetto/ros2_ws/build/examples_rclpy_minimal_action_client': PYTHONPATH=/home/maghetto/ros2_ws/build/examples_rclpy_minimal_action_client/prefix_override:/home/maghetto/ros2_ws/install/examples_rclpy_minimal_action_client/lib/python3.8/site-packages:${PYTHONPATH} /usr/bin/python3 setup.py develop --uninstall --editable --build-directory /home/maghetto/ros2_ws/build/examples_rclpy_minimal_action_client/build
[3.730s] running develop
[3.898s] Removing /home/maghetto/ros2_ws/install/examples_rclpy_minimal_action_client/lib/python3.8/site-packages/examples-rclpy-minimal-action-client.egg-link (link to .)
[4.917s] Invoked command in '/home/maghetto/ros2_ws/build/examples_rclpy_minimal_action_client' returned '0': PYTHONPATH=/home/maghetto/ros2_ws/build/examples_rclpy_minimal_action_client/prefix_override:/home/maghetto/ros2_ws/install/examples_rclpy_minimal_action_client/lib/python3.8/site-packages:${PYTHONPATH} /usr/bin/python3 setup.py develop --uninstall --editable --build-directory /home/maghetto/ros2_ws/build/examples_rclpy_minimal_action_client/build
[4.923s] Invoking command in '/home/maghetto/ros2_ws/src/examples/rclpy/actions/minimal_action_client': PYTHONPATH=/home/maghetto/ros2_ws/build/examples_rclpy_minimal_action_client/prefix_override:/home/maghetto/ros2_ws/install/examples_rclpy_minimal_action_client/lib/python3.8/site-packages:${PYTHONPATH} /usr/bin/python3 setup.py egg_info --egg-base ../../../../../build/examples_rclpy_minimal_action_client build --build-base /home/maghetto/ros2_ws/build/examples_rclpy_minimal_action_client/build install --record /home/maghetto/ros2_ws/build/examples_rclpy_minimal_action_client/install.log --install-scripts $base/lib/examples_rclpy_minimal_action_client --single-version-externally-managed
[5.160s] running egg_info
[5.161s] writing ../../../../../build/examples_rclpy_minimal_action_client/examples_rclpy_minimal_action_client.egg-info/PKG-INFO
[5.162s] writing dependency_links to ../../../../../build/examples_rclpy_minimal_action_client/examples_rclpy_minimal_action_client.egg-info/dependency_links.txt
[5.162s] writing entry points to ../../../../../build/examples_rclpy_minimal_action_client/examples_rclpy_minimal_action_client.egg-info/entry_points.txt
[5.162s] writing requirements to ../../../../../build/examples_rclpy_minimal_action_client/examples_rclpy_minimal_action_client.egg-info/requires.txt
[5.163s] writing top-level names to ../../../../../build/examples_rclpy_minimal_action_client/examples_rclpy_minimal_action_client.egg-info/top_level.txt
[5.200s] reading manifest file '../../../../../build/examples_rclpy_minimal_action_client/examples_rclpy_minimal_action_client.egg-info/SOURCES.txt'
[5.201s] writing manifest file '../../../../../build/examples_rclpy_minimal_action_client/examples_rclpy_minimal_action_client.egg-info/SOURCES.txt'
[5.202s] running build
[5.202s] running build_py
[5.202s] creating /home/maghetto/ros2_ws/build/examples_rclpy_minimal_action_client/build
[5.202s] creating /home/maghetto/ros2_ws/build/examples_rclpy_minimal_action_client/build/lib
[5.202s] creating /home/maghetto/ros2_ws/build/examples_rclpy_minimal_action_client/build/lib/examples_rclpy_minimal_action_client
[5.203s] copying examples_rclpy_minimal_action_client/client_cancel.py -> /home/maghetto/ros2_ws/build/examples_rclpy_minimal_action_client/build/lib/examples_rclpy_minimal_action_client
[5.203s] copying examples_rclpy_minimal_action_client/__init__.py -> /home/maghetto/ros2_ws/build/examples_rclpy_minimal_action_client/build/lib/examples_rclpy_minimal_action_client
[5.203s] copying examples_rclpy_minimal_action_client/client.py -> /home/maghetto/ros2_ws/build/examples_rclpy_minimal_action_client/build/lib/examples_rclpy_minimal_action_client
[5.203s] copying examples_rclpy_minimal_action_client/client_not_composable.py -> /home/maghetto/ros2_ws/build/examples_rclpy_minimal_action_client/build/lib/examples_rclpy_minimal_action_client
[5.203s] running install
[5.203s] running install_lib
[5.204s] creating /home/maghetto/ros2_ws/install/examples_rclpy_minimal_action_client/lib/python3.8/site-packages/examples_rclpy_minimal_action_client
[5.204s] copying /home/maghetto/ros2_ws/build/examples_rclpy_minimal_action_client/build/lib/examples_rclpy_minimal_action_client/client_cancel.py -> /home/maghetto/ros2_ws/install/examples_rclpy_minimal_action_client/lib/python3.8/site-packages/examples_rclpy_minimal_action_client
[5.204s] copying /home/maghetto/ros2_ws/build/examples_rclpy_minimal_action_client/build/lib/examples_rclpy_minimal_action_client/__init__.py -> /home/maghetto/ros2_ws/install/examples_rclpy_minimal_action_client/lib/python3.8/site-packages/examples_rclpy_minimal_action_client
[5.205s] copying /home/maghetto/ros2_ws/build/examples_rclpy_minimal_action_client/build/lib/examples_rclpy_minimal_action_client/client.py -> /home/maghetto/ros2_ws/install/examples_rclpy_minimal_action_client/lib/python3.8/site-packages/examples_rclpy_minimal_action_client
[5.205s] copying /home/maghetto/ros2_ws/build/examples_rclpy_minimal_action_client/build/lib/examples_rclpy_minimal_action_client/client_not_composable.py -> /home/maghetto/ros2_ws/install/examples_rclpy_minimal_action_client/lib/python3.8/site-packages/examples_rclpy_minimal_action_client
[5.205s] byte-compiling /home/maghetto/ros2_ws/install/examples_rclpy_minimal_action_client/lib/python3.8/site-packages/examples_rclpy_minimal_action_client/client_cancel.py to client_cancel.cpython-38.pyc
[5.207s] byte-compiling /home/maghetto/ros2_ws/install/examples_rclpy_minimal_action_client/lib/python3.8/site-packages/examples_rclpy_minimal_action_client/__init__.py to __init__.cpython-38.pyc
[5.207s] byte-compiling /home/maghetto/ros2_ws/install/examples_rclpy_minimal_action_client/lib/python3.8/site-packages/examples_rclpy_minimal_action_client/client.py to client.cpython-38.pyc
[5.208s] byte-compiling /home/maghetto/ros2_ws/install/examples_rclpy_minimal_action_client/lib/python3.8/site-packages/examples_rclpy_minimal_action_client/client_not_composable.py to client_not_composable.cpython-38.pyc
[5.208s] running install_data
[5.209s] running install_egg_info
[5.211s] Copying ../../../../../build/examples_rclpy_minimal_action_client/examples_rclpy_minimal_action_client.egg-info to /home/maghetto/ros2_ws/install/examples_rclpy_minimal_action_client/lib/python3.8/site-packages/examples_rclpy_minimal_action_client-0.9.4-py3.8.egg-info
[5.213s] running install_scripts
[5.242s] Installing client script to /home/maghetto/ros2_ws/install/examples_rclpy_minimal_action_client/lib/examples_rclpy_minimal_action_client
[5.243s] Installing client_cancel script to /home/maghetto/ros2_ws/install/examples_rclpy_minimal_action_client/lib/examples_rclpy_minimal_action_client
[5.245s] Installing client_not_composable script to /home/maghetto/ros2_ws/install/examples_rclpy_minimal_action_client/lib/examples_rclpy_minimal_action_client
[5.246s] writing list of installed files to '/home/maghetto/ros2_ws/build/examples_rclpy_minimal_action_client/install.log'
[5.277s] Invoked command in '/home/maghetto/ros2_ws/src/examples/rclpy/actions/minimal_action_client' returned '0': PYTHONPATH=/home/maghetto/ros2_ws/build/examples_rclpy_minimal_action_client/prefix_override:/home/maghetto/ros2_ws/install/examples_rclpy_minimal_action_client/lib/python3.8/site-packages:${PYTHONPATH} /usr/bin/python3 setup.py egg_info --egg-base ../../../../../build/examples_rclpy_minimal_action_client build --build-base /home/maghetto/ros2_ws/build/examples_rclpy_minimal_action_client/build install --record /home/maghetto/ros2_ws/build/examples_rclpy_minimal_action_client/install.log --install-scripts $base/lib/examples_rclpy_minimal_action_client --single-version-externally-managed
