[4.473s] Invoking command in '/home/maghetto/ros2_ws/src/examples/rclpy/services/minimal_service': PYTHONPATH=/home/maghetto/ros2_ws/build/examples_rclpy_minimal_service/prefix_override:/home/maghetto/ros2_ws/install/examples_rclpy_minimal_service/lib/python3.8/site-packages:${PYTHONPATH} /usr/bin/python3 setup.py egg_info --egg-base ../../../../../build/examples_rclpy_minimal_service build --build-base /home/maghetto/ros2_ws/build/examples_rclpy_minimal_service/build install --record /home/maghetto/ros2_ws/build/examples_rclpy_minimal_service/install.log --install-scripts $base/lib/examples_rclpy_minimal_service --single-version-externally-managed
[4.843s] running egg_info
[4.844s] writing ../../../../../build/examples_rclpy_minimal_service/examples_rclpy_minimal_service.egg-info/PKG-INFO
[4.851s] writing dependency_links to ../../../../../build/examples_rclpy_minimal_service/examples_rclpy_minimal_service.egg-info/dependency_links.txt
[4.851s] writing entry points to ../../../../../build/examples_rclpy_minimal_service/examples_rclpy_minimal_service.egg-info/entry_points.txt
[4.853s] writing requirements to ../../../../../build/examples_rclpy_minimal_service/examples_rclpy_minimal_service.egg-info/requires.txt
[4.854s] writing top-level names to ../../../../../build/examples_rclpy_minimal_service/examples_rclpy_minimal_service.egg-info/top_level.txt
[4.943s] reading manifest file '../../../../../build/examples_rclpy_minimal_service/examples_rclpy_minimal_service.egg-info/SOURCES.txt'
[4.944s] writing manifest file '../../../../../build/examples_rclpy_minimal_service/examples_rclpy_minimal_service.egg-info/SOURCES.txt'
[4.944s] running build
[4.945s] running build_py
[4.945s] running install
[4.945s] running install_lib
[4.945s] running install_data
[4.946s] running install_egg_info
[4.946s] removing '/home/maghetto/ros2_ws/install/examples_rclpy_minimal_service/lib/python3.8/site-packages/examples_rclpy_minimal_service-0.9.4-py3.8.egg-info' (and everything under it)
[4.946s] Copying ../../../../../build/examples_rclpy_minimal_service/examples_rclpy_minimal_service.egg-info to /home/maghetto/ros2_ws/install/examples_rclpy_minimal_service/lib/python3.8/site-packages/examples_rclpy_minimal_service-0.9.4-py3.8.egg-info
[4.946s] running install_scripts
[4.947s] Installing service script to /home/maghetto/ros2_ws/install/examples_rclpy_minimal_service/lib/examples_rclpy_minimal_service
[4.947s] Installing service_member_function script to /home/maghetto/ros2_ws/install/examples_rclpy_minimal_service/lib/examples_rclpy_minimal_service
[4.947s] writing list of installed files to '/home/maghetto/ros2_ws/build/examples_rclpy_minimal_service/install.log'
[5.490s] Invoked command in '/home/maghetto/ros2_ws/src/examples/rclpy/services/minimal_service' returned '0': PYTHONPATH=/home/maghetto/ros2_ws/build/examples_rclpy_minimal_service/prefix_override:/home/maghetto/ros2_ws/install/examples_rclpy_minimal_service/lib/python3.8/site-packages:${PYTHONPATH} /usr/bin/python3 setup.py egg_info --egg-base ../../../../../build/examples_rclpy_minimal_service build --build-base /home/maghetto/ros2_ws/build/examples_rclpy_minimal_service/build install --record /home/maghetto/ros2_ws/build/examples_rclpy_minimal_service/install.log --install-scripts $base/lib/examples_rclpy_minimal_service --single-version-externally-managed
