[0.168s] Invoking command in '/home/maghetto/ros2_ws/build/my_first_personal_project': CMAKE_PREFIX_PATH=/opt/ros/foxy /usr/bin/cmake --build /home/maghetto/ros2_ws/build/my_first_personal_project -- -j6 -l6
[0.510s] [  3%] Built target my_first_personal_project__cpp
[0.515s] [ 12%] Built target my_first_personal_project__rosidl_generator_c
[0.584s] [ 21%] Built target my_first_personal_project__rosidl_typesupport_introspection_c
[0.585s] [ 30%] Built target my_first_personal_project__rosidl_typesupport_c
[0.586s] [ 39%] Built target my_first_personal_project__rosidl_typesupport_cpp
[0.592s] [ 48%] Built target my_first_personal_project__rosidl_typesupport_fastrtps_cpp
[0.600s] [ 57%] Built target my_first_personal_project__rosidl_typesupport_introspection_cpp
[0.642s] [ 66%] Built target my_first_personal_project__rosidl_typesupport_fastrtps_c
[0.678s] [ 66%] Built target my_first_personal_project
[0.736s] [35m[1mScanning dependencies of target random_generator[0m
[0.743s] [ 69%] Built target my_first_personal_project__py
[0.779s] [ 72%] [32mBuilding CXX object CMakeFiles/random_generator.dir/src/random_generator.cpp.o[0m
[0.827s] [ 78%] Built target my_first_personal_project__python
[0.896s] [ 84%] Built target my_first_personal_project__rosidl_typesupport_fastrtps_c__pyext
[0.912s] [ 90%] Built target my_first_personal_project__rosidl_typesupport_introspection_c__pyext
[0.922s] [ 96%] Built target my_first_personal_project__rosidl_typesupport_c__pyext
[4.441s] [01m[K/home/maghetto/ros2_ws/src/my_first_personal_project/src/random_generator.cpp:[m[K In member function ‘[01m[Kvoid Random_Publisher::timer_callback()[m[K’:
[4.441s] [01m[K/home/maghetto/ros2_ws/src/my_first_personal_project/src/random_generator.cpp:34:61:[m[K [01;31m[Kerror: [m[Kno matching function for call to ‘[01m[Kto_string(std::thread::id)[m[K’
[4.441s]    34 |       number.pid = std::to_string(std::this_thread::get_id()[01;31m[K)[m[K;
[4.441s]       |                                                             [01;31m[K^[m[K
[4.441s] In file included from [01m[K/opt/ros/foxy/include/rclcpp/node_interfaces/node_parameters_interface.hpp:28[m[K,
[4.441s]                  from [01m[K/opt/ros/foxy/include/rclcpp/node.hpp:51[m[K,
[4.441s]                  from [01m[K/opt/ros/foxy/include/rclcpp/executors/single_threaded_executor.hpp:28[m[K,
[4.441s]                  from [01m[K/opt/ros/foxy/include/rclcpp/executors.hpp:22[m[K,
[4.441s]                  from [01m[K/opt/ros/foxy/include/rclcpp/rclcpp.hpp:146[m[K,
[4.442s]                  from [01m[K/home/maghetto/ros2_ws/src/my_first_personal_project/src/random_generator.cpp:7[m[K:
[4.442s] [01m[K/opt/ros/foxy/include/rclcpp/parameter.hpp:287:1:[m[K [01;36m[Knote: [m[Kcandidate: ‘[01m[Kstd::string std::to_string(const rclcpp::Parameter&)[m[K’
[4.442s]   287 | [01;36m[Kto_string[m[K(const rclcpp::Parameter & param);
[4.442s]       | [01;36m[K^~~~~~~~~[m[K
[4.442s] [01m[K/opt/ros/foxy/include/rclcpp/parameter.hpp:287:37:[m[K [01;36m[Knote: [m[K  no known conversion for argument 1 from ‘[01m[Kstd::thread::id[m[K’ to ‘[01m[Kconst rclcpp::Parameter&[m[K’
[4.442s]   287 | to_string([01;36m[Kconst rclcpp::Parameter & param[m[K);
[4.442s]       |           [01;36m[K~~~~~~~~~~~~~~~~~~~~~~~~~~^~~~~[m[K
[4.442s] [01m[K/opt/ros/foxy/include/rclcpp/parameter.hpp:292:1:[m[K [01;36m[Knote: [m[Kcandidate: ‘[01m[Kstd::string std::to_string(const std::vector<rclcpp::Parameter>&)[m[K’
[4.442s]   292 | [01;36m[Kto_string[m[K(const std::vector<rclcpp::Parameter> & parameters);
[4.442s]       | [01;36m[K^~~~~~~~~[m[K
[4.442s] [01m[K/opt/ros/foxy/include/rclcpp/parameter.hpp:292:50:[m[K [01;36m[Knote: [m[K  no known conversion for argument 1 from ‘[01m[Kstd::thread::id[m[K’ to ‘[01m[Kconst std::vector<rclcpp::Parameter>&[m[K’
[4.442s]   292 | to_string([01;36m[Kconst std::vector<rclcpp::Parameter> & parameters[m[K);
[4.443s]       |           [01;36m[K~~~~~~~~~~~~~~~~~~~~~~~~~~~~~~~~~~~~~~~^~~~~~~~~~[m[K
[4.443s] In file included from [01m[K/usr/include/c++/9/string:55[m[K,
[4.443s]                  from [01m[K/usr/include/c++/9/stdexcept:39[m[K,
[4.443s]                  from [01m[K/usr/include/c++/9/array:39[m[K,
[4.443s]                  from [01m[K/usr/include/c++/9/tuple:39[m[K,
[4.443s]                  from [01m[K/usr/include/c++/9/functional:54[m[K,
[4.443s]                  from [01m[K/home/maghetto/ros2_ws/src/my_first_personal_project/src/random_generator.cpp:2[m[K:
[4.443s] [01m[K/usr/include/c++/9/bits/basic_string.h:6549:3:[m[K [01;36m[Knote: [m[Kcandidate: ‘[01m[Kstd::string std::__cxx11::to_string(int)[m[K’
[4.443s]  6549 |   [01;36m[Kto_string[m[K(int __val)
[4.443s]       |   [01;36m[K^~~~~~~~~[m[K
[4.443s] [01m[K/usr/include/c++/9/bits/basic_string.h:6549:17:[m[K [01;36m[Knote: [m[K  no known conversion for argument 1 from ‘[01m[Kstd::thread::id[m[K’ to ‘[01m[Kint[m[K’
[4.443s]  6549 |   to_string([01;36m[Kint __val[m[K)
[4.444s]       |             [01;36m[K~~~~^~~~~[m[K
[4.444s] [01m[K/usr/include/c++/9/bits/basic_string.h:6554:3:[m[K [01;36m[Knote: [m[Kcandidate: ‘[01m[Kstd::string std::__cxx11::to_string(unsigned int)[m[K’
[4.444s]  6554 |   [01;36m[Kto_string[m[K(unsigned __val)
[4.444s]       |   [01;36m[K^~~~~~~~~[m[K
[4.444s] [01m[K/usr/include/c++/9/bits/basic_string.h:6554:22:[m[K [01;36m[Knote: [m[K  no known conversion for argument 1 from ‘[01m[Kstd::thread::id[m[K’ to ‘[01m[Kunsigned int[m[K’
[4.444s]  6554 |   to_string([01;36m[Kunsigned __val[m[K)
[4.444s]       |             [01;36m[K~~~~~~~~~^~~~~[m[K
[4.444s] [01m[K/usr/include/c++/9/bits/basic_string.h:6560:3:[m[K [01;36m[Knote: [m[Kcandidate: ‘[01m[Kstd::string std::__cxx11::to_string(long int)[m[K’
[4.444s]  6560 |   [01;36m[Kto_string[m[K(long __val)
[4.444s]       |   [01;36m[K^~~~~~~~~[m[K
[4.444s] [01m[K/usr/include/c++/9/bits/basic_string.h:6560:18:[m[K [01;36m[Knote: [m[K  no known conversion for argument 1 from ‘[01m[Kstd::thread::id[m[K’ to ‘[01m[Klong int[m[K’
[4.444s]  6560 |   to_string([01;36m[Klong __val[m[K)
[4.444s]       |             [01;36m[K~~~~~^~~~~[m[K
[4.444s] [01m[K/usr/include/c++/9/bits/basic_string.h:6565:3:[m[K [01;36m[Knote: [m[Kcandidate: ‘[01m[Kstd::string std::__cxx11::to_string(long unsigned int)[m[K’
[4.444s]  6565 |   [01;36m[Kto_string[m[K(unsigned long __val)
[4.444s]       |   [01;36m[K^~~~~~~~~[m[K
[4.444s] [01m[K/usr/include/c++/9/bits/basic_string.h:6565:27:[m[K [01;36m[Knote: [m[K  no known conversion for argument 1 from ‘[01m[Kstd::thread::id[m[K’ to ‘[01m[Klong unsigned int[m[K’
[4.445s]  6565 |   to_string([01;36m[Kunsigned long __val[m[K)
[4.445s]       |             [01;36m[K~~~~~~~~~~~~~~^~~~~[m[K
[4.445s] [01m[K/usr/include/c++/9/bits/basic_string.h:6571:3:[m[K [01;36m[Knote: [m[Kcandidate: ‘[01m[Kstd::string std::__cxx11::to_string(long long int)[m[K’
[4.445s]  6571 |   [01;36m[Kto_string[m[K(long long __val)
[4.445s]       |   [01;36m[K^~~~~~~~~[m[K
[4.445s] [01m[K/usr/include/c++/9/bits/basic_string.h:6571:23:[m[K [01;36m[Knote: [m[K  no known conversion for argument 1 from ‘[01m[Kstd::thread::id[m[K’ to ‘[01m[Klong long int[m[K’
[4.445s]  6571 |   to_string([01;36m[Klong long __val[m[K)
[4.445s]       |             [01;36m[K~~~~~~~~~~^~~~~[m[K
[4.445s] [01m[K/usr/include/c++/9/bits/basic_string.h:6577:3:[m[K [01;36m[Knote: [m[Kcandidate: ‘[01m[Kstd::string std::__cxx11::to_string(long long unsigned int)[m[K’
[4.445s]  6577 |   [01;36m[Kto_string[m[K(unsigned long long __val)
[4.445s]       |   [01;36m[K^~~~~~~~~[m[K
[4.445s] [01m[K/usr/include/c++/9/bits/basic_string.h:6577:32:[m[K [01;36m[Knote: [m[K  no known conversion for argument 1 from ‘[01m[Kstd::thread::id[m[K’ to ‘[01m[Klong long unsigned int[m[K’
[4.445s]  6577 |   to_string([01;36m[Kunsigned long long __val[m[K)
[4.445s]       |             [01;36m[K~~~~~~~~~~~~~~~~~~~^~~~~[m[K
[4.445s] [01m[K/usr/include/c++/9/bits/basic_string.h:6583:3:[m[K [01;36m[Knote: [m[Kcandidate: ‘[01m[Kstd::string std::__cxx11::to_string(float)[m[K’
[4.445s]  6583 |   [01;36m[Kto_string[m[K(float __val)
[4.445s]       |   [01;36m[K^~~~~~~~~[m[K
[4.446s] [01m[K/usr/include/c++/9/bits/basic_string.h:6583:19:[m[K [01;36m[Knote: [m[K  no known conversion for argument 1 from ‘[01m[Kstd::thread::id[m[K’ to ‘[01m[Kfloat[m[K’
[4.446s]  6583 |   to_string([01;36m[Kfloat __val[m[K)
[4.446s]       |             [01;36m[K~~~~~~^~~~~[m[K
[4.446s] [01m[K/usr/include/c++/9/bits/basic_string.h:6592:3:[m[K [01;36m[Knote: [m[Kcandidate: ‘[01m[Kstd::string std::__cxx11::to_string(double)[m[K’
[4.446s]  6592 |   [01;36m[Kto_string[m[K(double __val)
[4.446s]       |   [01;36m[K^~~~~~~~~[m[K
[4.446s] [01m[K/usr/include/c++/9/bits/basic_string.h:6592:20:[m[K [01;36m[Knote: [m[K  no known conversion for argument 1 from ‘[01m[Kstd::thread::id[m[K’ to ‘[01m[Kdouble[m[K’
[4.446s]  6592 |   to_string([01;36m[Kdouble __val[m[K)
[4.446s]       |             [01;36m[K~~~~~~~^~~~~[m[K
[4.446s] [01m[K/usr/include/c++/9/bits/basic_string.h:6601:3:[m[K [01;36m[Knote: [m[Kcandidate: ‘[01m[Kstd::string std::__cxx11::to_string(long double)[m[K’
[4.446s]  6601 |   [01;36m[Kto_string[m[K(long double __val)
[4.446s]       |   [01;36m[K^~~~~~~~~[m[K
[4.446s] [01m[K/usr/include/c++/9/bits/basic_string.h:6601:25:[m[K [01;36m[Knote: [m[K  no known conversion for argument 1 from ‘[01m[Kstd::thread::id[m[K’ to ‘[01m[Klong double[m[K’
[4.446s]  6601 |   to_string([01;36m[Klong double __val[m[K)
[4.446s]       |             [01;36m[K~~~~~~~~~~~~^~~~~[m[K
[5.933s] make[2]: *** [CMakeFiles/random_generator.dir/build.make:63: CMakeFiles/random_generator.dir/src/random_generator.cpp.o] Errore 1
[5.933s] make[1]: *** [CMakeFiles/Makefile2:155: CMakeFiles/random_generator.dir/all] Errore 2
[5.938s] make: *** [Makefile:141: all] Errore 2
[5.942s] Invoked command in '/home/maghetto/ros2_ws/build/my_first_personal_project' returned '2': CMAKE_PREFIX_PATH=/opt/ros/foxy /usr/bin/cmake --build /home/maghetto/ros2_ws/build/my_first_personal_project -- -j6 -l6
