[1.197s] Invoking command in '/home/maghetto/ros2_ws/src/launch_tutorial': PYTHONPATH=/home/maghetto/ros2_ws/build/launch_tutorial/prefix_override:/home/maghetto/ros2_ws/install/launch_tutorial/lib/python3.8/site-packages:${PYTHONPATH} /usr/bin/python3 setup.py egg_info --egg-base ../../build/launch_tutorial build --build-base /home/maghetto/ros2_ws/build/launch_tutorial/build install --record /home/maghetto/ros2_ws/build/launch_tutorial/install.log --install-scripts $base/lib/launch_tutorial --single-version-externally-managed
[1.438s] running egg_info
[1.438s] writing ../../build/launch_tutorial/launch_tutorial.egg-info/PKG-INFO
[1.440s] writing dependency_links to ../../build/launch_tutorial/launch_tutorial.egg-info/dependency_links.txt
[1.440s] writing entry points to ../../build/launch_tutorial/launch_tutorial.egg-info/entry_points.txt
[1.440s] writing requirements to ../../build/launch_tutorial/launch_tutorial.egg-info/requires.txt
[1.441s] writing top-level names to ../../build/launch_tutorial/launch_tutorial.egg-info/top_level.txt
[1.476s] reading manifest file '../../build/launch_tutorial/launch_tutorial.egg-info/SOURCES.txt'
[1.477s] writing manifest file '../../build/launch_tutorial/launch_tutorial.egg-info/SOURCES.txt'
[1.478s] running build
[1.478s] running build_py
[1.478s] running install
[1.479s] running install_lib
[1.480s] running install_data
[1.481s] copying launch/fixed_broadcaster.launch.py -> /home/maghetto/ros2_ws/install/launch_tutorial/share/launch_tutorial/launch
[1.481s] copying launch/turtlesim_rviz.launch.py -> /home/maghetto/ros2_ws/install/launch_tutorial/share/launch_tutorial/launch
[1.481s] copying launch/mimic.launch.py -> /home/maghetto/ros2_ws/install/launch_tutorial/share/launch_tutorial/launch
[1.481s] copying launch/launch_turtlesim.launch.py -> /home/maghetto/ros2_ws/install/launch_tutorial/share/launch_tutorial/launch
[1.481s] copying launch/turtlesim_world_1.launch.py -> /home/maghetto/ros2_ws/install/launch_tutorial/share/launch_tutorial/launch
[1.481s] copying launch/turtlesim_world_2.launch.py -> /home/maghetto/ros2_ws/install/launch_tutorial/share/launch_tutorial/launch
[1.482s] copying launch/broadcaster_listener.launch.py -> /home/maghetto/ros2_ws/install/launch_tutorial/share/launch_tutorial/launch
[1.482s] copying launch/turtlesim_world_3.launch.py -> /home/maghetto/ros2_ws/install/launch_tutorial/share/launch_tutorial/launch
[1.482s] creating /home/maghetto/ros2_ws/install/launch_tutorial/share/launch_tutorial/config
[1.482s] copying config/turtlesim.yaml -> /home/maghetto/ros2_ws/install/launch_tutorial/share/launch_tutorial/config
[1.483s] running install_egg_info
[1.490s] removing '/home/maghetto/ros2_ws/install/launch_tutorial/lib/python3.8/site-packages/launch_tutorial-0.0.0-py3.8.egg-info' (and everything under it)
[1.490s] Copying ../../build/launch_tutorial/launch_tutorial.egg-info to /home/maghetto/ros2_ws/install/launch_tutorial/lib/python3.8/site-packages/launch_tutorial-0.0.0-py3.8.egg-info
[1.492s] running install_scripts
[1.511s] writing list of installed files to '/home/maghetto/ros2_ws/build/launch_tutorial/install.log'
[1.532s] Invoked command in '/home/maghetto/ros2_ws/src/launch_tutorial' returned '0': PYTHONPATH=/home/maghetto/ros2_ws/build/launch_tutorial/prefix_override:/home/maghetto/ros2_ws/install/launch_tutorial/lib/python3.8/site-packages:${PYTHONPATH} /usr/bin/python3 setup.py egg_info --egg-base ../../build/launch_tutorial build --build-base /home/maghetto/ros2_ws/build/launch_tutorial/build install --record /home/maghetto/ros2_ws/build/launch_tutorial/install.log --install-scripts $base/lib/launch_tutorial --single-version-externally-managed
