[5.386s] Invoking command in '/home/maghetto/ros2_ws/src/examples/rclpy/services/minimal_service': PYTHONPATH=/home/maghetto/ros2_ws/build/examples_rclpy_minimal_service/prefix_override:/home/maghetto/ros2_ws/install/examples_rclpy_minimal_service/lib/python3.8/site-packages:${PYTHONPATH} /usr/bin/python3 setup.py egg_info --egg-base ../../../../../build/examples_rclpy_minimal_service build --build-base /home/maghetto/ros2_ws/build/examples_rclpy_minimal_service/build install --record /home/maghetto/ros2_ws/build/examples_rclpy_minimal_service/install.log --install-scripts $base/lib/examples_rclpy_minimal_service --single-version-externally-managed
[5.869s] running egg_info
[5.870s] writing ../../../../../build/examples_rclpy_minimal_service/examples_rclpy_minimal_service.egg-info/PKG-INFO
[5.880s] writing dependency_links to ../../../../../build/examples_rclpy_minimal_service/examples_rclpy_minimal_service.egg-info/dependency_links.txt
[5.886s] writing entry points to ../../../../../build/examples_rclpy_minimal_service/examples_rclpy_minimal_service.egg-info/entry_points.txt
[5.886s] writing requirements to ../../../../../build/examples_rclpy_minimal_service/examples_rclpy_minimal_service.egg-info/requires.txt
[5.886s] writing top-level names to ../../../../../build/examples_rclpy_minimal_service/examples_rclpy_minimal_service.egg-info/top_level.txt
[6.119s] reading manifest file '../../../../../build/examples_rclpy_minimal_service/examples_rclpy_minimal_service.egg-info/SOURCES.txt'
[6.172s] writing manifest file '../../../../../build/examples_rclpy_minimal_service/examples_rclpy_minimal_service.egg-info/SOURCES.txt'
[6.172s] running build
[6.173s] running build_py
[6.173s] running install
[6.173s] running install_lib
[6.173s] running install_data
[6.173s] running install_egg_info
[6.180s] removing '/home/maghetto/ros2_ws/install/examples_rclpy_minimal_service/lib/python3.8/site-packages/examples_rclpy_minimal_service-0.9.4-py3.8.egg-info' (and everything under it)
[6.211s] Copying ../../../../../build/examples_rclpy_minimal_service/examples_rclpy_minimal_service.egg-info to /home/maghetto/ros2_ws/install/examples_rclpy_minimal_service/lib/python3.8/site-packages/examples_rclpy_minimal_service-0.9.4-py3.8.egg-info
[6.332s] running install_scripts
[6.337s] Installing service script to /home/maghetto/ros2_ws/install/examples_rclpy_minimal_service/lib/examples_rclpy_minimal_service
[6.338s] Installing service_member_function script to /home/maghetto/ros2_ws/install/examples_rclpy_minimal_service/lib/examples_rclpy_minimal_service
[6.338s] writing list of installed files to '/home/maghetto/ros2_ws/build/examples_rclpy_minimal_service/install.log'
[7.219s] Invoked command in '/home/maghetto/ros2_ws/src/examples/rclpy/services/minimal_service' returned '0': PYTHONPATH=/home/maghetto/ros2_ws/build/examples_rclpy_minimal_service/prefix_override:/home/maghetto/ros2_ws/install/examples_rclpy_minimal_service/lib/python3.8/site-packages:${PYTHONPATH} /usr/bin/python3 setup.py egg_info --egg-base ../../../../../build/examples_rclpy_minimal_service build --build-base /home/maghetto/ros2_ws/build/examples_rclpy_minimal_service/build install --record /home/maghetto/ros2_ws/build/examples_rclpy_minimal_service/install.log --install-scripts $base/lib/examples_rclpy_minimal_service --single-version-externally-managed
