[0.673s] Invoking command in '/home/maghetto/ros2_ws/build/turtlesim': CMAKE_PREFIX_PATH=${CMAKE_PREFIX_PATH}:/home/maghetto/ros2_ws/install/examples_rclpy_minimal_subscriber:/home/maghetto/ros2_ws/install/examples_rclpy_minimal_service:/home/maghetto/ros2_ws/install/examples_rclpy_minimal_publisher:/home/maghetto/ros2_ws/install/examples_rclpy_minimal_client:/home/maghetto/ros2_ws/install/examples_rclpy_minimal_action_server:/home/maghetto/ros2_ws/install/examples_rclpy_minimal_action_client:/home/maghetto/ros2_ws/install/examples_rclpy_executors:/opt/ros/foxy /usr/bin/cmake /home/maghetto/ros2_ws/src/ros_tutorials/turtlesim -DCMAKE_INSTALL_PREFIX=/home/maghetto/ros2_ws/install/turtlesim
[0.778s] -- The C compiler identification is GNU 9.4.0
[0.844s] -- The CXX compiler identification is GNU 9.4.0
[0.850s] -- Check for working C compiler: /usr/bin/cc
[0.935s] -- Check for working C compiler: /usr/bin/cc -- works
[0.936s] -- Detecting C compiler ABI info
[1.054s] -- Detecting C compiler ABI info - done
[1.055s] -- Detecting C compile features
[1.055s] -- Detecting C compile features - done
[1.055s] -- Check for working CXX compiler: /usr/bin/c++
[1.214s] -- Check for working CXX compiler: /usr/bin/c++ -- works
[1.214s] -- Detecting CXX compiler ABI info
[1.348s] -- Detecting CXX compiler ABI info - done
[1.348s] -- Detecting CXX compile features
[1.349s] -- Detecting CXX compile features - done
[1.349s] -- Found ament_cmake: 0.9.12 (/opt/ros/foxy/share/ament_cmake/cmake)
[1.422s] -- Found PythonInterp: /usr/bin/python3 (found suitable version "3.8.10", minimum required is "3") 
[1.422s] -- Using PYTHON_EXECUTABLE: /usr/bin/python3
[1.633s] -- Found ament_index_cpp: 1.1.0 (/opt/ros/foxy/share/ament_index_cpp/cmake)
[1.651s] -- Found geometry_msgs: 2.0.5 (/opt/ros/foxy/share/geometry_msgs/cmake)
[1.697s] -- Using all available rosidl_typesupport_c: rosidl_typesupport_fastrtps_c;rosidl_typesupport_introspection_c
[1.705s] -- Found rosidl_adapter: 1.3.1 (/opt/ros/foxy/share/rosidl_adapter/cmake)
[1.800s] -- Found OpenSSL: /usr/lib/x86_64-linux-gnu/libcrypto.so (found version "1.1.1f")  
[1.831s] -- Found FastRTPS: /opt/ros/foxy/include  
[1.930s] -- Using all available rosidl_typesupport_cpp: rosidl_typesupport_fastrtps_cpp;rosidl_typesupport_introspection_cpp
[2.140s] -- Found rclcpp: 2.4.3 (/opt/ros/foxy/share/rclcpp/cmake)
[2.198s] -- Found rmw_implementation_cmake: 1.0.4 (/opt/ros/foxy/share/rmw_implementation_cmake/cmake)
[2.201s] -- Using RMW implementation 'rmw_fastrtps_cpp' as default
[2.203s] -- Looking for pthread.h
[2.301s] -- Looking for pthread.h - found
[2.302s] -- Performing Test CMAKE_HAVE_LIBC_PTHREAD
[2.421s] -- Performing Test CMAKE_HAVE_LIBC_PTHREAD - Failed
[2.421s] -- Looking for pthread_create in pthreads
[2.502s] -- Looking for pthread_create in pthreads - not found
[2.502s] -- Looking for pthread_create in pthread
[2.597s] -- Looking for pthread_create in pthread - found
[2.598s] -- Found Threads: TRUE  
[2.765s] -- Found rclcpp_action: 2.4.3 (/opt/ros/foxy/share/rclcpp_action/cmake)
[2.872s] -- Found rosidl_default_generators: 1.0.1 (/opt/ros/foxy/share/rosidl_default_generators/cmake)
[2.905s] -- Found std_srvs: 2.0.5 (/opt/ros/foxy/share/std_srvs/cmake)
[2.964s] -- Found PythonInterp: /usr/bin/python3 (found version "3.8.10") 
[3.195s] -- Found ament_cmake_ros: 0.9.2 (/opt/ros/foxy/share/ament_cmake_ros/cmake)
[3.379s] -- Using all available rosidl_typesupport_c: rosidl_typesupport_fastrtps_c;rosidl_typesupport_introspection_c
[3.422s] -- Using all available rosidl_typesupport_cpp: rosidl_typesupport_fastrtps_cpp;rosidl_typesupport_introspection_cpp
[3.466s] -- Found PythonInterp: /usr/bin/python3 (found suitable version "3.8.10", minimum required is "3.5") 
[3.471s] -- Found python_cmake_module: 0.8.1 (/opt/ros/foxy/share/python_cmake_module/cmake)
[3.526s] -- Found PythonLibs: /usr/lib/x86_64-linux-gnu/libpython3.8.so (found suitable version "3.8.10", minimum required is "3.5") 
[3.526s] -- Using PYTHON_EXECUTABLE: /usr/bin/python3
[3.526s] -- Using PYTHON_INCLUDE_DIRS: /usr/include/python3.8
[3.526s] -- Using PYTHON_LIBRARIES: /usr/lib/x86_64-linux-gnu/libpython3.8.so
[3.561s] -- Found PythonExtra: .so  
[3.684s] -- Configuring done
[3.781s] -- Generating done
[3.785s] -- Build files have been written to: /home/maghetto/ros2_ws/build/turtlesim
[3.798s] Invoked command in '/home/maghetto/ros2_ws/build/turtlesim' returned '0': CMAKE_PREFIX_PATH=${CMAKE_PREFIX_PATH}:/home/maghetto/ros2_ws/install/examples_rclpy_minimal_subscriber:/home/maghetto/ros2_ws/install/examples_rclpy_minimal_service:/home/maghetto/ros2_ws/install/examples_rclpy_minimal_publisher:/home/maghetto/ros2_ws/install/examples_rclpy_minimal_client:/home/maghetto/ros2_ws/install/examples_rclpy_minimal_action_server:/home/maghetto/ros2_ws/install/examples_rclpy_minimal_action_client:/home/maghetto/ros2_ws/install/examples_rclpy_executors:/opt/ros/foxy /usr/bin/cmake /home/maghetto/ros2_ws/src/ros_tutorials/turtlesim -DCMAKE_INSTALL_PREFIX=/home/maghetto/ros2_ws/install/turtlesim
[3.799s] Invoking command in '/home/maghetto/ros2_ws/build/turtlesim': CMAKE_PREFIX_PATH=${CMAKE_PREFIX_PATH}:/home/maghetto/ros2_ws/install/examples_rclpy_minimal_subscriber:/home/maghetto/ros2_ws/install/examples_rclpy_minimal_service:/home/maghetto/ros2_ws/install/examples_rclpy_minimal_publisher:/home/maghetto/ros2_ws/install/examples_rclpy_minimal_client:/home/maghetto/ros2_ws/install/examples_rclpy_minimal_action_server:/home/maghetto/ros2_ws/install/examples_rclpy_minimal_action_client:/home/maghetto/ros2_ws/install/examples_rclpy_executors:/opt/ros/foxy /usr/bin/cmake --build /home/maghetto/ros2_ws/build/turtlesim -- -j5 -l5
[3.852s] [35m[1mScanning dependencies of target turtlesim__cpp[0m
[3.852s] [  1%] [34m[1mGenerating C code for ROS interfaces[0m
[3.867s] [  2%] [34m[1mGenerating C++ code for ROS interfaces[0m
[4.740s] [  2%] Built target turtlesim__cpp
[4.762s] [  3%] [34m[1mGenerating C++ type support dispatch for ROS interfaces[0m
[4.805s] [  4%] [34m[1mGenerating C++ introspection for ROS interfaces[0m
[4.845s] [  5%] [34m[1mGenerating C++ type support for eProsima Fast-RTPS[0m
[4.850s] [35m[1mScanning dependencies of target turtlesim__rosidl_generator_c[0m
[4.887s] [  7%] [32mBuilding C object CMakeFiles/turtlesim__rosidl_generator_c.dir/rosidl_generator_c/turtlesim/action/detail/rotate_absolute__functions.c.o[0m
[4.888s] [  7%] [32mBuilding C object CMakeFiles/turtlesim__rosidl_generator_c.dir/rosidl_generator_c/turtlesim/msg/detail/color__functions.c.o[0m
[4.947s] [  8%] [32mBuilding C object CMakeFiles/turtlesim__rosidl_generator_c.dir/rosidl_generator_c/turtlesim/msg/detail/pose__functions.c.o[0m
[5.003s] [  9%] [32mBuilding C object CMakeFiles/turtlesim__rosidl_generator_c.dir/rosidl_generator_c/turtlesim/srv/detail/kill__functions.c.o[0m
[5.028s] [ 10%] [32mBuilding C object CMakeFiles/turtlesim__rosidl_generator_c.dir/rosidl_generator_c/turtlesim/srv/detail/set_pen__functions.c.o[0m
[5.076s] [ 11%] [32mBuilding C object CMakeFiles/turtlesim__rosidl_generator_c.dir/rosidl_generator_c/turtlesim/srv/detail/spawn__functions.c.o[0m
[5.112s] [ 12%] [32mBuilding C object CMakeFiles/turtlesim__rosidl_generator_c.dir/rosidl_generator_c/turtlesim/srv/detail/teleport_absolute__functions.c.o[0m
[5.146s] [ 13%] [32mBuilding C object CMakeFiles/turtlesim__rosidl_generator_c.dir/rosidl_generator_c/turtlesim/srv/detail/teleport_relative__functions.c.o[0m
[5.208s] [ 14%] [32m[1mLinking C shared library libturtlesim__rosidl_generator_c.so[0m
[5.261s] [ 14%] Built target turtlesim__rosidl_generator_c
[5.276s] [ 16%] [34m[1mGenerating C introspection for ROS interfaces[0m
[5.276s] [ 16%] [34m[1mGenerating C type support dispatch for ROS interfaces[0m
[5.363s] [35m[1mScanning dependencies of target turtlesim__rosidl_typesupport_cpp[0m
[5.393s] [ 17%] [32mBuilding CXX object CMakeFiles/turtlesim__rosidl_typesupport_cpp.dir/rosidl_typesupport_cpp/turtlesim/action/rotate_absolute__type_support.cpp.o[0m
[5.594s] [35m[1mScanning dependencies of target turtlesim__rosidl_typesupport_introspection_cpp[0m
[5.625s] [ 18%] [32mBuilding CXX object CMakeFiles/turtlesim__rosidl_typesupport_introspection_cpp.dir/rosidl_typesupport_introspection_cpp/turtlesim/action/detail/rotate_absolute__type_support.cpp.o[0m
[5.740s] [35m[1mScanning dependencies of target turtlesim__rosidl_typesupport_fastrtps_cpp[0m
[5.745s] [ 19%] [32mBuilding CXX object CMakeFiles/turtlesim__rosidl_typesupport_cpp.dir/rosidl_typesupport_cpp/turtlesim/msg/color__type_support.cpp.o[0m
[5.803s] [ 20%] [32mBuilding CXX object CMakeFiles/turtlesim__rosidl_typesupport_fastrtps_cpp.dir/rosidl_typesupport_fastrtps_cpp/turtlesim/action/detail/dds_fastrtps/rotate_absolute__type_support.cpp.o[0m
[5.846s] [35m[1mScanning dependencies of target turtlesim__rosidl_typesupport_c[0m
[5.870s] [ 21%] [32mBuilding CXX object CMakeFiles/turtlesim__rosidl_typesupport_c.dir/rosidl_typesupport_c/turtlesim/action/rotate_absolute__type_support.cpp.o[0m
[5.926s] [ 22%] [32mBuilding CXX object CMakeFiles/turtlesim__rosidl_typesupport_c.dir/rosidl_typesupport_c/turtlesim/msg/color__type_support.cpp.o[0m
[5.966s] [ 23%] [32mBuilding CXX object CMakeFiles/turtlesim__rosidl_typesupport_c.dir/rosidl_typesupport_c/turtlesim/msg/pose__type_support.cpp.o[0m
[6.006s] [ 24%] [32mBuilding CXX object CMakeFiles/turtlesim__rosidl_typesupport_c.dir/rosidl_typesupport_c/turtlesim/srv/kill__type_support.cpp.o[0m
[6.009s] [ 25%] [32mBuilding CXX object CMakeFiles/turtlesim__rosidl_typesupport_introspection_cpp.dir/rosidl_typesupport_introspection_cpp/turtlesim/msg/detail/color__type_support.cpp.o[0m
[6.048s] [ 26%] [32mBuilding CXX object CMakeFiles/turtlesim__rosidl_typesupport_c.dir/rosidl_typesupport_c/turtlesim/srv/set_pen__type_support.cpp.o[0m
[6.072s] [ 27%] [32mBuilding CXX object CMakeFiles/turtlesim__rosidl_typesupport_cpp.dir/rosidl_typesupport_cpp/turtlesim/msg/pose__type_support.cpp.o[0m
[6.089s] [ 28%] [32mBuilding CXX object CMakeFiles/turtlesim__rosidl_typesupport_c.dir/rosidl_typesupport_c/turtlesim/srv/spawn__type_support.cpp.o[0m
[6.124s] [ 29%] [32mBuilding CXX object CMakeFiles/turtlesim__rosidl_typesupport_c.dir/rosidl_typesupport_c/turtlesim/srv/teleport_absolute__type_support.cpp.o[0m
[6.124s] [35m[1mScanning dependencies of target turtlesim__rosidl_typesupport_introspection_c[0m
[6.165s] [ 30%] [32mBuilding C object CMakeFiles/turtlesim__rosidl_typesupport_introspection_c.dir/rosidl_typesupport_introspection_c/turtlesim/action/detail/rotate_absolute__type_support.c.o[0m
[6.171s] [ 31%] [32mBuilding CXX object CMakeFiles/turtlesim__rosidl_typesupport_c.dir/rosidl_typesupport_c/turtlesim/srv/teleport_relative__type_support.cpp.o[0m
[6.207s] [ 32%] [32m[1mLinking CXX shared library libturtlesim__rosidl_typesupport_c.so[0m
[6.217s] [ 33%] [32mBuilding C object CMakeFiles/turtlesim__rosidl_typesupport_introspection_c.dir/rosidl_typesupport_introspection_c/turtlesim/msg/detail/color__type_support.c.o[0m
[6.253s] [ 34%] [32mBuilding C object CMakeFiles/turtlesim__rosidl_typesupport_introspection_c.dir/rosidl_typesupport_introspection_c/turtlesim/msg/detail/pose__type_support.c.o[0m
[6.276s] [ 34%] Built target turtlesim__rosidl_typesupport_c
[6.289s] [ 35%] [32mBuilding C object CMakeFiles/turtlesim__rosidl_typesupport_introspection_c.dir/rosidl_typesupport_introspection_c/turtlesim/srv/detail/kill__type_support.c.o[0m
[6.294s] [ 36%] [32mBuilding C object CMakeFiles/turtlesim__rosidl_typesupport_introspection_c.dir/rosidl_typesupport_introspection_c/turtlesim/srv/detail/set_pen__type_support.c.o[0m
[6.332s] [ 37%] [32mBuilding CXX object CMakeFiles/turtlesim__rosidl_typesupport_introspection_cpp.dir/rosidl_typesupport_introspection_cpp/turtlesim/msg/detail/pose__type_support.cpp.o[0m
[6.351s] [ 38%] [32mBuilding C object CMakeFiles/turtlesim__rosidl_typesupport_introspection_c.dir/rosidl_typesupport_introspection_c/turtlesim/srv/detail/spawn__type_support.c.o[0m
[6.358s] [ 39%] [32mBuilding CXX object CMakeFiles/turtlesim__rosidl_typesupport_introspection_cpp.dir/rosidl_typesupport_introspection_cpp/turtlesim/srv/detail/kill__type_support.cpp.o[0m
[6.377s] [ 40%] [32mBuilding CXX object CMakeFiles/turtlesim__rosidl_typesupport_fastrtps_cpp.dir/rosidl_typesupport_fastrtps_cpp/turtlesim/msg/detail/dds_fastrtps/color__type_support.cpp.o[0m
[6.401s] [ 41%] [32mBuilding C object CMakeFiles/turtlesim__rosidl_typesupport_introspection_c.dir/rosidl_typesupport_introspection_c/turtlesim/srv/detail/teleport_absolute__type_support.c.o[0m
[6.418s] [ 42%] [32mBuilding CXX object CMakeFiles/turtlesim__rosidl_typesupport_cpp.dir/rosidl_typesupport_cpp/turtlesim/srv/kill__type_support.cpp.o[0m
[6.441s] [ 43%] [32mBuilding C object CMakeFiles/turtlesim__rosidl_typesupport_introspection_c.dir/rosidl_typesupport_introspection_c/turtlesim/srv/detail/teleport_relative__type_support.c.o[0m
[6.482s] [ 44%] [32m[1mLinking C shared library libturtlesim__rosidl_typesupport_introspection_c.so[0m
[6.524s] [ 44%] Built target turtlesim__rosidl_typesupport_introspection_c
[6.535s] [ 45%] [32mBuilding CXX object CMakeFiles/turtlesim__rosidl_typesupport_cpp.dir/rosidl_typesupport_cpp/turtlesim/srv/set_pen__type_support.cpp.o[0m
[6.639s] [ 46%] [32mBuilding CXX object CMakeFiles/turtlesim__rosidl_typesupport_introspection_cpp.dir/rosidl_typesupport_introspection_cpp/turtlesim/srv/detail/set_pen__type_support.cpp.o[0m
[6.675s] [ 47%] [32mBuilding CXX object CMakeFiles/turtlesim__rosidl_typesupport_introspection_cpp.dir/rosidl_typesupport_introspection_cpp/turtlesim/srv/detail/spawn__type_support.cpp.o[0m
[6.733s] [ 48%] [32mBuilding CXX object CMakeFiles/turtlesim__rosidl_typesupport_cpp.dir/rosidl_typesupport_cpp/turtlesim/srv/spawn__type_support.cpp.o[0m
[6.831s] [ 49%] [32mBuilding CXX object CMakeFiles/turtlesim__rosidl_typesupport_fastrtps_cpp.dir/rosidl_typesupport_fastrtps_cpp/turtlesim/msg/detail/dds_fastrtps/pose__type_support.cpp.o[0m
[6.841s] [ 50%] [32mBuilding CXX object CMakeFiles/turtlesim__rosidl_typesupport_fastrtps_cpp.dir/rosidl_typesupport_fastrtps_cpp/turtlesim/srv/detail/dds_fastrtps/kill__type_support.cpp.o[0m
[6.942s] [ 51%] [32mBuilding CXX object CMakeFiles/turtlesim__rosidl_typesupport_introspection_cpp.dir/rosidl_typesupport_introspection_cpp/turtlesim/srv/detail/teleport_absolute__type_support.cpp.o[0m
[6.985s] [ 52%] [32mBuilding CXX object CMakeFiles/turtlesim__rosidl_typesupport_introspection_cpp.dir/rosidl_typesupport_introspection_cpp/turtlesim/srv/detail/teleport_relative__type_support.cpp.o[0m
[7.029s] [ 53%] [32mBuilding CXX object CMakeFiles/turtlesim__rosidl_typesupport_cpp.dir/rosidl_typesupport_cpp/turtlesim/srv/teleport_absolute__type_support.cpp.o[0m
[7.250s] [ 54%] [32mBuilding CXX object CMakeFiles/turtlesim__rosidl_typesupport_cpp.dir/rosidl_typesupport_cpp/turtlesim/srv/teleport_relative__type_support.cpp.o[0m
[7.296s] [ 55%] [32mBuilding CXX object CMakeFiles/turtlesim__rosidl_typesupport_fastrtps_cpp.dir/rosidl_typesupport_fastrtps_cpp/turtlesim/srv/detail/dds_fastrtps/set_pen__type_support.cpp.o[0m
[7.308s] [ 56%] [32mBuilding CXX object CMakeFiles/turtlesim__rosidl_typesupport_fastrtps_cpp.dir/rosidl_typesupport_fastrtps_cpp/turtlesim/srv/detail/dds_fastrtps/spawn__type_support.cpp.o[0m
[7.313s] [ 57%] [32m[1mLinking CXX shared library libturtlesim__rosidl_typesupport_introspection_cpp.so[0m
[7.357s] [ 58%] [32mBuilding CXX object CMakeFiles/turtlesim__rosidl_typesupport_fastrtps_cpp.dir/rosidl_typesupport_fastrtps_cpp/turtlesim/srv/detail/dds_fastrtps/teleport_absolute__type_support.cpp.o[0m
[7.414s] [ 58%] Built target turtlesim__rosidl_typesupport_introspection_cpp
[7.425s] [ 59%] [32mBuilding CXX object CMakeFiles/turtlesim__rosidl_typesupport_fastrtps_cpp.dir/rosidl_typesupport_fastrtps_cpp/turtlesim/srv/detail/dds_fastrtps/teleport_relative__type_support.cpp.o[0m
[7.551s] [ 60%] [32m[1mLinking CXX shared library libturtlesim__rosidl_typesupport_cpp.so[0m
[7.612s] [ 60%] Built target turtlesim__rosidl_typesupport_cpp
[7.891s] [ 61%] [32m[1mLinking CXX shared library libturtlesim__rosidl_typesupport_fastrtps_cpp.so[0m
[8.009s] [ 61%] Built target turtlesim__rosidl_typesupport_fastrtps_cpp
[8.024s] [ 62%] [34m[1mGenerating C type support for eProsima Fast-RTPS[0m
[8.803s] [35m[1mScanning dependencies of target turtlesim__rosidl_typesupport_fastrtps_c[0m
[8.881s] [ 64%] [32mBuilding CXX object CMakeFiles/turtlesim__rosidl_typesupport_fastrtps_c.dir/rosidl_typesupport_fastrtps_c/turtlesim/action/detail/rotate_absolute__type_support_c.cpp.o[0m
[8.881s] [ 65%] [32mBuilding CXX object CMakeFiles/turtlesim__rosidl_typesupport_fastrtps_c.dir/rosidl_typesupport_fastrtps_c/turtlesim/msg/detail/pose__type_support_c.cpp.o[0m
[8.881s] [ 64%] [32mBuilding CXX object CMakeFiles/turtlesim__rosidl_typesupport_fastrtps_c.dir/rosidl_typesupport_fastrtps_c/turtlesim/msg/detail/color__type_support_c.cpp.o[0m
[8.881s] [ 66%] [32mBuilding CXX object CMakeFiles/turtlesim__rosidl_typesupport_fastrtps_c.dir/rosidl_typesupport_fastrtps_c/turtlesim/srv/detail/set_pen__type_support_c.cpp.o[0m
[8.881s] [ 67%] [32mBuilding CXX object CMakeFiles/turtlesim__rosidl_typesupport_fastrtps_c.dir/rosidl_typesupport_fastrtps_c/turtlesim/srv/detail/kill__type_support_c.cpp.o[0m
[9.235s] [ 68%] [32mBuilding CXX object CMakeFiles/turtlesim__rosidl_typesupport_fastrtps_c.dir/rosidl_typesupport_fastrtps_c/turtlesim/srv/detail/spawn__type_support_c.cpp.o[0m
[9.247s] [ 69%] [32mBuilding CXX object CMakeFiles/turtlesim__rosidl_typesupport_fastrtps_c.dir/rosidl_typesupport_fastrtps_c/turtlesim/srv/detail/teleport_absolute__type_support_c.cpp.o[0m
[9.253s] [ 70%] [32mBuilding CXX object CMakeFiles/turtlesim__rosidl_typesupport_fastrtps_c.dir/rosidl_typesupport_fastrtps_c/turtlesim/srv/detail/teleport_relative__type_support_c.cpp.o[0m
[9.610s] [ 71%] [32m[1mLinking CXX shared library libturtlesim__rosidl_typesupport_fastrtps_c.so[0m
[9.710s] [ 71%] Built target turtlesim__rosidl_typesupport_fastrtps_c
[9.724s] [35m[1mScanning dependencies of target turtlesim[0m
[9.739s] [ 71%] Built target turtlesim
[9.761s] [35m[1mScanning dependencies of target mimic[0m
[9.763s] [35m[1mScanning dependencies of target draw_square[0m
[9.763s] [35m[1mScanning dependencies of target turtlesim__py[0m
[9.763s] [ 72%] [34m[1mGenerating include/turtlesim/moc_turtle_frame.cpp[0m
[9.763s] [35m[1mScanning dependencies of target turtle_teleop_key[0m
[9.785s] [ 73%] [34m[1mGenerating Python code for ROS interfaces[0m
[9.847s] [ 74%] [32mBuilding CXX object CMakeFiles/turtle_teleop_key.dir/tutorials/teleop_turtle_key.cpp.o[0m
[9.858s] [ 75%] [32mBuilding CXX object CMakeFiles/mimic.dir/tutorials/mimic.cpp.o[0m
[9.870s] [ 76%] [32mBuilding CXX object CMakeFiles/draw_square.dir/tutorials/draw_square.cpp.o[0m
[9.934s] [35m[1mScanning dependencies of target turtlesim_node[0m
[10.048s] [ 77%] [32mBuilding CXX object CMakeFiles/turtlesim_node.dir/src/turtlesim.cpp.o[0m
[11.770s] [ 77%] Built target turtlesim__py
[11.785s] [35m[1mScanning dependencies of target turtlesim__python[0m
[11.923s] [ 78%] [32mBuilding C object CMakeFiles/turtlesim__python.dir/rosidl_generator_py/turtlesim/action/_rotate_absolute_s.c.o[0m
[12.130s] [ 79%] [32mBuilding C object CMakeFiles/turtlesim__python.dir/rosidl_generator_py/turtlesim/msg/_color_s.c.o[0m
[12.243s] [ 80%] [32mBuilding C object CMakeFiles/turtlesim__python.dir/rosidl_generator_py/turtlesim/msg/_pose_s.c.o[0m
[12.350s] [ 81%] [32mBuilding C object CMakeFiles/turtlesim__python.dir/rosidl_generator_py/turtlesim/srv/_kill_s.c.o[0m
[12.460s] [ 82%] [32mBuilding C object CMakeFiles/turtlesim__python.dir/rosidl_generator_py/turtlesim/srv/_set_pen_s.c.o[0m
[12.588s] [ 83%] [32mBuilding C object CMakeFiles/turtlesim__python.dir/rosidl_generator_py/turtlesim/srv/_spawn_s.c.o[0m
[12.713s] [ 84%] [32mBuilding C object CMakeFiles/turtlesim__python.dir/rosidl_generator_py/turtlesim/srv/_teleport_absolute_s.c.o[0m
[12.826s] [ 85%] [32mBuilding C object CMakeFiles/turtlesim__python.dir/rosidl_generator_py/turtlesim/srv/_teleport_relative_s.c.o[0m
[12.938s] [ 86%] [32m[1mLinking C shared library rosidl_generator_py/turtlesim/libturtlesim__python.so[0m
[12.998s] [ 86%] Built target turtlesim__python
[13.020s] [35m[1mScanning dependencies of target turtlesim__rosidl_typesupport_introspection_c__pyext[0m
[13.057s] [ 87%] [32mBuilding C object CMakeFiles/turtlesim__rosidl_typesupport_introspection_c__pyext.dir/rosidl_generator_py/turtlesim/_turtlesim_s.ep.rosidl_typesupport_introspection_c.c.o[0m
[13.236s] [ 88%] [32m[1mLinking C shared library rosidl_generator_py/turtlesim/turtlesim_s__rosidl_typesupport_introspection_c.cpython-38-x86_64-linux-gnu.so[0m
[13.290s] [ 88%] Built target turtlesim__rosidl_typesupport_introspection_c__pyext
[13.306s] [35m[1mScanning dependencies of target turtlesim__rosidl_typesupport_fastrtps_c__pyext[0m
[13.340s] [ 89%] [32mBuilding C object CMakeFiles/turtlesim__rosidl_typesupport_fastrtps_c__pyext.dir/rosidl_generator_py/turtlesim/_turtlesim_s.ep.rosidl_typesupport_fastrtps_c.c.o[0m
[13.574s] [ 90%] [32m[1mLinking CXX shared library rosidl_generator_py/turtlesim/turtlesim_s__rosidl_typesupport_fastrtps_c.cpython-38-x86_64-linux-gnu.so[0m
[13.851s] [ 91%] [32mBuilding CXX object CMakeFiles/turtlesim_node.dir/src/turtle.cpp.o[0m
[13.896s] [ 91%] Built target turtlesim__rosidl_typesupport_fastrtps_c__pyext
[13.920s] [35m[1mScanning dependencies of target turtlesim__rosidl_typesupport_c__pyext[0m
[13.958s] [ 92%] [32mBuilding C object CMakeFiles/turtlesim__rosidl_typesupport_c__pyext.dir/rosidl_generator_py/turtlesim/_turtlesim_s.ep.rosidl_typesupport_c.c.o[0m
[14.207s] [ 93%] [32m[1mLinking C shared library rosidl_generator_py/turtlesim/turtlesim_s__rosidl_typesupport_c.cpython-38-x86_64-linux-gnu.so[0m
[14.267s] [ 93%] Built target turtlesim__rosidl_typesupport_c__pyext
[14.282s] [ 94%] [32mBuilding CXX object CMakeFiles/turtlesim_node.dir/src/turtle_frame.cpp.o[0m
[15.611s] [ 95%] [32m[1mLinking CXX executable turtle_teleop_key[0m
[15.969s] [ 95%] Built target turtle_teleop_key
[15.985s] [ 96%] [32mBuilding CXX object CMakeFiles/turtlesim_node.dir/include/turtlesim/moc_turtle_frame.cpp.o[0m
[16.595s] [ 97%] [32m[1mLinking CXX executable mimic[0m
[16.939s] [ 97%] Built target mimic
[17.307s] [ 98%] [32m[1mLinking CXX executable draw_square[0m
[17.663s] [ 98%] Built target draw_square
[23.125s] [100%] [32m[1mLinking CXX executable turtlesim_node[0m
[25.043s] [100%] Built target turtlesim_node
[25.063s] Invoked command in '/home/maghetto/ros2_ws/build/turtlesim' returned '0': CMAKE_PREFIX_PATH=${CMAKE_PREFIX_PATH}:/home/maghetto/ros2_ws/install/examples_rclpy_minimal_subscriber:/home/maghetto/ros2_ws/install/examples_rclpy_minimal_service:/home/maghetto/ros2_ws/install/examples_rclpy_minimal_publisher:/home/maghetto/ros2_ws/install/examples_rclpy_minimal_client:/home/maghetto/ros2_ws/install/examples_rclpy_minimal_action_server:/home/maghetto/ros2_ws/install/examples_rclpy_minimal_action_client:/home/maghetto/ros2_ws/install/examples_rclpy_executors:/opt/ros/foxy /usr/bin/cmake --build /home/maghetto/ros2_ws/build/turtlesim -- -j5 -l5
[25.513s] Invoking command in '/home/maghetto/ros2_ws/build/turtlesim': CMAKE_PREFIX_PATH=${CMAKE_PREFIX_PATH}:/home/maghetto/ros2_ws/install/examples_rclpy_minimal_subscriber:/home/maghetto/ros2_ws/install/examples_rclpy_minimal_service:/home/maghetto/ros2_ws/install/examples_rclpy_minimal_publisher:/home/maghetto/ros2_ws/install/examples_rclpy_minimal_client:/home/maghetto/ros2_ws/install/examples_rclpy_minimal_action_server:/home/maghetto/ros2_ws/install/examples_rclpy_minimal_action_client:/home/maghetto/ros2_ws/install/examples_rclpy_executors:/opt/ros/foxy /usr/bin/cmake --install /home/maghetto/ros2_ws/build/turtlesim
[25.523s] -- Install configuration: ""
[25.523s] -- Installing: /home/maghetto/ros2_ws/install/turtlesim/share/ament_index/resource_index/rosidl_interfaces/turtlesim
[25.523s] -- Installing: /home/maghetto/ros2_ws/install/turtlesim/include/turtlesim
[25.524s] -- Installing: /home/maghetto/ros2_ws/install/turtlesim/include/turtlesim/action
[25.525s] -- Installing: /home/maghetto/ros2_ws/install/turtlesim/include/turtlesim/action/rotate_absolute.h
[25.525s] -- Installing: /home/maghetto/ros2_ws/install/turtlesim/include/turtlesim/action/detail
[25.530s] -- Installing: /home/maghetto/ros2_ws/install/turtlesim/include/turtlesim/action/detail/rotate_absolute__functions.c
[25.530s] -- Installing: /home/maghetto/ros2_ws/install/turtlesim/include/turtlesim/action/detail/rotate_absolute__functions.h
[25.531s] -- Installing: /home/maghetto/ros2_ws/install/turtlesim/include/turtlesim/action/detail/rotate_absolute__type_support.h
[25.531s] -- Installing: /home/maghetto/ros2_ws/install/turtlesim/include/turtlesim/action/detail/rotate_absolute__struct.h
[25.531s] -- Installing: /home/maghetto/ros2_ws/install/turtlesim/include/turtlesim/srv
[25.531s] -- Installing: /home/maghetto/ros2_ws/install/turtlesim/include/turtlesim/srv/set_pen.h
[25.531s] -- Installing: /home/maghetto/ros2_ws/install/turtlesim/include/turtlesim/srv/teleport_relative.h
[25.531s] -- Installing: /home/maghetto/ros2_ws/install/turtlesim/include/turtlesim/srv/teleport_absolute.h
[25.531s] -- Installing: /home/maghetto/ros2_ws/install/turtlesim/include/turtlesim/srv/kill.h
[25.531s] -- Installing: /home/maghetto/ros2_ws/install/turtlesim/include/turtlesim/srv/spawn.h
[25.531s] -- Installing: /home/maghetto/ros2_ws/install/turtlesim/include/turtlesim/srv/detail
[25.531s] -- Installing: /home/maghetto/ros2_ws/install/turtlesim/include/turtlesim/srv/detail/teleport_relative__functions.c
[25.532s] -- Installing: /home/maghetto/ros2_ws/install/turtlesim/include/turtlesim/srv/detail/set_pen__functions.c
[25.532s] -- Installing: /home/maghetto/ros2_ws/install/turtlesim/include/turtlesim/srv/detail/set_pen__type_support.h
[25.532s] -- Installing: /home/maghetto/ros2_ws/install/turtlesim/include/turtlesim/srv/detail/teleport_absolute__type_support.h
[25.532s] -- Installing: /home/maghetto/ros2_ws/install/turtlesim/include/turtlesim/srv/detail/kill__functions.c
[25.532s] -- Installing: /home/maghetto/ros2_ws/install/turtlesim/include/turtlesim/srv/detail/spawn__type_support.h
[25.532s] -- Installing: /home/maghetto/ros2_ws/install/turtlesim/include/turtlesim/srv/detail/kill__functions.h
[25.532s] -- Installing: /home/maghetto/ros2_ws/install/turtlesim/include/turtlesim/srv/detail/teleport_absolute__functions.h
[25.533s] -- Installing: /home/maghetto/ros2_ws/install/turtlesim/include/turtlesim/srv/detail/set_pen__functions.h
[25.533s] -- Installing: /home/maghetto/ros2_ws/install/turtlesim/include/turtlesim/srv/detail/teleport_relative__struct.h
[25.533s] -- Installing: /home/maghetto/ros2_ws/install/turtlesim/include/turtlesim/srv/detail/spawn__functions.c
[25.533s] -- Installing: /home/maghetto/ros2_ws/install/turtlesim/include/turtlesim/srv/detail/kill__type_support.h
[25.534s] -- Installing: /home/maghetto/ros2_ws/install/turtlesim/include/turtlesim/srv/detail/spawn__struct.h
[25.534s] -- Installing: /home/maghetto/ros2_ws/install/turtlesim/include/turtlesim/srv/detail/teleport_absolute__struct.h
[25.534s] -- Installing: /home/maghetto/ros2_ws/install/turtlesim/include/turtlesim/srv/detail/teleport_absolute__functions.c
[25.535s] -- Installing: /home/maghetto/ros2_ws/install/turtlesim/include/turtlesim/srv/detail/kill__struct.h
[25.535s] -- Installing: /home/maghetto/ros2_ws/install/turtlesim/include/turtlesim/srv/detail/teleport_relative__functions.h
[25.535s] -- Installing: /home/maghetto/ros2_ws/install/turtlesim/include/turtlesim/srv/detail/set_pen__struct.h
[25.535s] -- Installing: /home/maghetto/ros2_ws/install/turtlesim/include/turtlesim/srv/detail/teleport_relative__type_support.h
[25.536s] -- Installing: /home/maghetto/ros2_ws/install/turtlesim/include/turtlesim/srv/detail/spawn__functions.h
[25.536s] -- Installing: /home/maghetto/ros2_ws/install/turtlesim/include/turtlesim/msg
[25.536s] -- Installing: /home/maghetto/ros2_ws/install/turtlesim/include/turtlesim/msg/color.h
[25.540s] -- Installing: /home/maghetto/ros2_ws/install/turtlesim/include/turtlesim/msg/rosidl_generator_c__visibility_control.h
[25.541s] -- Installing: /home/maghetto/ros2_ws/install/turtlesim/include/turtlesim/msg/pose.h
[25.541s] -- Installing: /home/maghetto/ros2_ws/install/turtlesim/include/turtlesim/msg/detail
[25.541s] -- Installing: /home/maghetto/ros2_ws/install/turtlesim/include/turtlesim/msg/detail/pose__struct.h
[25.541s] -- Installing: /home/maghetto/ros2_ws/install/turtlesim/include/turtlesim/msg/detail/pose__functions.h
[25.541s] -- Installing: /home/maghetto/ros2_ws/install/turtlesim/include/turtlesim/msg/detail/color__functions.h
[25.542s] -- Installing: /home/maghetto/ros2_ws/install/turtlesim/include/turtlesim/msg/detail/color__type_support.h
[25.542s] -- Installing: /home/maghetto/ros2_ws/install/turtlesim/include/turtlesim/msg/detail/pose__functions.c
[25.542s] -- Installing: /home/maghetto/ros2_ws/install/turtlesim/include/turtlesim/msg/detail/color__functions.c
[25.542s] -- Installing: /home/maghetto/ros2_ws/install/turtlesim/include/turtlesim/msg/detail/color__struct.h
[25.542s] -- Installing: /home/maghetto/ros2_ws/install/turtlesim/include/turtlesim/msg/detail/pose__type_support.h
[25.542s] -- Installing: /home/maghetto/ros2_ws/install/turtlesim/share/turtlesim/environment/library_path.sh
[25.542s] -- Installing: /home/maghetto/ros2_ws/install/turtlesim/share/turtlesim/environment/library_path.dsv
[25.543s] -- Installing: /home/maghetto/ros2_ws/install/turtlesim/lib/libturtlesim__rosidl_generator_c.so
[25.543s] -- Set runtime path of "/home/maghetto/ros2_ws/install/turtlesim/lib/libturtlesim__rosidl_generator_c.so" to ""
[25.543s] -- Up-to-date: /home/maghetto/ros2_ws/install/turtlesim/include/turtlesim
[25.544s] -- Up-to-date: /home/maghetto/ros2_ws/install/turtlesim/include/turtlesim/action
[25.544s] -- Up-to-date: /home/maghetto/ros2_ws/install/turtlesim/include/turtlesim/action/detail
[25.544s] -- Installing: /home/maghetto/ros2_ws/install/turtlesim/include/turtlesim/action/detail/rotate_absolute__rosidl_typesupport_fastrtps_c.h
[25.544s] -- Up-to-date: /home/maghetto/ros2_ws/install/turtlesim/include/turtlesim/srv
[25.544s] -- Up-to-date: /home/maghetto/ros2_ws/install/turtlesim/include/turtlesim/srv/detail
[25.545s] -- Installing: /home/maghetto/ros2_ws/install/turtlesim/include/turtlesim/srv/detail/spawn__rosidl_typesupport_fastrtps_c.h
[25.545s] -- Installing: /home/maghetto/ros2_ws/install/turtlesim/include/turtlesim/srv/detail/teleport_absolute__rosidl_typesupport_fastrtps_c.h
[25.545s] -- Installing: /home/maghetto/ros2_ws/install/turtlesim/include/turtlesim/srv/detail/teleport_relative__rosidl_typesupport_fastrtps_c.h
[25.545s] -- Installing: /home/maghetto/ros2_ws/install/turtlesim/include/turtlesim/srv/detail/set_pen__rosidl_typesupport_fastrtps_c.h
[25.545s] -- Installing: /home/maghetto/ros2_ws/install/turtlesim/include/turtlesim/srv/detail/kill__rosidl_typesupport_fastrtps_c.h
[25.545s] -- Up-to-date: /home/maghetto/ros2_ws/install/turtlesim/include/turtlesim/msg
[25.545s] -- Installing: /home/maghetto/ros2_ws/install/turtlesim/include/turtlesim/msg/rosidl_typesupport_fastrtps_c__visibility_control.h
[25.545s] -- Up-to-date: /home/maghetto/ros2_ws/install/turtlesim/include/turtlesim/msg/detail
[25.546s] -- Installing: /home/maghetto/ros2_ws/install/turtlesim/include/turtlesim/msg/detail/color__rosidl_typesupport_fastrtps_c.h
[25.546s] -- Installing: /home/maghetto/ros2_ws/install/turtlesim/include/turtlesim/msg/detail/pose__rosidl_typesupport_fastrtps_c.h
[25.546s] -- Installing: /home/maghetto/ros2_ws/install/turtlesim/lib/libturtlesim__rosidl_typesupport_fastrtps_c.so
[25.547s] -- Set runtime path of "/home/maghetto/ros2_ws/install/turtlesim/lib/libturtlesim__rosidl_typesupport_fastrtps_c.so" to ""
[25.547s] -- Up-to-date: /home/maghetto/ros2_ws/install/turtlesim/include/turtlesim
[25.548s] -- Up-to-date: /home/maghetto/ros2_ws/install/turtlesim/include/turtlesim/action
[25.550s] -- Up-to-date: /home/maghetto/ros2_ws/install/turtlesim/include/turtlesim/action/detail
[25.551s] -- Installing: /home/maghetto/ros2_ws/install/turtlesim/include/turtlesim/action/detail/dds_fastrtps
[25.551s] -- Installing: /home/maghetto/ros2_ws/install/turtlesim/include/turtlesim/action/detail/rotate_absolute__rosidl_typesupport_fastrtps_cpp.hpp
[25.552s] -- Up-to-date: /home/maghetto/ros2_ws/install/turtlesim/include/turtlesim/srv
[25.553s] -- Up-to-date: /home/maghetto/ros2_ws/install/turtlesim/include/turtlesim/srv/detail
[25.553s] -- Installing: /home/maghetto/ros2_ws/install/turtlesim/include/turtlesim/srv/detail/kill__rosidl_typesupport_fastrtps_cpp.hpp
[25.554s] -- Installing: /home/maghetto/ros2_ws/install/turtlesim/include/turtlesim/srv/detail/dds_fastrtps
[25.554s] -- Installing: /home/maghetto/ros2_ws/install/turtlesim/include/turtlesim/srv/detail/spawn__rosidl_typesupport_fastrtps_cpp.hpp
[25.555s] -- Installing: /home/maghetto/ros2_ws/install/turtlesim/include/turtlesim/srv/detail/teleport_absolute__rosidl_typesupport_fastrtps_cpp.hpp
[25.556s] -- Installing: /home/maghetto/ros2_ws/install/turtlesim/include/turtlesim/srv/detail/teleport_relative__rosidl_typesupport_fastrtps_cpp.hpp
[25.557s] -- Installing: /home/maghetto/ros2_ws/install/turtlesim/include/turtlesim/srv/detail/set_pen__rosidl_typesupport_fastrtps_cpp.hpp
[25.557s] -- Up-to-date: /home/maghetto/ros2_ws/install/turtlesim/include/turtlesim/msg
[25.557s] -- Installing: /home/maghetto/ros2_ws/install/turtlesim/include/turtlesim/msg/rosidl_typesupport_fastrtps_cpp__visibility_control.h
[25.557s] -- Up-to-date: /home/maghetto/ros2_ws/install/turtlesim/include/turtlesim/msg/detail
[25.557s] -- Installing: /home/maghetto/ros2_ws/install/turtlesim/include/turtlesim/msg/detail/color__rosidl_typesupport_fastrtps_cpp.hpp
[25.557s] -- Installing: /home/maghetto/ros2_ws/install/turtlesim/include/turtlesim/msg/detail/dds_fastrtps
[25.557s] -- Installing: /home/maghetto/ros2_ws/install/turtlesim/include/turtlesim/msg/detail/pose__rosidl_typesupport_fastrtps_cpp.hpp
[25.558s] -- Installing: /home/maghetto/ros2_ws/install/turtlesim/lib/libturtlesim__rosidl_typesupport_fastrtps_cpp.so
[25.558s] -- Set runtime path of "/home/maghetto/ros2_ws/install/turtlesim/lib/libturtlesim__rosidl_typesupport_fastrtps_cpp.so" to ""
[25.558s] -- Up-to-date: /home/maghetto/ros2_ws/install/turtlesim/include/turtlesim
[25.558s] -- Up-to-date: /home/maghetto/ros2_ws/install/turtlesim/include/turtlesim/action
[25.558s] -- Up-to-date: /home/maghetto/ros2_ws/install/turtlesim/include/turtlesim/action/detail
[25.559s] -- Installing: /home/maghetto/ros2_ws/install/turtlesim/include/turtlesim/action/detail/rotate_absolute__rosidl_typesupport_introspection_c.h
[25.559s] -- Installing: /home/maghetto/ros2_ws/install/turtlesim/include/turtlesim/action/detail/rotate_absolute__type_support.c
[25.559s] -- Up-to-date: /home/maghetto/ros2_ws/install/turtlesim/include/turtlesim/srv
[25.559s] -- Up-to-date: /home/maghetto/ros2_ws/install/turtlesim/include/turtlesim/srv/detail
[25.559s] -- Installing: /home/maghetto/ros2_ws/install/turtlesim/include/turtlesim/srv/detail/teleport_relative__rosidl_typesupport_introspection_c.h
[25.560s] -- Installing: /home/maghetto/ros2_ws/install/turtlesim/include/turtlesim/srv/detail/spawn__type_support.c
[25.560s] -- Installing: /home/maghetto/ros2_ws/install/turtlesim/include/turtlesim/srv/detail/set_pen__type_support.c
[25.560s] -- Installing: /home/maghetto/ros2_ws/install/turtlesim/include/turtlesim/srv/detail/set_pen__rosidl_typesupport_introspection_c.h
[25.560s] -- Installing: /home/maghetto/ros2_ws/install/turtlesim/include/turtlesim/srv/detail/kill__type_support.c
[25.560s] -- Installing: /home/maghetto/ros2_ws/install/turtlesim/include/turtlesim/srv/detail/teleport_absolute__rosidl_typesupport_introspection_c.h
[25.560s] -- Installing: /home/maghetto/ros2_ws/install/turtlesim/include/turtlesim/srv/detail/teleport_relative__type_support.c
[25.560s] -- Installing: /home/maghetto/ros2_ws/install/turtlesim/include/turtlesim/srv/detail/spawn__rosidl_typesupport_introspection_c.h
[25.561s] -- Installing: /home/maghetto/ros2_ws/install/turtlesim/include/turtlesim/srv/detail/kill__rosidl_typesupport_introspection_c.h
[25.561s] -- Installing: /home/maghetto/ros2_ws/install/turtlesim/include/turtlesim/srv/detail/teleport_absolute__type_support.c
[25.561s] -- Up-to-date: /home/maghetto/ros2_ws/install/turtlesim/include/turtlesim/msg
[25.561s] -- Installing: /home/maghetto/ros2_ws/install/turtlesim/include/turtlesim/msg/rosidl_typesupport_introspection_c__visibility_control.h
[25.561s] -- Up-to-date: /home/maghetto/ros2_ws/install/turtlesim/include/turtlesim/msg/detail
[25.561s] -- Installing: /home/maghetto/ros2_ws/install/turtlesim/include/turtlesim/msg/detail/pose__rosidl_typesupport_introspection_c.h
[25.561s] -- Installing: /home/maghetto/ros2_ws/install/turtlesim/include/turtlesim/msg/detail/color__type_support.c
[25.561s] -- Installing: /home/maghetto/ros2_ws/install/turtlesim/include/turtlesim/msg/detail/color__rosidl_typesupport_introspection_c.h
[25.561s] -- Installing: /home/maghetto/ros2_ws/install/turtlesim/include/turtlesim/msg/detail/pose__type_support.c
[25.561s] -- Installing: /home/maghetto/ros2_ws/install/turtlesim/lib/libturtlesim__rosidl_typesupport_introspection_c.so
[25.561s] -- Set runtime path of "/home/maghetto/ros2_ws/install/turtlesim/lib/libturtlesim__rosidl_typesupport_introspection_c.so" to ""
[25.561s] -- Installing: /home/maghetto/ros2_ws/install/turtlesim/lib/libturtlesim__rosidl_typesupport_c.so
[25.561s] -- Set runtime path of "/home/maghetto/ros2_ws/install/turtlesim/lib/libturtlesim__rosidl_typesupport_c.so" to ""
[25.561s] -- Up-to-date: /home/maghetto/ros2_ws/install/turtlesim/include/turtlesim
[25.561s] -- Up-to-date: /home/maghetto/ros2_ws/install/turtlesim/include/turtlesim/action
[25.561s] -- Installing: /home/maghetto/ros2_ws/install/turtlesim/include/turtlesim/action/rotate_absolute.hpp
[25.561s] -- Up-to-date: /home/maghetto/ros2_ws/install/turtlesim/include/turtlesim/action/detail
[25.562s] -- Installing: /home/maghetto/ros2_ws/install/turtlesim/include/turtlesim/action/detail/rotate_absolute__struct.hpp
[25.562s] -- Installing: /home/maghetto/ros2_ws/install/turtlesim/include/turtlesim/action/detail/rotate_absolute__builder.hpp
[25.562s] -- Installing: /home/maghetto/ros2_ws/install/turtlesim/include/turtlesim/action/detail/rotate_absolute__traits.hpp
[25.562s] -- Installing: /home/maghetto/ros2_ws/install/turtlesim/include/turtlesim/action/detail/rotate_absolute__type_support.hpp
[25.562s] -- Up-to-date: /home/maghetto/ros2_ws/install/turtlesim/include/turtlesim/srv
[25.562s] -- Installing: /home/maghetto/ros2_ws/install/turtlesim/include/turtlesim/srv/kill.hpp
[25.562s] -- Installing: /home/maghetto/ros2_ws/install/turtlesim/include/turtlesim/srv/spawn.hpp
[25.562s] -- Up-to-date: /home/maghetto/ros2_ws/install/turtlesim/include/turtlesim/srv/detail
[25.562s] -- Installing: /home/maghetto/ros2_ws/install/turtlesim/include/turtlesim/srv/detail/teleport_relative__traits.hpp
[25.562s] -- Installing: /home/maghetto/ros2_ws/install/turtlesim/include/turtlesim/srv/detail/teleport_relative__type_support.hpp
[25.562s] -- Installing: /home/maghetto/ros2_ws/install/turtlesim/include/turtlesim/srv/detail/kill__type_support.hpp
[25.562s] -- Installing: /home/maghetto/ros2_ws/install/turtlesim/include/turtlesim/srv/detail/teleport_relative__builder.hpp
[25.562s] -- Installing: /home/maghetto/ros2_ws/install/turtlesim/include/turtlesim/srv/detail/teleport_absolute__traits.hpp
[25.562s] -- Installing: /home/maghetto/ros2_ws/install/turtlesim/include/turtlesim/srv/detail/teleport_absolute__struct.hpp
[25.562s] -- Installing: /home/maghetto/ros2_ws/install/turtlesim/include/turtlesim/srv/detail/spawn__traits.hpp
[25.562s] -- Installing: /home/maghetto/ros2_ws/install/turtlesim/include/turtlesim/srv/detail/spawn__struct.hpp
[25.562s] -- Installing: /home/maghetto/ros2_ws/install/turtlesim/include/turtlesim/srv/detail/set_pen__traits.hpp
[25.563s] -- Installing: /home/maghetto/ros2_ws/install/turtlesim/include/turtlesim/srv/detail/set_pen__builder.hpp
[25.563s] -- Installing: /home/maghetto/ros2_ws/install/turtlesim/include/turtlesim/srv/detail/kill__builder.hpp
[25.563s] -- Installing: /home/maghetto/ros2_ws/install/turtlesim/include/turtlesim/srv/detail/spawn__type_support.hpp
[25.563s] -- Installing: /home/maghetto/ros2_ws/install/turtlesim/include/turtlesim/srv/detail/kill__traits.hpp
[25.563s] -- Installing: /home/maghetto/ros2_ws/install/turtlesim/include/turtlesim/srv/detail/set_pen__struct.hpp
[25.563s] -- Installing: /home/maghetto/ros2_ws/install/turtlesim/include/turtlesim/srv/detail/spawn__builder.hpp
[25.563s] -- Installing: /home/maghetto/ros2_ws/install/turtlesim/include/turtlesim/srv/detail/kill__struct.hpp
[25.563s] -- Installing: /home/maghetto/ros2_ws/install/turtlesim/include/turtlesim/srv/detail/set_pen__type_support.hpp
[25.563s] -- Installing: /home/maghetto/ros2_ws/install/turtlesim/include/turtlesim/srv/detail/teleport_absolute__type_support.hpp
[25.563s] -- Installing: /home/maghetto/ros2_ws/install/turtlesim/include/turtlesim/srv/detail/teleport_absolute__builder.hpp
[25.563s] -- Installing: /home/maghetto/ros2_ws/install/turtlesim/include/turtlesim/srv/detail/teleport_relative__struct.hpp
[25.563s] -- Installing: /home/maghetto/ros2_ws/install/turtlesim/include/turtlesim/srv/teleport_absolute.hpp
[25.563s] -- Installing: /home/maghetto/ros2_ws/install/turtlesim/include/turtlesim/srv/teleport_relative.hpp
[25.563s] -- Installing: /home/maghetto/ros2_ws/install/turtlesim/include/turtlesim/srv/set_pen.hpp
[25.563s] -- Up-to-date: /home/maghetto/ros2_ws/install/turtlesim/include/turtlesim/msg
[25.563s] -- Installing: /home/maghetto/ros2_ws/install/turtlesim/include/turtlesim/msg/pose.hpp
[25.563s] -- Installing: /home/maghetto/ros2_ws/install/turtlesim/include/turtlesim/msg/rosidl_generator_cpp__visibility_control.hpp
[25.564s] -- Installing: /home/maghetto/ros2_ws/install/turtlesim/include/turtlesim/msg/color.hpp
[25.564s] -- Up-to-date: /home/maghetto/ros2_ws/install/turtlesim/include/turtlesim/msg/detail
[25.564s] -- Installing: /home/maghetto/ros2_ws/install/turtlesim/include/turtlesim/msg/detail/pose__traits.hpp
[25.564s] -- Installing: /home/maghetto/ros2_ws/install/turtlesim/include/turtlesim/msg/detail/pose__builder.hpp
[25.564s] -- Installing: /home/maghetto/ros2_ws/install/turtlesim/include/turtlesim/msg/detail/pose__struct.hpp
[25.564s] -- Installing: /home/maghetto/ros2_ws/install/turtlesim/include/turtlesim/msg/detail/color__struct.hpp
[25.564s] -- Installing: /home/maghetto/ros2_ws/install/turtlesim/include/turtlesim/msg/detail/color__traits.hpp
[25.564s] -- Installing: /home/maghetto/ros2_ws/install/turtlesim/include/turtlesim/msg/detail/color__type_support.hpp
[25.564s] -- Installing: /home/maghetto/ros2_ws/install/turtlesim/include/turtlesim/msg/detail/pose__type_support.hpp
[25.564s] -- Installing: /home/maghetto/ros2_ws/install/turtlesim/include/turtlesim/msg/detail/color__builder.hpp
[25.564s] -- Up-to-date: /home/maghetto/ros2_ws/install/turtlesim/include/turtlesim
[25.564s] -- Up-to-date: /home/maghetto/ros2_ws/install/turtlesim/include/turtlesim/action
[25.564s] -- Up-to-date: /home/maghetto/ros2_ws/install/turtlesim/include/turtlesim/action/detail
[25.565s] -- Installing: /home/maghetto/ros2_ws/install/turtlesim/include/turtlesim/action/detail/rotate_absolute__type_support.cpp
[25.565s] -- Installing: /home/maghetto/ros2_ws/install/turtlesim/include/turtlesim/action/detail/rotate_absolute__rosidl_typesupport_introspection_cpp.hpp
[25.565s] -- Up-to-date: /home/maghetto/ros2_ws/install/turtlesim/include/turtlesim/srv
[25.565s] -- Up-to-date: /home/maghetto/ros2_ws/install/turtlesim/include/turtlesim/srv/detail
[25.565s] -- Installing: /home/maghetto/ros2_ws/install/turtlesim/include/turtlesim/srv/detail/teleport_absolute__type_support.cpp
[25.565s] -- Installing: /home/maghetto/ros2_ws/install/turtlesim/include/turtlesim/srv/detail/set_pen__rosidl_typesupport_introspection_cpp.hpp
[25.565s] -- Installing: /home/maghetto/ros2_ws/install/turtlesim/include/turtlesim/srv/detail/spawn__type_support.cpp
[25.565s] -- Installing: /home/maghetto/ros2_ws/install/turtlesim/include/turtlesim/srv/detail/teleport_relative__type_support.cpp
[25.565s] -- Installing: /home/maghetto/ros2_ws/install/turtlesim/include/turtlesim/srv/detail/set_pen__type_support.cpp
[25.565s] -- Installing: /home/maghetto/ros2_ws/install/turtlesim/include/turtlesim/srv/detail/kill__type_support.cpp
[25.565s] -- Installing: /home/maghetto/ros2_ws/install/turtlesim/include/turtlesim/srv/detail/kill__rosidl_typesupport_introspection_cpp.hpp
[25.565s] -- Installing: /home/maghetto/ros2_ws/install/turtlesim/include/turtlesim/srv/detail/teleport_relative__rosidl_typesupport_introspection_cpp.hpp
[25.565s] -- Installing: /home/maghetto/ros2_ws/install/turtlesim/include/turtlesim/srv/detail/spawn__rosidl_typesupport_introspection_cpp.hpp
[25.565s] -- Installing: /home/maghetto/ros2_ws/install/turtlesim/include/turtlesim/srv/detail/teleport_absolute__rosidl_typesupport_introspection_cpp.hpp
[25.565s] -- Up-to-date: /home/maghetto/ros2_ws/install/turtlesim/include/turtlesim/msg
[25.565s] -- Up-to-date: /home/maghetto/ros2_ws/install/turtlesim/include/turtlesim/msg/detail
[25.565s] -- Installing: /home/maghetto/ros2_ws/install/turtlesim/include/turtlesim/msg/detail/color__type_support.cpp
[25.565s] -- Installing: /home/maghetto/ros2_ws/install/turtlesim/include/turtlesim/msg/detail/pose__type_support.cpp
[25.566s] -- Installing: /home/maghetto/ros2_ws/install/turtlesim/include/turtlesim/msg/detail/pose__rosidl_typesupport_introspection_cpp.hpp
[25.566s] -- Installing: /home/maghetto/ros2_ws/install/turtlesim/include/turtlesim/msg/detail/color__rosidl_typesupport_introspection_cpp.hpp
[25.566s] -- Installing: /home/maghetto/ros2_ws/install/turtlesim/lib/libturtlesim__rosidl_typesupport_introspection_cpp.so
[25.566s] -- Set runtime path of "/home/maghetto/ros2_ws/install/turtlesim/lib/libturtlesim__rosidl_typesupport_introspection_cpp.so" to ""
[25.566s] -- Installing: /home/maghetto/ros2_ws/install/turtlesim/lib/libturtlesim__rosidl_typesupport_cpp.so
[25.566s] -- Set runtime path of "/home/maghetto/ros2_ws/install/turtlesim/lib/libturtlesim__rosidl_typesupport_cpp.so" to ""
[25.566s] -- Installing: /home/maghetto/ros2_ws/install/turtlesim/share/turtlesim/environment/pythonpath.sh
[25.566s] -- Installing: /home/maghetto/ros2_ws/install/turtlesim/share/turtlesim/environment/pythonpath.dsv
[25.566s] -- Installing: /home/maghetto/ros2_ws/install/turtlesim/lib/python3.8/site-packages/turtlesim/__init__.py
[25.610s] Compiling '/home/maghetto/ros2_ws/install/turtlesim/lib/python3.8/site-packages/turtlesim/__init__.py'...
[25.613s] -- Installing: /home/maghetto/ros2_ws/install/turtlesim/lib/python3.8/site-packages/turtlesim/action
[25.614s] -- Installing: /home/maghetto/ros2_ws/install/turtlesim/lib/python3.8/site-packages/turtlesim/action/_rotate_absolute_s.c
[25.614s] -- Installing: /home/maghetto/ros2_ws/install/turtlesim/lib/python3.8/site-packages/turtlesim/action/__init__.py
[25.614s] -- Installing: /home/maghetto/ros2_ws/install/turtlesim/lib/python3.8/site-packages/turtlesim/action/_rotate_absolute.py
[25.614s] -- Installing: /home/maghetto/ros2_ws/install/turtlesim/lib/python3.8/site-packages/turtlesim/msg
[25.614s] -- Installing: /home/maghetto/ros2_ws/install/turtlesim/lib/python3.8/site-packages/turtlesim/msg/_color_s.c
[25.615s] -- Installing: /home/maghetto/ros2_ws/install/turtlesim/lib/python3.8/site-packages/turtlesim/msg/_pose_s.c
[25.615s] -- Installing: /home/maghetto/ros2_ws/install/turtlesim/lib/python3.8/site-packages/turtlesim/msg/_color.py
[25.615s] -- Installing: /home/maghetto/ros2_ws/install/turtlesim/lib/python3.8/site-packages/turtlesim/msg/__init__.py
[25.615s] -- Installing: /home/maghetto/ros2_ws/install/turtlesim/lib/python3.8/site-packages/turtlesim/msg/_pose.py
[25.615s] -- Installing: /home/maghetto/ros2_ws/install/turtlesim/lib/python3.8/site-packages/turtlesim/srv
[25.615s] -- Installing: /home/maghetto/ros2_ws/install/turtlesim/lib/python3.8/site-packages/turtlesim/srv/_teleport_relative.py
[25.623s] -- Installing: /home/maghetto/ros2_ws/install/turtlesim/lib/python3.8/site-packages/turtlesim/srv/_teleport_relative_s.c
[25.623s] -- Installing: /home/maghetto/ros2_ws/install/turtlesim/lib/python3.8/site-packages/turtlesim/srv/_set_pen_s.c
[25.623s] -- Installing: /home/maghetto/ros2_ws/install/turtlesim/lib/python3.8/site-packages/turtlesim/srv/_spawn.py
[25.623s] -- Installing: /home/maghetto/ros2_ws/install/turtlesim/lib/python3.8/site-packages/turtlesim/srv/_set_pen.py
[25.623s] -- Installing: /home/maghetto/ros2_ws/install/turtlesim/lib/python3.8/site-packages/turtlesim/srv/_teleport_absolute.py
[25.623s] -- Installing: /home/maghetto/ros2_ws/install/turtlesim/lib/python3.8/site-packages/turtlesim/srv/__init__.py
[25.624s] -- Installing: /home/maghetto/ros2_ws/install/turtlesim/lib/python3.8/site-packages/turtlesim/srv/_kill_s.c
[25.624s] -- Installing: /home/maghetto/ros2_ws/install/turtlesim/lib/python3.8/site-packages/turtlesim/srv/_kill.py
[25.624s] -- Installing: /home/maghetto/ros2_ws/install/turtlesim/lib/python3.8/site-packages/turtlesim/srv/_spawn_s.c
[25.624s] -- Installing: /home/maghetto/ros2_ws/install/turtlesim/lib/python3.8/site-packages/turtlesim/srv/_teleport_absolute_s.c
[25.624s] -- Installing: /home/maghetto/ros2_ws/install/turtlesim/lib/python3.8/site-packages/turtlesim/turtlesim_s__rosidl_typesupport_fastrtps_c.cpython-38-x86_64-linux-gnu.so
[25.625s] -- Set runtime path of "/home/maghetto/ros2_ws/install/turtlesim/lib/python3.8/site-packages/turtlesim/turtlesim_s__rosidl_typesupport_fastrtps_c.cpython-38-x86_64-linux-gnu.so" to ""
[25.625s] -- Installing: /home/maghetto/ros2_ws/install/turtlesim/lib/python3.8/site-packages/turtlesim/turtlesim_s__rosidl_typesupport_introspection_c.cpython-38-x86_64-linux-gnu.so
[25.625s] -- Set runtime path of "/home/maghetto/ros2_ws/install/turtlesim/lib/python3.8/site-packages/turtlesim/turtlesim_s__rosidl_typesupport_introspection_c.cpython-38-x86_64-linux-gnu.so" to ""
[25.626s] -- Installing: /home/maghetto/ros2_ws/install/turtlesim/lib/python3.8/site-packages/turtlesim/turtlesim_s__rosidl_typesupport_c.cpython-38-x86_64-linux-gnu.so
[25.626s] -- Set runtime path of "/home/maghetto/ros2_ws/install/turtlesim/lib/python3.8/site-packages/turtlesim/turtlesim_s__rosidl_typesupport_c.cpython-38-x86_64-linux-gnu.so" to ""
[25.626s] -- Installing: /home/maghetto/ros2_ws/install/turtlesim/lib/libturtlesim__python.so
[25.626s] -- Set runtime path of "/home/maghetto/ros2_ws/install/turtlesim/lib/libturtlesim__python.so" to ""
[25.626s] -- Installing: /home/maghetto/ros2_ws/install/turtlesim/share/turtlesim/action/RotateAbsolute.idl
[25.626s] -- Installing: /home/maghetto/ros2_ws/install/turtlesim/share/turtlesim/msg/Color.idl
[25.627s] -- Installing: /home/maghetto/ros2_ws/install/turtlesim/share/turtlesim/msg/Pose.idl
[25.627s] -- Installing: /home/maghetto/ros2_ws/install/turtlesim/share/turtlesim/srv/Kill.idl
[25.627s] -- Installing: /home/maghetto/ros2_ws/install/turtlesim/share/turtlesim/srv/SetPen.idl
[25.628s] -- Installing: /home/maghetto/ros2_ws/install/turtlesim/share/turtlesim/srv/Spawn.idl
[25.628s] -- Installing: /home/maghetto/ros2_ws/install/turtlesim/share/turtlesim/srv/TeleportAbsolute.idl
[25.628s] -- Installing: /home/maghetto/ros2_ws/install/turtlesim/share/turtlesim/srv/TeleportRelative.idl
[25.629s] -- Installing: /home/maghetto/ros2_ws/install/turtlesim/share/turtlesim/action/RotateAbsolute.action
[25.629s] -- Installing: /home/maghetto/ros2_ws/install/turtlesim/share/turtlesim/msg/Color.msg
[25.629s] -- Installing: /home/maghetto/ros2_ws/install/turtlesim/share/turtlesim/msg/Pose.msg
[25.629s] -- Installing: /home/maghetto/ros2_ws/install/turtlesim/share/turtlesim/srv/Kill.srv
[25.629s] -- Installing: /home/maghetto/ros2_ws/install/turtlesim/share/turtlesim/srv/Kill_Request.msg
[25.629s] -- Installing: /home/maghetto/ros2_ws/install/turtlesim/share/turtlesim/srv/Kill_Response.msg
[25.629s] -- Installing: /home/maghetto/ros2_ws/install/turtlesim/share/turtlesim/srv/SetPen.srv
[25.629s] -- Installing: /home/maghetto/ros2_ws/install/turtlesim/share/turtlesim/srv/SetPen_Request.msg
[25.629s] -- Installing: /home/maghetto/ros2_ws/install/turtlesim/share/turtlesim/srv/SetPen_Response.msg
[25.630s] -- Installing: /home/maghetto/ros2_ws/install/turtlesim/share/turtlesim/srv/Spawn.srv
[25.630s] -- Installing: /home/maghetto/ros2_ws/install/turtlesim/share/turtlesim/srv/Spawn_Request.msg
[25.630s] -- Installing: /home/maghetto/ros2_ws/install/turtlesim/share/turtlesim/srv/Spawn_Response.msg
[25.630s] -- Installing: /home/maghetto/ros2_ws/install/turtlesim/share/turtlesim/srv/TeleportAbsolute.srv
[25.630s] -- Installing: /home/maghetto/ros2_ws/install/turtlesim/share/turtlesim/srv/TeleportAbsolute_Request.msg
[25.630s] -- Installing: /home/maghetto/ros2_ws/install/turtlesim/share/turtlesim/srv/TeleportAbsolute_Response.msg
[25.630s] -- Installing: /home/maghetto/ros2_ws/install/turtlesim/share/turtlesim/srv/TeleportRelative.srv
[25.630s] -- Installing: /home/maghetto/ros2_ws/install/turtlesim/share/turtlesim/srv/TeleportRelative_Request.msg
[25.630s] -- Installing: /home/maghetto/ros2_ws/install/turtlesim/share/turtlesim/srv/TeleportRelative_Response.msg
[25.630s] -- Installing: /home/maghetto/ros2_ws/install/turtlesim/lib/turtlesim/turtlesim_node
[25.634s] -- Set runtime path of "/home/maghetto/ros2_ws/install/turtlesim/lib/turtlesim/turtlesim_node" to ""
[25.634s] -- Installing: /home/maghetto/ros2_ws/install/turtlesim/lib/turtlesim/turtle_teleop_key
[25.635s] -- Set runtime path of "/home/maghetto/ros2_ws/install/turtlesim/lib/turtlesim/turtle_teleop_key" to ""
[25.635s] -- Installing: /home/maghetto/ros2_ws/install/turtlesim/lib/turtlesim/draw_square
[25.637s] -- Set runtime path of "/home/maghetto/ros2_ws/install/turtlesim/lib/turtlesim/draw_square" to ""
[25.637s] -- Installing: /home/maghetto/ros2_ws/install/turtlesim/lib/turtlesim/mimic
[25.639s] -- Set runtime path of "/home/maghetto/ros2_ws/install/turtlesim/lib/turtlesim/mimic" to ""
[25.640s] -- Installing: /home/maghetto/ros2_ws/install/turtlesim/share/turtlesim/images
[25.640s] -- Installing: /home/maghetto/ros2_ws/install/turtlesim/share/turtlesim/images/foxy.png
[25.640s] -- Installing: /home/maghetto/ros2_ws/install/turtlesim/share/turtlesim/images/crystal.png
[25.640s] -- Installing: /home/maghetto/ros2_ws/install/turtlesim/share/turtlesim/images/eloquent.png
[25.640s] -- Installing: /home/maghetto/ros2_ws/install/turtlesim/share/turtlesim/images/ardent.png
[25.640s] -- Installing: /home/maghetto/ros2_ws/install/turtlesim/share/turtlesim/images/bouncy.png
[25.640s] -- Installing: /home/maghetto/ros2_ws/install/turtlesim/share/turtlesim/images/dashing.png
[25.640s] -- Installing: /home/maghetto/ros2_ws/install/turtlesim/share/turtlesim/launch
[25.641s] -- Installing: /home/maghetto/ros2_ws/install/turtlesim/share/turtlesim/launch/multisim.launch.py
[25.641s] -- Installing: /home/maghetto/ros2_ws/install/turtlesim/share/ament_index/resource_index/package_run_dependencies/turtlesim
[25.642s] -- Installing: /home/maghetto/ros2_ws/install/turtlesim/share/ament_index/resource_index/parent_prefix_path/turtlesim
[25.642s] -- Installing: /home/maghetto/ros2_ws/install/turtlesim/share/turtlesim/environment/ament_prefix_path.sh
[25.642s] -- Installing: /home/maghetto/ros2_ws/install/turtlesim/share/turtlesim/environment/ament_prefix_path.dsv
[25.643s] -- Installing: /home/maghetto/ros2_ws/install/turtlesim/share/turtlesim/environment/path.sh
[25.643s] -- Installing: /home/maghetto/ros2_ws/install/turtlesim/share/turtlesim/environment/path.dsv
[25.643s] -- Installing: /home/maghetto/ros2_ws/install/turtlesim/share/turtlesim/local_setup.bash
[25.643s] -- Installing: /home/maghetto/ros2_ws/install/turtlesim/share/turtlesim/local_setup.sh
[25.643s] -- Installing: /home/maghetto/ros2_ws/install/turtlesim/share/turtlesim/local_setup.zsh
[25.644s] -- Installing: /home/maghetto/ros2_ws/install/turtlesim/share/turtlesim/local_setup.dsv
[25.644s] -- Installing: /home/maghetto/ros2_ws/install/turtlesim/share/turtlesim/package.dsv
[25.644s] -- Installing: /home/maghetto/ros2_ws/install/turtlesim/share/ament_index/resource_index/packages/turtlesim
[25.645s] -- Installing: /home/maghetto/ros2_ws/install/turtlesim/share/turtlesim/cmake/turtlesim__rosidl_generator_cExport.cmake
[25.645s] -- Installing: /home/maghetto/ros2_ws/install/turtlesim/share/turtlesim/cmake/turtlesim__rosidl_generator_cExport-noconfig.cmake
[25.645s] -- Installing: /home/maghetto/ros2_ws/install/turtlesim/share/turtlesim/cmake/turtlesim__rosidl_typesupport_introspection_cExport.cmake
[25.646s] -- Installing: /home/maghetto/ros2_ws/install/turtlesim/share/turtlesim/cmake/turtlesim__rosidl_typesupport_introspection_cExport-noconfig.cmake
[25.646s] -- Installing: /home/maghetto/ros2_ws/install/turtlesim/share/turtlesim/cmake/turtlesim__rosidl_typesupport_cExport.cmake
[25.647s] -- Installing: /home/maghetto/ros2_ws/install/turtlesim/share/turtlesim/cmake/turtlesim__rosidl_typesupport_cExport-noconfig.cmake
[25.647s] -- Installing: /home/maghetto/ros2_ws/install/turtlesim/share/turtlesim/cmake/turtlesim__rosidl_generator_cppExport.cmake
[25.647s] -- Installing: /home/maghetto/ros2_ws/install/turtlesim/share/turtlesim/cmake/turtlesim__rosidl_typesupport_introspection_cppExport.cmake
[25.647s] -- Installing: /home/maghetto/ros2_ws/install/turtlesim/share/turtlesim/cmake/turtlesim__rosidl_typesupport_introspection_cppExport-noconfig.cmake
[25.647s] -- Installing: /home/maghetto/ros2_ws/install/turtlesim/share/turtlesim/cmake/turtlesim__rosidl_typesupport_cppExport.cmake
[25.647s] -- Installing: /home/maghetto/ros2_ws/install/turtlesim/share/turtlesim/cmake/turtlesim__rosidl_typesupport_cppExport-noconfig.cmake
[25.647s] -- Installing: /home/maghetto/ros2_ws/install/turtlesim/share/turtlesim/cmake/rosidl_cmake-extras.cmake
[25.647s] -- Installing: /home/maghetto/ros2_ws/install/turtlesim/share/turtlesim/cmake/ament_cmake_export_dependencies-extras.cmake
[25.647s] -- Installing: /home/maghetto/ros2_ws/install/turtlesim/share/turtlesim/cmake/ament_cmake_export_libraries-extras.cmake
[25.648s] -- Installing: /home/maghetto/ros2_ws/install/turtlesim/share/turtlesim/cmake/ament_cmake_export_targets-extras.cmake
[25.648s] -- Installing: /home/maghetto/ros2_ws/install/turtlesim/share/turtlesim/cmake/ament_cmake_export_include_directories-extras.cmake
[25.648s] -- Installing: /home/maghetto/ros2_ws/install/turtlesim/share/turtlesim/cmake/rosidl_cmake_export_typesupport_libraries-extras.cmake
[25.648s] -- Installing: /home/maghetto/ros2_ws/install/turtlesim/share/turtlesim/cmake/rosidl_cmake_export_typesupport_targets-extras.cmake
[25.648s] -- Installing: /home/maghetto/ros2_ws/install/turtlesim/share/turtlesim/cmake/turtlesimConfig.cmake
[25.648s] -- Installing: /home/maghetto/ros2_ws/install/turtlesim/share/turtlesim/cmake/turtlesimConfig-version.cmake
[25.648s] -- Installing: /home/maghetto/ros2_ws/install/turtlesim/share/turtlesim/package.xml
[25.651s] Invoked command in '/home/maghetto/ros2_ws/build/turtlesim' returned '0': CMAKE_PREFIX_PATH=${CMAKE_PREFIX_PATH}:/home/maghetto/ros2_ws/install/examples_rclpy_minimal_subscriber:/home/maghetto/ros2_ws/install/examples_rclpy_minimal_service:/home/maghetto/ros2_ws/install/examples_rclpy_minimal_publisher:/home/maghetto/ros2_ws/install/examples_rclpy_minimal_client:/home/maghetto/ros2_ws/install/examples_rclpy_minimal_action_server:/home/maghetto/ros2_ws/install/examples_rclpy_minimal_action_client:/home/maghetto/ros2_ws/install/examples_rclpy_executors:/opt/ros/foxy /usr/bin/cmake --install /home/maghetto/ros2_ws/build/turtlesim
