[0.268s] Invoking command in '/home/maghetto/ros2_ws/build/examples_rclcpp_multithreaded_executor': CMAKE_PREFIX_PATH=/opt/ros/foxy /usr/bin/cmake /home/maghetto/ros2_ws/src/examples/rclcpp/executors/multithreaded_executor -DAMENT_CMAKE_SYMLINK_INSTALL=1 -DCMAKE_INSTALL_PREFIX=/home/maghetto/ros2_ws/install/examples_rclcpp_multithreaded_executor
[0.445s] -- The C compiler identification is GNU 9.4.0
[0.567s] -- The CXX compiler identification is GNU 9.4.0
[0.586s] -- Check for working C compiler: /usr/bin/cc
[0.874s] -- Check for working C compiler: /usr/bin/cc -- works
[0.875s] -- Detecting C compiler ABI info
[1.147s] -- Detecting C compiler ABI info - done
[1.186s] -- Detecting C compile features
[1.188s] -- Detecting C compile features - done
[1.192s] -- Check for working CXX compiler: /usr/bin/c++
[1.356s] -- Check for working CXX compiler: /usr/bin/c++ -- works
[1.356s] -- Detecting CXX compiler ABI info
[1.614s] -- Detecting CXX compiler ABI info - done
[1.643s] -- Detecting CXX compile features
[1.644s] -- Detecting CXX compile features - done
[1.646s] -- Found ament_cmake: 0.9.12 (/opt/ros/foxy/share/ament_cmake/cmake)
[1.709s] -- Found PythonInterp: /usr/bin/python3 (found suitable version "3.8.10", minimum required is "3") 
[1.709s] -- Using PYTHON_EXECUTABLE: /usr/bin/python3
[2.230s] -- Override CMake install command with custom implementation using symlinks instead of copying resources
[2.325s] -- Found rclcpp: 2.4.3 (/opt/ros/foxy/share/rclcpp/cmake)
[2.392s] -- Using all available rosidl_typesupport_c: rosidl_typesupport_fastrtps_c;rosidl_typesupport_introspection_c
[2.400s] -- Found rosidl_adapter: 1.3.1 (/opt/ros/foxy/share/rosidl_adapter/cmake)
[2.653s] -- Found OpenSSL: /usr/lib/x86_64-linux-gnu/libcrypto.so (found version "1.1.1f")  
[2.715s] -- Found FastRTPS: /opt/ros/foxy/include  
[3.477s] -- Using all available rosidl_typesupport_cpp: rosidl_typesupport_fastrtps_cpp;rosidl_typesupport_introspection_cpp
[3.550s] -- Found rmw_implementation_cmake: 1.0.4 (/opt/ros/foxy/share/rmw_implementation_cmake/cmake)
[3.552s] -- Using RMW implementation 'rmw_fastrtps_cpp' as default
[3.553s] -- Looking for pthread.h
[5.806s] -- Looking for pthread.h - found
[5.807s] -- Performing Test CMAKE_HAVE_LIBC_PTHREAD
[6.032s] -- Performing Test CMAKE_HAVE_LIBC_PTHREAD - Failed
[6.032s] -- Looking for pthread_create in pthreads
[7.027s] -- Looking for pthread_create in pthreads - not found
[7.027s] -- Looking for pthread_create in pthread
[7.257s] -- Looking for pthread_create in pthread - found
[7.259s] -- Found Threads: TRUE  
[7.463s] -- Found ament_lint_auto: 0.9.8 (/opt/ros/foxy/share/ament_lint_auto/cmake)
[7.590s] -- Added test 'copyright' to check source files copyright and LICENSE
[7.591s] -- Added test 'cppcheck' to perform static code analysis on C / C++ code
[7.591s] -- Configured cppcheck include dirs: 
[7.592s] -- Configured cppcheck exclude dirs and/or files: 
[7.592s] -- Added test 'cpplint' to check C / C++ code against the Google style
[7.592s] -- Configured cpplint exclude dirs and/or files: 
[7.593s] -- Added test 'lint_cmake' to check CMake code style
[7.594s] -- Added test 'uncrustify' to check C / C++ code style
[7.594s] -- Configured uncrustify additional arguments: 
[7.595s] -- Added test 'xmllint' to check XML markup files
[7.599s] -- Configuring done
[7.607s] -- Generating done
[7.613s] -- Build files have been written to: /home/maghetto/ros2_ws/build/examples_rclcpp_multithreaded_executor
[7.767s] Invoked command in '/home/maghetto/ros2_ws/build/examples_rclcpp_multithreaded_executor' returned '0': CMAKE_PREFIX_PATH=/opt/ros/foxy /usr/bin/cmake /home/maghetto/ros2_ws/src/examples/rclcpp/executors/multithreaded_executor -DAMENT_CMAKE_SYMLINK_INSTALL=1 -DCMAKE_INSTALL_PREFIX=/home/maghetto/ros2_ws/install/examples_rclcpp_multithreaded_executor
[7.768s] Invoking command in '/home/maghetto/ros2_ws/build/examples_rclcpp_multithreaded_executor': CMAKE_PREFIX_PATH=/opt/ros/foxy /usr/bin/cmake --build /home/maghetto/ros2_ws/build/examples_rclcpp_multithreaded_executor -- -j5 -l5
[7.848s] [35m[1mScanning dependencies of target multithreaded_executor[0m
[7.961s] [ 50%] [32mBuilding CXX object CMakeFiles/multithreaded_executor.dir/multithreaded_executor.cpp.o[0m
[15.230s] [100%] [32m[1mLinking CXX executable multithreaded_executor[0m
[15.495s] [100%] Built target multithreaded_executor
[16.012s] Invoked command in '/home/maghetto/ros2_ws/build/examples_rclcpp_multithreaded_executor' returned '0': CMAKE_PREFIX_PATH=/opt/ros/foxy /usr/bin/cmake --build /home/maghetto/ros2_ws/build/examples_rclcpp_multithreaded_executor -- -j5 -l5
[16.496s] Invoking command in '/home/maghetto/ros2_ws/build/examples_rclcpp_multithreaded_executor': CMAKE_PREFIX_PATH=/opt/ros/foxy /usr/bin/cmake --install /home/maghetto/ros2_ws/build/examples_rclcpp_multithreaded_executor
[16.516s] -- Install configuration: ""
[16.517s] -- Execute custom install script
[16.517s] -- Symlinking: /home/maghetto/ros2_ws/install/examples_rclcpp_multithreaded_executor/lib/examples_rclcpp_multithreaded_executor/multithreaded_executor
[16.530s] -- Symlinking: /home/maghetto/ros2_ws/install/examples_rclcpp_multithreaded_executor/share/ament_index/resource_index/package_run_dependencies/examples_rclcpp_multithreaded_executor
[16.552s] -- Symlinking: /home/maghetto/ros2_ws/install/examples_rclcpp_multithreaded_executor/share/ament_index/resource_index/parent_prefix_path/examples_rclcpp_multithreaded_executor
[16.568s] -- Symlinking: /home/maghetto/ros2_ws/install/examples_rclcpp_multithreaded_executor/share/examples_rclcpp_multithreaded_executor/environment/ament_prefix_path.sh
[16.586s] -- Symlinking: /home/maghetto/ros2_ws/install/examples_rclcpp_multithreaded_executor/share/examples_rclcpp_multithreaded_executor/environment/ament_prefix_path.dsv
[16.604s] -- Symlinking: /home/maghetto/ros2_ws/install/examples_rclcpp_multithreaded_executor/share/examples_rclcpp_multithreaded_executor/environment/path.sh
[16.622s] -- Symlinking: /home/maghetto/ros2_ws/install/examples_rclcpp_multithreaded_executor/share/examples_rclcpp_multithreaded_executor/environment/path.dsv
[16.640s] -- Symlinking: /home/maghetto/ros2_ws/install/examples_rclcpp_multithreaded_executor/share/examples_rclcpp_multithreaded_executor/local_setup.bash
[16.656s] -- Symlinking: /home/maghetto/ros2_ws/install/examples_rclcpp_multithreaded_executor/share/examples_rclcpp_multithreaded_executor/local_setup.sh
[16.674s] -- Symlinking: /home/maghetto/ros2_ws/install/examples_rclcpp_multithreaded_executor/share/examples_rclcpp_multithreaded_executor/local_setup.zsh
[16.688s] -- Symlinking: /home/maghetto/ros2_ws/install/examples_rclcpp_multithreaded_executor/share/examples_rclcpp_multithreaded_executor/local_setup.dsv
[16.707s] -- Symlinking: /home/maghetto/ros2_ws/install/examples_rclcpp_multithreaded_executor/share/examples_rclcpp_multithreaded_executor/package.dsv
[16.721s] -- Symlinking: /home/maghetto/ros2_ws/install/examples_rclcpp_multithreaded_executor/share/ament_index/resource_index/packages/examples_rclcpp_multithreaded_executor
[16.736s] -- Symlinking: /home/maghetto/ros2_ws/install/examples_rclcpp_multithreaded_executor/share/examples_rclcpp_multithreaded_executor/cmake/examples_rclcpp_multithreaded_executorConfig.cmake
[16.756s] -- Symlinking: /home/maghetto/ros2_ws/install/examples_rclcpp_multithreaded_executor/share/examples_rclcpp_multithreaded_executor/cmake/examples_rclcpp_multithreaded_executorConfig-version.cmake
[16.768s] -- Symlinking: /home/maghetto/ros2_ws/install/examples_rclcpp_multithreaded_executor/share/examples_rclcpp_multithreaded_executor/package.xml
[16.792s] Invoked command in '/home/maghetto/ros2_ws/build/examples_rclcpp_multithreaded_executor' returned '0': CMAKE_PREFIX_PATH=/opt/ros/foxy /usr/bin/cmake --install /home/maghetto/ros2_ws/build/examples_rclcpp_multithreaded_executor
