[0.205s] Invoking command in '/home/maghetto/ros2_ws/build/more_interfaces': CMAKE_PREFIX_PATH=${CMAKE_PREFIX_PATH}:/home/maghetto/ros2_ws/install/examples_rclpy_minimal_subscriber:/home/maghetto/ros2_ws/install/examples_rclpy_minimal_service:/home/maghetto/ros2_ws/install/examples_rclpy_minimal_publisher:/home/maghetto/ros2_ws/install/examples_rclpy_minimal_client:/home/maghetto/ros2_ws/install/examples_rclpy_minimal_action_server:/home/maghetto/ros2_ws/install/examples_rclpy_minimal_action_client:/home/maghetto/ros2_ws/install/examples_rclpy_executors:/opt/ros/foxy /usr/bin/cmake /home/maghetto/ros2_ws/src/more_interfaces -DCMAKE_INSTALL_PREFIX=/home/maghetto/ros2_ws/install/more_interfaces
[0.304s] -- The C compiler identification is GNU 9.4.0
[0.403s] -- The CXX compiler identification is GNU 9.4.0
[0.409s] -- Check for working C compiler: /usr/bin/cc
[0.527s] -- Check for working C compiler: /usr/bin/cc -- works
[0.528s] -- Detecting C compiler ABI info
[0.692s] -- Detecting C compiler ABI info - done
[0.730s] -- Detecting C compile features
[0.731s] -- Detecting C compile features - done
[0.735s] -- Check for working CXX compiler: /usr/bin/c++
[0.929s] -- Check for working CXX compiler: /usr/bin/c++ -- works
[0.938s] -- Detecting CXX compiler ABI info
[1.091s] -- Detecting CXX compiler ABI info - done
[1.129s] -- Detecting CXX compile features
[1.131s] -- Detecting CXX compile features - done
[1.140s] -- Found ament_cmake: 0.9.12 (/opt/ros/foxy/share/ament_cmake/cmake)
[1.185s] -- Found PythonInterp: /usr/bin/python3 (found suitable version "3.8.10", minimum required is "3") 
[1.186s] -- Using PYTHON_EXECUTABLE: /usr/bin/python3
[1.429s] -- Found rosidl_default_generators: 1.0.1 (/opt/ros/foxy/share/rosidl_default_generators/cmake)
[1.443s] -- Using all available rosidl_typesupport_c: rosidl_typesupport_fastrtps_c;rosidl_typesupport_introspection_c
[1.455s] -- Found rosidl_adapter: 1.3.1 (/opt/ros/foxy/share/rosidl_adapter/cmake)
[1.591s] -- Found OpenSSL: /usr/lib/x86_64-linux-gnu/libcrypto.so (found version "1.1.1f")  
[1.653s] -- Found FastRTPS: /opt/ros/foxy/include  
[1.767s] -- Using all available rosidl_typesupport_cpp: rosidl_typesupport_fastrtps_cpp;rosidl_typesupport_introspection_cpp
[1.815s] -- Found rclcpp: 2.4.3 (/opt/ros/foxy/share/rclcpp/cmake)
[1.911s] -- Found rmw_implementation_cmake: 1.0.4 (/opt/ros/foxy/share/rmw_implementation_cmake/cmake)
[1.913s] -- Using RMW implementation 'rmw_fastrtps_cpp' as default
[1.916s] -- Looking for pthread.h
[2.068s] -- Looking for pthread.h - found
[2.068s] -- Performing Test CMAKE_HAVE_LIBC_PTHREAD
[2.239s] -- Performing Test CMAKE_HAVE_LIBC_PTHREAD - Failed
[2.240s] -- Looking for pthread_create in pthreads
[2.413s] -- Looking for pthread_create in pthreads - not found
[2.413s] -- Looking for pthread_create in pthread
[2.543s] -- Looking for pthread_create in pthread - found
[2.544s] -- Found Threads: TRUE  
[2.807s] -- Found PythonInterp: /usr/bin/python3 (found version "3.8.10") 
[2.967s] -- Found ament_cmake_ros: 0.9.2 (/opt/ros/foxy/share/ament_cmake_ros/cmake)
[3.141s] -- Using all available rosidl_typesupport_c: rosidl_typesupport_fastrtps_c;rosidl_typesupport_introspection_c
[3.164s] -- Using all available rosidl_typesupport_cpp: rosidl_typesupport_fastrtps_cpp;rosidl_typesupport_introspection_cpp
[3.218s] -- Found PythonInterp: /usr/bin/python3 (found suitable version "3.8.10", minimum required is "3.5") 
[3.222s] -- Found python_cmake_module: 0.8.1 (/opt/ros/foxy/share/python_cmake_module/cmake)
[3.266s] -- Found PythonLibs: /usr/lib/x86_64-linux-gnu/libpython3.8.so (found suitable version "3.8.10", minimum required is "3.5") 
[3.266s] -- Using PYTHON_EXECUTABLE: /usr/bin/python3
[3.266s] -- Using PYTHON_INCLUDE_DIRS: /usr/include/python3.8
[3.266s] -- Using PYTHON_LIBRARIES: /usr/lib/x86_64-linux-gnu/libpython3.8.so
[3.301s] -- Found PythonExtra: .so  
[3.362s] -- Found ament_lint_auto: 0.9.8 (/opt/ros/foxy/share/ament_lint_auto/cmake)
[3.398s] -- Added test 'copyright' to check source files copyright and LICENSE
[3.399s] -- Added test 'cppcheck' to perform static code analysis on C / C++ code
[3.401s] -- Configured cppcheck include dirs: 
[3.401s] -- Configured cppcheck exclude dirs and/or files: 
[3.403s] -- Added test 'cpplint' to check C / C++ code against the Google style
[3.403s] -- Configured cpplint exclude dirs and/or files: 
[3.404s] -- Added test 'lint_cmake' to check CMake code style
[3.405s] -- Added test 'uncrustify' to check C / C++ code style
[3.406s] -- Configured uncrustify additional arguments: 
[3.406s] -- Added test 'xmllint' to check XML markup files
[3.412s] -- Configuring done
[3.448s] -- Generating done
[3.451s] -- Build files have been written to: /home/maghetto/ros2_ws/build/more_interfaces
[3.485s] Invoked command in '/home/maghetto/ros2_ws/build/more_interfaces' returned '0': CMAKE_PREFIX_PATH=${CMAKE_PREFIX_PATH}:/home/maghetto/ros2_ws/install/examples_rclpy_minimal_subscriber:/home/maghetto/ros2_ws/install/examples_rclpy_minimal_service:/home/maghetto/ros2_ws/install/examples_rclpy_minimal_publisher:/home/maghetto/ros2_ws/install/examples_rclpy_minimal_client:/home/maghetto/ros2_ws/install/examples_rclpy_minimal_action_server:/home/maghetto/ros2_ws/install/examples_rclpy_minimal_action_client:/home/maghetto/ros2_ws/install/examples_rclpy_executors:/opt/ros/foxy /usr/bin/cmake /home/maghetto/ros2_ws/src/more_interfaces -DCMAKE_INSTALL_PREFIX=/home/maghetto/ros2_ws/install/more_interfaces
[3.486s] Invoking command in '/home/maghetto/ros2_ws/build/more_interfaces': CMAKE_PREFIX_PATH=${CMAKE_PREFIX_PATH}:/home/maghetto/ros2_ws/install/examples_rclpy_minimal_subscriber:/home/maghetto/ros2_ws/install/examples_rclpy_minimal_service:/home/maghetto/ros2_ws/install/examples_rclpy_minimal_publisher:/home/maghetto/ros2_ws/install/examples_rclpy_minimal_client:/home/maghetto/ros2_ws/install/examples_rclpy_minimal_action_server:/home/maghetto/ros2_ws/install/examples_rclpy_minimal_action_client:/home/maghetto/ros2_ws/install/examples_rclpy_executors:/opt/ros/foxy /usr/bin/cmake --build /home/maghetto/ros2_ws/build/more_interfaces -- -j6 -l6
[3.596s] [35m[1mScanning dependencies of target more_interfaces__cpp[0m
[3.597s] [  3%] [34m[1mGenerating C code for ROS interfaces[0m
[3.638s] [  6%] [34m[1mGenerating C++ code for ROS interfaces[0m
[3.949s] [35m[1mScanning dependencies of target more_interfaces__rosidl_generator_c[0m
[3.962s] [  6%] Built target more_interfaces__cpp
[3.982s] [ 12%] [34m[1mGenerating C++ introspection for ROS interfaces[0m
[3.982s] [ 15%] [32mBuilding C object CMakeFiles/more_interfaces__rosidl_generator_c.dir/rosidl_generator_c/more_interfaces/msg/detail/address_book__functions.c.o[0m
[3.983s] [ 15%] [34m[1mGenerating C++ type support dispatch for ROS interfaces[0m
[3.988s] [ 18%] [34m[1mGenerating C++ type support for eProsima Fast-RTPS[0m
[4.060s] [ 21%] [32m[1mLinking C shared library libmore_interfaces__rosidl_generator_c.so[0m
[4.109s] [ 21%] Built target more_interfaces__rosidl_generator_c
[4.126s] [ 24%] [34m[1mGenerating C type support dispatch for ROS interfaces[0m
[4.126s] [ 27%] [34m[1mGenerating C introspection for ROS interfaces[0m
[4.238s] [35m[1mScanning dependencies of target more_interfaces__rosidl_typesupport_cpp[0m
[4.312s] [ 30%] [32mBuilding CXX object CMakeFiles/more_interfaces__rosidl_typesupport_cpp.dir/rosidl_typesupport_cpp/more_interfaces/msg/address_book__type_support.cpp.o[0m
[4.312s] [35m[1mScanning dependencies of target more_interfaces__rosidl_typesupport_introspection_cpp[0m
[4.318s] [35m[1mScanning dependencies of target more_interfaces__rosidl_typesupport_fastrtps_cpp[0m
[4.342s] [ 33%] [32mBuilding CXX object CMakeFiles/more_interfaces__rosidl_typesupport_introspection_cpp.dir/rosidl_typesupport_introspection_cpp/more_interfaces/msg/detail/address_book__type_support.cpp.o[0m
[4.357s] [ 36%] [32mBuilding CXX object CMakeFiles/more_interfaces__rosidl_typesupport_fastrtps_cpp.dir/rosidl_typesupport_fastrtps_cpp/more_interfaces/msg/detail/dds_fastrtps/address_book__type_support.cpp.o[0m
[4.446s] [35m[1mScanning dependencies of target more_interfaces__rosidl_typesupport_c[0m
[4.466s] [ 39%] [32mBuilding CXX object CMakeFiles/more_interfaces__rosidl_typesupport_c.dir/rosidl_typesupport_c/more_interfaces/msg/address_book__type_support.cpp.o[0m
[4.478s] [35m[1mScanning dependencies of target more_interfaces__rosidl_typesupport_introspection_c[0m
[4.498s] [ 42%] [32mBuilding C object CMakeFiles/more_interfaces__rosidl_typesupport_introspection_c.dir/rosidl_typesupport_introspection_c/more_interfaces/msg/detail/address_book__type_support.c.o[0m
[4.514s] [ 45%] [32m[1mLinking CXX shared library libmore_interfaces__rosidl_typesupport_c.so[0m
[4.547s] [ 48%] [32m[1mLinking C shared library libmore_interfaces__rosidl_typesupport_introspection_c.so[0m
[4.576s] [ 48%] Built target more_interfaces__rosidl_typesupport_c
[4.614s] [ 48%] Built target more_interfaces__rosidl_typesupport_introspection_c
[4.719s] [ 51%] [32m[1mLinking CXX shared library libmore_interfaces__rosidl_typesupport_cpp.so[0m
[4.747s] [ 54%] [32m[1mLinking CXX shared library libmore_interfaces__rosidl_typesupport_introspection_cpp.so[0m
[4.802s] [ 54%] Built target more_interfaces__rosidl_typesupport_cpp
[4.872s] [ 54%] Built target more_interfaces__rosidl_typesupport_introspection_cpp
[4.963s] [ 57%] [32m[1mLinking CXX shared library libmore_interfaces__rosidl_typesupport_fastrtps_cpp.so[0m
[5.086s] [ 57%] Built target more_interfaces__rosidl_typesupport_fastrtps_cpp
[5.101s] [ 60%] [34m[1mGenerating C type support for eProsima Fast-RTPS[0m
[5.370s] [35m[1mScanning dependencies of target more_interfaces__rosidl_typesupport_fastrtps_c[0m
[5.390s] [ 63%] [32mBuilding CXX object CMakeFiles/more_interfaces__rosidl_typesupport_fastrtps_c.dir/rosidl_typesupport_fastrtps_c/more_interfaces/msg/detail/address_book__type_support_c.cpp.o[0m
[5.798s] [ 66%] [32m[1mLinking CXX shared library libmore_interfaces__rosidl_typesupport_fastrtps_c.so[0m
[5.913s] [ 66%] Built target more_interfaces__rosidl_typesupport_fastrtps_c
[5.926s] [35m[1mScanning dependencies of target more_interfaces[0m
[5.965s] [ 66%] Built target more_interfaces
[5.982s] [35m[1mScanning dependencies of target more_interfaces__py[0m
[5.983s] [35m[1mScanning dependencies of target publish_address_book[0m
[6.017s] [ 69%] [34m[1mGenerating Python code for ROS interfaces[0m
[6.076s] [ 72%] [32mBuilding CXX object CMakeFiles/publish_address_book.dir/src/publish_address_book.cpp.o[0m
[6.497s] [ 72%] Built target more_interfaces__py
[6.511s] [35m[1mScanning dependencies of target more_interfaces__python[0m
[6.532s] [ 75%] [32mBuilding C object CMakeFiles/more_interfaces__python.dir/rosidl_generator_py/more_interfaces/msg/_address_book_s.c.o[0m
[6.634s] [ 78%] [32m[1mLinking C shared library rosidl_generator_py/more_interfaces/libmore_interfaces__python.so[0m
[6.680s] [ 78%] Built target more_interfaces__python
[6.696s] [35m[1mScanning dependencies of target more_interfaces__rosidl_typesupport_fastrtps_c__pyext[0m
[6.697s] [35m[1mScanning dependencies of target more_interfaces__rosidl_typesupport_c__pyext[0m
[6.697s] [35m[1mScanning dependencies of target more_interfaces__rosidl_typesupport_introspection_c__pyext[0m
[6.721s] [ 81%] [32mBuilding C object CMakeFiles/more_interfaces__rosidl_typesupport_introspection_c__pyext.dir/rosidl_generator_py/more_interfaces/_more_interfaces_s.ep.rosidl_typesupport_introspection_c.c.o[0m
[6.721s] [ 84%] [32mBuilding C object CMakeFiles/more_interfaces__rosidl_typesupport_c__pyext.dir/rosidl_generator_py/more_interfaces/_more_interfaces_s.ep.rosidl_typesupport_c.c.o[0m
[6.727s] [ 87%] [32mBuilding C object CMakeFiles/more_interfaces__rosidl_typesupport_fastrtps_c__pyext.dir/rosidl_generator_py/more_interfaces/_more_interfaces_s.ep.rosidl_typesupport_fastrtps_c.c.o[0m
[6.815s] [ 93%] [32m[1mLinking C shared library rosidl_generator_py/more_interfaces/more_interfaces_s__rosidl_typesupport_c.cpython-38-x86_64-linux-gnu.so[0m
[6.816s] [ 93%] [32m[1mLinking C shared library rosidl_generator_py/more_interfaces/more_interfaces_s__rosidl_typesupport_introspection_c.cpython-38-x86_64-linux-gnu.so[0m
[6.824s] [ 96%] [32m[1mLinking CXX shared library rosidl_generator_py/more_interfaces/more_interfaces_s__rosidl_typesupport_fastrtps_c.cpython-38-x86_64-linux-gnu.so[0m
[6.865s] [ 96%] Built target more_interfaces__rosidl_typesupport_c__pyext
[6.865s] [ 96%] Built target more_interfaces__rosidl_typesupport_introspection_c__pyext
[6.902s] [ 96%] Built target more_interfaces__rosidl_typesupport_fastrtps_c__pyext
[9.244s] [100%] [32m[1mLinking CXX executable publish_address_book[0m
[9.431s] [100%] Built target publish_address_book
[9.448s] Invoked command in '/home/maghetto/ros2_ws/build/more_interfaces' returned '0': CMAKE_PREFIX_PATH=${CMAKE_PREFIX_PATH}:/home/maghetto/ros2_ws/install/examples_rclpy_minimal_subscriber:/home/maghetto/ros2_ws/install/examples_rclpy_minimal_service:/home/maghetto/ros2_ws/install/examples_rclpy_minimal_publisher:/home/maghetto/ros2_ws/install/examples_rclpy_minimal_client:/home/maghetto/ros2_ws/install/examples_rclpy_minimal_action_server:/home/maghetto/ros2_ws/install/examples_rclpy_minimal_action_client:/home/maghetto/ros2_ws/install/examples_rclpy_executors:/opt/ros/foxy /usr/bin/cmake --build /home/maghetto/ros2_ws/build/more_interfaces -- -j6 -l6
[9.699s] Invoking command in '/home/maghetto/ros2_ws/build/more_interfaces': CMAKE_PREFIX_PATH=${CMAKE_PREFIX_PATH}:/home/maghetto/ros2_ws/install/examples_rclpy_minimal_subscriber:/home/maghetto/ros2_ws/install/examples_rclpy_minimal_service:/home/maghetto/ros2_ws/install/examples_rclpy_minimal_publisher:/home/maghetto/ros2_ws/install/examples_rclpy_minimal_client:/home/maghetto/ros2_ws/install/examples_rclpy_minimal_action_server:/home/maghetto/ros2_ws/install/examples_rclpy_minimal_action_client:/home/maghetto/ros2_ws/install/examples_rclpy_executors:/opt/ros/foxy /usr/bin/cmake --install /home/maghetto/ros2_ws/build/more_interfaces
[9.728s] -- Install configuration: ""
[9.729s] -- Installing: /home/maghetto/ros2_ws/install/more_interfaces/lib/more_interfaces/publish_address_book
[9.730s] -- Set runtime path of "/home/maghetto/ros2_ws/install/more_interfaces/lib/more_interfaces/publish_address_book" to ""
[9.731s] -- Installing: /home/maghetto/ros2_ws/install/more_interfaces/share/ament_index/resource_index/rosidl_interfaces/more_interfaces
[9.731s] -- Installing: /home/maghetto/ros2_ws/install/more_interfaces/include/more_interfaces
[9.732s] -- Installing: /home/maghetto/ros2_ws/install/more_interfaces/include/more_interfaces/msg
[9.732s] -- Installing: /home/maghetto/ros2_ws/install/more_interfaces/include/more_interfaces/msg/rosidl_generator_c__visibility_control.h
[9.732s] -- Installing: /home/maghetto/ros2_ws/install/more_interfaces/include/more_interfaces/msg/address_book.h
[9.733s] -- Installing: /home/maghetto/ros2_ws/install/more_interfaces/include/more_interfaces/msg/detail
[9.733s] -- Installing: /home/maghetto/ros2_ws/install/more_interfaces/include/more_interfaces/msg/detail/address_book__type_support.h
[9.733s] -- Installing: /home/maghetto/ros2_ws/install/more_interfaces/include/more_interfaces/msg/detail/address_book__functions.h
[9.734s] -- Installing: /home/maghetto/ros2_ws/install/more_interfaces/include/more_interfaces/msg/detail/address_book__functions.c
[9.734s] -- Installing: /home/maghetto/ros2_ws/install/more_interfaces/include/more_interfaces/msg/detail/address_book__struct.h
[9.734s] -- Installing: /home/maghetto/ros2_ws/install/more_interfaces/share/more_interfaces/environment/library_path.sh
[9.734s] -- Installing: /home/maghetto/ros2_ws/install/more_interfaces/share/more_interfaces/environment/library_path.dsv
[9.735s] -- Installing: /home/maghetto/ros2_ws/install/more_interfaces/lib/libmore_interfaces__rosidl_generator_c.so
[9.735s] -- Set runtime path of "/home/maghetto/ros2_ws/install/more_interfaces/lib/libmore_interfaces__rosidl_generator_c.so" to ""
[9.735s] -- Up-to-date: /home/maghetto/ros2_ws/install/more_interfaces/include/more_interfaces
[9.736s] -- Up-to-date: /home/maghetto/ros2_ws/install/more_interfaces/include/more_interfaces/msg
[9.736s] -- Installing: /home/maghetto/ros2_ws/install/more_interfaces/include/more_interfaces/msg/rosidl_typesupport_fastrtps_c__visibility_control.h
[9.737s] -- Up-to-date: /home/maghetto/ros2_ws/install/more_interfaces/include/more_interfaces/msg/detail
[9.737s] -- Installing: /home/maghetto/ros2_ws/install/more_interfaces/include/more_interfaces/msg/detail/address_book__rosidl_typesupport_fastrtps_c.h
[9.738s] -- Installing: /home/maghetto/ros2_ws/install/more_interfaces/lib/libmore_interfaces__rosidl_typesupport_fastrtps_c.so
[9.738s] -- Set runtime path of "/home/maghetto/ros2_ws/install/more_interfaces/lib/libmore_interfaces__rosidl_typesupport_fastrtps_c.so" to ""
[9.738s] -- Up-to-date: /home/maghetto/ros2_ws/install/more_interfaces/include/more_interfaces
[9.738s] -- Up-to-date: /home/maghetto/ros2_ws/install/more_interfaces/include/more_interfaces/msg
[9.739s] -- Installing: /home/maghetto/ros2_ws/install/more_interfaces/include/more_interfaces/msg/rosidl_typesupport_fastrtps_cpp__visibility_control.h
[9.739s] -- Up-to-date: /home/maghetto/ros2_ws/install/more_interfaces/include/more_interfaces/msg/detail
[9.739s] -- Installing: /home/maghetto/ros2_ws/install/more_interfaces/include/more_interfaces/msg/detail/dds_fastrtps
[9.739s] -- Installing: /home/maghetto/ros2_ws/install/more_interfaces/include/more_interfaces/msg/detail/address_book__rosidl_typesupport_fastrtps_cpp.hpp
[9.740s] -- Installing: /home/maghetto/ros2_ws/install/more_interfaces/lib/libmore_interfaces__rosidl_typesupport_fastrtps_cpp.so
[9.740s] -- Set runtime path of "/home/maghetto/ros2_ws/install/more_interfaces/lib/libmore_interfaces__rosidl_typesupport_fastrtps_cpp.so" to ""
[9.740s] -- Up-to-date: /home/maghetto/ros2_ws/install/more_interfaces/include/more_interfaces
[9.741s] -- Up-to-date: /home/maghetto/ros2_ws/install/more_interfaces/include/more_interfaces/msg
[9.742s] -- Installing: /home/maghetto/ros2_ws/install/more_interfaces/include/more_interfaces/msg/rosidl_typesupport_introspection_c__visibility_control.h
[9.742s] -- Up-to-date: /home/maghetto/ros2_ws/install/more_interfaces/include/more_interfaces/msg/detail
[9.742s] -- Installing: /home/maghetto/ros2_ws/install/more_interfaces/include/more_interfaces/msg/detail/address_book__rosidl_typesupport_introspection_c.h
[9.743s] -- Installing: /home/maghetto/ros2_ws/install/more_interfaces/include/more_interfaces/msg/detail/address_book__type_support.c
[9.743s] -- Installing: /home/maghetto/ros2_ws/install/more_interfaces/lib/libmore_interfaces__rosidl_typesupport_introspection_c.so
[9.743s] -- Set runtime path of "/home/maghetto/ros2_ws/install/more_interfaces/lib/libmore_interfaces__rosidl_typesupport_introspection_c.so" to ""
[9.743s] -- Installing: /home/maghetto/ros2_ws/install/more_interfaces/lib/libmore_interfaces__rosidl_typesupport_c.so
[9.743s] -- Set runtime path of "/home/maghetto/ros2_ws/install/more_interfaces/lib/libmore_interfaces__rosidl_typesupport_c.so" to ""
[9.743s] -- Up-to-date: /home/maghetto/ros2_ws/install/more_interfaces/include/more_interfaces
[9.755s] -- Up-to-date: /home/maghetto/ros2_ws/install/more_interfaces/include/more_interfaces/msg
[9.755s] -- Installing: /home/maghetto/ros2_ws/install/more_interfaces/include/more_interfaces/msg/address_book.hpp
[9.760s] -- Installing: /home/maghetto/ros2_ws/install/more_interfaces/include/more_interfaces/msg/rosidl_generator_cpp__visibility_control.hpp
[9.760s] -- Up-to-date: /home/maghetto/ros2_ws/install/more_interfaces/include/more_interfaces/msg/detail
[9.760s] -- Installing: /home/maghetto/ros2_ws/install/more_interfaces/include/more_interfaces/msg/detail/address_book__traits.hpp
[9.760s] -- Installing: /home/maghetto/ros2_ws/install/more_interfaces/include/more_interfaces/msg/detail/address_book__type_support.hpp
[9.760s] -- Installing: /home/maghetto/ros2_ws/install/more_interfaces/include/more_interfaces/msg/detail/address_book__builder.hpp
[9.760s] -- Installing: /home/maghetto/ros2_ws/install/more_interfaces/include/more_interfaces/msg/detail/address_book__struct.hpp
[9.760s] -- Up-to-date: /home/maghetto/ros2_ws/install/more_interfaces/include/more_interfaces
[9.761s] -- Up-to-date: /home/maghetto/ros2_ws/install/more_interfaces/include/more_interfaces/msg
[9.761s] -- Up-to-date: /home/maghetto/ros2_ws/install/more_interfaces/include/more_interfaces/msg/detail
[9.761s] -- Installing: /home/maghetto/ros2_ws/install/more_interfaces/include/more_interfaces/msg/detail/address_book__rosidl_typesupport_introspection_cpp.hpp
[9.761s] -- Installing: /home/maghetto/ros2_ws/install/more_interfaces/include/more_interfaces/msg/detail/address_book__type_support.cpp
[9.761s] -- Installing: /home/maghetto/ros2_ws/install/more_interfaces/lib/libmore_interfaces__rosidl_typesupport_introspection_cpp.so
[9.761s] -- Set runtime path of "/home/maghetto/ros2_ws/install/more_interfaces/lib/libmore_interfaces__rosidl_typesupport_introspection_cpp.so" to ""
[9.761s] -- Installing: /home/maghetto/ros2_ws/install/more_interfaces/lib/libmore_interfaces__rosidl_typesupport_cpp.so
[9.761s] -- Set runtime path of "/home/maghetto/ros2_ws/install/more_interfaces/lib/libmore_interfaces__rosidl_typesupport_cpp.so" to ""
[9.761s] -- Installing: /home/maghetto/ros2_ws/install/more_interfaces/share/more_interfaces/environment/pythonpath.sh
[9.761s] -- Installing: /home/maghetto/ros2_ws/install/more_interfaces/share/more_interfaces/environment/pythonpath.dsv
[9.761s] -- Installing: /home/maghetto/ros2_ws/install/more_interfaces/lib/python3.8/site-packages/more_interfaces/__init__.py
[9.826s] Compiling '/home/maghetto/ros2_ws/install/more_interfaces/lib/python3.8/site-packages/more_interfaces/__init__.py'...
[9.835s] -- Installing: /home/maghetto/ros2_ws/install/more_interfaces/lib/python3.8/site-packages/more_interfaces/msg
[9.836s] -- Installing: /home/maghetto/ros2_ws/install/more_interfaces/lib/python3.8/site-packages/more_interfaces/msg/_address_book_s.c
[9.836s] -- Installing: /home/maghetto/ros2_ws/install/more_interfaces/lib/python3.8/site-packages/more_interfaces/msg/__init__.py
[9.836s] -- Installing: /home/maghetto/ros2_ws/install/more_interfaces/lib/python3.8/site-packages/more_interfaces/msg/_address_book.py
[9.837s] -- Installing: /home/maghetto/ros2_ws/install/more_interfaces/lib/python3.8/site-packages/more_interfaces/more_interfaces_s__rosidl_typesupport_fastrtps_c.cpython-38-x86_64-linux-gnu.so
[9.838s] -- Set runtime path of "/home/maghetto/ros2_ws/install/more_interfaces/lib/python3.8/site-packages/more_interfaces/more_interfaces_s__rosidl_typesupport_fastrtps_c.cpython-38-x86_64-linux-gnu.so" to ""
[9.838s] -- Installing: /home/maghetto/ros2_ws/install/more_interfaces/lib/python3.8/site-packages/more_interfaces/more_interfaces_s__rosidl_typesupport_introspection_c.cpython-38-x86_64-linux-gnu.so
[9.839s] -- Set runtime path of "/home/maghetto/ros2_ws/install/more_interfaces/lib/python3.8/site-packages/more_interfaces/more_interfaces_s__rosidl_typesupport_introspection_c.cpython-38-x86_64-linux-gnu.so" to ""
[9.839s] -- Installing: /home/maghetto/ros2_ws/install/more_interfaces/lib/python3.8/site-packages/more_interfaces/more_interfaces_s__rosidl_typesupport_c.cpython-38-x86_64-linux-gnu.so
[9.840s] -- Set runtime path of "/home/maghetto/ros2_ws/install/more_interfaces/lib/python3.8/site-packages/more_interfaces/more_interfaces_s__rosidl_typesupport_c.cpython-38-x86_64-linux-gnu.so" to ""
[9.840s] -- Installing: /home/maghetto/ros2_ws/install/more_interfaces/lib/libmore_interfaces__python.so
[9.841s] -- Set runtime path of "/home/maghetto/ros2_ws/install/more_interfaces/lib/libmore_interfaces__python.so" to ""
[9.841s] -- Installing: /home/maghetto/ros2_ws/install/more_interfaces/share/more_interfaces/msg/AddressBook.idl
[9.841s] -- Installing: /home/maghetto/ros2_ws/install/more_interfaces/share/more_interfaces/msg/AddressBook.msg
[9.841s] -- Installing: /home/maghetto/ros2_ws/install/more_interfaces/share/ament_index/resource_index/package_run_dependencies/more_interfaces
[9.842s] -- Installing: /home/maghetto/ros2_ws/install/more_interfaces/share/ament_index/resource_index/parent_prefix_path/more_interfaces
[9.842s] -- Installing: /home/maghetto/ros2_ws/install/more_interfaces/share/more_interfaces/environment/ament_prefix_path.sh
[9.842s] -- Installing: /home/maghetto/ros2_ws/install/more_interfaces/share/more_interfaces/environment/ament_prefix_path.dsv
[9.843s] -- Installing: /home/maghetto/ros2_ws/install/more_interfaces/share/more_interfaces/environment/path.sh
[9.844s] -- Installing: /home/maghetto/ros2_ws/install/more_interfaces/share/more_interfaces/environment/path.dsv
[9.844s] -- Installing: /home/maghetto/ros2_ws/install/more_interfaces/share/more_interfaces/local_setup.bash
[9.845s] -- Installing: /home/maghetto/ros2_ws/install/more_interfaces/share/more_interfaces/local_setup.sh
[9.845s] -- Installing: /home/maghetto/ros2_ws/install/more_interfaces/share/more_interfaces/local_setup.zsh
[9.845s] -- Installing: /home/maghetto/ros2_ws/install/more_interfaces/share/more_interfaces/local_setup.dsv
[9.845s] -- Installing: /home/maghetto/ros2_ws/install/more_interfaces/share/more_interfaces/package.dsv
[9.846s] -- Installing: /home/maghetto/ros2_ws/install/more_interfaces/share/ament_index/resource_index/packages/more_interfaces
[9.847s] -- Installing: /home/maghetto/ros2_ws/install/more_interfaces/share/more_interfaces/cmake/more_interfaces__rosidl_generator_cExport.cmake
[9.847s] -- Installing: /home/maghetto/ros2_ws/install/more_interfaces/share/more_interfaces/cmake/more_interfaces__rosidl_generator_cExport-noconfig.cmake
[9.847s] -- Installing: /home/maghetto/ros2_ws/install/more_interfaces/share/more_interfaces/cmake/more_interfaces__rosidl_typesupport_introspection_cExport.cmake
[9.848s] -- Installing: /home/maghetto/ros2_ws/install/more_interfaces/share/more_interfaces/cmake/more_interfaces__rosidl_typesupport_introspection_cExport-noconfig.cmake
[9.849s] -- Installing: /home/maghetto/ros2_ws/install/more_interfaces/share/more_interfaces/cmake/more_interfaces__rosidl_typesupport_cExport.cmake
[9.849s] -- Installing: /home/maghetto/ros2_ws/install/more_interfaces/share/more_interfaces/cmake/more_interfaces__rosidl_typesupport_cExport-noconfig.cmake
[9.849s] -- Installing: /home/maghetto/ros2_ws/install/more_interfaces/share/more_interfaces/cmake/more_interfaces__rosidl_generator_cppExport.cmake
[9.850s] -- Installing: /home/maghetto/ros2_ws/install/more_interfaces/share/more_interfaces/cmake/more_interfaces__rosidl_typesupport_introspection_cppExport.cmake
[9.850s] -- Installing: /home/maghetto/ros2_ws/install/more_interfaces/share/more_interfaces/cmake/more_interfaces__rosidl_typesupport_introspection_cppExport-noconfig.cmake
[9.850s] -- Installing: /home/maghetto/ros2_ws/install/more_interfaces/share/more_interfaces/cmake/more_interfaces__rosidl_typesupport_cppExport.cmake
[9.850s] -- Installing: /home/maghetto/ros2_ws/install/more_interfaces/share/more_interfaces/cmake/more_interfaces__rosidl_typesupport_cppExport-noconfig.cmake
[9.850s] -- Installing: /home/maghetto/ros2_ws/install/more_interfaces/share/more_interfaces/cmake/rosidl_cmake-extras.cmake
[9.850s] -- Installing: /home/maghetto/ros2_ws/install/more_interfaces/share/more_interfaces/cmake/ament_cmake_export_dependencies-extras.cmake
[9.851s] -- Installing: /home/maghetto/ros2_ws/install/more_interfaces/share/more_interfaces/cmake/ament_cmake_export_libraries-extras.cmake
[9.851s] -- Installing: /home/maghetto/ros2_ws/install/more_interfaces/share/more_interfaces/cmake/ament_cmake_export_targets-extras.cmake
[9.851s] -- Installing: /home/maghetto/ros2_ws/install/more_interfaces/share/more_interfaces/cmake/ament_cmake_export_include_directories-extras.cmake
[9.851s] -- Installing: /home/maghetto/ros2_ws/install/more_interfaces/share/more_interfaces/cmake/rosidl_cmake_export_typesupport_libraries-extras.cmake
[9.851s] -- Installing: /home/maghetto/ros2_ws/install/more_interfaces/share/more_interfaces/cmake/rosidl_cmake_export_typesupport_targets-extras.cmake
[9.851s] -- Installing: /home/maghetto/ros2_ws/install/more_interfaces/share/more_interfaces/cmake/more_interfacesConfig.cmake
[9.852s] -- Installing: /home/maghetto/ros2_ws/install/more_interfaces/share/more_interfaces/cmake/more_interfacesConfig-version.cmake
[9.852s] -- Installing: /home/maghetto/ros2_ws/install/more_interfaces/share/more_interfaces/package.xml
[9.854s] Invoked command in '/home/maghetto/ros2_ws/build/more_interfaces' returned '0': CMAKE_PREFIX_PATH=${CMAKE_PREFIX_PATH}:/home/maghetto/ros2_ws/install/examples_rclpy_minimal_subscriber:/home/maghetto/ros2_ws/install/examples_rclpy_minimal_service:/home/maghetto/ros2_ws/install/examples_rclpy_minimal_publisher:/home/maghetto/ros2_ws/install/examples_rclpy_minimal_client:/home/maghetto/ros2_ws/install/examples_rclpy_minimal_action_server:/home/maghetto/ros2_ws/install/examples_rclpy_minimal_action_client:/home/maghetto/ros2_ws/install/examples_rclpy_executors:/opt/ros/foxy /usr/bin/cmake --install /home/maghetto/ros2_ws/build/more_interfaces
