[0.175s] Invoking command in '/home/maghetto/ros2_ws/build/my_first_personal_project': CMAKE_PREFIX_PATH=/opt/ros/foxy /usr/bin/cmake --build /home/maghetto/ros2_ws/build/my_first_personal_project -- -j6 -l6
[0.232s] -- Found ament_cmake: 0.9.12 (/opt/ros/foxy/share/ament_cmake/cmake)
[0.269s] -- Found PythonInterp: /usr/bin/python3 (found suitable version "3.8.10", minimum required is "3") 
[0.271s] -- Using PYTHON_EXECUTABLE: /usr/bin/python3
[0.556s] -- Found rclcpp: 2.4.3 (/opt/ros/foxy/share/rclcpp/cmake)
[0.609s] -- Using all available rosidl_typesupport_c: rosidl_typesupport_fastrtps_c;rosidl_typesupport_introspection_c
[0.614s] -- Found rosidl_adapter: 1.3.1 (/opt/ros/foxy/share/rosidl_adapter/cmake)
[0.755s] -- Using all available rosidl_typesupport_cpp: rosidl_typesupport_fastrtps_cpp;rosidl_typesupport_introspection_cpp
[0.815s] -- Found rmw_implementation_cmake: 1.0.4 (/opt/ros/foxy/share/rmw_implementation_cmake/cmake)
[0.817s] -- Using RMW implementation 'rmw_fastrtps_cpp' as default
[0.991s] -- Found rosbag2_cpp: 0.3.11 (/opt/ros/foxy/share/rosbag2_cpp/cmake)
[1.026s] -- Setting yaml-cpp_DIR to: '/opt/ros/foxy/share/yaml_cpp_vendor/cmake/../../../opt/yaml_cpp_vendor/lib/cmake/yaml-cpp'
[1.033s] -- Found rosidl_default_generators: 1.0.1 (/opt/ros/foxy/share/rosidl_default_generators/cmake)
[1.072s] -- Found PythonInterp: /usr/bin/python3 (found version "3.8.10") 
[1.222s] -- Found ament_cmake_ros: 0.9.2 (/opt/ros/foxy/share/ament_cmake_ros/cmake)
[1.411s] -- Using all available rosidl_typesupport_c: rosidl_typesupport_fastrtps_c;rosidl_typesupport_introspection_c
[1.422s] -- Using all available rosidl_typesupport_cpp: rosidl_typesupport_fastrtps_cpp;rosidl_typesupport_introspection_cpp
[1.480s] -- Found PythonInterp: /usr/bin/python3 (found suitable version "3.8.10", minimum required is "3.5") 
[1.480s] -- Found python_cmake_module: 0.8.1 (/opt/ros/foxy/share/python_cmake_module/cmake)
[1.528s] -- Using PYTHON_EXECUTABLE: /usr/bin/python3
[1.528s] -- Using PYTHON_INCLUDE_DIRS: /usr/include/python3.8
[1.528s] -- Using PYTHON_LIBRARIES: /usr/lib/x86_64-linux-gnu/libpython3.8.so
[1.548s] -- Found ament_lint_auto: 0.9.8 (/opt/ros/foxy/share/ament_lint_auto/cmake)
[1.562s] -- Added test 'copyright' to check source files copyright and LICENSE
[1.581s] -- Added test 'cppcheck' to perform static code analysis on C / C++ code
[1.582s] -- Configured cppcheck include dirs: 
[1.582s] -- Configured cppcheck exclude dirs and/or files: 
[1.597s] -- Added test 'cpplint' to check C / C++ code against the Google style
[1.598s] -- Configured cpplint exclude dirs and/or files: 
[1.600s] -- Added test 'flake8' to check Python code syntax and style conventions
[1.604s] -- Added test 'lint_cmake' to check CMake code style
[1.606s] -- Added test 'pep257' to check Python code against some of the style conventions in PEP 257
[1.621s] -- Added test 'uncrustify' to check C / C++ code style
[1.621s] -- Configured uncrustify additional arguments: 
[1.624s] -- Added test 'xmllint' to check XML markup files
[1.629s] -- Configuring done
[1.678s] -- Generating done
[1.690s] -- Build files have been written to: /home/maghetto/ros2_ws/build/my_first_personal_project
[1.726s] [  3%] [34m[1mGenerating C code for ROS interfaces[0m
[1.742s] [  6%] [34m[1mGenerating C++ code for ROS interfaces[0m
[2.014s] [35m[1mScanning dependencies of target my_first_personal_project__rosidl_generator_c[0m
[2.030s] [  6%] Built target my_first_personal_project__cpp
[2.048s] [  9%] [32mBuilding C object CMakeFiles/my_first_personal_project__rosidl_generator_c.dir/rosidl_generator_c/my_first_personal_project/msg/detail/number__functions.c.o[0m
[2.050s] [ 12%] [34m[1mGenerating C++ type support for eProsima Fast-RTPS[0m
[2.050s] [ 15%] [34m[1mGenerating C++ type support dispatch for ROS interfaces[0m
[2.080s] [ 18%] [34m[1mGenerating C++ introspection for ROS interfaces[0m
[2.152s] [ 21%] [32m[1mLinking C shared library libmy_first_personal_project__rosidl_generator_c.so[0m
[2.264s] [ 21%] Built target my_first_personal_project__rosidl_generator_c
[2.282s] [ 24%] [34m[1mGenerating C type support dispatch for ROS interfaces[0m
[2.282s] [ 27%] [34m[1mGenerating C introspection for ROS interfaces[0m
[2.394s] [35m[1mScanning dependencies of target my_first_personal_project__rosidl_typesupport_cpp[0m
[2.425s] [ 30%] [32mBuilding CXX object CMakeFiles/my_first_personal_project__rosidl_typesupport_cpp.dir/rosidl_typesupport_cpp/my_first_personal_project/msg/number__type_support.cpp.o[0m
[2.427s] [35m[1mScanning dependencies of target my_first_personal_project__rosidl_typesupport_fastrtps_cpp[0m
[2.444s] [35m[1mScanning dependencies of target my_first_personal_project__rosidl_typesupport_introspection_cpp[0m
[2.457s] [ 33%] [32mBuilding CXX object CMakeFiles/my_first_personal_project__rosidl_typesupport_fastrtps_cpp.dir/rosidl_typesupport_fastrtps_cpp/my_first_personal_project/msg/detail/dds_fastrtps/number__type_support.cpp.o[0m
[2.465s] [ 36%] [32mBuilding CXX object CMakeFiles/my_first_personal_project__rosidl_typesupport_introspection_cpp.dir/rosidl_typesupport_introspection_cpp/my_first_personal_project/msg/detail/number__type_support.cpp.o[0m
[2.582s] [35m[1mScanning dependencies of target my_first_personal_project__rosidl_typesupport_c[0m
[2.604s] [ 39%] [32mBuilding CXX object CMakeFiles/my_first_personal_project__rosidl_typesupport_c.dir/rosidl_typesupport_c/my_first_personal_project/msg/number__type_support.cpp.o[0m
[2.631s] [35m[1mScanning dependencies of target my_first_personal_project__rosidl_typesupport_introspection_c[0m
[2.648s] [ 42%] [32m[1mLinking CXX shared library libmy_first_personal_project__rosidl_typesupport_c.so[0m
[2.652s] [ 45%] [32mBuilding C object CMakeFiles/my_first_personal_project__rosidl_typesupport_introspection_c.dir/rosidl_typesupport_introspection_c/my_first_personal_project/msg/detail/number__type_support.c.o[0m
[2.710s] [ 48%] [32m[1mLinking C shared library libmy_first_personal_project__rosidl_typesupport_introspection_c.so[0m
[2.712s] [ 48%] Built target my_first_personal_project__rosidl_typesupport_c
[2.755s] [ 48%] Built target my_first_personal_project__rosidl_typesupport_introspection_c
[3.059s] [ 51%] [32m[1mLinking CXX shared library libmy_first_personal_project__rosidl_typesupport_cpp.so[0m
[3.147s] [ 54%] [32m[1mLinking CXX shared library libmy_first_personal_project__rosidl_typesupport_introspection_cpp.so[0m
[3.153s] [ 54%] Built target my_first_personal_project__rosidl_typesupport_cpp
[3.235s] [ 54%] Built target my_first_personal_project__rosidl_typesupport_introspection_cpp
[3.328s] [ 57%] [32m[1mLinking CXX shared library libmy_first_personal_project__rosidl_typesupport_fastrtps_cpp.so[0m
[3.458s] [ 57%] Built target my_first_personal_project__rosidl_typesupport_fastrtps_cpp
[3.490s] [ 60%] [34m[1mGenerating C type support for eProsima Fast-RTPS[0m
[3.744s] [35m[1mScanning dependencies of target my_first_personal_project__rosidl_typesupport_fastrtps_c[0m
[3.772s] [ 63%] [32mBuilding CXX object CMakeFiles/my_first_personal_project__rosidl_typesupport_fastrtps_c.dir/rosidl_typesupport_fastrtps_c/my_first_personal_project/msg/detail/number__type_support_c.cpp.o[0m
[4.222s] [ 66%] [32m[1mLinking CXX shared library libmy_first_personal_project__rosidl_typesupport_fastrtps_c.so[0m
[4.377s] [ 66%] Built target my_first_personal_project__rosidl_typesupport_fastrtps_c
[4.449s] [ 66%] Built target my_first_personal_project
[4.505s] [35m[1mScanning dependencies of target random_generator[0m
[4.539s] [ 69%] [34m[1mGenerating Python code for ROS interfaces[0m
[4.560s] [ 72%] [32mBuilding CXX object CMakeFiles/random_generator.dir/src/random_generator.cpp.o[0m
[5.009s] [ 72%] Built target my_first_personal_project__py
[5.033s] [35m[1mScanning dependencies of target my_first_personal_project__python[0m
[5.070s] [ 75%] [32mBuilding C object CMakeFiles/my_first_personal_project__python.dir/rosidl_generator_py/my_first_personal_project/msg/_number_s.c.o[0m
[5.196s] [ 78%] [32m[1mLinking C shared library rosidl_generator_py/my_first_personal_project/libmy_first_personal_project__python.so[0m
[5.286s] [ 78%] Built target my_first_personal_project__python
[5.326s] [35m[1mScanning dependencies of target my_first_personal_project__rosidl_typesupport_c__pyext[0m
[5.326s] [35m[1mScanning dependencies of target my_first_personal_project__rosidl_typesupport_fastrtps_c__pyext[0m
[5.326s] [35m[1mScanning dependencies of target my_first_personal_project__rosidl_typesupport_introspection_c__pyext[0m
[5.354s] [ 84%] [32mBuilding C object CMakeFiles/my_first_personal_project__rosidl_typesupport_introspection_c__pyext.dir/rosidl_generator_py/my_first_personal_project/_my_first_personal_project_s.ep.rosidl_typesupport_introspection_c.c.o[0m
[5.354s] [ 84%] [32mBuilding C object CMakeFiles/my_first_personal_project__rosidl_typesupport_c__pyext.dir/rosidl_generator_py/my_first_personal_project/_my_first_personal_project_s.ep.rosidl_typesupport_c.c.o[0m
[5.364s] [ 87%] [32mBuilding C object CMakeFiles/my_first_personal_project__rosidl_typesupport_fastrtps_c__pyext.dir/rosidl_generator_py/my_first_personal_project/_my_first_personal_project_s.ep.rosidl_typesupport_fastrtps_c.c.o[0m
[5.495s] [ 90%] [32m[1mLinking C shared library rosidl_generator_py/my_first_personal_project/my_first_personal_project_s__rosidl_typesupport_introspection_c.cpython-38-x86_64-linux-gnu.so[0m
[5.512s] [ 93%] [32m[1mLinking C shared library rosidl_generator_py/my_first_personal_project/my_first_personal_project_s__rosidl_typesupport_c.cpython-38-x86_64-linux-gnu.so[0m
[5.520s] [ 96%] [32m[1mLinking CXX shared library rosidl_generator_py/my_first_personal_project/my_first_personal_project_s__rosidl_typesupport_fastrtps_c.cpython-38-x86_64-linux-gnu.so[0m
[5.584s] [ 96%] Built target my_first_personal_project__rosidl_typesupport_introspection_c__pyext
[5.624s] [ 96%] Built target my_first_personal_project__rosidl_typesupport_c__pyext
[5.686s] [ 96%] Built target my_first_personal_project__rosidl_typesupport_fastrtps_c__pyext
[7.208s] [01m[K/home/maghetto/ros2_ws/src/my_first_personal_project/src/random_generator.cpp:[m[K In member function ‘[01m[Kvoid Random_Publisher::timer_callback()[m[K’:
[7.208s] [01m[K/home/maghetto/ros2_ws/src/my_first_personal_project/src/random_generator.cpp:34:61:[m[K [01;31m[Kerror: [m[Kno matching function for call to ‘[01m[Kto_string(std::thread::id)[m[K’
[7.208s]    34 |       number.pid = std::to_string(std::this_thread::get_id()[01;31m[K)[m[K;
[7.209s]       |                                                             [01;31m[K^[m[K
[7.209s] In file included from [01m[K/opt/ros/foxy/include/rclcpp/node_interfaces/node_parameters_interface.hpp:28[m[K,
[7.209s]                  from [01m[K/opt/ros/foxy/include/rclcpp/node.hpp:51[m[K,
[7.209s]                  from [01m[K/opt/ros/foxy/include/rclcpp/executors/single_threaded_executor.hpp:28[m[K,
[7.209s]                  from [01m[K/opt/ros/foxy/include/rclcpp/executors.hpp:22[m[K,
[7.209s]                  from [01m[K/opt/ros/foxy/include/rclcpp/rclcpp.hpp:146[m[K,
[7.209s]                  from [01m[K/home/maghetto/ros2_ws/src/my_first_personal_project/src/random_generator.cpp:7[m[K:
[7.209s] [01m[K/opt/ros/foxy/include/rclcpp/parameter.hpp:287:1:[m[K [01;36m[Knote: [m[Kcandidate: ‘[01m[Kstd::string std::to_string(const rclcpp::Parameter&)[m[K’
[7.209s]   287 | [01;36m[Kto_string[m[K(const rclcpp::Parameter & param);
[7.209s]       | [01;36m[K^~~~~~~~~[m[K
[7.210s] [01m[K/opt/ros/foxy/include/rclcpp/parameter.hpp:287:37:[m[K [01;36m[Knote: [m[K  no known conversion for argument 1 from ‘[01m[Kstd::thread::id[m[K’ to ‘[01m[Kconst rclcpp::Parameter&[m[K’
[7.210s]   287 | to_string([01;36m[Kconst rclcpp::Parameter & param[m[K);
[7.211s]       |           [01;36m[K~~~~~~~~~~~~~~~~~~~~~~~~~~^~~~~[m[K
[7.211s] [01m[K/opt/ros/foxy/include/rclcpp/parameter.hpp:292:1:[m[K [01;36m[Knote: [m[Kcandidate: ‘[01m[Kstd::string std::to_string(const std::vector<rclcpp::Parameter>&)[m[K’
[7.211s]   292 | [01;36m[Kto_string[m[K(const std::vector<rclcpp::Parameter> & parameters);
[7.211s]       | [01;36m[K^~~~~~~~~[m[K
[7.212s] [01m[K/opt/ros/foxy/include/rclcpp/parameter.hpp:292:50:[m[K [01;36m[Knote: [m[K  no known conversion for argument 1 from ‘[01m[Kstd::thread::id[m[K’ to ‘[01m[Kconst std::vector<rclcpp::Parameter>&[m[K’
[7.212s]   292 | to_string([01;36m[Kconst std::vector<rclcpp::Parameter> & parameters[m[K);
[7.212s]       |           [01;36m[K~~~~~~~~~~~~~~~~~~~~~~~~~~~~~~~~~~~~~~~^~~~~~~~~~[m[K
[7.213s] In file included from [01m[K/usr/include/c++/9/string:55[m[K,
[7.213s]                  from [01m[K/usr/include/c++/9/stdexcept:39[m[K,
[7.213s]                  from [01m[K/usr/include/c++/9/array:39[m[K,
[7.213s]                  from [01m[K/usr/include/c++/9/tuple:39[m[K,
[7.213s]                  from [01m[K/usr/include/c++/9/functional:54[m[K,
[7.213s]                  from [01m[K/home/maghetto/ros2_ws/src/my_first_personal_project/src/random_generator.cpp:2[m[K:
[7.214s] [01m[K/usr/include/c++/9/bits/basic_string.h:6549:3:[m[K [01;36m[Knote: [m[Kcandidate: ‘[01m[Kstd::string std::__cxx11::to_string(int)[m[K’
[7.214s]  6549 |   [01;36m[Kto_string[m[K(int __val)
[7.214s]       |   [01;36m[K^~~~~~~~~[m[K
[7.214s] [01m[K/usr/include/c++/9/bits/basic_string.h:6549:17:[m[K [01;36m[Knote: [m[K  no known conversion for argument 1 from ‘[01m[Kstd::thread::id[m[K’ to ‘[01m[Kint[m[K’
[7.214s]  6549 |   to_string([01;36m[Kint __val[m[K)
[7.214s]       |             [01;36m[K~~~~^~~~~[m[K
[7.214s] [01m[K/usr/include/c++/9/bits/basic_string.h:6554:3:[m[K [01;36m[Knote: [m[Kcandidate: ‘[01m[Kstd::string std::__cxx11::to_string(unsigned int)[m[K’
[7.214s]  6554 |   [01;36m[Kto_string[m[K(unsigned __val)
[7.214s]       |   [01;36m[K^~~~~~~~~[m[K
[7.214s] [01m[K/usr/include/c++/9/bits/basic_string.h:6554:22:[m[K [01;36m[Knote: [m[K  no known conversion for argument 1 from ‘[01m[Kstd::thread::id[m[K’ to ‘[01m[Kunsigned int[m[K’
[7.214s]  6554 |   to_string([01;36m[Kunsigned __val[m[K)
[7.214s]       |             [01;36m[K~~~~~~~~~^~~~~[m[K
[7.214s] [01m[K/usr/include/c++/9/bits/basic_string.h:6560:3:[m[K [01;36m[Knote: [m[Kcandidate: ‘[01m[Kstd::string std::__cxx11::to_string(long int)[m[K’
[7.214s]  6560 |   [01;36m[Kto_string[m[K(long __val)
[7.215s]       |   [01;36m[K^~~~~~~~~[m[K
[7.215s] [01m[K/usr/include/c++/9/bits/basic_string.h:6560:18:[m[K [01;36m[Knote: [m[K  no known conversion for argument 1 from ‘[01m[Kstd::thread::id[m[K’ to ‘[01m[Klong int[m[K’
[7.215s]  6560 |   to_string([01;36m[Klong __val[m[K)
[7.215s]       |             [01;36m[K~~~~~^~~~~[m[K
[7.215s] [01m[K/usr/include/c++/9/bits/basic_string.h:6565:3:[m[K [01;36m[Knote: [m[Kcandidate: ‘[01m[Kstd::string std::__cxx11::to_string(long unsigned int)[m[K’
[7.215s]  6565 |   [01;36m[Kto_string[m[K(unsigned long __val)
[7.215s]       |   [01;36m[K^~~~~~~~~[m[K
[7.215s] [01m[K/usr/include/c++/9/bits/basic_string.h:6565:27:[m[K [01;36m[Knote: [m[K  no known conversion for argument 1 from ‘[01m[Kstd::thread::id[m[K’ to ‘[01m[Klong unsigned int[m[K’
[7.215s]  6565 |   to_string([01;36m[Kunsigned long __val[m[K)
[7.215s]       |             [01;36m[K~~~~~~~~~~~~~~^~~~~[m[K
[7.215s] [01m[K/usr/include/c++/9/bits/basic_string.h:6571:3:[m[K [01;36m[Knote: [m[Kcandidate: ‘[01m[Kstd::string std::__cxx11::to_string(long long int)[m[K’
[7.216s]  6571 |   [01;36m[Kto_string[m[K(long long __val)
[7.216s]       |   [01;36m[K^~~~~~~~~[m[K
[7.216s] [01m[K/usr/include/c++/9/bits/basic_string.h:6571:23:[m[K [01;36m[Knote: [m[K  no known conversion for argument 1 from ‘[01m[Kstd::thread::id[m[K’ to ‘[01m[Klong long int[m[K’
[7.216s]  6571 |   to_string([01;36m[Klong long __val[m[K)
[7.216s]       |             [01;36m[K~~~~~~~~~~^~~~~[m[K
[7.216s] [01m[K/usr/include/c++/9/bits/basic_string.h:6577:3:[m[K [01;36m[Knote: [m[Kcandidate: ‘[01m[Kstd::string std::__cxx11::to_string(long long unsigned int)[m[K’
[7.216s]  6577 |   [01;36m[Kto_string[m[K(unsigned long long __val)
[7.216s]       |   [01;36m[K^~~~~~~~~[m[K
[7.216s] [01m[K/usr/include/c++/9/bits/basic_string.h:6577:32:[m[K [01;36m[Knote: [m[K  no known conversion for argument 1 from ‘[01m[Kstd::thread::id[m[K’ to ‘[01m[Klong long unsigned int[m[K’
[7.216s]  6577 |   to_string([01;36m[Kunsigned long long __val[m[K)
[7.216s]       |             [01;36m[K~~~~~~~~~~~~~~~~~~~^~~~~[m[K
[7.216s] [01m[K/usr/include/c++/9/bits/basic_string.h:6583:3:[m[K [01;36m[Knote: [m[Kcandidate: ‘[01m[Kstd::string std::__cxx11::to_string(float)[m[K’
[7.216s]  6583 |   [01;36m[Kto_string[m[K(float __val)
[7.217s]       |   [01;36m[K^~~~~~~~~[m[K
[7.217s] [01m[K/usr/include/c++/9/bits/basic_string.h:6583:19:[m[K [01;36m[Knote: [m[K  no known conversion for argument 1 from ‘[01m[Kstd::thread::id[m[K’ to ‘[01m[Kfloat[m[K’
[7.217s]  6583 |   to_string([01;36m[Kfloat __val[m[K)
[7.217s]       |             [01;36m[K~~~~~~^~~~~[m[K
[7.217s] [01m[K/usr/include/c++/9/bits/basic_string.h:6592:3:[m[K [01;36m[Knote: [m[Kcandidate: ‘[01m[Kstd::string std::__cxx11::to_string(double)[m[K’
[7.217s]  6592 |   [01;36m[Kto_string[m[K(double __val)
[7.217s]       |   [01;36m[K^~~~~~~~~[m[K
[7.217s] [01m[K/usr/include/c++/9/bits/basic_string.h:6592:20:[m[K [01;36m[Knote: [m[K  no known conversion for argument 1 from ‘[01m[Kstd::thread::id[m[K’ to ‘[01m[Kdouble[m[K’
[7.217s]  6592 |   to_string([01;36m[Kdouble __val[m[K)
[7.217s]       |             [01;36m[K~~~~~~~^~~~~[m[K
[7.217s] [01m[K/usr/include/c++/9/bits/basic_string.h:6601:3:[m[K [01;36m[Knote: [m[Kcandidate: ‘[01m[Kstd::string std::__cxx11::to_string(long double)[m[K’
[7.217s]  6601 |   [01;36m[Kto_string[m[K(long double __val)
[7.217s]       |   [01;36m[K^~~~~~~~~[m[K
[7.217s] [01m[K/usr/include/c++/9/bits/basic_string.h:6601:25:[m[K [01;36m[Knote: [m[K  no known conversion for argument 1 from ‘[01m[Kstd::thread::id[m[K’ to ‘[01m[Klong double[m[K’
[7.217s]  6601 |   to_string([01;36m[Klong double __val[m[K)
[7.218s]       |             [01;36m[K~~~~~~~~~~~~^~~~~[m[K
[8.840s] make[2]: *** [CMakeFiles/random_generator.dir/build.make:63: CMakeFiles/random_generator.dir/src/random_generator.cpp.o] Errore 1
[8.840s] make[1]: *** [CMakeFiles/Makefile2:155: CMakeFiles/random_generator.dir/all] Errore 2
[8.841s] make: *** [Makefile:141: all] Errore 2
[8.853s] Invoked command in '/home/maghetto/ros2_ws/build/my_first_personal_project' returned '2': CMAKE_PREFIX_PATH=/opt/ros/foxy /usr/bin/cmake --build /home/maghetto/ros2_ws/build/my_first_personal_project -- -j6 -l6
