[  2%] Built target my_first_personal_project__cpp
[ 11%] Built target my_first_personal_project__rosidl_generator_c
[ 20%] Built target my_first_personal_project__rosidl_typesupport_cpp
[ 28%] Built target my_first_personal_project__rosidl_typesupport_introspection_cpp
[ 37%] Built target my_first_personal_project__rosidl_typesupport_introspection_c
[ 45%] Built target my_first_personal_project__rosidl_typesupport_c
[ 54%] Built target my_first_personal_project__rosidl_typesupport_fastrtps_cpp
[ 62%] Built target my_first_personal_project__rosidl_typesupport_fastrtps_c
[ 62%] Built target my_first_personal_project
[35m[1mScanning dependencies of target eworker[0m
[35m[1mScanning dependencies of target random_generator[0m
[ 65%] Built target my_first_personal_project__py
[ 68%] [32mBuilding CXX object CMakeFiles/eworker.dir/src/eworker.cpp.o[0m
[ 71%] [32mBuilding CXX object CMakeFiles/random_generator.dir/src/random_generator.cpp.o[0m
[ 77%] Built target my_first_personal_project__python
[ 82%] Built target my_first_personal_project__rosidl_typesupport_introspection_c__pyext
[ 88%] Built target my_first_personal_project__rosidl_typesupport_c__pyext
[ 94%] Built target my_first_personal_project__rosidl_typesupport_fastrtps_c__pyext
[ 97%] [32m[1mLinking CXX executable random_generator[0m
[ 97%] Built target random_generator
