[  2%] Built target my_first_personal_project__cpp
[ 11%] Built target my_first_personal_project__rosidl_generator_c
[ 20%] Built target my_first_personal_project__rosidl_typesupport_cpp
[ 28%] Built target my_first_personal_project__rosidl_typesupport_introspection_cpp
[ 37%] Built target my_first_personal_project__rosidl_typesupport_introspection_c
[ 45%] Built target my_first_personal_project__rosidl_typesupport_c
[ 54%] Built target my_first_personal_project__rosidl_typesupport_fastrtps_cpp
[ 62%] Built target my_first_personal_project__rosidl_typesupport_fastrtps_c
[ 62%] Built target my_first_personal_project
[35m[1mScanning dependencies of target eworker[0m
[35m[1mScanning dependencies of target random_generator[0m
[ 65%] Built target my_first_personal_project__py
[ 68%] [32mBuilding CXX object CMakeFiles/eworker.dir/src/eworker.cpp.o[0m
[ 71%] [32mBuilding CXX object CMakeFiles/random_generator.dir/src/random_generator.cpp.o[0m
[ 77%] Built target my_first_personal_project__python
[ 82%] Built target my_first_personal_project__rosidl_typesupport_introspection_c__pyext
[ 88%] Built target my_first_personal_project__rosidl_typesupport_c__pyext
[ 94%] Built target my_first_personal_project__rosidl_typesupport_fastrtps_c__pyext
[01m[K/home/maghetto/ros2_ws/src/my_first_personal_project/src/eworker.cpp:[m[K In constructor ‘[01m[KEworker::Eworker()[m[K’:
[01m[K/home/maghetto/ros2_ws/src/my_first_personal_project/src/eworker.cpp:23:7:[m[K [01;31m[Kerror: [m[Kunable to find numeric literal operator ‘[01m[Koperator""ms[m[K’
   23 |       [01;31m[K1000ms[m[K, std::bind(&Eworker::timer_callback, this));
      |       [01;31m[K^~~~~~[m[K
[01m[K/home/maghetto/ros2_ws/src/my_first_personal_project/src/eworker.cpp:[m[K In member function ‘[01m[Kvoid Eworker::topic_callback(my_first_personal_project::msg::Number_<std::allocator<void> >::SharedPtr) const[m[K’:
[01m[K/home/maghetto/ros2_ws/src/my_first_personal_project/src/eworker.cpp:33:40:[m[K [01;31m[Kerror: [m[Kpassing ‘[01m[Kconst std::vector<my_first_personal_project::msg::Number_<std::allocator<void> > >[m[K’ as ‘[01m[Kthis[m[K’ argument discards qualifiers [[01;31m[K-fpermissive[m[K]
   33 |       received_numbers.push_back(number[01;31m[K)[m[K;
      |                                        [01;31m[K^[m[K
In file included from [01m[K/usr/include/c++/9/vector:67[m[K,
                 from [01m[K/home/maghetto/ros2_ws/src/my_first_personal_project/src/eworker.cpp:6[m[K:
[01m[K/usr/include/c++/9/bits/stl_vector.h:1184:7:[m[K [01;36m[Knote: [m[K  in call to ‘[01m[Kvoid std::vector<_Tp, _Alloc>::push_back(const value_type&) [with _Tp = my_first_personal_project::msg::Number_<std::allocator<void> >; _Alloc = std::allocator<my_first_personal_project::msg::Number_<std::allocator<void> > >; std::vector<_Tp, _Alloc>::value_type = my_first_personal_project::msg::Number_<std::allocator<void> >][m[K’
 1184 |       [01;36m[Kpush_back[m[K(const value_type& __x)
      |       [01;36m[K^~~~~~~~~[m[K
[01m[K/home/maghetto/ros2_ws/src/my_first_personal_project/src/eworker.cpp:45:40:[m[K [01;31m[Kerror: [m[Kpassing ‘[01m[Kconst std::vector<std::__cxx11::basic_string<char> >[m[K’ as ‘[01m[Kthis[m[K’ argument discards qualifiers [[01;31m[K-fpermissive[m[K]
   45 |         pub_id.push_back(number.node_id[01;31m[K)[m[K;
      |                                        [01;31m[K^[m[K
In file included from [01m[K/usr/include/c++/9/vector:67[m[K,
                 from [01m[K/home/maghetto/ros2_ws/src/my_first_personal_project/src/eworker.cpp:6[m[K:
[01m[K/usr/include/c++/9/bits/stl_vector.h:1184:7:[m[K [01;36m[Knote: [m[K  in call to ‘[01m[Kvoid std::vector<_Tp, _Alloc>::push_back(const value_type&) [with _Tp = std::__cxx11::basic_string<char>; _Alloc = std::allocator<std::__cxx11::basic_string<char> >; std::vector<_Tp, _Alloc>::value_type = std::__cxx11::basic_string<char>][m[K’
 1184 |       [01;36m[Kpush_back[m[K(const value_type& __x)
      |       [01;36m[K^~~~~~~~~[m[K
make[2]: *** [CMakeFiles/eworker.dir/build.make:63: CMakeFiles/eworker.dir/src/eworker.cpp.o] Errore 1
make[1]: *** [CMakeFiles/Makefile2:126: CMakeFiles/eworker.dir/all] Errore 2
make[1]: *** Attesa per i processi non terminati....
[ 97%] [32m[1mLinking CXX executable random_generator[0m
[ 97%] Built target random_generator
make: *** [Makefile:141: all] Errore 2
