[0.177s] Invoking command in '/home/maghetto/ros2_ws/build/my_first_personal_project': CMAKE_PREFIX_PATH=/opt/ros/foxy /usr/bin/cmake --build /home/maghetto/ros2_ws/build/my_first_personal_project -- -j6 -l6
[0.255s] [  2%] Built target my_first_personal_project__cpp
[0.256s] [ 11%] Built target my_first_personal_project__rosidl_generator_c
[0.344s] [ 20%] Built target my_first_personal_project__rosidl_typesupport_cpp
[0.345s] [ 28%] Built target my_first_personal_project__rosidl_typesupport_introspection_cpp
[0.345s] [ 37%] Built target my_first_personal_project__rosidl_typesupport_introspection_c
[0.345s] [ 45%] Built target my_first_personal_project__rosidl_typesupport_c
[0.358s] [ 54%] Built target my_first_personal_project__rosidl_typesupport_fastrtps_cpp
[0.409s] [ 62%] Built target my_first_personal_project__rosidl_typesupport_fastrtps_c
[0.443s] [ 62%] Built target my_first_personal_project
[0.498s] [35m[1mScanning dependencies of target eworker[0m
[0.498s] [35m[1mScanning dependencies of target random_generator[0m
[0.509s] [ 65%] Built target my_first_personal_project__py
[0.548s] [ 68%] [32mBuilding CXX object CMakeFiles/eworker.dir/src/eworker.cpp.o[0m
[0.553s] [ 71%] [32mBuilding CXX object CMakeFiles/random_generator.dir/src/random_generator.cpp.o[0m
[0.580s] [ 77%] Built target my_first_personal_project__python
[0.633s] [ 82%] Built target my_first_personal_project__rosidl_typesupport_introspection_c__pyext
[0.641s] [ 88%] Built target my_first_personal_project__rosidl_typesupport_c__pyext
[0.641s] [ 94%] Built target my_first_personal_project__rosidl_typesupport_fastrtps_c__pyext
[2.239s] [01m[K/home/maghetto/ros2_ws/src/my_first_personal_project/src/eworker.cpp:[m[K In constructor ‘[01m[KEworker::Eworker()[m[K’:
[2.239s] [01m[K/home/maghetto/ros2_ws/src/my_first_personal_project/src/eworker.cpp:23:7:[m[K [01;31m[Kerror: [m[Kunable to find numeric literal operator ‘[01m[Koperator""ms[m[K’
[2.239s]    23 |       [01;31m[K1000ms[m[K, std::bind(&Eworker::timer_callback, this));
[2.239s]       |       [01;31m[K^~~~~~[m[K
[2.249s] [01m[K/home/maghetto/ros2_ws/src/my_first_personal_project/src/eworker.cpp:[m[K In member function ‘[01m[Kvoid Eworker::topic_callback(my_first_personal_project::msg::Number_<std::allocator<void> >::SharedPtr) const[m[K’:
[2.249s] [01m[K/home/maghetto/ros2_ws/src/my_first_personal_project/src/eworker.cpp:33:40:[m[K [01;31m[Kerror: [m[Kpassing ‘[01m[Kconst std::vector<my_first_personal_project::msg::Number_<std::allocator<void> > >[m[K’ as ‘[01m[Kthis[m[K’ argument discards qualifiers [[01;31m[K-fpermissive[m[K]
[2.249s]    33 |       received_numbers.push_back(number[01;31m[K)[m[K;
[2.249s]       |                                        [01;31m[K^[m[K
[2.249s] In file included from [01m[K/usr/include/c++/9/vector:67[m[K,
[2.249s]                  from [01m[K/home/maghetto/ros2_ws/src/my_first_personal_project/src/eworker.cpp:6[m[K:
[2.249s] [01m[K/usr/include/c++/9/bits/stl_vector.h:1184:7:[m[K [01;36m[Knote: [m[K  in call to ‘[01m[Kvoid std::vector<_Tp, _Alloc>::push_back(const value_type&) [with _Tp = my_first_personal_project::msg::Number_<std::allocator<void> >; _Alloc = std::allocator<my_first_personal_project::msg::Number_<std::allocator<void> > >; std::vector<_Tp, _Alloc>::value_type = my_first_personal_project::msg::Number_<std::allocator<void> >][m[K’
[2.249s]  1184 |       [01;36m[Kpush_back[m[K(const value_type& __x)
[2.250s]       |       [01;36m[K^~~~~~~~~[m[K
[2.250s] [01m[K/home/maghetto/ros2_ws/src/my_first_personal_project/src/eworker.cpp:45:40:[m[K [01;31m[Kerror: [m[Kpassing ‘[01m[Kconst std::vector<std::__cxx11::basic_string<char> >[m[K’ as ‘[01m[Kthis[m[K’ argument discards qualifiers [[01;31m[K-fpermissive[m[K]
[2.250s]    45 |         pub_id.push_back(number.node_id[01;31m[K)[m[K;
[2.250s]       |                                        [01;31m[K^[m[K
[2.250s] In file included from [01m[K/usr/include/c++/9/vector:67[m[K,
[2.250s]                  from [01m[K/home/maghetto/ros2_ws/src/my_first_personal_project/src/eworker.cpp:6[m[K:
[2.251s] [01m[K/usr/include/c++/9/bits/stl_vector.h:1184:7:[m[K [01;36m[Knote: [m[K  in call to ‘[01m[Kvoid std::vector<_Tp, _Alloc>::push_back(const value_type&) [with _Tp = std::__cxx11::basic_string<char>; _Alloc = std::allocator<std::__cxx11::basic_string<char> >; std::vector<_Tp, _Alloc>::value_type = std::__cxx11::basic_string<char>][m[K’
[2.251s]  1184 |       [01;36m[Kpush_back[m[K(const value_type& __x)
[2.251s]       |       [01;36m[K^~~~~~~~~[m[K
[4.575s] make[2]: *** [CMakeFiles/eworker.dir/build.make:63: CMakeFiles/eworker.dir/src/eworker.cpp.o] Errore 1
[4.575s] make[1]: *** [CMakeFiles/Makefile2:126: CMakeFiles/eworker.dir/all] Errore 2
[4.576s] make[1]: *** Attesa per i processi non terminati....
[4.880s] [ 97%] [32m[1mLinking CXX executable random_generator[0m
[5.095s] [ 97%] Built target random_generator
[5.111s] make: *** [Makefile:141: all] Errore 2
[5.119s] Invoked command in '/home/maghetto/ros2_ws/build/my_first_personal_project' returned '2': CMAKE_PREFIX_PATH=/opt/ros/foxy /usr/bin/cmake --build /home/maghetto/ros2_ws/build/my_first_personal_project -- -j6 -l6
