[0.939s] Invoking command in '/home/maghetto/ros2_ws/build/examples_rclcpp_minimal_timer': CMAKE_PREFIX_PATH=/opt/ros/foxy /usr/bin/cmake --build /home/maghetto/ros2_ws/build/examples_rclcpp_minimal_timer -- -j6 -l6
[1.114s] [ 50%] Built target timer_member_function
[1.115s] [100%] Built target timer_lambda
[2.233s] Invoked command in '/home/maghetto/ros2_ws/build/examples_rclcpp_minimal_timer' returned '0': CMAKE_PREFIX_PATH=/opt/ros/foxy /usr/bin/cmake --build /home/maghetto/ros2_ws/build/examples_rclcpp_minimal_timer -- -j6 -l6
[3.622s] Invoking command in '/home/maghetto/ros2_ws/build/examples_rclcpp_minimal_timer': CMAKE_PREFIX_PATH=/opt/ros/foxy /usr/bin/cmake --install /home/maghetto/ros2_ws/build/examples_rclcpp_minimal_timer
[3.827s] -- Install configuration: ""
[3.827s] -- Execute custom install script
[3.828s] -- Up-to-date symlink: /home/maghetto/ros2_ws/install/examples_rclcpp_minimal_timer/lib/examples_rclcpp_minimal_timer/timer_lambda
[3.828s] -- Up-to-date symlink: /home/maghetto/ros2_ws/install/examples_rclcpp_minimal_timer/lib/examples_rclcpp_minimal_timer/timer_member_function
[3.829s] -- Up-to-date symlink: /home/maghetto/ros2_ws/install/examples_rclcpp_minimal_timer/share/ament_index/resource_index/package_run_dependencies/examples_rclcpp_minimal_timer
[3.829s] -- Up-to-date symlink: /home/maghetto/ros2_ws/install/examples_rclcpp_minimal_timer/share/ament_index/resource_index/parent_prefix_path/examples_rclcpp_minimal_timer
[3.829s] -- Up-to-date symlink: /home/maghetto/ros2_ws/install/examples_rclcpp_minimal_timer/share/examples_rclcpp_minimal_timer/environment/ament_prefix_path.sh
[3.829s] -- Up-to-date symlink: /home/maghetto/ros2_ws/install/examples_rclcpp_minimal_timer/share/examples_rclcpp_minimal_timer/environment/ament_prefix_path.dsv
[3.829s] -- Up-to-date symlink: /home/maghetto/ros2_ws/install/examples_rclcpp_minimal_timer/share/examples_rclcpp_minimal_timer/environment/path.sh
[3.830s] -- Up-to-date symlink: /home/maghetto/ros2_ws/install/examples_rclcpp_minimal_timer/share/examples_rclcpp_minimal_timer/environment/path.dsv
[3.830s] -- Up-to-date symlink: /home/maghetto/ros2_ws/install/examples_rclcpp_minimal_timer/share/examples_rclcpp_minimal_timer/local_setup.bash
[3.830s] -- Up-to-date symlink: /home/maghetto/ros2_ws/install/examples_rclcpp_minimal_timer/share/examples_rclcpp_minimal_timer/local_setup.sh
[3.830s] -- Up-to-date symlink: /home/maghetto/ros2_ws/install/examples_rclcpp_minimal_timer/share/examples_rclcpp_minimal_timer/local_setup.zsh
[3.831s] -- Up-to-date symlink: /home/maghetto/ros2_ws/install/examples_rclcpp_minimal_timer/share/examples_rclcpp_minimal_timer/local_setup.dsv
[3.831s] -- Symlinking: /home/maghetto/ros2_ws/install/examples_rclcpp_minimal_timer/share/examples_rclcpp_minimal_timer/package.dsv
[3.831s] -- Up-to-date symlink: /home/maghetto/ros2_ws/install/examples_rclcpp_minimal_timer/share/ament_index/resource_index/packages/examples_rclcpp_minimal_timer
[3.831s] -- Up-to-date symlink: /home/maghetto/ros2_ws/install/examples_rclcpp_minimal_timer/share/examples_rclcpp_minimal_timer/cmake/examples_rclcpp_minimal_timerConfig.cmake
[3.831s] -- Up-to-date symlink: /home/maghetto/ros2_ws/install/examples_rclcpp_minimal_timer/share/examples_rclcpp_minimal_timer/cmake/examples_rclcpp_minimal_timerConfig-version.cmake
[3.831s] -- Up-to-date symlink: /home/maghetto/ros2_ws/install/examples_rclcpp_minimal_timer/share/examples_rclcpp_minimal_timer/package.xml
[4.309s] Invoked command in '/home/maghetto/ros2_ws/build/examples_rclcpp_minimal_timer' returned '0': CMAKE_PREFIX_PATH=/opt/ros/foxy /usr/bin/cmake --install /home/maghetto/ros2_ws/build/examples_rclcpp_minimal_timer
