[0.162s] Invoking command in '/home/maghetto/ros2_ws/build/my_first_personal_project': CMAKE_PREFIX_PATH=/opt/ros/foxy /usr/bin/cmake --build /home/maghetto/ros2_ws/build/my_first_personal_project -- -j6 -l6
[0.202s] -- Found ament_cmake: 0.9.12 (/opt/ros/foxy/share/ament_cmake/cmake)
[0.224s] -- Found PythonInterp: /usr/bin/python3 (found suitable version "3.8.10", minimum required is "3") 
[0.224s] -- Using PYTHON_EXECUTABLE: /usr/bin/python3
[0.430s] -- Found rclcpp: 2.4.3 (/opt/ros/foxy/share/rclcpp/cmake)
[0.466s] -- Using all available rosidl_typesupport_c: rosidl_typesupport_fastrtps_c;rosidl_typesupport_introspection_c
[0.469s] -- Found rosidl_adapter: 1.3.1 (/opt/ros/foxy/share/rosidl_adapter/cmake)
[0.596s] -- Using all available rosidl_typesupport_cpp: rosidl_typesupport_fastrtps_cpp;rosidl_typesupport_introspection_cpp
[0.649s] -- Found rmw_implementation_cmake: 1.0.4 (/opt/ros/foxy/share/rmw_implementation_cmake/cmake)
[0.651s] -- Using RMW implementation 'rmw_fastrtps_cpp' as default
[0.811s] -- Found rosbag2_cpp: 0.3.11 (/opt/ros/foxy/share/rosbag2_cpp/cmake)
[0.840s] -- Setting yaml-cpp_DIR to: '/opt/ros/foxy/share/yaml_cpp_vendor/cmake/../../../opt/yaml_cpp_vendor/lib/cmake/yaml-cpp'
[0.845s] -- Found rosidl_default_generators: 1.0.1 (/opt/ros/foxy/share/rosidl_default_generators/cmake)
[0.878s] -- Found PythonInterp: /usr/bin/python3 (found version "3.8.10") 
[0.994s] -- Found ament_cmake_ros: 0.9.2 (/opt/ros/foxy/share/ament_cmake_ros/cmake)
[1.097s] -- Using all available rosidl_typesupport_c: rosidl_typesupport_fastrtps_c;rosidl_typesupport_introspection_c
[1.105s] -- Using all available rosidl_typesupport_cpp: rosidl_typesupport_fastrtps_cpp;rosidl_typesupport_introspection_cpp
[1.129s] -- Found PythonInterp: /usr/bin/python3 (found suitable version "3.8.10", minimum required is "3.5") 
[1.130s] -- Found python_cmake_module: 0.8.1 (/opt/ros/foxy/share/python_cmake_module/cmake)
[1.153s] -- Using PYTHON_EXECUTABLE: /usr/bin/python3
[1.153s] -- Using PYTHON_INCLUDE_DIRS: /usr/include/python3.8
[1.153s] -- Using PYTHON_LIBRARIES: /usr/lib/x86_64-linux-gnu/libpython3.8.so
[1.176s] -- Found ament_lint_auto: 0.9.8 (/opt/ros/foxy/share/ament_lint_auto/cmake)
[1.188s] -- Added test 'copyright' to check source files copyright and LICENSE
[1.189s] -- Added test 'cppcheck' to perform static code analysis on C / C++ code
[1.190s] -- Configured cppcheck include dirs: 
[1.190s] -- Configured cppcheck exclude dirs and/or files: 
[1.191s] -- Added test 'cpplint' to check C / C++ code against the Google style
[1.191s] -- Configured cpplint exclude dirs and/or files: 
[1.191s] -- Added test 'lint_cmake' to check CMake code style
[1.192s] -- Added test 'uncrustify' to check C / C++ code style
[1.192s] -- Configured uncrustify additional arguments: 
[1.193s] -- Added test 'xmllint' to check XML markup files
[1.198s] -- Configuring done
[1.242s] -- Generating done
[1.250s] -- Build files have been written to: /home/maghetto/ros2_ws/build/my_first_personal_project
[1.291s] [  3%] [34m[1mGenerating C code for ROS interfaces[0m
[1.304s] [  6%] [34m[1mGenerating C++ code for ROS interfaces[0m
[1.523s] [35m[1mScanning dependencies of target my_first_personal_project__rosidl_generator_c[0m
[1.538s] [  6%] Built target my_first_personal_project__cpp
[1.550s] [  9%] [32mBuilding C object CMakeFiles/my_first_personal_project__rosidl_generator_c.dir/rosidl_generator_c/my_first_personal_project/msg/detail/number__functions.c.o[0m
[1.556s] [ 12%] [34m[1mGenerating C++ type support dispatch for ROS interfaces[0m
[1.558s] [ 15%] [34m[1mGenerating C++ introspection for ROS interfaces[0m
[1.560s] [ 18%] [34m[1mGenerating C++ type support for eProsima Fast-RTPS[0m
[1.585s] In file included from [01m[K/home/maghetto/ros2_ws/build/my_first_personal_project/rosidl_generator_c/my_first_personal_project/msg/detail/number__functions.h:19[m[K,
[1.585s]                  from [01m[K/home/maghetto/ros2_ws/build/my_first_personal_project/rosidl_generator_c/my_first_personal_project/msg/detail/number__functions.c:4[m[K:
[1.585s] [01m[K/home/maghetto/ros2_ws/build/my_first_personal_project/rosidl_generator_c/my_first_personal_project/msg/detail/number__struct.h:22:10:[m[K [01;31m[Kfatal error: [m[Kmy_first_personal_project/msg/detail/string__struct.h: File o directory non esistente
[1.586s]    22 | #include [01;31m[K"my_first_personal_project/msg/detail/string__struct.h"[m[K
[1.586s]       |          [01;31m[K^~~~~~~~~~~~~~~~~~~~~~~~~~~~~~~~~~~~~~~~~~~~~~~~~~~~~~~[m[K
[1.586s] compilation terminated.
[1.588s] make[2]: *** [CMakeFiles/my_first_personal_project__rosidl_generator_c.dir/build.make:92: CMakeFiles/my_first_personal_project__rosidl_generator_c.dir/rosidl_generator_c/my_first_personal_project/msg/detail/number__functions.c.o] Errore 1
[1.588s] make[1]: *** [CMakeFiles/Makefile2:362: CMakeFiles/my_first_personal_project__rosidl_generator_c.dir/all] Errore 2
[1.588s] make[1]: *** Attesa per i processi non terminati....
[1.774s] [35m[1mScanning dependencies of target my_first_personal_project__rosidl_typesupport_cpp[0m
[1.785s] [35m[1mScanning dependencies of target my_first_personal_project__rosidl_typesupport_introspection_cpp[0m
[1.799s] [ 21%] [32mBuilding CXX object CMakeFiles/my_first_personal_project__rosidl_typesupport_cpp.dir/rosidl_typesupport_cpp/my_first_personal_project/msg/number__type_support.cpp.o[0m
[1.816s] [ 24%] [32mBuilding CXX object CMakeFiles/my_first_personal_project__rosidl_typesupport_introspection_cpp.dir/rosidl_typesupport_introspection_cpp/my_first_personal_project/msg/detail/number__type_support.cpp.o[0m
[1.820s] [35m[1mScanning dependencies of target my_first_personal_project__rosidl_typesupport_fastrtps_cpp[0m
[1.835s] [ 27%] [32mBuilding CXX object CMakeFiles/my_first_personal_project__rosidl_typesupport_fastrtps_cpp.dir/rosidl_typesupport_fastrtps_cpp/my_first_personal_project/msg/detail/dds_fastrtps/number__type_support.cpp.o[0m
[1.848s] In file included from [01m[K/home/maghetto/ros2_ws/build/my_first_personal_project/rosidl_typesupport_cpp/my_first_personal_project/msg/number__type_support.cpp:7[m[K:
[1.848s] [01m[K/home/maghetto/ros2_ws/build/my_first_personal_project/rosidl_generator_cpp/my_first_personal_project/msg/detail/number__struct.hpp:19:10:[m[K [01;31m[Kfatal error: [m[Kmy_first_personal_project/msg/detail/string__struct.hpp: File o directory non esistente
[1.848s]    19 | #include [01;31m[K"my_first_personal_project/msg/detail/string__struct.hpp"[m[K
[1.849s]       |          [01;31m[K^~~~~~~~~~~~~~~~~~~~~~~~~~~~~~~~~~~~~~~~~~~~~~~~~~~~~~~~~[m[K
[1.849s] compilation terminated.
[1.851s] make[2]: *** [CMakeFiles/my_first_personal_project__rosidl_typesupport_cpp.dir/build.make:73: CMakeFiles/my_first_personal_project__rosidl_typesupport_cpp.dir/rosidl_typesupport_cpp/my_first_personal_project/msg/number__type_support.cpp.o] Errore 1
[1.851s] make[1]: *** [CMakeFiles/Makefile2:445: CMakeFiles/my_first_personal_project__rosidl_typesupport_cpp.dir/all] Errore 2
[1.859s] In file included from [01m[K/home/maghetto/ros2_ws/build/my_first_personal_project/rosidl_typesupport_introspection_cpp/my_first_personal_project/msg/detail/number__type_support.cpp:12[m[K:
[1.860s] [01m[K/home/maghetto/ros2_ws/build/my_first_personal_project/rosidl_generator_cpp/my_first_personal_project/msg/detail/number__struct.hpp:19:10:[m[K [01;31m[Kfatal error: [m[Kmy_first_personal_project/msg/detail/string__struct.hpp: File o directory non esistente
[1.860s]    19 | #include [01;31m[K"my_first_personal_project/msg/detail/string__struct.hpp"[m[K
[1.860s]       |          [01;31m[K^~~~~~~~~~~~~~~~~~~~~~~~~~~~~~~~~~~~~~~~~~~~~~~~~~~~~~~~~[m[K
[1.860s] compilation terminated.
[1.862s] make[2]: *** [CMakeFiles/my_first_personal_project__rosidl_typesupport_introspection_cpp.dir/build.make:78: CMakeFiles/my_first_personal_project__rosidl_typesupport_introspection_cpp.dir/rosidl_typesupport_introspection_cpp/my_first_personal_project/msg/detail/number__type_support.cpp.o] Errore 1
[1.863s] make[1]: *** [CMakeFiles/Makefile2:526: CMakeFiles/my_first_personal_project__rosidl_typesupport_introspection_cpp.dir/all] Errore 2
[1.881s] In file included from [01m[K/home/maghetto/ros2_ws/build/my_first_personal_project/rosidl_typesupport_fastrtps_cpp/my_first_personal_project/msg/detail/number__rosidl_typesupport_fastrtps_cpp.hpp:11[m[K,
[1.881s]                  from [01m[K/home/maghetto/ros2_ws/build/my_first_personal_project/rosidl_typesupport_fastrtps_cpp/my_first_personal_project/msg/detail/dds_fastrtps/number__type_support.cpp:4[m[K:
[1.881s] [01m[K/home/maghetto/ros2_ws/build/my_first_personal_project/rosidl_generator_cpp/my_first_personal_project/msg/detail/number__struct.hpp:19:10:[m[K [01;31m[Kfatal error: [m[Kmy_first_personal_project/msg/detail/string__struct.hpp: File o directory non esistente
[1.881s]    19 | #include [01;31m[K"my_first_personal_project/msg/detail/string__struct.hpp"[m[K
[1.881s]       |          [01;31m[K^~~~~~~~~~~~~~~~~~~~~~~~~~~~~~~~~~~~~~~~~~~~~~~~~~~~~~~~~[m[K
[1.881s] compilation terminated.
[1.883s] make[2]: *** [CMakeFiles/my_first_personal_project__rosidl_typesupport_fastrtps_cpp.dir/build.make:78: CMakeFiles/my_first_personal_project__rosidl_typesupport_fastrtps_cpp.dir/rosidl_typesupport_fastrtps_cpp/my_first_personal_project/msg/detail/dds_fastrtps/number__type_support.cpp.o] Errore 1
[1.884s] make[1]: *** [CMakeFiles/Makefile2:308: CMakeFiles/my_first_personal_project__rosidl_typesupport_fastrtps_cpp.dir/all] Errore 2
[1.884s] make: *** [Makefile:141: all] Errore 2
[1.899s] Invoked command in '/home/maghetto/ros2_ws/build/my_first_personal_project' returned '2': CMAKE_PREFIX_PATH=/opt/ros/foxy /usr/bin/cmake --build /home/maghetto/ros2_ws/build/my_first_personal_project -- -j6 -l6
