[0.225s] Invoking command in '/home/maghetto/ros2_ws/build/turtlesim': CMAKE_PREFIX_PATH=/opt/ros/foxy /usr/bin/cmake --build /home/maghetto/ros2_ws/build/turtlesim -- -j6 -l6
[0.395s] [  1%] Built target turtlesim__cpp
[0.456s] [ 11%] Built target turtlesim__rosidl_generator_c
[0.521s] [ 21%] Built target turtlesim__rosidl_typesupport_c
[0.543s] [ 31%] Built target turtlesim__rosidl_typesupport_introspection_cpp
[0.555s] [ 41%] Built target turtlesim__rosidl_typesupport_introspection_c
[0.562s] [ 51%] Built target turtlesim__rosidl_typesupport_cpp
[0.562s] [ 61%] Built target turtlesim__rosidl_typesupport_fastrtps_cpp
[0.652s] [ 71%] Built target turtlesim__rosidl_typesupport_fastrtps_c
[0.665s] [ 71%] Built target turtlesim
[0.752s] [ 72%] Built target turtlesim__py
[0.773s] [ 74%] Built target turtle_teleop_key
[0.777s] [ 76%] Built target mimic
[0.781s] [ 78%] Built target draw_square
[0.845s] [ 84%] Built target turtlesim_node
[0.845s] [ 93%] Built target turtlesim__python
[0.893s] [ 95%] Built target turtlesim__rosidl_typesupport_fastrtps_c__pyext
[0.904s] [ 97%] Built target turtlesim__rosidl_typesupport_c__pyext
[0.904s] [100%] Built target turtlesim__rosidl_typesupport_introspection_c__pyext
[1.428s] Invoked command in '/home/maghetto/ros2_ws/build/turtlesim' returned '0': CMAKE_PREFIX_PATH=/opt/ros/foxy /usr/bin/cmake --build /home/maghetto/ros2_ws/build/turtlesim -- -j6 -l6
[2.115s] Invoking command in '/home/maghetto/ros2_ws/build/turtlesim': CMAKE_PREFIX_PATH=/opt/ros/foxy /usr/bin/cmake --install /home/maghetto/ros2_ws/build/turtlesim
[2.350s] -- Install configuration: ""
[2.350s] -- Up-to-date: /home/maghetto/ros2_ws/install/turtlesim/share/ament_index/resource_index/rosidl_interfaces/turtlesim
[2.351s] -- Up-to-date: /home/maghetto/ros2_ws/install/turtlesim/include/turtlesim
[2.352s] -- Up-to-date: /home/maghetto/ros2_ws/install/turtlesim/include/turtlesim/action
[2.356s] -- Up-to-date: /home/maghetto/ros2_ws/install/turtlesim/include/turtlesim/action/rotate_absolute.h
[2.359s] -- Up-to-date: /home/maghetto/ros2_ws/install/turtlesim/include/turtlesim/action/detail
[2.359s] -- Up-to-date: /home/maghetto/ros2_ws/install/turtlesim/include/turtlesim/action/detail/rotate_absolute__functions.c
[2.361s] -- Up-to-date: /home/maghetto/ros2_ws/install/turtlesim/include/turtlesim/action/detail/rotate_absolute__functions.h
[2.361s] -- Up-to-date: /home/maghetto/ros2_ws/install/turtlesim/include/turtlesim/action/detail/rotate_absolute__type_support.h
[2.361s] -- Up-to-date: /home/maghetto/ros2_ws/install/turtlesim/include/turtlesim/action/detail/rotate_absolute__struct.h
[2.361s] -- Up-to-date: /home/maghetto/ros2_ws/install/turtlesim/include/turtlesim/srv
[2.361s] -- Up-to-date: /home/maghetto/ros2_ws/install/turtlesim/include/turtlesim/srv/set_pen.h
[2.361s] -- Up-to-date: /home/maghetto/ros2_ws/install/turtlesim/include/turtlesim/srv/teleport_relative.h
[2.361s] -- Up-to-date: /home/maghetto/ros2_ws/install/turtlesim/include/turtlesim/srv/teleport_absolute.h
[2.361s] -- Up-to-date: /home/maghetto/ros2_ws/install/turtlesim/include/turtlesim/srv/kill.h
[2.361s] -- Up-to-date: /home/maghetto/ros2_ws/install/turtlesim/include/turtlesim/srv/spawn.h
[2.361s] -- Up-to-date: /home/maghetto/ros2_ws/install/turtlesim/include/turtlesim/srv/detail
[2.361s] -- Up-to-date: /home/maghetto/ros2_ws/install/turtlesim/include/turtlesim/srv/detail/teleport_relative__functions.c
[2.362s] -- Up-to-date: /home/maghetto/ros2_ws/install/turtlesim/include/turtlesim/srv/detail/set_pen__functions.c
[2.362s] -- Up-to-date: /home/maghetto/ros2_ws/install/turtlesim/include/turtlesim/srv/detail/set_pen__type_support.h
[2.362s] -- Up-to-date: /home/maghetto/ros2_ws/install/turtlesim/include/turtlesim/srv/detail/teleport_absolute__type_support.h
[2.362s] -- Up-to-date: /home/maghetto/ros2_ws/install/turtlesim/include/turtlesim/srv/detail/kill__functions.c
[2.362s] -- Up-to-date: /home/maghetto/ros2_ws/install/turtlesim/include/turtlesim/srv/detail/spawn__type_support.h
[2.362s] -- Up-to-date: /home/maghetto/ros2_ws/install/turtlesim/include/turtlesim/srv/detail/kill__functions.h
[2.362s] -- Up-to-date: /home/maghetto/ros2_ws/install/turtlesim/include/turtlesim/srv/detail/teleport_absolute__functions.h
[2.363s] -- Up-to-date: /home/maghetto/ros2_ws/install/turtlesim/include/turtlesim/srv/detail/set_pen__functions.h
[2.363s] -- Up-to-date: /home/maghetto/ros2_ws/install/turtlesim/include/turtlesim/srv/detail/teleport_relative__struct.h
[2.363s] -- Up-to-date: /home/maghetto/ros2_ws/install/turtlesim/include/turtlesim/srv/detail/spawn__functions.c
[2.363s] -- Up-to-date: /home/maghetto/ros2_ws/install/turtlesim/include/turtlesim/srv/detail/kill__type_support.h
[2.363s] -- Up-to-date: /home/maghetto/ros2_ws/install/turtlesim/include/turtlesim/srv/detail/spawn__struct.h
[2.363s] -- Up-to-date: /home/maghetto/ros2_ws/install/turtlesim/include/turtlesim/srv/detail/teleport_absolute__struct.h
[2.363s] -- Up-to-date: /home/maghetto/ros2_ws/install/turtlesim/include/turtlesim/srv/detail/teleport_absolute__functions.c
[2.363s] -- Up-to-date: /home/maghetto/ros2_ws/install/turtlesim/include/turtlesim/srv/detail/kill__struct.h
[2.363s] -- Up-to-date: /home/maghetto/ros2_ws/install/turtlesim/include/turtlesim/srv/detail/teleport_relative__functions.h
[2.364s] -- Up-to-date: /home/maghetto/ros2_ws/install/turtlesim/include/turtlesim/srv/detail/set_pen__struct.h
[2.364s] -- Up-to-date: /home/maghetto/ros2_ws/install/turtlesim/include/turtlesim/srv/detail/teleport_relative__type_support.h
[2.364s] -- Up-to-date: /home/maghetto/ros2_ws/install/turtlesim/include/turtlesim/srv/detail/spawn__functions.h
[2.364s] -- Up-to-date: /home/maghetto/ros2_ws/install/turtlesim/include/turtlesim/msg
[2.364s] -- Up-to-date: /home/maghetto/ros2_ws/install/turtlesim/include/turtlesim/msg/color.h
[2.364s] -- Up-to-date: /home/maghetto/ros2_ws/install/turtlesim/include/turtlesim/msg/rosidl_generator_c__visibility_control.h
[2.364s] -- Up-to-date: /home/maghetto/ros2_ws/install/turtlesim/include/turtlesim/msg/pose.h
[2.364s] -- Up-to-date: /home/maghetto/ros2_ws/install/turtlesim/include/turtlesim/msg/detail
[2.365s] -- Up-to-date: /home/maghetto/ros2_ws/install/turtlesim/include/turtlesim/msg/detail/pose__struct.h
[2.365s] -- Up-to-date: /home/maghetto/ros2_ws/install/turtlesim/include/turtlesim/msg/detail/pose__functions.h
[2.365s] -- Up-to-date: /home/maghetto/ros2_ws/install/turtlesim/include/turtlesim/msg/detail/color__functions.h
[2.365s] -- Up-to-date: /home/maghetto/ros2_ws/install/turtlesim/include/turtlesim/msg/detail/color__type_support.h
[2.365s] -- Up-to-date: /home/maghetto/ros2_ws/install/turtlesim/include/turtlesim/msg/detail/pose__functions.c
[2.365s] -- Up-to-date: /home/maghetto/ros2_ws/install/turtlesim/include/turtlesim/msg/detail/color__functions.c
[2.365s] -- Up-to-date: /home/maghetto/ros2_ws/install/turtlesim/include/turtlesim/msg/detail/color__struct.h
[2.365s] -- Up-to-date: /home/maghetto/ros2_ws/install/turtlesim/include/turtlesim/msg/detail/pose__type_support.h
[2.365s] -- Up-to-date: /home/maghetto/ros2_ws/install/turtlesim/share/turtlesim/environment/library_path.sh
[2.365s] -- Up-to-date: /home/maghetto/ros2_ws/install/turtlesim/share/turtlesim/environment/library_path.dsv
[2.365s] -- Up-to-date: /home/maghetto/ros2_ws/install/turtlesim/lib/libturtlesim__rosidl_generator_c.so
[2.365s] -- Up-to-date: /home/maghetto/ros2_ws/install/turtlesim/include/turtlesim
[2.367s] -- Up-to-date: /home/maghetto/ros2_ws/install/turtlesim/include/turtlesim/action
[2.368s] -- Up-to-date: /home/maghetto/ros2_ws/install/turtlesim/include/turtlesim/action/detail
[2.368s] -- Up-to-date: /home/maghetto/ros2_ws/install/turtlesim/include/turtlesim/action/detail/rotate_absolute__rosidl_typesupport_fastrtps_c.h
[2.368s] -- Up-to-date: /home/maghetto/ros2_ws/install/turtlesim/include/turtlesim/srv
[2.368s] -- Up-to-date: /home/maghetto/ros2_ws/install/turtlesim/include/turtlesim/srv/detail
[2.368s] -- Up-to-date: /home/maghetto/ros2_ws/install/turtlesim/include/turtlesim/srv/detail/spawn__rosidl_typesupport_fastrtps_c.h
[2.369s] -- Up-to-date: /home/maghetto/ros2_ws/install/turtlesim/include/turtlesim/srv/detail/teleport_absolute__rosidl_typesupport_fastrtps_c.h
[2.369s] -- Up-to-date: /home/maghetto/ros2_ws/install/turtlesim/include/turtlesim/srv/detail/teleport_relative__rosidl_typesupport_fastrtps_c.h
[2.369s] -- Up-to-date: /home/maghetto/ros2_ws/install/turtlesim/include/turtlesim/srv/detail/set_pen__rosidl_typesupport_fastrtps_c.h
[2.369s] -- Up-to-date: /home/maghetto/ros2_ws/install/turtlesim/include/turtlesim/srv/detail/kill__rosidl_typesupport_fastrtps_c.h
[2.369s] -- Up-to-date: /home/maghetto/ros2_ws/install/turtlesim/include/turtlesim/msg
[2.369s] -- Up-to-date: /home/maghetto/ros2_ws/install/turtlesim/include/turtlesim/msg/rosidl_typesupport_fastrtps_c__visibility_control.h
[2.370s] -- Up-to-date: /home/maghetto/ros2_ws/install/turtlesim/include/turtlesim/msg/detail
[2.370s] -- Up-to-date: /home/maghetto/ros2_ws/install/turtlesim/include/turtlesim/msg/detail/color__rosidl_typesupport_fastrtps_c.h
[2.370s] -- Up-to-date: /home/maghetto/ros2_ws/install/turtlesim/include/turtlesim/msg/detail/pose__rosidl_typesupport_fastrtps_c.h
[2.370s] -- Up-to-date: /home/maghetto/ros2_ws/install/turtlesim/lib/libturtlesim__rosidl_typesupport_fastrtps_c.so
[2.374s] -- Up-to-date: /home/maghetto/ros2_ws/install/turtlesim/include/turtlesim
[2.374s] -- Up-to-date: /home/maghetto/ros2_ws/install/turtlesim/include/turtlesim/action
[2.374s] -- Up-to-date: /home/maghetto/ros2_ws/install/turtlesim/include/turtlesim/action/detail
[2.374s] -- Up-to-date: /home/maghetto/ros2_ws/install/turtlesim/include/turtlesim/action/detail/dds_fastrtps
[2.374s] -- Up-to-date: /home/maghetto/ros2_ws/install/turtlesim/include/turtlesim/action/detail/rotate_absolute__rosidl_typesupport_fastrtps_cpp.hpp
[2.378s] -- Up-to-date: /home/maghetto/ros2_ws/install/turtlesim/include/turtlesim/srv
[2.378s] -- Up-to-date: /home/maghetto/ros2_ws/install/turtlesim/include/turtlesim/srv/detail
[2.379s] -- Up-to-date: /home/maghetto/ros2_ws/install/turtlesim/include/turtlesim/srv/detail/kill__rosidl_typesupport_fastrtps_cpp.hpp
[2.379s] -- Up-to-date: /home/maghetto/ros2_ws/install/turtlesim/include/turtlesim/srv/detail/dds_fastrtps
[2.379s] -- Up-to-date: /home/maghetto/ros2_ws/install/turtlesim/include/turtlesim/srv/detail/spawn__rosidl_typesupport_fastrtps_cpp.hpp
[2.379s] -- Up-to-date: /home/maghetto/ros2_ws/install/turtlesim/include/turtlesim/srv/detail/teleport_absolute__rosidl_typesupport_fastrtps_cpp.hpp
[2.379s] -- Up-to-date: /home/maghetto/ros2_ws/install/turtlesim/include/turtlesim/srv/detail/teleport_relative__rosidl_typesupport_fastrtps_cpp.hpp
[2.379s] -- Up-to-date: /home/maghetto/ros2_ws/install/turtlesim/include/turtlesim/srv/detail/set_pen__rosidl_typesupport_fastrtps_cpp.hpp
[2.379s] -- Up-to-date: /home/maghetto/ros2_ws/install/turtlesim/include/turtlesim/msg
[2.379s] -- Up-to-date: /home/maghetto/ros2_ws/install/turtlesim/include/turtlesim/msg/rosidl_typesupport_fastrtps_cpp__visibility_control.h
[2.379s] -- Up-to-date: /home/maghetto/ros2_ws/install/turtlesim/include/turtlesim/msg/detail
[2.380s] -- Up-to-date: /home/maghetto/ros2_ws/install/turtlesim/include/turtlesim/msg/detail/color__rosidl_typesupport_fastrtps_cpp.hpp
[2.380s] -- Up-to-date: /home/maghetto/ros2_ws/install/turtlesim/include/turtlesim/msg/detail/dds_fastrtps
[2.380s] -- Up-to-date: /home/maghetto/ros2_ws/install/turtlesim/include/turtlesim/msg/detail/pose__rosidl_typesupport_fastrtps_cpp.hpp
[2.380s] -- Up-to-date: /home/maghetto/ros2_ws/install/turtlesim/lib/libturtlesim__rosidl_typesupport_fastrtps_cpp.so
[2.380s] -- Up-to-date: /home/maghetto/ros2_ws/install/turtlesim/include/turtlesim
[2.380s] -- Up-to-date: /home/maghetto/ros2_ws/install/turtlesim/include/turtlesim/action
[2.380s] -- Up-to-date: /home/maghetto/ros2_ws/install/turtlesim/include/turtlesim/action/detail
[2.380s] -- Up-to-date: /home/maghetto/ros2_ws/install/turtlesim/include/turtlesim/action/detail/rotate_absolute__rosidl_typesupport_introspection_c.h
[2.380s] -- Up-to-date: /home/maghetto/ros2_ws/install/turtlesim/include/turtlesim/action/detail/rotate_absolute__type_support.c
[2.380s] -- Up-to-date: /home/maghetto/ros2_ws/install/turtlesim/include/turtlesim/srv
[2.380s] -- Up-to-date: /home/maghetto/ros2_ws/install/turtlesim/include/turtlesim/srv/detail
[2.380s] -- Up-to-date: /home/maghetto/ros2_ws/install/turtlesim/include/turtlesim/srv/detail/teleport_relative__rosidl_typesupport_introspection_c.h
[2.380s] -- Up-to-date: /home/maghetto/ros2_ws/install/turtlesim/include/turtlesim/srv/detail/spawn__type_support.c
[2.380s] -- Up-to-date: /home/maghetto/ros2_ws/install/turtlesim/include/turtlesim/srv/detail/set_pen__type_support.c
[2.380s] -- Up-to-date: /home/maghetto/ros2_ws/install/turtlesim/include/turtlesim/srv/detail/set_pen__rosidl_typesupport_introspection_c.h
[2.381s] -- Up-to-date: /home/maghetto/ros2_ws/install/turtlesim/include/turtlesim/srv/detail/kill__type_support.c
[2.381s] -- Up-to-date: /home/maghetto/ros2_ws/install/turtlesim/include/turtlesim/srv/detail/teleport_absolute__rosidl_typesupport_introspection_c.h
[2.381s] -- Up-to-date: /home/maghetto/ros2_ws/install/turtlesim/include/turtlesim/srv/detail/teleport_relative__type_support.c
[2.381s] -- Up-to-date: /home/maghetto/ros2_ws/install/turtlesim/include/turtlesim/srv/detail/spawn__rosidl_typesupport_introspection_c.h
[2.381s] -- Up-to-date: /home/maghetto/ros2_ws/install/turtlesim/include/turtlesim/srv/detail/kill__rosidl_typesupport_introspection_c.h
[2.381s] -- Up-to-date: /home/maghetto/ros2_ws/install/turtlesim/include/turtlesim/srv/detail/teleport_absolute__type_support.c
[2.381s] -- Up-to-date: /home/maghetto/ros2_ws/install/turtlesim/include/turtlesim/msg
[2.381s] -- Up-to-date: /home/maghetto/ros2_ws/install/turtlesim/include/turtlesim/msg/rosidl_typesupport_introspection_c__visibility_control.h
[2.381s] -- Up-to-date: /home/maghetto/ros2_ws/install/turtlesim/include/turtlesim/msg/detail
[2.381s] -- Up-to-date: /home/maghetto/ros2_ws/install/turtlesim/include/turtlesim/msg/detail/pose__rosidl_typesupport_introspection_c.h
[2.381s] -- Up-to-date: /home/maghetto/ros2_ws/install/turtlesim/include/turtlesim/msg/detail/color__type_support.c
[2.381s] -- Up-to-date: /home/maghetto/ros2_ws/install/turtlesim/include/turtlesim/msg/detail/color__rosidl_typesupport_introspection_c.h
[2.381s] -- Up-to-date: /home/maghetto/ros2_ws/install/turtlesim/include/turtlesim/msg/detail/pose__type_support.c
[2.381s] -- Up-to-date: /home/maghetto/ros2_ws/install/turtlesim/lib/libturtlesim__rosidl_typesupport_introspection_c.so
[2.381s] -- Up-to-date: /home/maghetto/ros2_ws/install/turtlesim/lib/libturtlesim__rosidl_typesupport_c.so
[2.381s] -- Up-to-date: /home/maghetto/ros2_ws/install/turtlesim/include/turtlesim
[2.382s] -- Up-to-date: /home/maghetto/ros2_ws/install/turtlesim/include/turtlesim/action
[2.382s] -- Up-to-date: /home/maghetto/ros2_ws/install/turtlesim/include/turtlesim/action/rotate_absolute.hpp
[2.382s] -- Up-to-date: /home/maghetto/ros2_ws/install/turtlesim/include/turtlesim/action/detail
[2.382s] -- Up-to-date: /home/maghetto/ros2_ws/install/turtlesim/include/turtlesim/action/detail/rotate_absolute__struct.hpp
[2.382s] -- Up-to-date: /home/maghetto/ros2_ws/install/turtlesim/include/turtlesim/action/detail/rotate_absolute__builder.hpp
[2.382s] -- Up-to-date: /home/maghetto/ros2_ws/install/turtlesim/include/turtlesim/action/detail/rotate_absolute__traits.hpp
[2.382s] -- Up-to-date: /home/maghetto/ros2_ws/install/turtlesim/include/turtlesim/action/detail/rotate_absolute__type_support.hpp
[2.382s] -- Up-to-date: /home/maghetto/ros2_ws/install/turtlesim/include/turtlesim/srv
[2.382s] -- Up-to-date: /home/maghetto/ros2_ws/install/turtlesim/include/turtlesim/srv/kill.hpp
[2.382s] -- Up-to-date: /home/maghetto/ros2_ws/install/turtlesim/include/turtlesim/srv/spawn.hpp
[2.382s] -- Up-to-date: /home/maghetto/ros2_ws/install/turtlesim/include/turtlesim/srv/detail
[2.382s] -- Up-to-date: /home/maghetto/ros2_ws/install/turtlesim/include/turtlesim/srv/detail/teleport_relative__traits.hpp
[2.382s] -- Up-to-date: /home/maghetto/ros2_ws/install/turtlesim/include/turtlesim/srv/detail/teleport_relative__type_support.hpp
[2.382s] -- Up-to-date: /home/maghetto/ros2_ws/install/turtlesim/include/turtlesim/srv/detail/kill__type_support.hpp
[2.382s] -- Up-to-date: /home/maghetto/ros2_ws/install/turtlesim/include/turtlesim/srv/detail/teleport_relative__builder.hpp
[2.382s] -- Up-to-date: /home/maghetto/ros2_ws/install/turtlesim/include/turtlesim/srv/detail/teleport_absolute__traits.hpp
[2.383s] -- Up-to-date: /home/maghetto/ros2_ws/install/turtlesim/include/turtlesim/srv/detail/teleport_absolute__struct.hpp
[2.383s] -- Up-to-date: /home/maghetto/ros2_ws/install/turtlesim/include/turtlesim/srv/detail/spawn__traits.hpp
[2.383s] -- Up-to-date: /home/maghetto/ros2_ws/install/turtlesim/include/turtlesim/srv/detail/spawn__struct.hpp
[2.383s] -- Up-to-date: /home/maghetto/ros2_ws/install/turtlesim/include/turtlesim/srv/detail/set_pen__traits.hpp
[2.383s] -- Up-to-date: /home/maghetto/ros2_ws/install/turtlesim/include/turtlesim/srv/detail/set_pen__builder.hpp
[2.383s] -- Up-to-date: /home/maghetto/ros2_ws/install/turtlesim/include/turtlesim/srv/detail/kill__builder.hpp
[2.383s] -- Up-to-date: /home/maghetto/ros2_ws/install/turtlesim/include/turtlesim/srv/detail/spawn__type_support.hpp
[2.383s] -- Up-to-date: /home/maghetto/ros2_ws/install/turtlesim/include/turtlesim/srv/detail/kill__traits.hpp
[2.383s] -- Up-to-date: /home/maghetto/ros2_ws/install/turtlesim/include/turtlesim/srv/detail/set_pen__struct.hpp
[2.383s] -- Up-to-date: /home/maghetto/ros2_ws/install/turtlesim/include/turtlesim/srv/detail/spawn__builder.hpp
[2.384s] -- Up-to-date: /home/maghetto/ros2_ws/install/turtlesim/include/turtlesim/srv/detail/kill__struct.hpp
[2.384s] -- Up-to-date: /home/maghetto/ros2_ws/install/turtlesim/include/turtlesim/srv/detail/set_pen__type_support.hpp
[2.384s] -- Up-to-date: /home/maghetto/ros2_ws/install/turtlesim/include/turtlesim/srv/detail/teleport_absolute__type_support.hpp
[2.384s] -- Up-to-date: /home/maghetto/ros2_ws/install/turtlesim/include/turtlesim/srv/detail/teleport_absolute__builder.hpp
[2.384s] -- Up-to-date: /home/maghetto/ros2_ws/install/turtlesim/include/turtlesim/srv/detail/teleport_relative__struct.hpp
[2.384s] -- Up-to-date: /home/maghetto/ros2_ws/install/turtlesim/include/turtlesim/srv/teleport_absolute.hpp
[2.384s] -- Up-to-date: /home/maghetto/ros2_ws/install/turtlesim/include/turtlesim/srv/teleport_relative.hpp
[2.384s] -- Up-to-date: /home/maghetto/ros2_ws/install/turtlesim/include/turtlesim/srv/set_pen.hpp
[2.384s] -- Up-to-date: /home/maghetto/ros2_ws/install/turtlesim/include/turtlesim/msg
[2.384s] -- Up-to-date: /home/maghetto/ros2_ws/install/turtlesim/include/turtlesim/msg/pose.hpp
[2.384s] -- Up-to-date: /home/maghetto/ros2_ws/install/turtlesim/include/turtlesim/msg/rosidl_generator_cpp__visibility_control.hpp
[2.384s] -- Up-to-date: /home/maghetto/ros2_ws/install/turtlesim/include/turtlesim/msg/color.hpp
[2.384s] -- Up-to-date: /home/maghetto/ros2_ws/install/turtlesim/include/turtlesim/msg/detail
[2.384s] -- Up-to-date: /home/maghetto/ros2_ws/install/turtlesim/include/turtlesim/msg/detail/pose__traits.hpp
[2.384s] -- Up-to-date: /home/maghetto/ros2_ws/install/turtlesim/include/turtlesim/msg/detail/pose__builder.hpp
[2.384s] -- Up-to-date: /home/maghetto/ros2_ws/install/turtlesim/include/turtlesim/msg/detail/pose__struct.hpp
[2.385s] -- Up-to-date: /home/maghetto/ros2_ws/install/turtlesim/include/turtlesim/msg/detail/color__struct.hpp
[2.385s] -- Up-to-date: /home/maghetto/ros2_ws/install/turtlesim/include/turtlesim/msg/detail/color__traits.hpp
[2.385s] -- Up-to-date: /home/maghetto/ros2_ws/install/turtlesim/include/turtlesim/msg/detail/color__type_support.hpp
[2.385s] -- Up-to-date: /home/maghetto/ros2_ws/install/turtlesim/include/turtlesim/msg/detail/pose__type_support.hpp
[2.385s] -- Up-to-date: /home/maghetto/ros2_ws/install/turtlesim/include/turtlesim/msg/detail/color__builder.hpp
[2.385s] -- Up-to-date: /home/maghetto/ros2_ws/install/turtlesim/include/turtlesim
[2.385s] -- Up-to-date: /home/maghetto/ros2_ws/install/turtlesim/include/turtlesim/action
[2.385s] -- Up-to-date: /home/maghetto/ros2_ws/install/turtlesim/include/turtlesim/action/detail
[2.385s] -- Up-to-date: /home/maghetto/ros2_ws/install/turtlesim/include/turtlesim/action/detail/rotate_absolute__type_support.cpp
[2.385s] -- Up-to-date: /home/maghetto/ros2_ws/install/turtlesim/include/turtlesim/action/detail/rotate_absolute__rosidl_typesupport_introspection_cpp.hpp
[2.385s] -- Up-to-date: /home/maghetto/ros2_ws/install/turtlesim/include/turtlesim/srv
[2.385s] -- Up-to-date: /home/maghetto/ros2_ws/install/turtlesim/include/turtlesim/srv/detail
[2.385s] -- Up-to-date: /home/maghetto/ros2_ws/install/turtlesim/include/turtlesim/srv/detail/teleport_absolute__type_support.cpp
[2.386s] -- Up-to-date: /home/maghetto/ros2_ws/install/turtlesim/include/turtlesim/srv/detail/set_pen__rosidl_typesupport_introspection_cpp.hpp
[2.386s] -- Up-to-date: /home/maghetto/ros2_ws/install/turtlesim/include/turtlesim/srv/detail/spawn__type_support.cpp
[2.386s] -- Up-to-date: /home/maghetto/ros2_ws/install/turtlesim/include/turtlesim/srv/detail/teleport_relative__type_support.cpp
[2.386s] -- Up-to-date: /home/maghetto/ros2_ws/install/turtlesim/include/turtlesim/srv/detail/set_pen__type_support.cpp
[2.386s] -- Up-to-date: /home/maghetto/ros2_ws/install/turtlesim/include/turtlesim/srv/detail/kill__type_support.cpp
[2.386s] -- Up-to-date: /home/maghetto/ros2_ws/install/turtlesim/include/turtlesim/srv/detail/kill__rosidl_typesupport_introspection_cpp.hpp
[2.386s] -- Up-to-date: /home/maghetto/ros2_ws/install/turtlesim/include/turtlesim/srv/detail/teleport_relative__rosidl_typesupport_introspection_cpp.hpp
[2.386s] -- Up-to-date: /home/maghetto/ros2_ws/install/turtlesim/include/turtlesim/srv/detail/spawn__rosidl_typesupport_introspection_cpp.hpp
[2.386s] -- Up-to-date: /home/maghetto/ros2_ws/install/turtlesim/include/turtlesim/srv/detail/teleport_absolute__rosidl_typesupport_introspection_cpp.hpp
[2.387s] -- Up-to-date: /home/maghetto/ros2_ws/install/turtlesim/include/turtlesim/msg
[2.387s] -- Up-to-date: /home/maghetto/ros2_ws/install/turtlesim/include/turtlesim/msg/detail
[2.387s] -- Up-to-date: /home/maghetto/ros2_ws/install/turtlesim/include/turtlesim/msg/detail/color__type_support.cpp
[2.387s] -- Up-to-date: /home/maghetto/ros2_ws/install/turtlesim/include/turtlesim/msg/detail/pose__type_support.cpp
[2.387s] -- Up-to-date: /home/maghetto/ros2_ws/install/turtlesim/include/turtlesim/msg/detail/pose__rosidl_typesupport_introspection_cpp.hpp
[2.388s] -- Up-to-date: /home/maghetto/ros2_ws/install/turtlesim/include/turtlesim/msg/detail/color__rosidl_typesupport_introspection_cpp.hpp
[2.389s] -- Up-to-date: /home/maghetto/ros2_ws/install/turtlesim/lib/libturtlesim__rosidl_typesupport_introspection_cpp.so
[2.389s] -- Up-to-date: /home/maghetto/ros2_ws/install/turtlesim/lib/libturtlesim__rosidl_typesupport_cpp.so
[2.389s] -- Up-to-date: /home/maghetto/ros2_ws/install/turtlesim/share/turtlesim/environment/pythonpath.sh
[2.389s] -- Up-to-date: /home/maghetto/ros2_ws/install/turtlesim/share/turtlesim/environment/pythonpath.dsv
[2.390s] -- Up-to-date: /home/maghetto/ros2_ws/install/turtlesim/lib/python3.8/site-packages/turtlesim/__init__.py
[2.422s] -- Up-to-date: /home/maghetto/ros2_ws/install/turtlesim/lib/python3.8/site-packages/turtlesim/action
[2.422s] -- Up-to-date: /home/maghetto/ros2_ws/install/turtlesim/lib/python3.8/site-packages/turtlesim/action/_rotate_absolute_s.c
[2.422s] -- Up-to-date: /home/maghetto/ros2_ws/install/turtlesim/lib/python3.8/site-packages/turtlesim/action/__init__.py
[2.422s] -- Up-to-date: /home/maghetto/ros2_ws/install/turtlesim/lib/python3.8/site-packages/turtlesim/action/_rotate_absolute.py
[2.422s] -- Up-to-date: /home/maghetto/ros2_ws/install/turtlesim/lib/python3.8/site-packages/turtlesim/msg
[2.422s] -- Up-to-date: /home/maghetto/ros2_ws/install/turtlesim/lib/python3.8/site-packages/turtlesim/msg/_color_s.c
[2.422s] -- Up-to-date: /home/maghetto/ros2_ws/install/turtlesim/lib/python3.8/site-packages/turtlesim/msg/_pose_s.c
[2.422s] -- Up-to-date: /home/maghetto/ros2_ws/install/turtlesim/lib/python3.8/site-packages/turtlesim/msg/_color.py
[2.423s] -- Up-to-date: /home/maghetto/ros2_ws/install/turtlesim/lib/python3.8/site-packages/turtlesim/msg/__init__.py
[2.423s] -- Up-to-date: /home/maghetto/ros2_ws/install/turtlesim/lib/python3.8/site-packages/turtlesim/msg/_pose.py
[2.427s] -- Up-to-date: /home/maghetto/ros2_ws/install/turtlesim/lib/python3.8/site-packages/turtlesim/srv
[2.427s] -- Up-to-date: /home/maghetto/ros2_ws/install/turtlesim/lib/python3.8/site-packages/turtlesim/srv/_teleport_relative.py
[2.427s] -- Up-to-date: /home/maghetto/ros2_ws/install/turtlesim/lib/python3.8/site-packages/turtlesim/srv/_teleport_relative_s.c
[2.427s] -- Up-to-date: /home/maghetto/ros2_ws/install/turtlesim/lib/python3.8/site-packages/turtlesim/srv/_set_pen_s.c
[2.427s] -- Up-to-date: /home/maghetto/ros2_ws/install/turtlesim/lib/python3.8/site-packages/turtlesim/srv/_spawn.py
[2.427s] -- Up-to-date: /home/maghetto/ros2_ws/install/turtlesim/lib/python3.8/site-packages/turtlesim/srv/_set_pen.py
[2.427s] -- Up-to-date: /home/maghetto/ros2_ws/install/turtlesim/lib/python3.8/site-packages/turtlesim/srv/_teleport_absolute.py
[2.427s] -- Up-to-date: /home/maghetto/ros2_ws/install/turtlesim/lib/python3.8/site-packages/turtlesim/srv/__init__.py
[2.427s] -- Up-to-date: /home/maghetto/ros2_ws/install/turtlesim/lib/python3.8/site-packages/turtlesim/srv/_kill_s.c
[2.427s] -- Up-to-date: /home/maghetto/ros2_ws/install/turtlesim/lib/python3.8/site-packages/turtlesim/srv/_kill.py
[2.427s] -- Up-to-date: /home/maghetto/ros2_ws/install/turtlesim/lib/python3.8/site-packages/turtlesim/srv/_spawn_s.c
[2.427s] -- Up-to-date: /home/maghetto/ros2_ws/install/turtlesim/lib/python3.8/site-packages/turtlesim/srv/_teleport_absolute_s.c
[2.433s] -- Up-to-date: /home/maghetto/ros2_ws/install/turtlesim/lib/python3.8/site-packages/turtlesim/turtlesim_s__rosidl_typesupport_fastrtps_c.cpython-38-x86_64-linux-gnu.so
[2.435s] -- Up-to-date: /home/maghetto/ros2_ws/install/turtlesim/lib/python3.8/site-packages/turtlesim/turtlesim_s__rosidl_typesupport_introspection_c.cpython-38-x86_64-linux-gnu.so
[2.435s] -- Up-to-date: /home/maghetto/ros2_ws/install/turtlesim/lib/python3.8/site-packages/turtlesim/turtlesim_s__rosidl_typesupport_c.cpython-38-x86_64-linux-gnu.so
[2.438s] -- Up-to-date: /home/maghetto/ros2_ws/install/turtlesim/lib/libturtlesim__python.so
[2.439s] -- Up-to-date: /home/maghetto/ros2_ws/install/turtlesim/share/turtlesim/action/RotateAbsolute.idl
[2.439s] -- Up-to-date: /home/maghetto/ros2_ws/install/turtlesim/share/turtlesim/msg/Color.idl
[2.440s] -- Up-to-date: /home/maghetto/ros2_ws/install/turtlesim/share/turtlesim/msg/Pose.idl
[2.441s] -- Up-to-date: /home/maghetto/ros2_ws/install/turtlesim/share/turtlesim/srv/Kill.idl
[2.448s] -- Up-to-date: /home/maghetto/ros2_ws/install/turtlesim/share/turtlesim/srv/SetPen.idl
[2.448s] -- Up-to-date: /home/maghetto/ros2_ws/install/turtlesim/share/turtlesim/srv/Spawn.idl
[2.448s] -- Up-to-date: /home/maghetto/ros2_ws/install/turtlesim/share/turtlesim/srv/TeleportAbsolute.idl
[2.448s] -- Up-to-date: /home/maghetto/ros2_ws/install/turtlesim/share/turtlesim/srv/TeleportRelative.idl
[2.448s] -- Up-to-date: /home/maghetto/ros2_ws/install/turtlesim/share/turtlesim/action/RotateAbsolute.action
[2.449s] -- Up-to-date: /home/maghetto/ros2_ws/install/turtlesim/share/turtlesim/msg/Color.msg
[2.449s] -- Up-to-date: /home/maghetto/ros2_ws/install/turtlesim/share/turtlesim/msg/Pose.msg
[2.450s] -- Up-to-date: /home/maghetto/ros2_ws/install/turtlesim/share/turtlesim/srv/Kill.srv
[2.450s] -- Up-to-date: /home/maghetto/ros2_ws/install/turtlesim/share/turtlesim/srv/Kill_Request.msg
[2.451s] -- Up-to-date: /home/maghetto/ros2_ws/install/turtlesim/share/turtlesim/srv/Kill_Response.msg
[2.451s] -- Up-to-date: /home/maghetto/ros2_ws/install/turtlesim/share/turtlesim/srv/SetPen.srv
[2.451s] -- Up-to-date: /home/maghetto/ros2_ws/install/turtlesim/share/turtlesim/srv/SetPen_Request.msg
[2.451s] -- Up-to-date: /home/maghetto/ros2_ws/install/turtlesim/share/turtlesim/srv/SetPen_Response.msg
[2.451s] -- Up-to-date: /home/maghetto/ros2_ws/install/turtlesim/share/turtlesim/srv/Spawn.srv
[2.451s] -- Up-to-date: /home/maghetto/ros2_ws/install/turtlesim/share/turtlesim/srv/Spawn_Request.msg
[2.452s] -- Up-to-date: /home/maghetto/ros2_ws/install/turtlesim/share/turtlesim/srv/Spawn_Response.msg
[2.452s] -- Up-to-date: /home/maghetto/ros2_ws/install/turtlesim/share/turtlesim/srv/TeleportAbsolute.srv
[2.452s] -- Up-to-date: /home/maghetto/ros2_ws/install/turtlesim/share/turtlesim/srv/TeleportAbsolute_Request.msg
[2.452s] -- Up-to-date: /home/maghetto/ros2_ws/install/turtlesim/share/turtlesim/srv/TeleportAbsolute_Response.msg
[2.452s] -- Up-to-date: /home/maghetto/ros2_ws/install/turtlesim/share/turtlesim/srv/TeleportRelative.srv
[2.452s] -- Up-to-date: /home/maghetto/ros2_ws/install/turtlesim/share/turtlesim/srv/TeleportRelative_Request.msg
[2.452s] -- Up-to-date: /home/maghetto/ros2_ws/install/turtlesim/share/turtlesim/srv/TeleportRelative_Response.msg
[2.458s] -- Up-to-date: /home/maghetto/ros2_ws/install/turtlesim/lib/turtlesim/turtlesim_node
[2.459s] -- Up-to-date: /home/maghetto/ros2_ws/install/turtlesim/lib/turtlesim/turtle_teleop_key
[2.464s] -- Up-to-date: /home/maghetto/ros2_ws/install/turtlesim/lib/turtlesim/draw_square
[2.466s] -- Up-to-date: /home/maghetto/ros2_ws/install/turtlesim/lib/turtlesim/mimic
[2.466s] -- Up-to-date: /home/maghetto/ros2_ws/install/turtlesim/share/turtlesim/images
[2.481s] -- Up-to-date: /home/maghetto/ros2_ws/install/turtlesim/share/turtlesim/images/foxy.png
[2.482s] -- Up-to-date: /home/maghetto/ros2_ws/install/turtlesim/share/turtlesim/images/crystal.png
[2.482s] -- Up-to-date: /home/maghetto/ros2_ws/install/turtlesim/share/turtlesim/images/eloquent.png
[2.486s] -- Up-to-date: /home/maghetto/ros2_ws/install/turtlesim/share/turtlesim/images/ardent.png
[2.487s] -- Up-to-date: /home/maghetto/ros2_ws/install/turtlesim/share/turtlesim/images/bouncy.png
[2.488s] -- Up-to-date: /home/maghetto/ros2_ws/install/turtlesim/share/turtlesim/images/dashing.png
[2.488s] -- Up-to-date: /home/maghetto/ros2_ws/install/turtlesim/share/turtlesim/launch
[2.488s] -- Up-to-date: /home/maghetto/ros2_ws/install/turtlesim/share/turtlesim/launch/multisim.launch.py
[2.489s] -- Up-to-date: /home/maghetto/ros2_ws/install/turtlesim/share/ament_index/resource_index/package_run_dependencies/turtlesim
[2.489s] -- Up-to-date: /home/maghetto/ros2_ws/install/turtlesim/share/ament_index/resource_index/parent_prefix_path/turtlesim
[2.498s] -- Up-to-date: /home/maghetto/ros2_ws/install/turtlesim/share/turtlesim/environment/ament_prefix_path.sh
[2.498s] -- Up-to-date: /home/maghetto/ros2_ws/install/turtlesim/share/turtlesim/environment/ament_prefix_path.dsv
[2.499s] -- Up-to-date: /home/maghetto/ros2_ws/install/turtlesim/share/turtlesim/environment/path.sh
[2.499s] -- Up-to-date: /home/maghetto/ros2_ws/install/turtlesim/share/turtlesim/environment/path.dsv
[2.499s] -- Up-to-date: /home/maghetto/ros2_ws/install/turtlesim/share/turtlesim/local_setup.bash
[2.499s] -- Up-to-date: /home/maghetto/ros2_ws/install/turtlesim/share/turtlesim/local_setup.sh
[2.499s] -- Up-to-date: /home/maghetto/ros2_ws/install/turtlesim/share/turtlesim/local_setup.zsh
[2.499s] -- Up-to-date: /home/maghetto/ros2_ws/install/turtlesim/share/turtlesim/local_setup.dsv
[2.500s] -- Installing: /home/maghetto/ros2_ws/install/turtlesim/share/turtlesim/package.dsv
[2.532s] -- Up-to-date: /home/maghetto/ros2_ws/install/turtlesim/share/ament_index/resource_index/packages/turtlesim
[2.549s] -- Up-to-date: /home/maghetto/ros2_ws/install/turtlesim/share/turtlesim/cmake/turtlesim__rosidl_generator_cExport.cmake
[2.549s] -- Up-to-date: /home/maghetto/ros2_ws/install/turtlesim/share/turtlesim/cmake/turtlesim__rosidl_generator_cExport-noconfig.cmake
[2.550s] -- Up-to-date: /home/maghetto/ros2_ws/install/turtlesim/share/turtlesim/cmake/turtlesim__rosidl_typesupport_introspection_cExport.cmake
[2.550s] -- Up-to-date: /home/maghetto/ros2_ws/install/turtlesim/share/turtlesim/cmake/turtlesim__rosidl_typesupport_introspection_cExport-noconfig.cmake
[2.553s] -- Up-to-date: /home/maghetto/ros2_ws/install/turtlesim/share/turtlesim/cmake/turtlesim__rosidl_typesupport_cExport.cmake
[2.554s] -- Up-to-date: /home/maghetto/ros2_ws/install/turtlesim/share/turtlesim/cmake/turtlesim__rosidl_typesupport_cExport-noconfig.cmake
[2.554s] -- Up-to-date: /home/maghetto/ros2_ws/install/turtlesim/share/turtlesim/cmake/turtlesim__rosidl_generator_cppExport.cmake
[2.554s] -- Up-to-date: /home/maghetto/ros2_ws/install/turtlesim/share/turtlesim/cmake/turtlesim__rosidl_typesupport_introspection_cppExport.cmake
[2.554s] -- Up-to-date: /home/maghetto/ros2_ws/install/turtlesim/share/turtlesim/cmake/turtlesim__rosidl_typesupport_introspection_cppExport-noconfig.cmake
[2.554s] -- Up-to-date: /home/maghetto/ros2_ws/install/turtlesim/share/turtlesim/cmake/turtlesim__rosidl_typesupport_cppExport.cmake
[2.554s] -- Up-to-date: /home/maghetto/ros2_ws/install/turtlesim/share/turtlesim/cmake/turtlesim__rosidl_typesupport_cppExport-noconfig.cmake
[2.554s] -- Up-to-date: /home/maghetto/ros2_ws/install/turtlesim/share/turtlesim/cmake/rosidl_cmake-extras.cmake
[2.555s] -- Up-to-date: /home/maghetto/ros2_ws/install/turtlesim/share/turtlesim/cmake/ament_cmake_export_dependencies-extras.cmake
[2.555s] -- Up-to-date: /home/maghetto/ros2_ws/install/turtlesim/share/turtlesim/cmake/ament_cmake_export_libraries-extras.cmake
[2.555s] -- Up-to-date: /home/maghetto/ros2_ws/install/turtlesim/share/turtlesim/cmake/ament_cmake_export_targets-extras.cmake
[2.555s] -- Up-to-date: /home/maghetto/ros2_ws/install/turtlesim/share/turtlesim/cmake/ament_cmake_export_include_directories-extras.cmake
[2.555s] -- Up-to-date: /home/maghetto/ros2_ws/install/turtlesim/share/turtlesim/cmake/rosidl_cmake_export_typesupport_libraries-extras.cmake
[2.555s] -- Up-to-date: /home/maghetto/ros2_ws/install/turtlesim/share/turtlesim/cmake/rosidl_cmake_export_typesupport_targets-extras.cmake
[2.555s] -- Up-to-date: /home/maghetto/ros2_ws/install/turtlesim/share/turtlesim/cmake/turtlesimConfig.cmake
[2.556s] -- Up-to-date: /home/maghetto/ros2_ws/install/turtlesim/share/turtlesim/cmake/turtlesimConfig-version.cmake
[2.556s] -- Up-to-date: /home/maghetto/ros2_ws/install/turtlesim/share/turtlesim/package.xml
[2.653s] Invoked command in '/home/maghetto/ros2_ws/build/turtlesim' returned '0': CMAKE_PREFIX_PATH=/opt/ros/foxy /usr/bin/cmake --install /home/maghetto/ros2_ws/build/turtlesim
