[2.362s] Invoking command in '/home/maghetto/ros2_ws/src/examples/rclpy/services/minimal_service': PYTHONPATH=/home/maghetto/ros2_ws/build/examples_rclpy_minimal_service/prefix_override:/home/maghetto/ros2_ws/install/examples_rclpy_minimal_service/lib/python3.8/site-packages:${PYTHONPATH} /usr/bin/python3 setup.py egg_info --egg-base ../../../../../build/examples_rclpy_minimal_service build --build-base /home/maghetto/ros2_ws/build/examples_rclpy_minimal_service/build install --record /home/maghetto/ros2_ws/build/examples_rclpy_minimal_service/install.log --install-scripts $base/lib/examples_rclpy_minimal_service --single-version-externally-managed
[2.601s] running egg_info
[2.601s] writing ../../../../../build/examples_rclpy_minimal_service/examples_rclpy_minimal_service.egg-info/PKG-INFO
[2.602s] writing dependency_links to ../../../../../build/examples_rclpy_minimal_service/examples_rclpy_minimal_service.egg-info/dependency_links.txt
[2.603s] writing entry points to ../../../../../build/examples_rclpy_minimal_service/examples_rclpy_minimal_service.egg-info/entry_points.txt
[2.603s] writing requirements to ../../../../../build/examples_rclpy_minimal_service/examples_rclpy_minimal_service.egg-info/requires.txt
[2.604s] writing top-level names to ../../../../../build/examples_rclpy_minimal_service/examples_rclpy_minimal_service.egg-info/top_level.txt
[2.643s] reading manifest file '../../../../../build/examples_rclpy_minimal_service/examples_rclpy_minimal_service.egg-info/SOURCES.txt'
[2.650s] writing manifest file '../../../../../build/examples_rclpy_minimal_service/examples_rclpy_minimal_service.egg-info/SOURCES.txt'
[2.650s] running build
[2.650s] running build_py
[2.651s] running install
[2.651s] running install_lib
[2.652s] running install_data
[2.653s] running install_egg_info
[2.657s] removing '/home/maghetto/ros2_ws/install/examples_rclpy_minimal_service/lib/python3.8/site-packages/examples_rclpy_minimal_service-0.9.4-py3.8.egg-info' (and everything under it)
[2.657s] Copying ../../../../../build/examples_rclpy_minimal_service/examples_rclpy_minimal_service.egg-info to /home/maghetto/ros2_ws/install/examples_rclpy_minimal_service/lib/python3.8/site-packages/examples_rclpy_minimal_service-0.9.4-py3.8.egg-info
[2.659s] running install_scripts
[2.678s] Installing service script to /home/maghetto/ros2_ws/install/examples_rclpy_minimal_service/lib/examples_rclpy_minimal_service
[2.678s] Installing service_member_function script to /home/maghetto/ros2_ws/install/examples_rclpy_minimal_service/lib/examples_rclpy_minimal_service
[2.679s] writing list of installed files to '/home/maghetto/ros2_ws/build/examples_rclpy_minimal_service/install.log'
[2.935s] Invoked command in '/home/maghetto/ros2_ws/src/examples/rclpy/services/minimal_service' returned '0': PYTHONPATH=/home/maghetto/ros2_ws/build/examples_rclpy_minimal_service/prefix_override:/home/maghetto/ros2_ws/install/examples_rclpy_minimal_service/lib/python3.8/site-packages:${PYTHONPATH} /usr/bin/python3 setup.py egg_info --egg-base ../../../../../build/examples_rclpy_minimal_service build --build-base /home/maghetto/ros2_ws/build/examples_rclpy_minimal_service/build install --record /home/maghetto/ros2_ws/build/examples_rclpy_minimal_service/install.log --install-scripts $base/lib/examples_rclpy_minimal_service --single-version-externally-managed
