-- Found ament_cmake: 0.9.12 (/opt/ros/foxy/share/ament_cmake/cmake)
-- Found PythonInterp: /usr/bin/python3 (found suitable version "3.8.10", minimum required is "3") 
-- Using PYTHON_EXECUTABLE: /usr/bin/python3
-- Found rclcpp: 2.4.3 (/opt/ros/foxy/share/rclcpp/cmake)
-- Using all available rosidl_typesupport_c: rosidl_typesupport_fastrtps_c;rosidl_typesupport_introspection_c
-- Found rosidl_adapter: 1.3.1 (/opt/ros/foxy/share/rosidl_adapter/cmake)
-- Using all available rosidl_typesupport_cpp: rosidl_typesupport_fastrtps_cpp;rosidl_typesupport_introspection_cpp
-- Found rmw_implementation_cmake: 1.0.4 (/opt/ros/foxy/share/rmw_implementation_cmake/cmake)
-- Using RMW implementation 'rmw_fastrtps_cpp' as default
-- Found rosbag2_cpp: 0.3.11 (/opt/ros/foxy/share/rosbag2_cpp/cmake)
-- Setting yaml-cpp_DIR to: '/opt/ros/foxy/share/yaml_cpp_vendor/cmake/../../../opt/yaml_cpp_vendor/lib/cmake/yaml-cpp'
-- Found rosidl_default_generators: 1.0.1 (/opt/ros/foxy/share/rosidl_default_generators/cmake)
-- Found PythonInterp: /usr/bin/python3 (found version "3.8.10") 
-- Found ament_cmake_ros: 0.9.2 (/opt/ros/foxy/share/ament_cmake_ros/cmake)
-- Using all available rosidl_typesupport_c: rosidl_typesupport_fastrtps_c;rosidl_typesupport_introspection_c
-- Using all available rosidl_typesupport_cpp: rosidl_typesupport_fastrtps_cpp;rosidl_typesupport_introspection_cpp
-- Found PythonInterp: /usr/bin/python3 (found suitable version "3.8.10", minimum required is "3.5") 
-- Found python_cmake_module: 0.8.1 (/opt/ros/foxy/share/python_cmake_module/cmake)
-- Using PYTHON_EXECUTABLE: /usr/bin/python3
-- Using PYTHON_INCLUDE_DIRS: /usr/include/python3.8
-- Using PYTHON_LIBRARIES: /usr/lib/x86_64-linux-gnu/libpython3.8.so
-- Found ament_lint_auto: 0.9.8 (/opt/ros/foxy/share/ament_lint_auto/cmake)
-- Added test 'copyright' to check source files copyright and LICENSE
-- Added test 'cppcheck' to perform static code analysis on C / C++ code
-- Configured cppcheck include dirs: 
-- Configured cppcheck exclude dirs and/or files: 
-- Added test 'cpplint' to check C / C++ code against the Google style
-- Configured cpplint exclude dirs and/or files: 
-- Added test 'flake8' to check Python code syntax and style conventions
-- Added test 'lint_cmake' to check CMake code style
-- Added test 'pep257' to check Python code against some of the style conventions in PEP 257
-- Added test 'uncrustify' to check C / C++ code style
-- Configured uncrustify additional arguments: 
-- Added test 'xmllint' to check XML markup files
-- Configuring done
-- Generating done
-- Build files have been written to: /home/maghetto/ros2_ws/build/my_first_personal_project
[  2%] Built target my_first_personal_project__cpp
[ 11%] Built target my_first_personal_project__rosidl_generator_c
[ 20%] Built target my_first_personal_project__rosidl_typesupport_introspection_c
[ 28%] Built target my_first_personal_project__rosidl_typesupport_cpp
[ 37%] Built target my_first_personal_project__rosidl_typesupport_introspection_cpp
[ 45%] Built target my_first_personal_project__rosidl_typesupport_c
[ 54%] Built target my_first_personal_project__rosidl_typesupport_fastrtps_cpp
[ 62%] Built target my_first_personal_project__rosidl_typesupport_fastrtps_c
[ 62%] Built target my_first_personal_project
[35m[1mScanning dependencies of target eworker[0m
[ 65%] Built target my_first_personal_project__py
[35m[1mScanning dependencies of target random_generator[0m
[ 71%] Built target my_first_personal_project__python
[ 74%] [32mBuilding CXX object CMakeFiles/random_generator.dir/src/random_generator.cpp.o[0m
[ 80%] Built target my_first_personal_project__rosidl_typesupport_c__pyext
[ 85%] Built target my_first_personal_project__rosidl_typesupport_fastrtps_c__pyext
[ 91%] Built target my_first_personal_project__rosidl_typesupport_introspection_c__pyext
[ 94%] [32mBuilding CXX object CMakeFiles/eworker.dir/src/eworker.cpp.o[0m
[01m[K/home/maghetto/ros2_ws/src/my_first_personal_project/src/eworker.cpp:[m[K In function ‘[01m[Kint main(int, char**)[m[K’:
[01m[K/home/maghetto/ros2_ws/src/my_first_personal_project/src/eworker.cpp:33:33:[m[K [01;31m[Kerror: [m[K‘[01m[KMinimalSubscriber[m[K’ was not declared in this scope
   33 |   rclcpp::spin(std::make_shared<[01;31m[KMinimalSubscriber[m[K>());
      |                                 [01;31m[K^~~~~~~~~~~~~~~~~[m[K
[01m[K/home/maghetto/ros2_ws/src/my_first_personal_project/src/eworker.cpp:33:52:[m[K [01;31m[Kerror: [m[Kno matching function for call to ‘[01m[Kmake_shared<<expression error> >()[m[K’
   33 |   rclcpp::spin(std::make_shared<MinimalSubscriber>([01;31m[K)[m[K);
      |                                                    [01;31m[K^[m[K
In file included from [01m[K/usr/include/c++/9/memory:81[m[K,
                 from [01m[K/home/maghetto/ros2_ws/src/my_first_personal_project/src/eworker.cpp:1[m[K:
[01m[K/usr/include/c++/9/bits/shared_ptr.h:714:5:[m[K [01;36m[Knote: [m[Kcandidate: ‘[01m[Ktemplate<class _Tp, class ... _Args> std::shared_ptr<_Tp> std::make_shared(_Args&& ...)[m[K’
  714 |     [01;36m[Kmake_shared[m[K(_Args&&... __args)
      |     [01;36m[K^~~~~~~~~~~[m[K
[01m[K/usr/include/c++/9/bits/shared_ptr.h:714:5:[m[K [01;36m[Knote: [m[K  template argument deduction/substitution failed:
[01m[K/home/maghetto/ros2_ws/src/my_first_personal_project/src/eworker.cpp:33:52:[m[K [01;31m[Kerror: [m[Ktemplate argument 1 is invalid
   33 |   rclcpp::spin(std::make_shared<MinimalSubscriber>([01;31m[K)[m[K);
      |                                                    [01;31m[K^[m[K
In file included from [01m[K/opt/ros/foxy/include/rclcpp/node_interfaces/node_topics_interface.hpp:32[m[K,
                 from [01m[K/opt/ros/foxy/include/rclcpp/node.hpp:55[m[K,
                 from [01m[K/opt/ros/foxy/include/rclcpp/executors/single_threaded_executor.hpp:28[m[K,
                 from [01m[K/opt/ros/foxy/include/rclcpp/executors.hpp:22[m[K,
                 from [01m[K/opt/ros/foxy/include/rclcpp/rclcpp.hpp:146[m[K,
                 from [01m[K/home/maghetto/ros2_ws/src/my_first_personal_project/src/eworker.cpp:7[m[K:
/opt/ros/foxy/include/rclcpp/subscription_factory.hpp: In instantiation of ‘[01m[Krclcpp::SubscriptionFactory rclcpp::create_subscription_factory(CallbackT&&, const rclcpp::SubscriptionOptionsWithAllocator<AllocatorT>&, typename MessageMemoryStrategyT::SharedPtr, std::shared_ptr<rclcpp::topic_statistics::SubscriptionTopicStatistics<CallbackMessageT> >) [with MessageT = my_first_personal_project::msg::Number_<std::allocator<void> >; CallbackT = std::_Bind<void (Eworker::*(Eworker*, std::_Placeholder<1>))(my_first_personal_project::msg::Number_<std::allocator<void> >) const>; AllocatorT = std::allocator<void>; CallbackMessageT = my_first_personal_project::msg::Number_<std::allocator<void> >; SubscriptionT = rclcpp::Subscription<my_first_personal_project::msg::Number_<std::allocator<void> > >; MessageMemoryStrategyT = rclcpp::message_memory_strategy::MessageMemoryStrategy<my_first_personal_project::msg::Number_<std::allocator<void> >, std::allocator<void> >; typename MessageMemoryStrategyT::SharedPtr = std::shared_ptr<rclcpp::message_memory_strategy::MessageMemoryStrategy<my_first_personal_project::msg::Number_<std::allocator<void> >, std::allocator<void> > >][m[K’:
[01m[K/opt/ros/foxy/include/rclcpp/create_subscription.hpp:144:63:[m[K   required from ‘[01m[Kstd::shared_ptr<SubscriptionT> rclcpp::create_subscription(NodeT&&, const string&, const rclcpp::QoS&, CallbackT&&, const rclcpp::SubscriptionOptionsWithAllocator<AllocatorT>&, typename MessageMemoryStrategyT::SharedPtr) [with MessageT = my_first_personal_project::msg::Number_<std::allocator<void> >; CallbackT = std::_Bind<void (Eworker::*(Eworker*, std::_Placeholder<1>))(my_first_personal_project::msg::Number_<std::allocator<void> >) const>; AllocatorT = std::allocator<void>; CallbackMessageT = my_first_personal_project::msg::Number_<std::allocator<void> >; SubscriptionT = rclcpp::Subscription<my_first_personal_project::msg::Number_<std::allocator<void> > >; MessageMemoryStrategyT = rclcpp::message_memory_strategy::MessageMemoryStrategy<my_first_personal_project::msg::Number_<std::allocator<void> >, std::allocator<void> >; NodeT = rclcpp::Node&; std::string = std::__cxx11::basic_string<char>; typename MessageMemoryStrategyT::SharedPtr = std::shared_ptr<rclcpp::message_memory_strategy::MessageMemoryStrategy<my_first_personal_project::msg::Number_<std::allocator<void> >, std::allocator<void> > >][m[K’
[01m[K/opt/ros/foxy/include/rclcpp/node_impl.hpp:98:47:[m[K   required from ‘[01m[Kstd::shared_ptr<SubscriptionT> rclcpp::Node::create_subscription(const string&, const rclcpp::QoS&, CallbackT&&, const rclcpp::SubscriptionOptionsWithAllocator<AllocatorT>&, typename MessageMemoryStrategyT::SharedPtr) [with MessageT = my_first_personal_project::msg::Number_<std::allocator<void> >; CallbackT = std::_Bind<void (Eworker::*(Eworker*, std::_Placeholder<1>))(my_first_personal_project::msg::Number_<std::allocator<void> >) const>; AllocatorT = std::allocator<void>; CallbackMessageT = my_first_personal_project::msg::Number_<std::allocator<void> >; SubscriptionT = rclcpp::Subscription<my_first_personal_project::msg::Number_<std::allocator<void> > >; MessageMemoryStrategyT = rclcpp::message_memory_strategy::MessageMemoryStrategy<my_first_personal_project::msg::Number_<std::allocator<void> >, std::allocator<void> >; std::string = std::__cxx11::basic_string<char>; typename MessageMemoryStrategyT::SharedPtr = std::shared_ptr<rclcpp::message_memory_strategy::MessageMemoryStrategy<my_first_personal_project::msg::Number_<std::allocator<void> >, std::allocator<void> > >][m[K’
[01m[K/home/maghetto/ros2_ws/src/my_first_personal_project/src/eworker.cpp:19:73:[m[K   required from here
[01m[K/opt/ros/foxy/include/rclcpp/subscription_factory.hpp:97:3:[m[K [01;31m[Kerror: [m[Kno matching function for call to ‘[01m[Krclcpp::AnySubscriptionCallback<my_first_personal_project::msg::Number_<std::allocator<void> >, std::allocator<void> >::set(std::_Bind<void (Eworker::*(Eworker*, std::_Placeholder<1>))(my_first_personal_project::msg::Number_<std::allocator<void> >) const>)[m[K’
   97 |   [01;31m[Kany_subscription_callback[m[K.set(std::forward<CallbackT>(callback));
      |   [01;31m[K^~~~~~~~~~~~~~~~~~~~~~~~~[m[K
In file included from [01m[K/opt/ros/foxy/include/rclcpp/subscription_base.hpp:29[m[K,
                 from [01m[K/opt/ros/foxy/include/rclcpp/callback_group.hpp:26[m[K,
                 from [01m[K/opt/ros/foxy/include/rclcpp/any_executable.hpp:20[m[K,
                 from [01m[K/opt/ros/foxy/include/rclcpp/memory_strategy.hpp:24[m[K,
                 from [01m[K/opt/ros/foxy/include/rclcpp/memory_strategies.hpp:18[m[K,
                 from [01m[K/opt/ros/foxy/include/rclcpp/executor_options.hpp:20[m[K,
                 from [01m[K/opt/ros/foxy/include/rclcpp/executor.hpp:33[m[K,
                 from [01m[K/opt/ros/foxy/include/rclcpp/executors/multi_threaded_executor.hpp:26[m[K,
                 from [01m[K/opt/ros/foxy/include/rclcpp/executors.hpp:21[m[K,
                 from [01m[K/opt/ros/foxy/include/rclcpp/rclcpp.hpp:146[m[K,
                 from [01m[K/home/maghetto/ros2_ws/src/my_first_personal_project/src/eworker.cpp:7[m[K:
[01m[K/opt/ros/foxy/include/rclcpp/any_subscription_callback.hpp:83:8:[m[K [01;36m[Knote: [m[Kcandidate: ‘[01m[Ktemplate<class CallbackT, typename std::enable_if<rclcpp::function_traits::same_arguments<CallbackT, std::function<void(std::shared_ptr<my_first_personal_project::msg::Number_<std::allocator<void> > >)> >::value, void>::type* <anonymous> > void rclcpp::AnySubscriptionCallback<MessageT, Alloc>::set(CallbackT) [with CallbackT = CallbackT; typename std::enable_if<rclcpp::function_traits::same_arguments<CallbackT, std::function<void(std::shared_ptr<_Tp>)> >::value>::type* <anonymous> = <enumerator>; MessageT = my_first_personal_project::msg::Number_<std::allocator<void> >; Alloc = std::allocator<void>][m[K’
   83 |   void [01;36m[Kset[m[K(CallbackT callback)
      |        [01;36m[K^~~[m[K
[01m[K/opt/ros/foxy/include/rclcpp/any_subscription_callback.hpp:83:8:[m[K [01;36m[Knote: [m[K  template argument deduction/substitution failed:
[01m[K/opt/ros/foxy/include/rclcpp/any_subscription_callback.hpp:81:17:[m[K [01;31m[Kerror: [m[Kno type named ‘[01m[Ktype[m[K’ in ‘[01m[Kstruct std::enable_if<false, void>[m[K’
   81 |     >::type * = [01;31m[Knullptr[m[K
      |                 [01;31m[K^~~~~~~[m[K
[01m[K/opt/ros/foxy/include/rclcpp/any_subscription_callback.hpp:97:8:[m[K [01;36m[Knote: [m[Kcandidate: ‘[01m[Ktemplate<class CallbackT, typename std::enable_if<rclcpp::function_traits::same_arguments<CallbackT, std::function<void(std::shared_ptr<my_first_personal_project::msg::Number_<std::allocator<void> > >, const rclcpp::MessageInfo&)> >::value, void>::type* <anonymous> > void rclcpp::AnySubscriptionCallback<MessageT, Alloc>::set(CallbackT) [with CallbackT = CallbackT; typename std::enable_if<rclcpp::function_traits::same_arguments<CallbackT, std::function<void(std::shared_ptr<_Tp>, const rclcpp::MessageInfo&)> >::value>::type* <anonymous> = <enumerator>; MessageT = my_first_personal_project::msg::Number_<std::allocator<void> >; Alloc = std::allocator<void>][m[K’
   97 |   void [01;36m[Kset[m[K(CallbackT callback)
      |        [01;36m[K^~~[m[K
[01m[K/opt/ros/foxy/include/rclcpp/any_subscription_callback.hpp:97:8:[m[K [01;36m[Knote: [m[K  template argument deduction/substitution failed:
[01m[K/opt/ros/foxy/include/rclcpp/any_subscription_callback.hpp:95:17:[m[K [01;31m[Kerror: [m[Kno type named ‘[01m[Ktype[m[K’ in ‘[01m[Kstruct std::enable_if<false, void>[m[K’
   95 |     >::type * = [01;31m[Knullptr[m[K
      |                 [01;31m[K^~~~~~~[m[K
[01m[K/opt/ros/foxy/include/rclcpp/any_subscription_callback.hpp:111:8:[m[K [01;36m[Knote: [m[Kcandidate: ‘[01m[Ktemplate<class CallbackT, typename std::enable_if<rclcpp::function_traits::same_arguments<CallbackT, std::function<void(std::shared_ptr<const my_first_personal_project::msg::Number_<std::allocator<void> > >)> >::value, void>::type* <anonymous> > void rclcpp::AnySubscriptionCallback<MessageT, Alloc>::set(CallbackT) [with CallbackT = CallbackT; typename std::enable_if<rclcpp::function_traits::same_arguments<CallbackT, std::function<void(std::shared_ptr<const _Tp>)> >::value>::type* <anonymous> = <enumerator>; MessageT = my_first_personal_project::msg::Number_<std::allocator<void> >; Alloc = std::allocator<void>][m[K’
  111 |   void [01;36m[Kset[m[K(CallbackT callback)
      |        [01;36m[K^~~[m[K
[01m[K/opt/ros/foxy/include/rclcpp/any_subscription_callback.hpp:111:8:[m[K [01;36m[Knote: [m[K  template argument deduction/substitution failed:
[01m[K/opt/ros/foxy/include/rclcpp/any_subscription_callback.hpp:109:17:[m[K [01;31m[Kerror: [m[Kno type named ‘[01m[Ktype[m[K’ in ‘[01m[Kstruct std::enable_if<false, void>[m[K’
  109 |     >::type * = [01;31m[Knullptr[m[K
      |                 [01;31m[K^~~~~~~[m[K
[01m[K/opt/ros/foxy/include/rclcpp/any_subscription_callback.hpp:125:8:[m[K [01;36m[Knote: [m[Kcandidate: ‘[01m[Ktemplate<class CallbackT, typename std::enable_if<rclcpp::function_traits::same_arguments<CallbackT, std::function<void(std::shared_ptr<const my_first_personal_project::msg::Number_<std::allocator<void> > >, const rclcpp::MessageInfo&)> >::value, void>::type* <anonymous> > void rclcpp::AnySubscriptionCallback<MessageT, Alloc>::set(CallbackT) [with CallbackT = CallbackT; typename std::enable_if<rclcpp::function_traits::same_arguments<CallbackT, std::function<void(std::shared_ptr<const _Tp>, const rclcpp::MessageInfo&)> >::value>::type* <anonymous> = <enumerator>; MessageT = my_first_personal_project::msg::Number_<std::allocator<void> >; Alloc = std::allocator<void>][m[K’
  125 |   void [01;36m[Kset[m[K(CallbackT callback)
      |        [01;36m[K^~~[m[K
[01m[K/opt/ros/foxy/include/rclcpp/any_subscription_callback.hpp:125:8:[m[K [01;36m[Knote: [m[K  template argument deduction/substitution failed:
[01m[K/opt/ros/foxy/include/rclcpp/any_subscription_callback.hpp:123:17:[m[K [01;31m[Kerror: [m[Kno type named ‘[01m[Ktype[m[K’ in ‘[01m[Kstruct std::enable_if<false, void>[m[K’
  123 |     >::type * = [01;31m[Knullptr[m[K
      |                 [01;31m[K^~~~~~~[m[K
[01m[K/opt/ros/foxy/include/rclcpp/any_subscription_callback.hpp:139:8:[m[K [01;36m[Knote: [m[Kcandidate: ‘[01m[Ktemplate<class CallbackT, typename std::enable_if<rclcpp::function_traits::same_arguments<CallbackT, std::function<void(std::unique_ptr<my_first_personal_project::msg::Number_<std::allocator<void> >, std::default_delete<my_first_personal_project::msg::Number_<std::allocator<void> > > >)> >::value, void>::type* <anonymous> > void rclcpp::AnySubscriptionCallback<MessageT, Alloc>::set(CallbackT) [with CallbackT = CallbackT; typename std::enable_if<rclcpp::function_traits::same_arguments<CallbackT, std::function<void(std::unique_ptr<MessageT, typename std::conditional<std::is_same<typename std::allocator_traits<typename std::allocator_traits<_Alloc>::rebind_traits<MessageT>::allocator_type>::rebind_alloc<MessageT>, typename std::allocator<void>::rebind<_Tp1>::other>::value, std::default_delete<_Tp>, rclcpp::allocator::AllocatorDeleter<typename std::allocator_traits<_Alloc>::rebind_traits<MessageT>::allocator_type> >::type>)> >::value>::type* <anonymous> = <enumerator>; MessageT = my_first_personal_project::msg::Number_<std::allocator<void> >; Alloc = std::allocator<void>][m[K’
  139 |   void [01;36m[Kset[m[K(CallbackT callback)
      |        [01;36m[K^~~[m[K
[01m[K/opt/ros/foxy/include/rclcpp/any_subscription_callback.hpp:139:8:[m[K [01;36m[Knote: [m[K  template argument deduction/substitution failed:
[01m[K/opt/ros/foxy/include/rclcpp/any_subscription_callback.hpp:137:17:[m[K [01;31m[Kerror: [m[Kno type named ‘[01m[Ktype[m[K’ in ‘[01m[Kstruct std::enable_if<false, void>[m[K’
  137 |     >::type * = [01;31m[Knullptr[m[K
      |                 [01;31m[K^~~~~~~[m[K
[01m[K/opt/ros/foxy/include/rclcpp/any_subscription_callback.hpp:153:8:[m[K [01;36m[Knote: [m[Kcandidate: ‘[01m[Ktemplate<class CallbackT, typename std::enable_if<rclcpp::function_traits::same_arguments<CallbackT, std::function<void(std::unique_ptr<my_first_personal_project::msg::Number_<std::allocator<void> >, std::default_delete<my_first_personal_project::msg::Number_<std::allocator<void> > > >, const rclcpp::MessageInfo&)> >::value, void>::type* <anonymous> > void rclcpp::AnySubscriptionCallback<MessageT, Alloc>::set(CallbackT) [with CallbackT = CallbackT; typename std::enable_if<rclcpp::function_traits::same_arguments<CallbackT, std::function<void(std::unique_ptr<MessageT, typename std::conditional<std::is_same<typename std::allocator_traits<typename std::allocator_traits<_Alloc>::rebind_traits<MessageT>::allocator_type>::rebind_alloc<MessageT>, typename std::allocator<void>::rebind<_Tp1>::other>::value, std::default_delete<_Tp>, rclcpp::allocator::AllocatorDeleter<typename std::allocator_traits<_Alloc>::rebind_traits<MessageT>::allocator_type> >::type>, const rclcpp::MessageInfo&)> >::value>::type* <anonymous> = <enumerator>; MessageT = my_first_personal_project::msg::Number_<std::allocator<void> >; Alloc = std::allocator<void>][m[K’
  153 |   void [01;36m[Kset[m[K(CallbackT callback)
      |        [01;36m[K^~~[m[K
[01m[K/opt/ros/foxy/include/rclcpp/any_subscription_callback.hpp:153:8:[m[K [01;36m[Knote: [m[K  template argument deduction/substitution failed:
[01m[K/opt/ros/foxy/include/rclcpp/any_subscription_callback.hpp:151:17:[m[K [01;31m[Kerror: [m[Kno type named ‘[01m[Ktype[m[K’ in ‘[01m[Kstruct std::enable_if<false, void>[m[K’
  151 |     >::type * = [01;31m[Knullptr[m[K
      |                 [01;31m[K^~~~~~~[m[K
In file included from [01m[K/usr/include/c++/9/functional:59[m[K,
                 from [01m[K/home/maghetto/ros2_ws/src/my_first_personal_project/src/eworker.cpp:4[m[K:
[01m[K/usr/include/c++/9/bits/std_function.h:[m[K At global scope:
[01m[K/usr/include/c++/9/bits/std_function.h:667:7:[m[K [01;31m[Kerror: [m[K‘[01m[Kstd::function<_Res(_ArgTypes ...)>::function(_Functor) [with _Functor = rclcpp::create_subscription_factory(CallbackT&&, const rclcpp::SubscriptionOptionsWithAllocator<AllocatorT>&, typename MessageMemoryStrategyT::SharedPtr, std::shared_ptr<rclcpp::topic_statistics::SubscriptionTopicStatistics<CallbackMessageT> >) [with MessageT = my_first_personal_project::msg::Number_<std::allocator<void> >; CallbackT = std::_Bind<void (Eworker::*(Eworker*, std::_Placeholder<1>))(my_first_personal_project::msg::Number_<std::allocator<void> >) const>; AllocatorT = std::allocator<void>; CallbackMessageT = my_first_personal_project::msg::Number_<std::allocator<void> >; SubscriptionT = rclcpp::Subscription<my_first_personal_project::msg::Number_<std::allocator<void> > >; MessageMemoryStrategyT = rclcpp::message_memory_strategy::MessageMemoryStrategy<my_first_personal_project::msg::Number_<std::allocator<void> >, std::allocator<void> >; typename MessageMemoryStrategyT::SharedPtr = std::shared_ptr<rclcpp::message_memory_strategy::MessageMemoryStrategy<my_first_personal_project::msg::Number_<std::allocator<void> >, std::allocator<void> > >]::<lambda(rclcpp::node_interfaces::NodeBaseInterface*, const string&, const rclcpp::QoS&)>; <template-parameter-2-2> = void; <template-parameter-2-3> = void; _Res = std::shared_ptr<rclcpp::SubscriptionBase>; _ArgTypes = {rclcpp::node_interfaces::NodeBaseInterface*, const std::__cxx11::basic_string<char, std::char_traits<char>, std::allocator<char> >&, const rclcpp::QoS&}][m[K’, declared using local type ‘[01m[Krclcpp::create_subscription_factory(CallbackT&&, const rclcpp::SubscriptionOptionsWithAllocator<AllocatorT>&, typename MessageMemoryStrategyT::SharedPtr, std::shared_ptr<rclcpp::topic_statistics::SubscriptionTopicStatistics<CallbackMessageT> >) [with MessageT = my_first_personal_project::msg::Number_<std::allocator<void> >; CallbackT = std::_Bind<void (Eworker::*(Eworker*, std::_Placeholder<1>))(my_first_personal_project::msg::Number_<std::allocator<void> >) const>; AllocatorT = std::allocator<void>; CallbackMessageT = my_first_personal_project::msg::Number_<std::allocator<void> >; SubscriptionT = rclcpp::Subscription<my_first_personal_project::msg::Number_<std::allocator<void> > >; MessageMemoryStrategyT = rclcpp::message_memory_strategy::MessageMemoryStrategy<my_first_personal_project::msg::Number_<std::allocator<void> >, std::allocator<void> >; typename MessageMemoryStrategyT::SharedPtr = std::shared_ptr<rclcpp::message_memory_strategy::MessageMemoryStrategy<my_first_personal_project::msg::Number_<std::allocator<void> >, std::allocator<void> > >]::<lambda(rclcpp::node_interfaces::NodeBaseInterface*, const string&, const rclcpp::QoS&)>[m[K’, is used but never defined [[01;31m[K-fpermissive[m[K]
  667 |       [01;31m[Kfunction<_Res(_ArgTypes...)>[m[K::
      |       [01;31m[K^~~~~~~~~~~~~~~~~~~~~~~~~~~~[m[K
make[2]: *** [CMakeFiles/eworker.dir/build.make:63: CMakeFiles/eworker.dir/src/eworker.cpp.o] Errore 1
make[1]: *** [CMakeFiles/Makefile2:126: CMakeFiles/eworker.dir/all] Errore 2
make[1]: *** Attesa per i processi non terminati....
[ 97%] [32m[1mLinking CXX executable random_generator[0m
[ 97%] Built target random_generator
make: *** [Makefile:141: all] Errore 2
