[0.874s] Invoking command in '/home/maghetto/ros2_ws/build/turtlesim': CMAKE_PREFIX_PATH=/opt/ros/foxy /usr/bin/cmake --build /home/maghetto/ros2_ws/build/turtlesim -- -j5 -l5
[1.042s] [  1%] Built target turtlesim__cpp
[1.043s] [ 11%] Built target turtlesim__rosidl_generator_c
[1.043s] [ 31%] Built target turtlesim__rosidl_typesupport_cpp
[1.043s] [ 31%] Built target turtlesim__rosidl_typesupport_introspection_cpp
[1.043s] [ 41%] Built target turtlesim__rosidl_typesupport_fastrtps_cpp
[1.043s] [ 51%] Built target turtlesim__rosidl_typesupport_introspection_c
[1.043s] [ 61%] Built target turtlesim__rosidl_typesupport_c
[1.043s] [ 71%] Built target turtlesim__rosidl_typesupport_fastrtps_c
[1.086s] [ 71%] Built target turtlesim
[1.128s] [35m[1mScanning dependencies of target turtlesim_node[0m
[1.145s] [ 72%] Built target turtlesim__py
[1.162s] [ 74%] Built target mimic
[1.169s] [ 76%] Built target draw_square
[1.169s] [ 78%] Built target turtle_teleop_key
[1.190s] [ 79%] [32mBuilding CXX object CMakeFiles/turtlesim_node.dir/src/turtle_frame.cpp.o[0m
[1.211s] [ 88%] Built target turtlesim__python
[1.246s] [ 92%] Built target turtlesim__rosidl_typesupport_introspection_c__pyext
[1.246s] [ 92%] Built target turtlesim__rosidl_typesupport_c__pyext
[1.301s] [ 94%] Built target turtlesim__rosidl_typesupport_fastrtps_c__pyext
[8.230s] [ 95%] [32m[1mLinking CXX executable turtlesim_node[0m
[10.216s] [100%] Built target turtlesim_node
[10.236s] Invoked command in '/home/maghetto/ros2_ws/build/turtlesim' returned '0': CMAKE_PREFIX_PATH=/opt/ros/foxy /usr/bin/cmake --build /home/maghetto/ros2_ws/build/turtlesim -- -j5 -l5
[10.706s] Invoking command in '/home/maghetto/ros2_ws/build/turtlesim': CMAKE_PREFIX_PATH=/opt/ros/foxy /usr/bin/cmake --install /home/maghetto/ros2_ws/build/turtlesim
[10.718s] -- Install configuration: ""
[10.719s] -- Up-to-date: /home/maghetto/ros2_ws/install/turtlesim/share/ament_index/resource_index/rosidl_interfaces/turtlesim
[10.719s] -- Up-to-date: /home/maghetto/ros2_ws/install/turtlesim/include/turtlesim
[10.719s] -- Up-to-date: /home/maghetto/ros2_ws/install/turtlesim/include/turtlesim/action
[10.721s] -- Up-to-date: /home/maghetto/ros2_ws/install/turtlesim/include/turtlesim/action/rotate_absolute.h
[10.721s] -- Up-to-date: /home/maghetto/ros2_ws/install/turtlesim/include/turtlesim/action/detail
[10.721s] -- Up-to-date: /home/maghetto/ros2_ws/install/turtlesim/include/turtlesim/action/detail/rotate_absolute__functions.c
[10.721s] -- Up-to-date: /home/maghetto/ros2_ws/install/turtlesim/include/turtlesim/action/detail/rotate_absolute__functions.h
[10.721s] -- Up-to-date: /home/maghetto/ros2_ws/install/turtlesim/include/turtlesim/action/detail/rotate_absolute__type_support.h
[10.722s] -- Up-to-date: /home/maghetto/ros2_ws/install/turtlesim/include/turtlesim/action/detail/rotate_absolute__struct.h
[10.722s] -- Up-to-date: /home/maghetto/ros2_ws/install/turtlesim/include/turtlesim/srv
[10.722s] -- Up-to-date: /home/maghetto/ros2_ws/install/turtlesim/include/turtlesim/srv/set_pen.h
[10.722s] -- Up-to-date: /home/maghetto/ros2_ws/install/turtlesim/include/turtlesim/srv/teleport_relative.h
[10.722s] -- Up-to-date: /home/maghetto/ros2_ws/install/turtlesim/include/turtlesim/srv/teleport_absolute.h
[10.722s] -- Up-to-date: /home/maghetto/ros2_ws/install/turtlesim/include/turtlesim/srv/kill.h
[10.722s] -- Up-to-date: /home/maghetto/ros2_ws/install/turtlesim/include/turtlesim/srv/spawn.h
[10.722s] -- Up-to-date: /home/maghetto/ros2_ws/install/turtlesim/include/turtlesim/srv/detail
[10.723s] -- Up-to-date: /home/maghetto/ros2_ws/install/turtlesim/include/turtlesim/srv/detail/teleport_relative__functions.c
[10.723s] -- Up-to-date: /home/maghetto/ros2_ws/install/turtlesim/include/turtlesim/srv/detail/set_pen__functions.c
[10.723s] -- Up-to-date: /home/maghetto/ros2_ws/install/turtlesim/include/turtlesim/srv/detail/set_pen__type_support.h
[10.723s] -- Up-to-date: /home/maghetto/ros2_ws/install/turtlesim/include/turtlesim/srv/detail/teleport_absolute__type_support.h
[10.723s] -- Up-to-date: /home/maghetto/ros2_ws/install/turtlesim/include/turtlesim/srv/detail/kill__functions.c
[10.723s] -- Up-to-date: /home/maghetto/ros2_ws/install/turtlesim/include/turtlesim/srv/detail/spawn__type_support.h
[10.724s] -- Up-to-date: /home/maghetto/ros2_ws/install/turtlesim/include/turtlesim/srv/detail/kill__functions.h
[10.724s] -- Up-to-date: /home/maghetto/ros2_ws/install/turtlesim/include/turtlesim/srv/detail/teleport_absolute__functions.h
[10.724s] -- Up-to-date: /home/maghetto/ros2_ws/install/turtlesim/include/turtlesim/srv/detail/set_pen__functions.h
[10.724s] -- Up-to-date: /home/maghetto/ros2_ws/install/turtlesim/include/turtlesim/srv/detail/teleport_relative__struct.h
[10.724s] -- Up-to-date: /home/maghetto/ros2_ws/install/turtlesim/include/turtlesim/srv/detail/spawn__functions.c
[10.724s] -- Up-to-date: /home/maghetto/ros2_ws/install/turtlesim/include/turtlesim/srv/detail/kill__type_support.h
[10.724s] -- Up-to-date: /home/maghetto/ros2_ws/install/turtlesim/include/turtlesim/srv/detail/spawn__struct.h
[10.727s] -- Up-to-date: /home/maghetto/ros2_ws/install/turtlesim/include/turtlesim/srv/detail/teleport_absolute__struct.h
[10.727s] -- Up-to-date: /home/maghetto/ros2_ws/install/turtlesim/include/turtlesim/srv/detail/teleport_absolute__functions.c
[10.727s] -- Up-to-date: /home/maghetto/ros2_ws/install/turtlesim/include/turtlesim/srv/detail/kill__struct.h
[10.728s] -- Up-to-date: /home/maghetto/ros2_ws/install/turtlesim/include/turtlesim/srv/detail/teleport_relative__functions.h
[10.728s] -- Up-to-date: /home/maghetto/ros2_ws/install/turtlesim/include/turtlesim/srv/detail/set_pen__struct.h
[10.728s] -- Up-to-date: /home/maghetto/ros2_ws/install/turtlesim/include/turtlesim/srv/detail/teleport_relative__type_support.h
[10.728s] -- Up-to-date: /home/maghetto/ros2_ws/install/turtlesim/include/turtlesim/srv/detail/spawn__functions.h
[10.729s] -- Up-to-date: /home/maghetto/ros2_ws/install/turtlesim/include/turtlesim/msg
[10.732s] -- Up-to-date: /home/maghetto/ros2_ws/install/turtlesim/include/turtlesim/msg/color.h
[10.733s] -- Up-to-date: /home/maghetto/ros2_ws/install/turtlesim/include/turtlesim/msg/rosidl_generator_c__visibility_control.h
[10.733s] -- Up-to-date: /home/maghetto/ros2_ws/install/turtlesim/include/turtlesim/msg/pose.h
[10.734s] -- Up-to-date: /home/maghetto/ros2_ws/install/turtlesim/include/turtlesim/msg/detail
[10.734s] -- Up-to-date: /home/maghetto/ros2_ws/install/turtlesim/include/turtlesim/msg/detail/pose__struct.h
[10.734s] -- Up-to-date: /home/maghetto/ros2_ws/install/turtlesim/include/turtlesim/msg/detail/pose__functions.h
[10.734s] -- Up-to-date: /home/maghetto/ros2_ws/install/turtlesim/include/turtlesim/msg/detail/color__functions.h
[10.735s] -- Up-to-date: /home/maghetto/ros2_ws/install/turtlesim/include/turtlesim/msg/detail/color__type_support.h
[10.735s] -- Up-to-date: /home/maghetto/ros2_ws/install/turtlesim/include/turtlesim/msg/detail/pose__functions.c
[10.735s] -- Up-to-date: /home/maghetto/ros2_ws/install/turtlesim/include/turtlesim/msg/detail/color__functions.c
[10.735s] -- Up-to-date: /home/maghetto/ros2_ws/install/turtlesim/include/turtlesim/msg/detail/color__struct.h
[10.735s] -- Up-to-date: /home/maghetto/ros2_ws/install/turtlesim/include/turtlesim/msg/detail/pose__type_support.h
[10.735s] -- Up-to-date: /home/maghetto/ros2_ws/install/turtlesim/share/turtlesim/environment/library_path.sh
[10.735s] -- Up-to-date: /home/maghetto/ros2_ws/install/turtlesim/share/turtlesim/environment/library_path.dsv
[10.736s] -- Up-to-date: /home/maghetto/ros2_ws/install/turtlesim/lib/libturtlesim__rosidl_generator_c.so
[10.737s] -- Up-to-date: /home/maghetto/ros2_ws/install/turtlesim/include/turtlesim
[10.737s] -- Up-to-date: /home/maghetto/ros2_ws/install/turtlesim/include/turtlesim/action
[10.737s] -- Up-to-date: /home/maghetto/ros2_ws/install/turtlesim/include/turtlesim/action/detail
[10.738s] -- Up-to-date: /home/maghetto/ros2_ws/install/turtlesim/include/turtlesim/action/detail/rotate_absolute__rosidl_typesupport_fastrtps_c.h
[10.738s] -- Up-to-date: /home/maghetto/ros2_ws/install/turtlesim/include/turtlesim/srv
[10.738s] -- Up-to-date: /home/maghetto/ros2_ws/install/turtlesim/include/turtlesim/srv/detail
[10.739s] -- Up-to-date: /home/maghetto/ros2_ws/install/turtlesim/include/turtlesim/srv/detail/spawn__rosidl_typesupport_fastrtps_c.h
[10.739s] -- Up-to-date: /home/maghetto/ros2_ws/install/turtlesim/include/turtlesim/srv/detail/teleport_absolute__rosidl_typesupport_fastrtps_c.h
[10.739s] -- Up-to-date: /home/maghetto/ros2_ws/install/turtlesim/include/turtlesim/srv/detail/teleport_relative__rosidl_typesupport_fastrtps_c.h
[10.739s] -- Up-to-date: /home/maghetto/ros2_ws/install/turtlesim/include/turtlesim/srv/detail/set_pen__rosidl_typesupport_fastrtps_c.h
[10.739s] -- Up-to-date: /home/maghetto/ros2_ws/install/turtlesim/include/turtlesim/srv/detail/kill__rosidl_typesupport_fastrtps_c.h
[10.739s] -- Up-to-date: /home/maghetto/ros2_ws/install/turtlesim/include/turtlesim/msg
[10.739s] -- Up-to-date: /home/maghetto/ros2_ws/install/turtlesim/include/turtlesim/msg/rosidl_typesupport_fastrtps_c__visibility_control.h
[10.739s] -- Up-to-date: /home/maghetto/ros2_ws/install/turtlesim/include/turtlesim/msg/detail
[10.739s] -- Up-to-date: /home/maghetto/ros2_ws/install/turtlesim/include/turtlesim/msg/detail/color__rosidl_typesupport_fastrtps_c.h
[10.740s] -- Up-to-date: /home/maghetto/ros2_ws/install/turtlesim/include/turtlesim/msg/detail/pose__rosidl_typesupport_fastrtps_c.h
[10.740s] -- Up-to-date: /home/maghetto/ros2_ws/install/turtlesim/lib/libturtlesim__rosidl_typesupport_fastrtps_c.so
[10.740s] -- Up-to-date: /home/maghetto/ros2_ws/install/turtlesim/include/turtlesim
[10.740s] -- Up-to-date: /home/maghetto/ros2_ws/install/turtlesim/include/turtlesim/action
[10.740s] -- Up-to-date: /home/maghetto/ros2_ws/install/turtlesim/include/turtlesim/action/detail
[10.740s] -- Up-to-date: /home/maghetto/ros2_ws/install/turtlesim/include/turtlesim/action/detail/dds_fastrtps
[10.740s] -- Up-to-date: /home/maghetto/ros2_ws/install/turtlesim/include/turtlesim/action/detail/rotate_absolute__rosidl_typesupport_fastrtps_cpp.hpp
[10.741s] -- Up-to-date: /home/maghetto/ros2_ws/install/turtlesim/include/turtlesim/srv
[10.741s] -- Up-to-date: /home/maghetto/ros2_ws/install/turtlesim/include/turtlesim/srv/detail
[10.741s] -- Up-to-date: /home/maghetto/ros2_ws/install/turtlesim/include/turtlesim/srv/detail/kill__rosidl_typesupport_fastrtps_cpp.hpp
[10.741s] -- Up-to-date: /home/maghetto/ros2_ws/install/turtlesim/include/turtlesim/srv/detail/dds_fastrtps
[10.741s] -- Up-to-date: /home/maghetto/ros2_ws/install/turtlesim/include/turtlesim/srv/detail/spawn__rosidl_typesupport_fastrtps_cpp.hpp
[10.741s] -- Up-to-date: /home/maghetto/ros2_ws/install/turtlesim/include/turtlesim/srv/detail/teleport_absolute__rosidl_typesupport_fastrtps_cpp.hpp
[10.741s] -- Up-to-date: /home/maghetto/ros2_ws/install/turtlesim/include/turtlesim/srv/detail/teleport_relative__rosidl_typesupport_fastrtps_cpp.hpp
[10.741s] -- Up-to-date: /home/maghetto/ros2_ws/install/turtlesim/include/turtlesim/srv/detail/set_pen__rosidl_typesupport_fastrtps_cpp.hpp
[10.741s] -- Up-to-date: /home/maghetto/ros2_ws/install/turtlesim/include/turtlesim/msg
[10.741s] -- Up-to-date: /home/maghetto/ros2_ws/install/turtlesim/include/turtlesim/msg/rosidl_typesupport_fastrtps_cpp__visibility_control.h
[10.741s] -- Up-to-date: /home/maghetto/ros2_ws/install/turtlesim/include/turtlesim/msg/detail
[10.741s] -- Up-to-date: /home/maghetto/ros2_ws/install/turtlesim/include/turtlesim/msg/detail/color__rosidl_typesupport_fastrtps_cpp.hpp
[10.741s] -- Up-to-date: /home/maghetto/ros2_ws/install/turtlesim/include/turtlesim/msg/detail/dds_fastrtps
[10.741s] -- Up-to-date: /home/maghetto/ros2_ws/install/turtlesim/include/turtlesim/msg/detail/pose__rosidl_typesupport_fastrtps_cpp.hpp
[10.741s] -- Up-to-date: /home/maghetto/ros2_ws/install/turtlesim/lib/libturtlesim__rosidl_typesupport_fastrtps_cpp.so
[10.741s] -- Up-to-date: /home/maghetto/ros2_ws/install/turtlesim/include/turtlesim
[10.742s] -- Up-to-date: /home/maghetto/ros2_ws/install/turtlesim/include/turtlesim/action
[10.742s] -- Up-to-date: /home/maghetto/ros2_ws/install/turtlesim/include/turtlesim/action/detail
[10.742s] -- Up-to-date: /home/maghetto/ros2_ws/install/turtlesim/include/turtlesim/action/detail/rotate_absolute__rosidl_typesupport_introspection_c.h
[10.742s] -- Up-to-date: /home/maghetto/ros2_ws/install/turtlesim/include/turtlesim/action/detail/rotate_absolute__type_support.c
[10.742s] -- Up-to-date: /home/maghetto/ros2_ws/install/turtlesim/include/turtlesim/srv
[10.742s] -- Up-to-date: /home/maghetto/ros2_ws/install/turtlesim/include/turtlesim/srv/detail
[10.742s] -- Up-to-date: /home/maghetto/ros2_ws/install/turtlesim/include/turtlesim/srv/detail/teleport_relative__rosidl_typesupport_introspection_c.h
[10.742s] -- Up-to-date: /home/maghetto/ros2_ws/install/turtlesim/include/turtlesim/srv/detail/spawn__type_support.c
[10.742s] -- Up-to-date: /home/maghetto/ros2_ws/install/turtlesim/include/turtlesim/srv/detail/set_pen__type_support.c
[10.742s] -- Up-to-date: /home/maghetto/ros2_ws/install/turtlesim/include/turtlesim/srv/detail/set_pen__rosidl_typesupport_introspection_c.h
[10.742s] -- Up-to-date: /home/maghetto/ros2_ws/install/turtlesim/include/turtlesim/srv/detail/kill__type_support.c
[10.742s] -- Up-to-date: /home/maghetto/ros2_ws/install/turtlesim/include/turtlesim/srv/detail/teleport_absolute__rosidl_typesupport_introspection_c.h
[10.742s] -- Up-to-date: /home/maghetto/ros2_ws/install/turtlesim/include/turtlesim/srv/detail/teleport_relative__type_support.c
[10.742s] -- Up-to-date: /home/maghetto/ros2_ws/install/turtlesim/include/turtlesim/srv/detail/spawn__rosidl_typesupport_introspection_c.h
[10.742s] -- Up-to-date: /home/maghetto/ros2_ws/install/turtlesim/include/turtlesim/srv/detail/kill__rosidl_typesupport_introspection_c.h
[10.742s] -- Up-to-date: /home/maghetto/ros2_ws/install/turtlesim/include/turtlesim/srv/detail/teleport_absolute__type_support.c
[10.743s] -- Up-to-date: /home/maghetto/ros2_ws/install/turtlesim/include/turtlesim/msg
[10.743s] -- Up-to-date: /home/maghetto/ros2_ws/install/turtlesim/include/turtlesim/msg/rosidl_typesupport_introspection_c__visibility_control.h
[10.743s] -- Up-to-date: /home/maghetto/ros2_ws/install/turtlesim/include/turtlesim/msg/detail
[10.743s] -- Up-to-date: /home/maghetto/ros2_ws/install/turtlesim/include/turtlesim/msg/detail/pose__rosidl_typesupport_introspection_c.h
[10.743s] -- Up-to-date: /home/maghetto/ros2_ws/install/turtlesim/include/turtlesim/msg/detail/color__type_support.c
[10.743s] -- Up-to-date: /home/maghetto/ros2_ws/install/turtlesim/include/turtlesim/msg/detail/color__rosidl_typesupport_introspection_c.h
[10.743s] -- Up-to-date: /home/maghetto/ros2_ws/install/turtlesim/include/turtlesim/msg/detail/pose__type_support.c
[10.743s] -- Up-to-date: /home/maghetto/ros2_ws/install/turtlesim/lib/libturtlesim__rosidl_typesupport_introspection_c.so
[10.743s] -- Up-to-date: /home/maghetto/ros2_ws/install/turtlesim/lib/libturtlesim__rosidl_typesupport_c.so
[10.743s] -- Up-to-date: /home/maghetto/ros2_ws/install/turtlesim/include/turtlesim
[10.743s] -- Up-to-date: /home/maghetto/ros2_ws/install/turtlesim/include/turtlesim/action
[10.743s] -- Up-to-date: /home/maghetto/ros2_ws/install/turtlesim/include/turtlesim/action/rotate_absolute.hpp
[10.743s] -- Up-to-date: /home/maghetto/ros2_ws/install/turtlesim/include/turtlesim/action/detail
[10.743s] -- Up-to-date: /home/maghetto/ros2_ws/install/turtlesim/include/turtlesim/action/detail/rotate_absolute__struct.hpp
[10.743s] -- Up-to-date: /home/maghetto/ros2_ws/install/turtlesim/include/turtlesim/action/detail/rotate_absolute__builder.hpp
[10.743s] -- Up-to-date: /home/maghetto/ros2_ws/install/turtlesim/include/turtlesim/action/detail/rotate_absolute__traits.hpp
[10.743s] -- Up-to-date: /home/maghetto/ros2_ws/install/turtlesim/include/turtlesim/action/detail/rotate_absolute__type_support.hpp
[10.744s] -- Up-to-date: /home/maghetto/ros2_ws/install/turtlesim/include/turtlesim/srv
[10.744s] -- Up-to-date: /home/maghetto/ros2_ws/install/turtlesim/include/turtlesim/srv/kill.hpp
[10.744s] -- Up-to-date: /home/maghetto/ros2_ws/install/turtlesim/include/turtlesim/srv/spawn.hpp
[10.744s] -- Up-to-date: /home/maghetto/ros2_ws/install/turtlesim/include/turtlesim/srv/detail
[10.744s] -- Up-to-date: /home/maghetto/ros2_ws/install/turtlesim/include/turtlesim/srv/detail/teleport_relative__traits.hpp
[10.744s] -- Up-to-date: /home/maghetto/ros2_ws/install/turtlesim/include/turtlesim/srv/detail/teleport_relative__type_support.hpp
[10.744s] -- Up-to-date: /home/maghetto/ros2_ws/install/turtlesim/include/turtlesim/srv/detail/kill__type_support.hpp
[10.744s] -- Up-to-date: /home/maghetto/ros2_ws/install/turtlesim/include/turtlesim/srv/detail/teleport_relative__builder.hpp
[10.744s] -- Up-to-date: /home/maghetto/ros2_ws/install/turtlesim/include/turtlesim/srv/detail/teleport_absolute__traits.hpp
[10.744s] -- Up-to-date: /home/maghetto/ros2_ws/install/turtlesim/include/turtlesim/srv/detail/teleport_absolute__struct.hpp
[10.744s] -- Up-to-date: /home/maghetto/ros2_ws/install/turtlesim/include/turtlesim/srv/detail/spawn__traits.hpp
[10.744s] -- Up-to-date: /home/maghetto/ros2_ws/install/turtlesim/include/turtlesim/srv/detail/spawn__struct.hpp
[10.744s] -- Up-to-date: /home/maghetto/ros2_ws/install/turtlesim/include/turtlesim/srv/detail/set_pen__traits.hpp
[10.744s] -- Up-to-date: /home/maghetto/ros2_ws/install/turtlesim/include/turtlesim/srv/detail/set_pen__builder.hpp
[10.744s] -- Up-to-date: /home/maghetto/ros2_ws/install/turtlesim/include/turtlesim/srv/detail/kill__builder.hpp
[10.744s] -- Up-to-date: /home/maghetto/ros2_ws/install/turtlesim/include/turtlesim/srv/detail/spawn__type_support.hpp
[10.744s] -- Up-to-date: /home/maghetto/ros2_ws/install/turtlesim/include/turtlesim/srv/detail/kill__traits.hpp
[10.745s] -- Up-to-date: /home/maghetto/ros2_ws/install/turtlesim/include/turtlesim/srv/detail/set_pen__struct.hpp
[10.745s] -- Up-to-date: /home/maghetto/ros2_ws/install/turtlesim/include/turtlesim/srv/detail/spawn__builder.hpp
[10.745s] -- Up-to-date: /home/maghetto/ros2_ws/install/turtlesim/include/turtlesim/srv/detail/kill__struct.hpp
[10.745s] -- Up-to-date: /home/maghetto/ros2_ws/install/turtlesim/include/turtlesim/srv/detail/set_pen__type_support.hpp
[10.745s] -- Up-to-date: /home/maghetto/ros2_ws/install/turtlesim/include/turtlesim/srv/detail/teleport_absolute__type_support.hpp
[10.745s] -- Up-to-date: /home/maghetto/ros2_ws/install/turtlesim/include/turtlesim/srv/detail/teleport_absolute__builder.hpp
[10.745s] -- Up-to-date: /home/maghetto/ros2_ws/install/turtlesim/include/turtlesim/srv/detail/teleport_relative__struct.hpp
[10.745s] -- Up-to-date: /home/maghetto/ros2_ws/install/turtlesim/include/turtlesim/srv/teleport_absolute.hpp
[10.745s] -- Up-to-date: /home/maghetto/ros2_ws/install/turtlesim/include/turtlesim/srv/teleport_relative.hpp
[10.745s] -- Up-to-date: /home/maghetto/ros2_ws/install/turtlesim/include/turtlesim/srv/set_pen.hpp
[10.745s] -- Up-to-date: /home/maghetto/ros2_ws/install/turtlesim/include/turtlesim/msg
[10.745s] -- Up-to-date: /home/maghetto/ros2_ws/install/turtlesim/include/turtlesim/msg/pose.hpp
[10.745s] -- Up-to-date: /home/maghetto/ros2_ws/install/turtlesim/include/turtlesim/msg/rosidl_generator_cpp__visibility_control.hpp
[10.745s] -- Up-to-date: /home/maghetto/ros2_ws/install/turtlesim/include/turtlesim/msg/color.hpp
[10.745s] -- Up-to-date: /home/maghetto/ros2_ws/install/turtlesim/include/turtlesim/msg/detail
[10.745s] -- Up-to-date: /home/maghetto/ros2_ws/install/turtlesim/include/turtlesim/msg/detail/pose__traits.hpp
[10.745s] -- Up-to-date: /home/maghetto/ros2_ws/install/turtlesim/include/turtlesim/msg/detail/pose__builder.hpp
[10.746s] -- Up-to-date: /home/maghetto/ros2_ws/install/turtlesim/include/turtlesim/msg/detail/pose__struct.hpp
[10.746s] -- Up-to-date: /home/maghetto/ros2_ws/install/turtlesim/include/turtlesim/msg/detail/color__struct.hpp
[10.746s] -- Up-to-date: /home/maghetto/ros2_ws/install/turtlesim/include/turtlesim/msg/detail/color__traits.hpp
[10.746s] -- Up-to-date: /home/maghetto/ros2_ws/install/turtlesim/include/turtlesim/msg/detail/color__type_support.hpp
[10.746s] -- Up-to-date: /home/maghetto/ros2_ws/install/turtlesim/include/turtlesim/msg/detail/pose__type_support.hpp
[10.746s] -- Up-to-date: /home/maghetto/ros2_ws/install/turtlesim/include/turtlesim/msg/detail/color__builder.hpp
[10.746s] -- Up-to-date: /home/maghetto/ros2_ws/install/turtlesim/include/turtlesim
[10.746s] -- Up-to-date: /home/maghetto/ros2_ws/install/turtlesim/include/turtlesim/action
[10.746s] -- Up-to-date: /home/maghetto/ros2_ws/install/turtlesim/include/turtlesim/action/detail
[10.746s] -- Up-to-date: /home/maghetto/ros2_ws/install/turtlesim/include/turtlesim/action/detail/rotate_absolute__type_support.cpp
[10.746s] -- Up-to-date: /home/maghetto/ros2_ws/install/turtlesim/include/turtlesim/action/detail/rotate_absolute__rosidl_typesupport_introspection_cpp.hpp
[10.746s] -- Up-to-date: /home/maghetto/ros2_ws/install/turtlesim/include/turtlesim/srv
[10.746s] -- Up-to-date: /home/maghetto/ros2_ws/install/turtlesim/include/turtlesim/srv/detail
[10.746s] -- Up-to-date: /home/maghetto/ros2_ws/install/turtlesim/include/turtlesim/srv/detail/teleport_absolute__type_support.cpp
[10.746s] -- Up-to-date: /home/maghetto/ros2_ws/install/turtlesim/include/turtlesim/srv/detail/set_pen__rosidl_typesupport_introspection_cpp.hpp
[10.746s] -- Up-to-date: /home/maghetto/ros2_ws/install/turtlesim/include/turtlesim/srv/detail/spawn__type_support.cpp
[10.747s] -- Up-to-date: /home/maghetto/ros2_ws/install/turtlesim/include/turtlesim/srv/detail/teleport_relative__type_support.cpp
[10.747s] -- Up-to-date: /home/maghetto/ros2_ws/install/turtlesim/include/turtlesim/srv/detail/set_pen__type_support.cpp
[10.747s] -- Up-to-date: /home/maghetto/ros2_ws/install/turtlesim/include/turtlesim/srv/detail/kill__type_support.cpp
[10.747s] -- Up-to-date: /home/maghetto/ros2_ws/install/turtlesim/include/turtlesim/srv/detail/kill__rosidl_typesupport_introspection_cpp.hpp
[10.747s] -- Up-to-date: /home/maghetto/ros2_ws/install/turtlesim/include/turtlesim/srv/detail/teleport_relative__rosidl_typesupport_introspection_cpp.hpp
[10.747s] -- Up-to-date: /home/maghetto/ros2_ws/install/turtlesim/include/turtlesim/srv/detail/spawn__rosidl_typesupport_introspection_cpp.hpp
[10.747s] -- Up-to-date: /home/maghetto/ros2_ws/install/turtlesim/include/turtlesim/srv/detail/teleport_absolute__rosidl_typesupport_introspection_cpp.hpp
[10.747s] -- Up-to-date: /home/maghetto/ros2_ws/install/turtlesim/include/turtlesim/msg
[10.747s] -- Up-to-date: /home/maghetto/ros2_ws/install/turtlesim/include/turtlesim/msg/detail
[10.747s] -- Up-to-date: /home/maghetto/ros2_ws/install/turtlesim/include/turtlesim/msg/detail/color__type_support.cpp
[10.747s] -- Up-to-date: /home/maghetto/ros2_ws/install/turtlesim/include/turtlesim/msg/detail/pose__type_support.cpp
[10.747s] -- Up-to-date: /home/maghetto/ros2_ws/install/turtlesim/include/turtlesim/msg/detail/pose__rosidl_typesupport_introspection_cpp.hpp
[10.747s] -- Up-to-date: /home/maghetto/ros2_ws/install/turtlesim/include/turtlesim/msg/detail/color__rosidl_typesupport_introspection_cpp.hpp
[10.747s] -- Up-to-date: /home/maghetto/ros2_ws/install/turtlesim/lib/libturtlesim__rosidl_typesupport_introspection_cpp.so
[10.747s] -- Up-to-date: /home/maghetto/ros2_ws/install/turtlesim/lib/libturtlesim__rosidl_typesupport_cpp.so
[10.747s] -- Up-to-date: /home/maghetto/ros2_ws/install/turtlesim/share/turtlesim/environment/pythonpath.sh
[10.748s] -- Up-to-date: /home/maghetto/ros2_ws/install/turtlesim/share/turtlesim/environment/pythonpath.dsv
[10.748s] -- Up-to-date: /home/maghetto/ros2_ws/install/turtlesim/lib/python3.8/site-packages/turtlesim/__init__.py
[10.772s] -- Up-to-date: /home/maghetto/ros2_ws/install/turtlesim/lib/python3.8/site-packages/turtlesim/action
[10.772s] -- Up-to-date: /home/maghetto/ros2_ws/install/turtlesim/lib/python3.8/site-packages/turtlesim/action/_rotate_absolute_s.c
[10.773s] -- Up-to-date: /home/maghetto/ros2_ws/install/turtlesim/lib/python3.8/site-packages/turtlesim/action/__init__.py
[10.773s] -- Up-to-date: /home/maghetto/ros2_ws/install/turtlesim/lib/python3.8/site-packages/turtlesim/action/_rotate_absolute.py
[10.773s] -- Up-to-date: /home/maghetto/ros2_ws/install/turtlesim/lib/python3.8/site-packages/turtlesim/msg
[10.773s] -- Up-to-date: /home/maghetto/ros2_ws/install/turtlesim/lib/python3.8/site-packages/turtlesim/msg/_color_s.c
[10.773s] -- Up-to-date: /home/maghetto/ros2_ws/install/turtlesim/lib/python3.8/site-packages/turtlesim/msg/_pose_s.c
[10.773s] -- Up-to-date: /home/maghetto/ros2_ws/install/turtlesim/lib/python3.8/site-packages/turtlesim/msg/_color.py
[10.773s] -- Up-to-date: /home/maghetto/ros2_ws/install/turtlesim/lib/python3.8/site-packages/turtlesim/msg/__init__.py
[10.773s] -- Up-to-date: /home/maghetto/ros2_ws/install/turtlesim/lib/python3.8/site-packages/turtlesim/msg/_pose.py
[10.773s] -- Up-to-date: /home/maghetto/ros2_ws/install/turtlesim/lib/python3.8/site-packages/turtlesim/srv
[10.773s] -- Up-to-date: /home/maghetto/ros2_ws/install/turtlesim/lib/python3.8/site-packages/turtlesim/srv/_teleport_relative.py
[10.773s] -- Up-to-date: /home/maghetto/ros2_ws/install/turtlesim/lib/python3.8/site-packages/turtlesim/srv/_teleport_relative_s.c
[10.774s] -- Up-to-date: /home/maghetto/ros2_ws/install/turtlesim/lib/python3.8/site-packages/turtlesim/srv/_set_pen_s.c
[10.774s] -- Up-to-date: /home/maghetto/ros2_ws/install/turtlesim/lib/python3.8/site-packages/turtlesim/srv/_spawn.py
[10.774s] -- Up-to-date: /home/maghetto/ros2_ws/install/turtlesim/lib/python3.8/site-packages/turtlesim/srv/_set_pen.py
[10.774s] -- Up-to-date: /home/maghetto/ros2_ws/install/turtlesim/lib/python3.8/site-packages/turtlesim/srv/_teleport_absolute.py
[10.774s] -- Up-to-date: /home/maghetto/ros2_ws/install/turtlesim/lib/python3.8/site-packages/turtlesim/srv/__init__.py
[10.774s] -- Up-to-date: /home/maghetto/ros2_ws/install/turtlesim/lib/python3.8/site-packages/turtlesim/srv/_kill_s.c
[10.774s] -- Up-to-date: /home/maghetto/ros2_ws/install/turtlesim/lib/python3.8/site-packages/turtlesim/srv/_kill.py
[10.774s] -- Up-to-date: /home/maghetto/ros2_ws/install/turtlesim/lib/python3.8/site-packages/turtlesim/srv/_spawn_s.c
[10.774s] -- Up-to-date: /home/maghetto/ros2_ws/install/turtlesim/lib/python3.8/site-packages/turtlesim/srv/_teleport_absolute_s.c
[10.774s] -- Up-to-date: /home/maghetto/ros2_ws/install/turtlesim/lib/python3.8/site-packages/turtlesim/turtlesim_s__rosidl_typesupport_fastrtps_c.cpython-38-x86_64-linux-gnu.so
[10.774s] -- Up-to-date: /home/maghetto/ros2_ws/install/turtlesim/lib/python3.8/site-packages/turtlesim/turtlesim_s__rosidl_typesupport_introspection_c.cpython-38-x86_64-linux-gnu.so
[10.775s] -- Up-to-date: /home/maghetto/ros2_ws/install/turtlesim/lib/python3.8/site-packages/turtlesim/turtlesim_s__rosidl_typesupport_c.cpython-38-x86_64-linux-gnu.so
[10.775s] -- Up-to-date: /home/maghetto/ros2_ws/install/turtlesim/lib/libturtlesim__python.so
[10.776s] -- Up-to-date: /home/maghetto/ros2_ws/install/turtlesim/share/turtlesim/action/RotateAbsolute.idl
[10.776s] -- Up-to-date: /home/maghetto/ros2_ws/install/turtlesim/share/turtlesim/msg/Color.idl
[10.777s] -- Up-to-date: /home/maghetto/ros2_ws/install/turtlesim/share/turtlesim/msg/Pose.idl
[10.777s] -- Up-to-date: /home/maghetto/ros2_ws/install/turtlesim/share/turtlesim/srv/Kill.idl
[10.777s] -- Up-to-date: /home/maghetto/ros2_ws/install/turtlesim/share/turtlesim/srv/SetPen.idl
[10.777s] -- Up-to-date: /home/maghetto/ros2_ws/install/turtlesim/share/turtlesim/srv/Spawn.idl
[10.778s] -- Up-to-date: /home/maghetto/ros2_ws/install/turtlesim/share/turtlesim/srv/TeleportAbsolute.idl
[10.778s] -- Up-to-date: /home/maghetto/ros2_ws/install/turtlesim/share/turtlesim/srv/TeleportRelative.idl
[10.778s] -- Up-to-date: /home/maghetto/ros2_ws/install/turtlesim/share/turtlesim/action/RotateAbsolute.action
[10.778s] -- Up-to-date: /home/maghetto/ros2_ws/install/turtlesim/share/turtlesim/msg/Color.msg
[10.778s] -- Up-to-date: /home/maghetto/ros2_ws/install/turtlesim/share/turtlesim/msg/Pose.msg
[10.779s] -- Up-to-date: /home/maghetto/ros2_ws/install/turtlesim/share/turtlesim/srv/Kill.srv
[10.779s] -- Up-to-date: /home/maghetto/ros2_ws/install/turtlesim/share/turtlesim/srv/Kill_Request.msg
[10.779s] -- Up-to-date: /home/maghetto/ros2_ws/install/turtlesim/share/turtlesim/srv/Kill_Response.msg
[10.779s] -- Up-to-date: /home/maghetto/ros2_ws/install/turtlesim/share/turtlesim/srv/SetPen.srv
[10.779s] -- Up-to-date: /home/maghetto/ros2_ws/install/turtlesim/share/turtlesim/srv/SetPen_Request.msg
[10.779s] -- Up-to-date: /home/maghetto/ros2_ws/install/turtlesim/share/turtlesim/srv/SetPen_Response.msg
[10.779s] -- Up-to-date: /home/maghetto/ros2_ws/install/turtlesim/share/turtlesim/srv/Spawn.srv
[10.779s] -- Up-to-date: /home/maghetto/ros2_ws/install/turtlesim/share/turtlesim/srv/Spawn_Request.msg
[10.779s] -- Up-to-date: /home/maghetto/ros2_ws/install/turtlesim/share/turtlesim/srv/Spawn_Response.msg
[10.779s] -- Up-to-date: /home/maghetto/ros2_ws/install/turtlesim/share/turtlesim/srv/TeleportAbsolute.srv
[10.779s] -- Up-to-date: /home/maghetto/ros2_ws/install/turtlesim/share/turtlesim/srv/TeleportAbsolute_Request.msg
[10.780s] -- Up-to-date: /home/maghetto/ros2_ws/install/turtlesim/share/turtlesim/srv/TeleportAbsolute_Response.msg
[10.780s] -- Up-to-date: /home/maghetto/ros2_ws/install/turtlesim/share/turtlesim/srv/TeleportRelative.srv
[10.780s] -- Up-to-date: /home/maghetto/ros2_ws/install/turtlesim/share/turtlesim/srv/TeleportRelative_Request.msg
[10.780s] -- Up-to-date: /home/maghetto/ros2_ws/install/turtlesim/share/turtlesim/srv/TeleportRelative_Response.msg
[10.780s] -- Installing: /home/maghetto/ros2_ws/install/turtlesim/lib/turtlesim/turtlesim_node
[10.784s] -- Set runtime path of "/home/maghetto/ros2_ws/install/turtlesim/lib/turtlesim/turtlesim_node" to ""
[10.784s] -- Up-to-date: /home/maghetto/ros2_ws/install/turtlesim/lib/turtlesim/turtle_teleop_key
[10.785s] -- Up-to-date: /home/maghetto/ros2_ws/install/turtlesim/lib/turtlesim/draw_square
[10.785s] -- Up-to-date: /home/maghetto/ros2_ws/install/turtlesim/lib/turtlesim/mimic
[10.785s] -- Up-to-date: /home/maghetto/ros2_ws/install/turtlesim/share/turtlesim/images
[10.786s] -- Up-to-date: /home/maghetto/ros2_ws/install/turtlesim/share/turtlesim/images/foxy.png
[10.786s] -- Up-to-date: /home/maghetto/ros2_ws/install/turtlesim/share/turtlesim/images/crystal.png
[10.786s] -- Up-to-date: /home/maghetto/ros2_ws/install/turtlesim/share/turtlesim/images/eloquent.png
[10.787s] -- Up-to-date: /home/maghetto/ros2_ws/install/turtlesim/share/turtlesim/images/ardent.png
[10.787s] -- Up-to-date: /home/maghetto/ros2_ws/install/turtlesim/share/turtlesim/images/bouncy.png
[10.787s] -- Up-to-date: /home/maghetto/ros2_ws/install/turtlesim/share/turtlesim/images/dashing.png
[10.787s] -- Up-to-date: /home/maghetto/ros2_ws/install/turtlesim/share/turtlesim/launch
[10.787s] -- Up-to-date: /home/maghetto/ros2_ws/install/turtlesim/share/turtlesim/launch/multisim.launch.py
[10.788s] -- Up-to-date: /home/maghetto/ros2_ws/install/turtlesim/share/ament_index/resource_index/package_run_dependencies/turtlesim
[10.788s] -- Up-to-date: /home/maghetto/ros2_ws/install/turtlesim/share/ament_index/resource_index/parent_prefix_path/turtlesim
[10.788s] -- Up-to-date: /home/maghetto/ros2_ws/install/turtlesim/share/turtlesim/environment/ament_prefix_path.sh
[10.788s] -- Up-to-date: /home/maghetto/ros2_ws/install/turtlesim/share/turtlesim/environment/ament_prefix_path.dsv
[10.788s] -- Up-to-date: /home/maghetto/ros2_ws/install/turtlesim/share/turtlesim/environment/path.sh
[10.789s] -- Up-to-date: /home/maghetto/ros2_ws/install/turtlesim/share/turtlesim/environment/path.dsv
[10.789s] -- Up-to-date: /home/maghetto/ros2_ws/install/turtlesim/share/turtlesim/local_setup.bash
[10.789s] -- Up-to-date: /home/maghetto/ros2_ws/install/turtlesim/share/turtlesim/local_setup.sh
[10.789s] -- Up-to-date: /home/maghetto/ros2_ws/install/turtlesim/share/turtlesim/local_setup.zsh
[10.789s] -- Up-to-date: /home/maghetto/ros2_ws/install/turtlesim/share/turtlesim/local_setup.dsv
[10.789s] -- Installing: /home/maghetto/ros2_ws/install/turtlesim/share/turtlesim/package.dsv
[10.790s] -- Up-to-date: /home/maghetto/ros2_ws/install/turtlesim/share/ament_index/resource_index/packages/turtlesim
[10.790s] -- Up-to-date: /home/maghetto/ros2_ws/install/turtlesim/share/turtlesim/cmake/turtlesim__rosidl_generator_cExport.cmake
[10.790s] -- Up-to-date: /home/maghetto/ros2_ws/install/turtlesim/share/turtlesim/cmake/turtlesim__rosidl_generator_cExport-noconfig.cmake
[10.791s] -- Up-to-date: /home/maghetto/ros2_ws/install/turtlesim/share/turtlesim/cmake/turtlesim__rosidl_typesupport_introspection_cExport.cmake
[10.791s] -- Up-to-date: /home/maghetto/ros2_ws/install/turtlesim/share/turtlesim/cmake/turtlesim__rosidl_typesupport_introspection_cExport-noconfig.cmake
[10.791s] -- Up-to-date: /home/maghetto/ros2_ws/install/turtlesim/share/turtlesim/cmake/turtlesim__rosidl_typesupport_cExport.cmake
[10.791s] -- Up-to-date: /home/maghetto/ros2_ws/install/turtlesim/share/turtlesim/cmake/turtlesim__rosidl_typesupport_cExport-noconfig.cmake
[10.791s] -- Up-to-date: /home/maghetto/ros2_ws/install/turtlesim/share/turtlesim/cmake/turtlesim__rosidl_generator_cppExport.cmake
[10.791s] -- Up-to-date: /home/maghetto/ros2_ws/install/turtlesim/share/turtlesim/cmake/turtlesim__rosidl_typesupport_introspection_cppExport.cmake
[10.791s] -- Up-to-date: /home/maghetto/ros2_ws/install/turtlesim/share/turtlesim/cmake/turtlesim__rosidl_typesupport_introspection_cppExport-noconfig.cmake
[10.791s] -- Up-to-date: /home/maghetto/ros2_ws/install/turtlesim/share/turtlesim/cmake/turtlesim__rosidl_typesupport_cppExport.cmake
[10.791s] -- Up-to-date: /home/maghetto/ros2_ws/install/turtlesim/share/turtlesim/cmake/turtlesim__rosidl_typesupport_cppExport-noconfig.cmake
[10.791s] -- Up-to-date: /home/maghetto/ros2_ws/install/turtlesim/share/turtlesim/cmake/rosidl_cmake-extras.cmake
[10.791s] -- Up-to-date: /home/maghetto/ros2_ws/install/turtlesim/share/turtlesim/cmake/ament_cmake_export_dependencies-extras.cmake
[10.791s] -- Up-to-date: /home/maghetto/ros2_ws/install/turtlesim/share/turtlesim/cmake/ament_cmake_export_libraries-extras.cmake
[10.791s] -- Up-to-date: /home/maghetto/ros2_ws/install/turtlesim/share/turtlesim/cmake/ament_cmake_export_targets-extras.cmake
[10.792s] -- Up-to-date: /home/maghetto/ros2_ws/install/turtlesim/share/turtlesim/cmake/ament_cmake_export_include_directories-extras.cmake
[10.792s] -- Up-to-date: /home/maghetto/ros2_ws/install/turtlesim/share/turtlesim/cmake/rosidl_cmake_export_typesupport_libraries-extras.cmake
[10.792s] -- Up-to-date: /home/maghetto/ros2_ws/install/turtlesim/share/turtlesim/cmake/rosidl_cmake_export_typesupport_targets-extras.cmake
[10.792s] -- Up-to-date: /home/maghetto/ros2_ws/install/turtlesim/share/turtlesim/cmake/turtlesimConfig.cmake
[10.792s] -- Up-to-date: /home/maghetto/ros2_ws/install/turtlesim/share/turtlesim/cmake/turtlesimConfig-version.cmake
[10.792s] -- Up-to-date: /home/maghetto/ros2_ws/install/turtlesim/share/turtlesim/package.xml
[10.796s] Invoked command in '/home/maghetto/ros2_ws/build/turtlesim' returned '0': CMAKE_PREFIX_PATH=/opt/ros/foxy /usr/bin/cmake --install /home/maghetto/ros2_ws/build/turtlesim
