[0.150s] Invoking command in '/home/maghetto/ros2_ws/build/cpp_parameters': CMAKE_PREFIX_PATH=/opt/ros/foxy /usr/bin/cmake --build /home/maghetto/ros2_ws/build/cpp_parameters -- -j6 -l6
[0.184s] -- Found ament_cmake: 0.9.12 (/opt/ros/foxy/share/ament_cmake/cmake)
[0.208s] -- Using PYTHON_EXECUTABLE: /usr/bin/python3
[0.408s] -- Found rclcpp: 2.4.3 (/opt/ros/foxy/share/rclcpp/cmake)
[0.446s] -- Using all available rosidl_typesupport_c: rosidl_typesupport_fastrtps_c;rosidl_typesupport_introspection_c
[0.450s] -- Found rosidl_adapter: 1.3.1 (/opt/ros/foxy/share/rosidl_adapter/cmake)
[0.575s] -- Using all available rosidl_typesupport_cpp: rosidl_typesupport_fastrtps_cpp;rosidl_typesupport_introspection_cpp
[0.632s] -- Found rmw_implementation_cmake: 1.0.4 (/opt/ros/foxy/share/rmw_implementation_cmake/cmake)
[0.634s] -- Using RMW implementation 'rmw_fastrtps_cpp' as default
[0.793s] -- Found ament_lint_auto: 0.9.8 (/opt/ros/foxy/share/ament_lint_auto/cmake)
[0.859s] -- Added test 'copyright' to check source files copyright and LICENSE
[0.860s] -- Added test 'cppcheck' to perform static code analysis on C / C++ code
[0.861s] -- Configured cppcheck include dirs: 
[0.861s] -- Configured cppcheck exclude dirs and/or files: 
[0.862s] -- Added test 'cpplint' to check C / C++ code against the Google style
[0.862s] -- Configured cpplint exclude dirs and/or files: 
[0.863s] -- Added test 'flake8' to check Python code syntax and style conventions
[0.864s] -- Added test 'lint_cmake' to check CMake code style
[0.864s] -- Added test 'pep257' to check Python code against some of the style conventions in PEP 257
[0.866s] -- Added test 'uncrustify' to check C / C++ code style
[0.866s] -- Configured uncrustify additional arguments: 
[0.866s] -- Added test 'xmllint' to check XML markup files
[0.869s] -- Configuring done
[0.885s] -- Generating done
[0.888s] -- Build files have been written to: /home/maghetto/ros2_ws/build/cpp_parameters
[0.944s] [100%] Built target minimal_param_node
[0.963s] Invoked command in '/home/maghetto/ros2_ws/build/cpp_parameters' returned '0': CMAKE_PREFIX_PATH=/opt/ros/foxy /usr/bin/cmake --build /home/maghetto/ros2_ws/build/cpp_parameters -- -j6 -l6
[1.039s] Invoking command in '/home/maghetto/ros2_ws/build/cpp_parameters': CMAKE_PREFIX_PATH=/opt/ros/foxy /usr/bin/cmake --install /home/maghetto/ros2_ws/build/cpp_parameters
[1.049s] -- Install configuration: ""
[1.049s] -- Up-to-date: /home/maghetto/ros2_ws/install/cpp_parameters/lib/cpp_parameters/minimal_param_node
[1.049s] -- Installing: /home/maghetto/ros2_ws/install/cpp_parameters/share/cpp_parameters/launch
[1.050s] -- Installing: /home/maghetto/ros2_ws/install/cpp_parameters/share/cpp_parameters/launch/cpp_parameters_launch.py
[1.050s] -- Up-to-date: /home/maghetto/ros2_ws/install/cpp_parameters/share/ament_index/resource_index/package_run_dependencies/cpp_parameters
[1.050s] -- Up-to-date: /home/maghetto/ros2_ws/install/cpp_parameters/share/ament_index/resource_index/parent_prefix_path/cpp_parameters
[1.050s] -- Up-to-date: /home/maghetto/ros2_ws/install/cpp_parameters/share/cpp_parameters/environment/ament_prefix_path.sh
[1.050s] -- Installing: /home/maghetto/ros2_ws/install/cpp_parameters/share/cpp_parameters/environment/ament_prefix_path.dsv
[1.050s] -- Up-to-date: /home/maghetto/ros2_ws/install/cpp_parameters/share/cpp_parameters/environment/path.sh
[1.051s] -- Installing: /home/maghetto/ros2_ws/install/cpp_parameters/share/cpp_parameters/environment/path.dsv
[1.051s] -- Up-to-date: /home/maghetto/ros2_ws/install/cpp_parameters/share/cpp_parameters/local_setup.bash
[1.051s] -- Up-to-date: /home/maghetto/ros2_ws/install/cpp_parameters/share/cpp_parameters/local_setup.sh
[1.051s] -- Up-to-date: /home/maghetto/ros2_ws/install/cpp_parameters/share/cpp_parameters/local_setup.zsh
[1.051s] -- Installing: /home/maghetto/ros2_ws/install/cpp_parameters/share/cpp_parameters/local_setup.dsv
[1.052s] -- Installing: /home/maghetto/ros2_ws/install/cpp_parameters/share/cpp_parameters/package.dsv
[1.056s] -- Up-to-date: /home/maghetto/ros2_ws/install/cpp_parameters/share/ament_index/resource_index/packages/cpp_parameters
[1.056s] -- Up-to-date: /home/maghetto/ros2_ws/install/cpp_parameters/share/cpp_parameters/cmake/cpp_parametersConfig.cmake
[1.056s] -- Up-to-date: /home/maghetto/ros2_ws/install/cpp_parameters/share/cpp_parameters/cmake/cpp_parametersConfig-version.cmake
[1.056s] -- Up-to-date: /home/maghetto/ros2_ws/install/cpp_parameters/share/cpp_parameters/package.xml
[1.059s] Invoked command in '/home/maghetto/ros2_ws/build/cpp_parameters' returned '0': CMAKE_PREFIX_PATH=/opt/ros/foxy /usr/bin/cmake --install /home/maghetto/ros2_ws/build/cpp_parameters
