[3.496s] Invoking command in '/home/maghetto/ros2_ws/build/examples_rclpy_minimal_client': PYTHONPATH=/home/maghetto/ros2_ws/build/examples_rclpy_minimal_client/prefix_override:/home/maghetto/ros2_ws/install/examples_rclpy_minimal_client/lib/python3.8/site-packages:${PYTHONPATH} /usr/bin/python3 setup.py develop --editable --build-directory /home/maghetto/ros2_ws/build/examples_rclpy_minimal_client/build --no-deps install_data
[3.845s] running develop
[4.034s] running egg_info
[4.035s] creating examples_rclpy_minimal_client.egg-info
[4.037s] writing examples_rclpy_minimal_client.egg-info/PKG-INFO
[4.038s] writing dependency_links to examples_rclpy_minimal_client.egg-info/dependency_links.txt
[4.040s] writing entry points to examples_rclpy_minimal_client.egg-info/entry_points.txt
[4.042s] writing requirements to examples_rclpy_minimal_client.egg-info/requires.txt
[4.046s] writing top-level names to examples_rclpy_minimal_client.egg-info/top_level.txt
[4.046s] writing manifest file 'examples_rclpy_minimal_client.egg-info/SOURCES.txt'
[4.155s] reading manifest file 'examples_rclpy_minimal_client.egg-info/SOURCES.txt'
[4.156s] writing manifest file 'examples_rclpy_minimal_client.egg-info/SOURCES.txt'
[4.186s] running build_ext
[4.187s] Creating /home/maghetto/ros2_ws/install/examples_rclpy_minimal_client/lib/python3.8/site-packages/site.py
[4.209s] Creating /home/maghetto/ros2_ws/install/examples_rclpy_minimal_client/lib/python3.8/site-packages/examples-rclpy-minimal-client.egg-link (link to .)
[4.209s] Installing client script to /home/maghetto/ros2_ws/install/examples_rclpy_minimal_client/lib/examples_rclpy_minimal_client
[4.210s] Installing client_async script to /home/maghetto/ros2_ws/install/examples_rclpy_minimal_client/lib/examples_rclpy_minimal_client
[4.218s] Installing client_async_callback script to /home/maghetto/ros2_ws/install/examples_rclpy_minimal_client/lib/examples_rclpy_minimal_client
[4.219s] Installing client_async_member_function script to /home/maghetto/ros2_ws/install/examples_rclpy_minimal_client/lib/examples_rclpy_minimal_client
[4.261s] 
[4.261s] Installed /home/maghetto/ros2_ws/build/examples_rclpy_minimal_client
[4.261s] running install_data
[4.262s] creating /home/maghetto/ros2_ws/install/examples_rclpy_minimal_client/share/ament_index
[4.262s] creating /home/maghetto/ros2_ws/install/examples_rclpy_minimal_client/share/ament_index/resource_index
[4.263s] creating /home/maghetto/ros2_ws/install/examples_rclpy_minimal_client/share/ament_index/resource_index/packages
[4.263s] copying resource/examples_rclpy_minimal_client -> /home/maghetto/ros2_ws/install/examples_rclpy_minimal_client/share/ament_index/resource_index/packages
[4.263s] copying package.xml -> /home/maghetto/ros2_ws/install/examples_rclpy_minimal_client/share/examples_rclpy_minimal_client
[4.770s] Invoked command in '/home/maghetto/ros2_ws/build/examples_rclpy_minimal_client' returned '0': PYTHONPATH=/home/maghetto/ros2_ws/build/examples_rclpy_minimal_client/prefix_override:/home/maghetto/ros2_ws/install/examples_rclpy_minimal_client/lib/python3.8/site-packages:${PYTHONPATH} /usr/bin/python3 setup.py develop --editable --build-directory /home/maghetto/ros2_ws/build/examples_rclpy_minimal_client/build --no-deps install_data
