[0.165s] Invoking command in '/home/maghetto/ros2_ws/build/my_first_personal_project': CMAKE_PREFIX_PATH=/opt/ros/foxy /usr/bin/cmake --build /home/maghetto/ros2_ws/build/my_first_personal_project -- -j6 -l6
[0.249s] [  9%] Built target my_first_personal_project__rosidl_generator_c
[0.250s] [ 12%] Built target my_first_personal_project__cpp
[0.286s] [ 21%] Built target my_first_personal_project__rosidl_typesupport_introspection_c
[0.287s] [ 39%] Built target my_first_personal_project__rosidl_typesupport_cpp
[0.287s] [ 39%] Built target my_first_personal_project__rosidl_typesupport_fastrtps_cpp
[0.288s] [ 48%] Built target my_first_personal_project__rosidl_typesupport_introspection_cpp
[0.288s] [ 57%] Built target my_first_personal_project__rosidl_typesupport_c
[0.324s] [ 66%] Built target my_first_personal_project__rosidl_typesupport_fastrtps_c
[0.354s] [ 66%] Built target my_first_personal_project
[0.380s] [35m[1mScanning dependencies of target random_generator[0m
[0.394s] [ 69%] Built target my_first_personal_project__py
[0.416s] [ 72%] [32mBuilding CXX object CMakeFiles/random_generator.dir/src/random_generator.cpp.o[0m
[0.430s] [ 78%] Built target my_first_personal_project__python
[0.472s] [ 84%] Built target my_first_personal_project__rosidl_typesupport_introspection_c__pyext
[0.479s] [ 90%] Built target my_first_personal_project__rosidl_typesupport_fastrtps_c__pyext
[0.480s] [ 96%] Built target my_first_personal_project__rosidl_typesupport_c__pyext
[1.744s] [01m[K/home/maghetto/ros2_ws/src/my_first_personal_project/src/random_generator.cpp:[m[K In member function ‘[01m[Kvoid Random_Publisher::timer_callback()[m[K’:
[1.744s] [01m[K/home/maghetto/ros2_ws/src/my_first_personal_project/src/random_generator.cpp:34:21:[m[K [01;31m[Kerror: [m[K‘[01m[Kuint32[m[K’ was not declared in this scope; did you mean ‘[01m[Krintf32[m[K’?
[1.744s]    34 |       number.pid = ([01;31m[Kuint32[m[K)std::this_thread::get_id();
[1.744s]       |                     [01;31m[K^~~~~~[m[K
[1.744s]       |                     [32m[Krintf32[m[K
[2.709s] make[2]: *** [CMakeFiles/random_generator.dir/build.make:63: CMakeFiles/random_generator.dir/src/random_generator.cpp.o] Errore 1
[2.709s] make[1]: *** [CMakeFiles/Makefile2:155: CMakeFiles/random_generator.dir/all] Errore 2
[2.709s] make: *** [Makefile:141: all] Errore 2
[2.720s] Invoked command in '/home/maghetto/ros2_ws/build/my_first_personal_project' returned '2': CMAKE_PREFIX_PATH=/opt/ros/foxy /usr/bin/cmake --build /home/maghetto/ros2_ws/build/my_first_personal_project -- -j6 -l6
