[0.227s] Invoking command in '/home/maghetto/ros2_ws/build/my_first_personal_project': CMAKE_PREFIX_PATH=${CMAKE_PREFIX_PATH}:/home/maghetto/ros2_ws/install/py_launch_example:/home/maghetto/ros2_ws/install/launch_tutorial:/home/maghetto/ros2_ws/install/examples_rclpy_minimal_subscriber:/home/maghetto/ros2_ws/install/examples_rclpy_minimal_service:/home/maghetto/ros2_ws/install/examples_rclpy_minimal_publisher:/home/maghetto/ros2_ws/install/examples_rclpy_minimal_client:/home/maghetto/ros2_ws/install/examples_rclpy_minimal_action_server:/home/maghetto/ros2_ws/install/examples_rclpy_minimal_action_client:/home/maghetto/ros2_ws/install/examples_rclpy_executors:/opt/ros/foxy /usr/bin/cmake --build /home/maghetto/ros2_ws/build/my_first_personal_project -- -j6 -l6
[0.313s] [  3%] Built target my_first_personal_project__cpp
[0.314s] [ 12%] Built target my_first_personal_project__rosidl_generator_c
[0.360s] [ 21%] Built target my_first_personal_project__rosidl_typesupport_introspection_cpp
[0.367s] [ 30%] Built target my_first_personal_project__rosidl_typesupport_fastrtps_cpp
[0.367s] [ 39%] Built target my_first_personal_project__rosidl_typesupport_cpp
[0.369s] [ 48%] Built target my_first_personal_project__rosidl_typesupport_introspection_c
[0.376s] [ 57%] Built target my_first_personal_project__rosidl_typesupport_c
[0.408s] [ 66%] Built target my_first_personal_project__rosidl_typesupport_fastrtps_c
[0.446s] [ 66%] Built target my_first_personal_project
[0.470s] [35m[1mScanning dependencies of target random_generator[0m
[0.482s] [ 69%] Built target my_first_personal_project__py
[0.510s] [ 72%] [32mBuilding CXX object CMakeFiles/random_generator.dir/src/random_generator.cpp.o[0m
[0.532s] [ 78%] Built target my_first_personal_project__python
[0.587s] [ 84%] Built target my_first_personal_project__rosidl_typesupport_c__pyext
[0.588s] [ 90%] Built target my_first_personal_project__rosidl_typesupport_introspection_c__pyext
[0.593s] [ 96%] Built target my_first_personal_project__rosidl_typesupport_fastrtps_c__pyext
[4.346s] [100%] [32m[1mLinking CXX executable random_generator[0m
[4.552s] [100%] Built target random_generator
[4.573s] Invoked command in '/home/maghetto/ros2_ws/build/my_first_personal_project' returned '0': CMAKE_PREFIX_PATH=${CMAKE_PREFIX_PATH}:/home/maghetto/ros2_ws/install/py_launch_example:/home/maghetto/ros2_ws/install/launch_tutorial:/home/maghetto/ros2_ws/install/examples_rclpy_minimal_subscriber:/home/maghetto/ros2_ws/install/examples_rclpy_minimal_service:/home/maghetto/ros2_ws/install/examples_rclpy_minimal_publisher:/home/maghetto/ros2_ws/install/examples_rclpy_minimal_client:/home/maghetto/ros2_ws/install/examples_rclpy_minimal_action_server:/home/maghetto/ros2_ws/install/examples_rclpy_minimal_action_client:/home/maghetto/ros2_ws/install/examples_rclpy_executors:/opt/ros/foxy /usr/bin/cmake --build /home/maghetto/ros2_ws/build/my_first_personal_project -- -j6 -l6
[4.745s] Invoking command in '/home/maghetto/ros2_ws/build/my_first_personal_project': CMAKE_PREFIX_PATH=${CMAKE_PREFIX_PATH}:/home/maghetto/ros2_ws/install/py_launch_example:/home/maghetto/ros2_ws/install/launch_tutorial:/home/maghetto/ros2_ws/install/examples_rclpy_minimal_subscriber:/home/maghetto/ros2_ws/install/examples_rclpy_minimal_service:/home/maghetto/ros2_ws/install/examples_rclpy_minimal_publisher:/home/maghetto/ros2_ws/install/examples_rclpy_minimal_client:/home/maghetto/ros2_ws/install/examples_rclpy_minimal_action_server:/home/maghetto/ros2_ws/install/examples_rclpy_minimal_action_client:/home/maghetto/ros2_ws/install/examples_rclpy_executors:/opt/ros/foxy /usr/bin/cmake --install /home/maghetto/ros2_ws/build/my_first_personal_project
[4.765s] -- Install configuration: ""
[4.765s] -- Up-to-date: /home/maghetto/ros2_ws/install/my_first_personal_project/share/ament_index/resource_index/rosidl_interfaces/my_first_personal_project
[4.778s] -- Up-to-date: /home/maghetto/ros2_ws/install/my_first_personal_project/include/my_first_personal_project
[4.778s] -- Up-to-date: /home/maghetto/ros2_ws/install/my_first_personal_project/include/my_first_personal_project/msg
[4.778s] -- Up-to-date: /home/maghetto/ros2_ws/install/my_first_personal_project/include/my_first_personal_project/msg/rosidl_generator_c__visibility_control.h
[4.778s] -- Up-to-date: /home/maghetto/ros2_ws/install/my_first_personal_project/include/my_first_personal_project/msg/number.h
[4.779s] -- Up-to-date: /home/maghetto/ros2_ws/install/my_first_personal_project/include/my_first_personal_project/msg/detail
[4.779s] -- Up-to-date: /home/maghetto/ros2_ws/install/my_first_personal_project/include/my_first_personal_project/msg/detail/number__functions.h
[4.779s] -- Up-to-date: /home/maghetto/ros2_ws/install/my_first_personal_project/include/my_first_personal_project/msg/detail/number__struct.h
[4.779s] -- Up-to-date: /home/maghetto/ros2_ws/install/my_first_personal_project/include/my_first_personal_project/msg/detail/number__type_support.h
[4.779s] -- Up-to-date: /home/maghetto/ros2_ws/install/my_first_personal_project/include/my_first_personal_project/msg/detail/number__functions.c
[4.779s] -- Up-to-date: /home/maghetto/ros2_ws/install/my_first_personal_project/share/my_first_personal_project/environment/library_path.sh
[4.779s] -- Installing: /home/maghetto/ros2_ws/install/my_first_personal_project/share/my_first_personal_project/environment/library_path.dsv
[4.779s] -- Up-to-date: /home/maghetto/ros2_ws/install/my_first_personal_project/lib/libmy_first_personal_project__rosidl_generator_c.so
[4.779s] -- Up-to-date: /home/maghetto/ros2_ws/install/my_first_personal_project/include/my_first_personal_project
[4.779s] -- Up-to-date: /home/maghetto/ros2_ws/install/my_first_personal_project/include/my_first_personal_project/msg
[4.779s] -- Up-to-date: /home/maghetto/ros2_ws/install/my_first_personal_project/include/my_first_personal_project/msg/rosidl_typesupport_fastrtps_c__visibility_control.h
[4.779s] -- Up-to-date: /home/maghetto/ros2_ws/install/my_first_personal_project/include/my_first_personal_project/msg/detail
[4.779s] -- Up-to-date: /home/maghetto/ros2_ws/install/my_first_personal_project/include/my_first_personal_project/msg/detail/number__rosidl_typesupport_fastrtps_c.h
[4.779s] -- Up-to-date: /home/maghetto/ros2_ws/install/my_first_personal_project/lib/libmy_first_personal_project__rosidl_typesupport_fastrtps_c.so
[4.779s] -- Up-to-date: /home/maghetto/ros2_ws/install/my_first_personal_project/include/my_first_personal_project
[4.780s] -- Up-to-date: /home/maghetto/ros2_ws/install/my_first_personal_project/include/my_first_personal_project/msg
[4.780s] -- Up-to-date: /home/maghetto/ros2_ws/install/my_first_personal_project/include/my_first_personal_project/msg/rosidl_typesupport_fastrtps_cpp__visibility_control.h
[4.780s] -- Up-to-date: /home/maghetto/ros2_ws/install/my_first_personal_project/include/my_first_personal_project/msg/detail
[4.780s] -- Up-to-date: /home/maghetto/ros2_ws/install/my_first_personal_project/include/my_first_personal_project/msg/detail/dds_fastrtps
[4.780s] -- Up-to-date: /home/maghetto/ros2_ws/install/my_first_personal_project/include/my_first_personal_project/msg/detail/number__rosidl_typesupport_fastrtps_cpp.hpp
[4.780s] -- Up-to-date: /home/maghetto/ros2_ws/install/my_first_personal_project/lib/libmy_first_personal_project__rosidl_typesupport_fastrtps_cpp.so
[4.780s] -- Up-to-date: /home/maghetto/ros2_ws/install/my_first_personal_project/include/my_first_personal_project
[4.780s] -- Up-to-date: /home/maghetto/ros2_ws/install/my_first_personal_project/include/my_first_personal_project/msg
[4.780s] -- Up-to-date: /home/maghetto/ros2_ws/install/my_first_personal_project/include/my_first_personal_project/msg/rosidl_typesupport_introspection_c__visibility_control.h
[4.780s] -- Up-to-date: /home/maghetto/ros2_ws/install/my_first_personal_project/include/my_first_personal_project/msg/detail
[4.780s] -- Up-to-date: /home/maghetto/ros2_ws/install/my_first_personal_project/include/my_first_personal_project/msg/detail/number__type_support.c
[4.780s] -- Up-to-date: /home/maghetto/ros2_ws/install/my_first_personal_project/include/my_first_personal_project/msg/detail/number__rosidl_typesupport_introspection_c.h
[4.780s] -- Up-to-date: /home/maghetto/ros2_ws/install/my_first_personal_project/lib/libmy_first_personal_project__rosidl_typesupport_introspection_c.so
[4.780s] -- Up-to-date: /home/maghetto/ros2_ws/install/my_first_personal_project/lib/libmy_first_personal_project__rosidl_typesupport_c.so
[4.780s] -- Up-to-date: /home/maghetto/ros2_ws/install/my_first_personal_project/include/my_first_personal_project
[4.781s] -- Up-to-date: /home/maghetto/ros2_ws/install/my_first_personal_project/include/my_first_personal_project/msg
[4.781s] -- Up-to-date: /home/maghetto/ros2_ws/install/my_first_personal_project/include/my_first_personal_project/msg/rosidl_generator_cpp__visibility_control.hpp
[4.781s] -- Up-to-date: /home/maghetto/ros2_ws/install/my_first_personal_project/include/my_first_personal_project/msg/number.hpp
[4.781s] -- Up-to-date: /home/maghetto/ros2_ws/install/my_first_personal_project/include/my_first_personal_project/msg/detail
[4.781s] -- Up-to-date: /home/maghetto/ros2_ws/install/my_first_personal_project/include/my_first_personal_project/msg/detail/number__traits.hpp
[4.781s] -- Up-to-date: /home/maghetto/ros2_ws/install/my_first_personal_project/include/my_first_personal_project/msg/detail/number__struct.hpp
[4.781s] -- Up-to-date: /home/maghetto/ros2_ws/install/my_first_personal_project/include/my_first_personal_project/msg/detail/number__type_support.hpp
[4.781s] -- Up-to-date: /home/maghetto/ros2_ws/install/my_first_personal_project/include/my_first_personal_project/msg/detail/number__builder.hpp
[4.781s] -- Up-to-date: /home/maghetto/ros2_ws/install/my_first_personal_project/include/my_first_personal_project
[4.781s] -- Up-to-date: /home/maghetto/ros2_ws/install/my_first_personal_project/include/my_first_personal_project/msg
[4.781s] -- Up-to-date: /home/maghetto/ros2_ws/install/my_first_personal_project/include/my_first_personal_project/msg/detail
[4.781s] -- Up-to-date: /home/maghetto/ros2_ws/install/my_first_personal_project/include/my_first_personal_project/msg/detail/number__rosidl_typesupport_introspection_cpp.hpp
[4.782s] -- Up-to-date: /home/maghetto/ros2_ws/install/my_first_personal_project/include/my_first_personal_project/msg/detail/number__type_support.cpp
[4.782s] -- Up-to-date: /home/maghetto/ros2_ws/install/my_first_personal_project/lib/libmy_first_personal_project__rosidl_typesupport_introspection_cpp.so
[4.782s] -- Up-to-date: /home/maghetto/ros2_ws/install/my_first_personal_project/lib/libmy_first_personal_project__rosidl_typesupport_cpp.so
[4.782s] -- Up-to-date: /home/maghetto/ros2_ws/install/my_first_personal_project/share/my_first_personal_project/environment/pythonpath.sh
[4.782s] -- Installing: /home/maghetto/ros2_ws/install/my_first_personal_project/share/my_first_personal_project/environment/pythonpath.dsv
[4.782s] -- Installing: /home/maghetto/ros2_ws/install/my_first_personal_project/lib/python3.8/site-packages/my_first_personal_project/__init__.py
[4.824s] Compiling '/home/maghetto/ros2_ws/install/my_first_personal_project/lib/python3.8/site-packages/my_first_personal_project/__init__.py'...
[4.829s] -- Up-to-date: /home/maghetto/ros2_ws/install/my_first_personal_project/lib/python3.8/site-packages/my_first_personal_project/msg
[4.829s] -- Up-to-date: /home/maghetto/ros2_ws/install/my_first_personal_project/lib/python3.8/site-packages/my_first_personal_project/msg/_number.py
[4.829s] -- Up-to-date: /home/maghetto/ros2_ws/install/my_first_personal_project/lib/python3.8/site-packages/my_first_personal_project/msg/__init__.py
[4.832s] -- Up-to-date: /home/maghetto/ros2_ws/install/my_first_personal_project/lib/python3.8/site-packages/my_first_personal_project/msg/_number_s.c
[4.832s] -- Up-to-date: /home/maghetto/ros2_ws/install/my_first_personal_project/lib/python3.8/site-packages/my_first_personal_project/my_first_personal_project_s__rosidl_typesupport_fastrtps_c.cpython-38-x86_64-linux-gnu.so
[4.833s] -- Up-to-date: /home/maghetto/ros2_ws/install/my_first_personal_project/lib/python3.8/site-packages/my_first_personal_project/my_first_personal_project_s__rosidl_typesupport_introspection_c.cpython-38-x86_64-linux-gnu.so
[4.834s] -- Up-to-date: /home/maghetto/ros2_ws/install/my_first_personal_project/lib/python3.8/site-packages/my_first_personal_project/my_first_personal_project_s__rosidl_typesupport_c.cpython-38-x86_64-linux-gnu.so
[4.834s] -- Up-to-date: /home/maghetto/ros2_ws/install/my_first_personal_project/lib/libmy_first_personal_project__python.so
[4.835s] -- Up-to-date: /home/maghetto/ros2_ws/install/my_first_personal_project/share/my_first_personal_project/msg/Number.idl
[4.835s] -- Installing: /home/maghetto/ros2_ws/install/my_first_personal_project/share/my_first_personal_project/msg/Number.msg
[4.835s] -- Installing: /home/maghetto/ros2_ws/install/my_first_personal_project/lib/my_first_personal_project/random_generator
[4.836s] -- Set runtime path of "/home/maghetto/ros2_ws/install/my_first_personal_project/lib/my_first_personal_project/random_generator" to ""
[4.837s] -- Up-to-date: /home/maghetto/ros2_ws/install/my_first_personal_project/share/ament_index/resource_index/package_run_dependencies/my_first_personal_project
[4.837s] -- Up-to-date: /home/maghetto/ros2_ws/install/my_first_personal_project/share/ament_index/resource_index/parent_prefix_path/my_first_personal_project
[4.838s] -- Up-to-date: /home/maghetto/ros2_ws/install/my_first_personal_project/share/my_first_personal_project/environment/ament_prefix_path.sh
[4.838s] -- Installing: /home/maghetto/ros2_ws/install/my_first_personal_project/share/my_first_personal_project/environment/ament_prefix_path.dsv
[4.838s] -- Up-to-date: /home/maghetto/ros2_ws/install/my_first_personal_project/share/my_first_personal_project/environment/path.sh
[4.838s] -- Installing: /home/maghetto/ros2_ws/install/my_first_personal_project/share/my_first_personal_project/environment/path.dsv
[4.839s] -- Up-to-date: /home/maghetto/ros2_ws/install/my_first_personal_project/share/my_first_personal_project/local_setup.bash
[4.839s] -- Up-to-date: /home/maghetto/ros2_ws/install/my_first_personal_project/share/my_first_personal_project/local_setup.sh
[4.839s] -- Up-to-date: /home/maghetto/ros2_ws/install/my_first_personal_project/share/my_first_personal_project/local_setup.zsh
[4.839s] -- Installing: /home/maghetto/ros2_ws/install/my_first_personal_project/share/my_first_personal_project/local_setup.dsv
[4.839s] -- Installing: /home/maghetto/ros2_ws/install/my_first_personal_project/share/my_first_personal_project/package.dsv
[4.839s] -- Up-to-date: /home/maghetto/ros2_ws/install/my_first_personal_project/share/ament_index/resource_index/packages/my_first_personal_project
[4.843s] -- Up-to-date: /home/maghetto/ros2_ws/install/my_first_personal_project/share/my_first_personal_project/cmake/my_first_personal_project__rosidl_generator_cExport.cmake
[4.843s] -- Installing: /home/maghetto/ros2_ws/install/my_first_personal_project/share/my_first_personal_project/cmake/my_first_personal_project__rosidl_generator_cExport-noconfig.cmake
[4.843s] -- Up-to-date: /home/maghetto/ros2_ws/install/my_first_personal_project/share/my_first_personal_project/cmake/my_first_personal_project__rosidl_typesupport_introspection_cExport.cmake
[4.844s] -- Installing: /home/maghetto/ros2_ws/install/my_first_personal_project/share/my_first_personal_project/cmake/my_first_personal_project__rosidl_typesupport_introspection_cExport-noconfig.cmake
[4.844s] -- Up-to-date: /home/maghetto/ros2_ws/install/my_first_personal_project/share/my_first_personal_project/cmake/my_first_personal_project__rosidl_typesupport_cExport.cmake
[4.844s] -- Installing: /home/maghetto/ros2_ws/install/my_first_personal_project/share/my_first_personal_project/cmake/my_first_personal_project__rosidl_typesupport_cExport-noconfig.cmake
[4.844s] -- Up-to-date: /home/maghetto/ros2_ws/install/my_first_personal_project/share/my_first_personal_project/cmake/my_first_personal_project__rosidl_generator_cppExport.cmake
[4.844s] -- Up-to-date: /home/maghetto/ros2_ws/install/my_first_personal_project/share/my_first_personal_project/cmake/my_first_personal_project__rosidl_typesupport_introspection_cppExport.cmake
[4.844s] -- Installing: /home/maghetto/ros2_ws/install/my_first_personal_project/share/my_first_personal_project/cmake/my_first_personal_project__rosidl_typesupport_introspection_cppExport-noconfig.cmake
[4.844s] -- Up-to-date: /home/maghetto/ros2_ws/install/my_first_personal_project/share/my_first_personal_project/cmake/my_first_personal_project__rosidl_typesupport_cppExport.cmake
[4.844s] -- Installing: /home/maghetto/ros2_ws/install/my_first_personal_project/share/my_first_personal_project/cmake/my_first_personal_project__rosidl_typesupport_cppExport-noconfig.cmake
[4.844s] -- Up-to-date: /home/maghetto/ros2_ws/install/my_first_personal_project/share/my_first_personal_project/cmake/rosidl_cmake-extras.cmake
[4.844s] -- Up-to-date: /home/maghetto/ros2_ws/install/my_first_personal_project/share/my_first_personal_project/cmake/ament_cmake_export_dependencies-extras.cmake
[4.847s] -- Up-to-date: /home/maghetto/ros2_ws/install/my_first_personal_project/share/my_first_personal_project/cmake/ament_cmake_export_libraries-extras.cmake
[4.847s] -- Up-to-date: /home/maghetto/ros2_ws/install/my_first_personal_project/share/my_first_personal_project/cmake/ament_cmake_export_targets-extras.cmake
[4.847s] -- Up-to-date: /home/maghetto/ros2_ws/install/my_first_personal_project/share/my_first_personal_project/cmake/ament_cmake_export_include_directories-extras.cmake
[4.847s] -- Up-to-date: /home/maghetto/ros2_ws/install/my_first_personal_project/share/my_first_personal_project/cmake/rosidl_cmake_export_typesupport_libraries-extras.cmake
[4.847s] -- Up-to-date: /home/maghetto/ros2_ws/install/my_first_personal_project/share/my_first_personal_project/cmake/rosidl_cmake_export_typesupport_targets-extras.cmake
[4.847s] -- Up-to-date: /home/maghetto/ros2_ws/install/my_first_personal_project/share/my_first_personal_project/cmake/my_first_personal_projectConfig.cmake
[4.847s] -- Up-to-date: /home/maghetto/ros2_ws/install/my_first_personal_project/share/my_first_personal_project/cmake/my_first_personal_projectConfig-version.cmake
[4.848s] -- Up-to-date: /home/maghetto/ros2_ws/install/my_first_personal_project/share/my_first_personal_project/package.xml
[4.851s] Invoked command in '/home/maghetto/ros2_ws/build/my_first_personal_project' returned '0': CMAKE_PREFIX_PATH=${CMAKE_PREFIX_PATH}:/home/maghetto/ros2_ws/install/py_launch_example:/home/maghetto/ros2_ws/install/launch_tutorial:/home/maghetto/ros2_ws/install/examples_rclpy_minimal_subscriber:/home/maghetto/ros2_ws/install/examples_rclpy_minimal_service:/home/maghetto/ros2_ws/install/examples_rclpy_minimal_publisher:/home/maghetto/ros2_ws/install/examples_rclpy_minimal_client:/home/maghetto/ros2_ws/install/examples_rclpy_minimal_action_server:/home/maghetto/ros2_ws/install/examples_rclpy_minimal_action_client:/home/maghetto/ros2_ws/install/examples_rclpy_executors:/opt/ros/foxy /usr/bin/cmake --install /home/maghetto/ros2_ws/build/my_first_personal_project
