[0.366s] Invoking command in '/home/maghetto/ros2_ws/build/examples_rclcpp_minimal_composition': CMAKE_PREFIX_PATH=/opt/ros/foxy /usr/bin/cmake --build /home/maghetto/ros2_ws/build/examples_rclcpp_minimal_composition -- -j5 -l5
[0.573s] [ 33%] Built target composition_nodes
[0.662s] [ 55%] Built target composition_composed
[0.683s] [ 77%] Built target composition_subscriber
[0.691s] [100%] Built target composition_publisher
[0.740s] Invoked command in '/home/maghetto/ros2_ws/build/examples_rclcpp_minimal_composition' returned '0': CMAKE_PREFIX_PATH=/opt/ros/foxy /usr/bin/cmake --build /home/maghetto/ros2_ws/build/examples_rclcpp_minimal_composition -- -j5 -l5
[1.239s] Invoking command in '/home/maghetto/ros2_ws/build/examples_rclcpp_minimal_composition': CMAKE_PREFIX_PATH=/opt/ros/foxy /usr/bin/cmake --install /home/maghetto/ros2_ws/build/examples_rclcpp_minimal_composition
[1.554s] -- Install configuration: ""
[1.554s] -- Execute custom install script
[1.556s] -- Up-to-date symlink: /home/maghetto/ros2_ws/install/examples_rclcpp_minimal_composition/share/examples_rclcpp_minimal_composition/environment/library_path.sh
[1.556s] -- Up-to-date symlink: /home/maghetto/ros2_ws/install/examples_rclcpp_minimal_composition/share/examples_rclcpp_minimal_composition/environment/library_path.dsv
[1.557s] -- Up-to-date symlink: /home/maghetto/ros2_ws/install/examples_rclcpp_minimal_composition/lib/libcomposition_nodes.so
[1.558s] -- Up-to-date symlink: /home/maghetto/ros2_ws/install/examples_rclcpp_minimal_composition/lib/examples_rclcpp_minimal_composition/composition_publisher
[1.558s] -- Up-to-date symlink: /home/maghetto/ros2_ws/install/examples_rclcpp_minimal_composition/lib/examples_rclcpp_minimal_composition/composition_subscriber
[1.558s] -- Up-to-date symlink: /home/maghetto/ros2_ws/install/examples_rclcpp_minimal_composition/lib/examples_rclcpp_minimal_composition/composition_composed
[1.558s] -- Up-to-date symlink: /home/maghetto/ros2_ws/install/examples_rclcpp_minimal_composition/share/ament_index/resource_index/package_run_dependencies/examples_rclcpp_minimal_composition
[1.558s] -- Up-to-date symlink: /home/maghetto/ros2_ws/install/examples_rclcpp_minimal_composition/share/ament_index/resource_index/parent_prefix_path/examples_rclcpp_minimal_composition
[1.560s] -- Up-to-date symlink: /home/maghetto/ros2_ws/install/examples_rclcpp_minimal_composition/share/examples_rclcpp_minimal_composition/environment/ament_prefix_path.sh
[1.560s] -- Up-to-date symlink: /home/maghetto/ros2_ws/install/examples_rclcpp_minimal_composition/share/examples_rclcpp_minimal_composition/environment/ament_prefix_path.dsv
[1.560s] -- Up-to-date symlink: /home/maghetto/ros2_ws/install/examples_rclcpp_minimal_composition/share/examples_rclcpp_minimal_composition/environment/path.sh
[1.560s] -- Up-to-date symlink: /home/maghetto/ros2_ws/install/examples_rclcpp_minimal_composition/share/examples_rclcpp_minimal_composition/environment/path.dsv
[1.560s] -- Up-to-date symlink: /home/maghetto/ros2_ws/install/examples_rclcpp_minimal_composition/share/examples_rclcpp_minimal_composition/local_setup.bash
[1.561s] -- Up-to-date symlink: /home/maghetto/ros2_ws/install/examples_rclcpp_minimal_composition/share/examples_rclcpp_minimal_composition/local_setup.sh
[1.561s] -- Up-to-date symlink: /home/maghetto/ros2_ws/install/examples_rclcpp_minimal_composition/share/examples_rclcpp_minimal_composition/local_setup.zsh
[1.561s] -- Up-to-date symlink: /home/maghetto/ros2_ws/install/examples_rclcpp_minimal_composition/share/examples_rclcpp_minimal_composition/local_setup.dsv
[1.561s] -- Symlinking: /home/maghetto/ros2_ws/install/examples_rclcpp_minimal_composition/share/examples_rclcpp_minimal_composition/package.dsv
[1.562s] -- Up-to-date symlink: /home/maghetto/ros2_ws/install/examples_rclcpp_minimal_composition/share/ament_index/resource_index/packages/examples_rclcpp_minimal_composition
[1.562s] -- Up-to-date symlink: /home/maghetto/ros2_ws/install/examples_rclcpp_minimal_composition/share/examples_rclcpp_minimal_composition/cmake/examples_rclcpp_minimal_compositionConfig.cmake
[1.562s] -- Up-to-date symlink: /home/maghetto/ros2_ws/install/examples_rclcpp_minimal_composition/share/examples_rclcpp_minimal_composition/cmake/examples_rclcpp_minimal_compositionConfig-version.cmake
[1.562s] -- Up-to-date symlink: /home/maghetto/ros2_ws/install/examples_rclcpp_minimal_composition/share/examples_rclcpp_minimal_composition/package.xml
[1.746s] Invoked command in '/home/maghetto/ros2_ws/build/examples_rclcpp_minimal_composition' returned '0': CMAKE_PREFIX_PATH=/opt/ros/foxy /usr/bin/cmake --install /home/maghetto/ros2_ws/build/examples_rclcpp_minimal_composition
