[2.843s] Invoking command in '/home/maghetto/ros2_ws/build/examples_rclpy_minimal_action_client': PYTHONPATH=/home/maghetto/ros2_ws/build/examples_rclpy_minimal_action_client/prefix_override:/home/maghetto/ros2_ws/install/examples_rclpy_minimal_action_client/lib/python3.8/site-packages:${PYTHONPATH} /usr/bin/python3 setup.py develop --editable --build-directory /home/maghetto/ros2_ws/build/examples_rclpy_minimal_action_client/build --no-deps install_data
[3.243s] running develop
[3.449s] running egg_info
[3.450s] creating examples_rclpy_minimal_action_client.egg-info
[3.450s] writing examples_rclpy_minimal_action_client.egg-info/PKG-INFO
[3.466s] writing dependency_links to examples_rclpy_minimal_action_client.egg-info/dependency_links.txt
[3.467s] writing entry points to examples_rclpy_minimal_action_client.egg-info/entry_points.txt
[3.467s] writing requirements to examples_rclpy_minimal_action_client.egg-info/requires.txt
[3.467s] writing top-level names to examples_rclpy_minimal_action_client.egg-info/top_level.txt
[3.467s] writing manifest file 'examples_rclpy_minimal_action_client.egg-info/SOURCES.txt'
[3.521s] reading manifest file 'examples_rclpy_minimal_action_client.egg-info/SOURCES.txt'
[3.530s] writing manifest file 'examples_rclpy_minimal_action_client.egg-info/SOURCES.txt'
[3.582s] running build_ext
[3.593s] Creating /home/maghetto/ros2_ws/install/examples_rclpy_minimal_action_client/lib/python3.8/site-packages/site.py
[3.594s] Creating /home/maghetto/ros2_ws/install/examples_rclpy_minimal_action_client/lib/python3.8/site-packages/examples-rclpy-minimal-action-client.egg-link (link to .)
[3.595s] Installing client script to /home/maghetto/ros2_ws/install/examples_rclpy_minimal_action_client/lib/examples_rclpy_minimal_action_client
[3.595s] Installing client_cancel script to /home/maghetto/ros2_ws/install/examples_rclpy_minimal_action_client/lib/examples_rclpy_minimal_action_client
[3.595s] Installing client_not_composable script to /home/maghetto/ros2_ws/install/examples_rclpy_minimal_action_client/lib/examples_rclpy_minimal_action_client
[3.595s] 
[3.596s] Installed /home/maghetto/ros2_ws/build/examples_rclpy_minimal_action_client
[3.596s] running install_data
[3.596s] creating /home/maghetto/ros2_ws/install/examples_rclpy_minimal_action_client/share/ament_index
[3.596s] creating /home/maghetto/ros2_ws/install/examples_rclpy_minimal_action_client/share/ament_index/resource_index
[3.597s] creating /home/maghetto/ros2_ws/install/examples_rclpy_minimal_action_client/share/ament_index/resource_index/packages
[3.600s] copying resource/examples_rclpy_minimal_action_client -> /home/maghetto/ros2_ws/install/examples_rclpy_minimal_action_client/share/ament_index/resource_index/packages
[3.600s] copying package.xml -> /home/maghetto/ros2_ws/install/examples_rclpy_minimal_action_client/share/examples_rclpy_minimal_action_client
[3.727s] Invoked command in '/home/maghetto/ros2_ws/build/examples_rclpy_minimal_action_client' returned '0': PYTHONPATH=/home/maghetto/ros2_ws/build/examples_rclpy_minimal_action_client/prefix_override:/home/maghetto/ros2_ws/install/examples_rclpy_minimal_action_client/lib/python3.8/site-packages:${PYTHONPATH} /usr/bin/python3 setup.py develop --editable --build-directory /home/maghetto/ros2_ws/build/examples_rclpy_minimal_action_client/build --no-deps install_data
