[5.394s] Invoking command in '/home/maghetto/ros2_ws/src/examples/rclpy/executors': PYTHONPATH=/home/maghetto/ros2_ws/build/examples_rclpy_executors/prefix_override:/home/maghetto/ros2_ws/install/examples_rclpy_executors/lib/python3.8/site-packages:${PYTHONPATH} /usr/bin/python3 setup.py egg_info --egg-base ../../../../build/examples_rclpy_executors build --build-base /home/maghetto/ros2_ws/build/examples_rclpy_executors/build install --record /home/maghetto/ros2_ws/build/examples_rclpy_executors/install.log --install-scripts $base/lib/examples_rclpy_executors --single-version-externally-managed
[6.183s] running egg_info
[6.183s] writing ../../../../build/examples_rclpy_executors/examples_rclpy_executors.egg-info/PKG-INFO
[6.184s] writing dependency_links to ../../../../build/examples_rclpy_executors/examples_rclpy_executors.egg-info/dependency_links.txt
[6.184s] writing entry points to ../../../../build/examples_rclpy_executors/examples_rclpy_executors.egg-info/entry_points.txt
[6.184s] writing requirements to ../../../../build/examples_rclpy_executors/examples_rclpy_executors.egg-info/requires.txt
[6.184s] writing top-level names to ../../../../build/examples_rclpy_executors/examples_rclpy_executors.egg-info/top_level.txt
[6.185s] reading manifest file '../../../../build/examples_rclpy_executors/examples_rclpy_executors.egg-info/SOURCES.txt'
[6.185s] writing manifest file '../../../../build/examples_rclpy_executors/examples_rclpy_executors.egg-info/SOURCES.txt'
[6.185s] running build
[6.185s] running build_py
[6.186s] running install
[6.186s] running install_lib
[6.186s] running install_data
[6.187s] running install_egg_info
[6.187s] removing '/home/maghetto/ros2_ws/install/examples_rclpy_executors/lib/python3.8/site-packages/examples_rclpy_executors-0.9.4-py3.8.egg-info' (and everything under it)
[6.187s] Copying ../../../../build/examples_rclpy_executors/examples_rclpy_executors.egg-info to /home/maghetto/ros2_ws/install/examples_rclpy_executors/lib/python3.8/site-packages/examples_rclpy_executors-0.9.4-py3.8.egg-info
[6.187s] running install_scripts
[6.188s] Installing callback_group script to /home/maghetto/ros2_ws/install/examples_rclpy_executors/lib/examples_rclpy_executors
[6.188s] Installing composed script to /home/maghetto/ros2_ws/install/examples_rclpy_executors/lib/examples_rclpy_executors
[6.188s] Installing custom_callback_group script to /home/maghetto/ros2_ws/install/examples_rclpy_executors/lib/examples_rclpy_executors
[6.188s] Installing custom_executor script to /home/maghetto/ros2_ws/install/examples_rclpy_executors/lib/examples_rclpy_executors
[6.189s] Installing listener script to /home/maghetto/ros2_ws/install/examples_rclpy_executors/lib/examples_rclpy_executors
[6.189s] Installing talker script to /home/maghetto/ros2_ws/install/examples_rclpy_executors/lib/examples_rclpy_executors
[6.189s] writing list of installed files to '/home/maghetto/ros2_ws/build/examples_rclpy_executors/install.log'
[7.500s] Invoked command in '/home/maghetto/ros2_ws/src/examples/rclpy/executors' returned '0': PYTHONPATH=/home/maghetto/ros2_ws/build/examples_rclpy_executors/prefix_override:/home/maghetto/ros2_ws/install/examples_rclpy_executors/lib/python3.8/site-packages:${PYTHONPATH} /usr/bin/python3 setup.py egg_info --egg-base ../../../../build/examples_rclpy_executors build --build-base /home/maghetto/ros2_ws/build/examples_rclpy_executors/build install --record /home/maghetto/ros2_ws/build/examples_rclpy_executors/install.log --install-scripts $base/lib/examples_rclpy_executors --single-version-externally-managed
