[0.155s] Invoking command in '/home/maghetto/ros2_ws/build/my_first_personal_project': CMAKE_PREFIX_PATH=/opt/ros/foxy /usr/bin/cmake /home/maghetto/ros2_ws/src/my_first_personal_project -DCMAKE_INSTALL_PREFIX=/home/maghetto/ros2_ws/install/my_first_personal_project
[0.285s] -- The C compiler identification is GNU 9.4.0
[0.393s] -- The CXX compiler identification is GNU 9.4.0
[0.402s] -- Check for working C compiler: /usr/bin/cc
[0.523s] -- Check for working C compiler: /usr/bin/cc -- works
[0.524s] -- Detecting C compiler ABI info
[0.625s] -- Detecting C compiler ABI info - done
[0.644s] -- Detecting C compile features
[0.644s] -- Detecting C compile features - done
[0.647s] -- Check for working CXX compiler: /usr/bin/c++
[0.764s] -- Check for working CXX compiler: /usr/bin/c++ -- works
[0.765s] -- Detecting CXX compiler ABI info
[0.880s] -- Detecting CXX compiler ABI info - done
[0.902s] -- Detecting CXX compile features
[0.902s] -- Detecting CXX compile features - done
[0.905s] -- Found ament_cmake: 0.9.12 (/opt/ros/foxy/share/ament_cmake/cmake)
[0.930s] -- Found PythonInterp: /usr/bin/python3 (found suitable version "3.8.10", minimum required is "3") 
[0.930s] -- Using PYTHON_EXECUTABLE: /usr/bin/python3
[1.151s] -- Found rclcpp: 2.4.3 (/opt/ros/foxy/share/rclcpp/cmake)
[1.202s] -- Using all available rosidl_typesupport_c: rosidl_typesupport_fastrtps_c;rosidl_typesupport_introspection_c
[1.209s] -- Found rosidl_adapter: 1.3.1 (/opt/ros/foxy/share/rosidl_adapter/cmake)
[1.324s] -- Found OpenSSL: /usr/lib/x86_64-linux-gnu/libcrypto.so (found version "1.1.1f")  
[1.353s] -- Found FastRTPS: /opt/ros/foxy/include  
[1.438s] -- Using all available rosidl_typesupport_cpp: rosidl_typesupport_fastrtps_cpp;rosidl_typesupport_introspection_cpp
[1.509s] -- Found rmw_implementation_cmake: 1.0.4 (/opt/ros/foxy/share/rmw_implementation_cmake/cmake)
[1.511s] -- Using RMW implementation 'rmw_fastrtps_cpp' as default
[1.513s] -- Looking for pthread.h
[1.620s] -- Looking for pthread.h - found
[1.621s] -- Performing Test CMAKE_HAVE_LIBC_PTHREAD
[1.726s] -- Performing Test CMAKE_HAVE_LIBC_PTHREAD - Failed
[1.726s] -- Looking for pthread_create in pthreads
[1.815s] -- Looking for pthread_create in pthreads - not found
[1.815s] -- Looking for pthread_create in pthread
[1.936s] -- Looking for pthread_create in pthread - found
[1.937s] -- Found Threads: TRUE  
[2.114s] -- Found rosbag2_cpp: 0.3.11 (/opt/ros/foxy/share/rosbag2_cpp/cmake)
[2.154s] -- Setting yaml-cpp_DIR to: '/opt/ros/foxy/share/yaml_cpp_vendor/cmake/../../../opt/yaml_cpp_vendor/lib/cmake/yaml-cpp'
[2.172s] -- Found rosidl_default_generators: 1.0.1 (/opt/ros/foxy/share/rosidl_default_generators/cmake)
[2.215s] -- Found PythonInterp: /usr/bin/python3 (found version "3.8.10") 
[2.361s] -- Found ament_cmake_ros: 0.9.2 (/opt/ros/foxy/share/ament_cmake_ros/cmake)
[2.500s] -- Using all available rosidl_typesupport_c: rosidl_typesupport_fastrtps_c;rosidl_typesupport_introspection_c
[2.513s] -- Using all available rosidl_typesupport_cpp: rosidl_typesupport_fastrtps_cpp;rosidl_typesupport_introspection_cpp
[2.539s] -- Found PythonInterp: /usr/bin/python3 (found suitable version "3.8.10", minimum required is "3.5") 
[2.542s] -- Found python_cmake_module: 0.8.1 (/opt/ros/foxy/share/python_cmake_module/cmake)
[2.580s] -- Found PythonLibs: /usr/lib/x86_64-linux-gnu/libpython3.8.so (found suitable version "3.8.10", minimum required is "3.5") 
[2.580s] -- Using PYTHON_EXECUTABLE: /usr/bin/python3
[2.580s] -- Using PYTHON_INCLUDE_DIRS: /usr/include/python3.8
[2.581s] -- Using PYTHON_LIBRARIES: /usr/lib/x86_64-linux-gnu/libpython3.8.so
[2.607s] -- Found PythonExtra: .so  
[2.656s] -- Found ament_lint_auto: 0.9.8 (/opt/ros/foxy/share/ament_lint_auto/cmake)
[2.693s] -- Added test 'copyright' to check source files copyright and LICENSE
[2.694s] -- Added test 'cppcheck' to perform static code analysis on C / C++ code
[2.696s] -- Configured cppcheck include dirs: 
[2.696s] -- Configured cppcheck exclude dirs and/or files: 
[2.696s] -- Added test 'cpplint' to check C / C++ code against the Google style
[2.697s] -- Configured cpplint exclude dirs and/or files: 
[2.697s] -- Added test 'lint_cmake' to check CMake code style
[2.699s] -- Added test 'uncrustify' to check C / C++ code style
[2.699s] -- Configured uncrustify additional arguments: 
[2.699s] -- Added test 'xmllint' to check XML markup files
[2.705s] -- Configuring done
[2.746s] -- Generating done
[2.750s] -- Build files have been written to: /home/maghetto/ros2_ws/build/my_first_personal_project
[2.765s] Invoked command in '/home/maghetto/ros2_ws/build/my_first_personal_project' returned '0': CMAKE_PREFIX_PATH=/opt/ros/foxy /usr/bin/cmake /home/maghetto/ros2_ws/src/my_first_personal_project -DCMAKE_INSTALL_PREFIX=/home/maghetto/ros2_ws/install/my_first_personal_project
[2.766s] Invoking command in '/home/maghetto/ros2_ws/build/my_first_personal_project': CMAKE_PREFIX_PATH=/opt/ros/foxy /usr/bin/cmake --build /home/maghetto/ros2_ws/build/my_first_personal_project -- -j6 -l6
[2.822s] [35m[1mScanning dependencies of target my_first_personal_project__cpp[0m
[2.822s] [  3%] [34m[1mGenerating C code for ROS interfaces[0m
[2.841s] [  6%] [34m[1mGenerating C++ code for ROS interfaces[0m
[3.103s] [  6%] Built target my_first_personal_project__cpp
[3.112s] [35m[1mScanning dependencies of target my_first_personal_project__rosidl_generator_c[0m
[3.118s] [  9%] [34m[1mGenerating C++ introspection for ROS interfaces[0m
[3.118s] [ 12%] [34m[1mGenerating C++ type support for eProsima Fast-RTPS[0m
[3.118s] [ 15%] [34m[1mGenerating C++ type support dispatch for ROS interfaces[0m
[3.139s] [ 18%] [32mBuilding C object CMakeFiles/my_first_personal_project__rosidl_generator_c.dir/rosidl_generator_c/my_first_personal_project/msg/detail/number__functions.c.o[0m
[3.201s] [ 21%] [32m[1mLinking C shared library libmy_first_personal_project__rosidl_generator_c.so[0m
[3.242s] [ 21%] Built target my_first_personal_project__rosidl_generator_c
[3.256s] [ 27%] [34m[1mGenerating C introspection for ROS interfaces[0m
[3.256s] [ 27%] [34m[1mGenerating C type support dispatch for ROS interfaces[0m
[3.317s] [35m[1mScanning dependencies of target my_first_personal_project__rosidl_typesupport_cpp[0m
[3.340s] [ 30%] [32mBuilding CXX object CMakeFiles/my_first_personal_project__rosidl_typesupport_cpp.dir/rosidl_typesupport_cpp/my_first_personal_project/msg/number__type_support.cpp.o[0m
[3.349s] [35m[1mScanning dependencies of target my_first_personal_project__rosidl_typesupport_introspection_cpp[0m
[3.366s] [35m[1mScanning dependencies of target my_first_personal_project__rosidl_typesupport_fastrtps_cpp[0m
[3.383s] [ 33%] [32mBuilding CXX object CMakeFiles/my_first_personal_project__rosidl_typesupport_introspection_cpp.dir/rosidl_typesupport_introspection_cpp/my_first_personal_project/msg/detail/number__type_support.cpp.o[0m
[3.407s] [ 36%] [32mBuilding CXX object CMakeFiles/my_first_personal_project__rosidl_typesupport_fastrtps_cpp.dir/rosidl_typesupport_fastrtps_cpp/my_first_personal_project/msg/detail/dds_fastrtps/number__type_support.cpp.o[0m
[3.465s] [35m[1mScanning dependencies of target my_first_personal_project__rosidl_typesupport_c[0m
[3.482s] [ 39%] [32mBuilding CXX object CMakeFiles/my_first_personal_project__rosidl_typesupport_c.dir/rosidl_typesupport_c/my_first_personal_project/msg/number__type_support.cpp.o[0m
[3.489s] [35m[1mScanning dependencies of target my_first_personal_project__rosidl_typesupport_introspection_c[0m
[3.508s] [ 42%] [32mBuilding C object CMakeFiles/my_first_personal_project__rosidl_typesupport_introspection_c.dir/rosidl_typesupport_introspection_c/my_first_personal_project/msg/detail/number__type_support.c.o[0m
[3.518s] [ 45%] [32m[1mLinking CXX shared library libmy_first_personal_project__rosidl_typesupport_c.so[0m
[3.544s] [ 48%] [32m[1mLinking C shared library libmy_first_personal_project__rosidl_typesupport_introspection_c.so[0m
[3.564s] [ 48%] Built target my_first_personal_project__rosidl_typesupport_c
[3.582s] [ 48%] Built target my_first_personal_project__rosidl_typesupport_introspection_c
[3.754s] [ 51%] [32m[1mLinking CXX shared library libmy_first_personal_project__rosidl_typesupport_cpp.so[0m
[3.791s] [ 54%] [32m[1mLinking CXX shared library libmy_first_personal_project__rosidl_typesupport_introspection_cpp.so[0m
[3.824s] [ 54%] Built target my_first_personal_project__rosidl_typesupport_cpp
[3.863s] [ 54%] Built target my_first_personal_project__rosidl_typesupport_introspection_cpp
[3.953s] [ 57%] [32m[1mLinking CXX shared library libmy_first_personal_project__rosidl_typesupport_fastrtps_cpp.so[0m
[4.094s] [ 57%] Built target my_first_personal_project__rosidl_typesupport_fastrtps_cpp
[4.107s] [ 60%] [34m[1mGenerating C type support for eProsima Fast-RTPS[0m
[4.380s] [35m[1mScanning dependencies of target my_first_personal_project__rosidl_typesupport_fastrtps_c[0m
[4.401s] [ 63%] [32mBuilding CXX object CMakeFiles/my_first_personal_project__rosidl_typesupport_fastrtps_c.dir/rosidl_typesupport_fastrtps_c/my_first_personal_project/msg/detail/number__type_support_c.cpp.o[0m
[4.757s] [ 66%] [32m[1mLinking CXX shared library libmy_first_personal_project__rosidl_typesupport_fastrtps_c.so[0m
[4.851s] [ 66%] Built target my_first_personal_project__rosidl_typesupport_fastrtps_c
[4.872s] [35m[1mScanning dependencies of target my_first_personal_project[0m
[4.898s] [ 66%] Built target my_first_personal_project
[4.912s] [35m[1mScanning dependencies of target my_first_personal_project__py[0m
[4.912s] [35m[1mScanning dependencies of target random_generator[0m
[4.947s] [ 69%] [34m[1mGenerating Python code for ROS interfaces[0m
[4.994s] [ 72%] [32mBuilding CXX object CMakeFiles/random_generator.dir/src/random_generator.cpp.o[0m
[5.415s] [ 72%] Built target my_first_personal_project__py
[5.433s] [35m[1mScanning dependencies of target my_first_personal_project__python[0m
[5.555s] [ 75%] [32mBuilding C object CMakeFiles/my_first_personal_project__python.dir/rosidl_generator_py/my_first_personal_project/msg/_number_s.c.o[0m
[5.688s] [ 78%] [32m[1mLinking C shared library rosidl_generator_py/my_first_personal_project/libmy_first_personal_project__python.so[0m
[5.743s] [ 78%] Built target my_first_personal_project__python
[5.757s] [35m[1mScanning dependencies of target my_first_personal_project__rosidl_typesupport_introspection_c__pyext[0m
[5.757s] [35m[1mScanning dependencies of target my_first_personal_project__rosidl_typesupport_fastrtps_c__pyext[0m
[5.757s] [35m[1mScanning dependencies of target my_first_personal_project__rosidl_typesupport_c__pyext[0m
[5.786s] [ 81%] [32mBuilding C object CMakeFiles/my_first_personal_project__rosidl_typesupport_c__pyext.dir/rosidl_generator_py/my_first_personal_project/_my_first_personal_project_s.ep.rosidl_typesupport_c.c.o[0m
[5.788s] [ 84%] [32mBuilding C object CMakeFiles/my_first_personal_project__rosidl_typesupport_introspection_c__pyext.dir/rosidl_generator_py/my_first_personal_project/_my_first_personal_project_s.ep.rosidl_typesupport_introspection_c.c.o[0m
[5.791s] [ 87%] [32mBuilding C object CMakeFiles/my_first_personal_project__rosidl_typesupport_fastrtps_c__pyext.dir/rosidl_generator_py/my_first_personal_project/_my_first_personal_project_s.ep.rosidl_typesupport_fastrtps_c.c.o[0m
[5.942s] [ 90%] [32m[1mLinking C shared library rosidl_generator_py/my_first_personal_project/my_first_personal_project_s__rosidl_typesupport_introspection_c.cpython-38-x86_64-linux-gnu.so[0m
[5.945s] [ 93%] [32m[1mLinking C shared library rosidl_generator_py/my_first_personal_project/my_first_personal_project_s__rosidl_typesupport_c.cpython-38-x86_64-linux-gnu.so[0m
[5.951s] [ 96%] [32m[1mLinking CXX shared library rosidl_generator_py/my_first_personal_project/my_first_personal_project_s__rosidl_typesupport_fastrtps_c.cpython-38-x86_64-linux-gnu.so[0m
[5.987s] [ 96%] Built target my_first_personal_project__rosidl_typesupport_introspection_c__pyext
[5.988s] [ 96%] Built target my_first_personal_project__rosidl_typesupport_c__pyext
[6.057s] [ 96%] Built target my_first_personal_project__rosidl_typesupport_fastrtps_c__pyext
[7.131s] [01m[K/home/maghetto/ros2_ws/src/my_first_personal_project/src/random_generator.cpp:[m[K In constructor ‘[01m[KRandom_Publisher::Random_Publisher()[m[K’:
[7.132s] [01m[K/home/maghetto/ros2_ws/src/my_first_personal_project/src/random_generator.cpp:22:83:[m[K [01;31m[Kerror: [m[Kno matching function for call to ‘[01m[KRandom_Publisher::create_publisher<my_first_personal_project::msg::Number>()[m[K’
[7.132s]    22 |       publisher_ = this->create_publisher<my_first_personal_project::msg::Number>([01;31m[K)[m[K;
[7.132s]       |                                                                                   [01;31m[K^[m[K
[7.132s] In file included from [01m[K/opt/ros/foxy/include/rclcpp/executors/single_threaded_executor.hpp:28[m[K,
[7.132s]                  from [01m[K/opt/ros/foxy/include/rclcpp/executors.hpp:22[m[K,
[7.132s]                  from [01m[K/opt/ros/foxy/include/rclcpp/rclcpp.hpp:146[m[K,
[7.132s]                  from [01m[K/home/maghetto/ros2_ws/src/my_first_personal_project/src/random_generator.cpp:7[m[K:
[7.132s] [01m[K/opt/ros/foxy/include/rclcpp/node.hpp:184:3:[m[K [01;36m[Knote: [m[Kcandidate: ‘[01m[Ktemplate<class MessageT, class AllocatorT, class PublisherT> std::shared_ptr<PublisherT> rclcpp::Node::create_publisher(const string&, const rclcpp::QoS&, const rclcpp::PublisherOptionsWithAllocator<AllocatorT>&)[m[K’
[7.132s]   184 |   [01;36m[Kcreate_publisher[m[K(
[7.132s]       |   [01;36m[K^~~~~~~~~~~~~~~~[m[K
[7.132s] [01m[K/opt/ros/foxy/include/rclcpp/node.hpp:184:3:[m[K [01;36m[Knote: [m[K  template argument deduction/substitution failed:
[7.132s] [01m[K/home/maghetto/ros2_ws/src/my_first_personal_project/src/random_generator.cpp:22:83:[m[K [01;36m[Knote: [m[K  candidate expects 3 arguments, 0 provided
[7.132s]    22 |       publisher_ = this->create_publisher<my_first_personal_project::msg::Number>([01;36m[K)[m[K;
[7.132s]       |                                                                                   [01;36m[K^[m[K
[7.160s] [01m[K/home/maghetto/ros2_ws/src/my_first_personal_project/src/random_generator.cpp:[m[K In member function ‘[01m[Kvoid Random_Publisher::timer_callback()[m[K’:
[7.160s] [01m[K/home/maghetto/ros2_ws/src/my_first_personal_project/src/random_generator.cpp:33:44:[m[K [01;31m[Kerror: [m[Kcannot convert ‘[01m[Kstd::thread::id[m[K’ to ‘[01m[Kmy_first_personal_project::msg::Number_<std::allocator<void> >::_pid_type[m[K’ {aka ‘[01m[Kunsigned int[m[K’} in assignment
[7.160s]    33 |       number.pid = [01;31m[Kstd::this_thread::get_id()[m[K;
[7.160s]       |                    [01;31m[K~~~~~~~~~~~~~~~~~~~~~~~~^~[m[K
[7.160s]       |                                            [01;31m[K|[m[K
[7.160s]       |                                            [01;31m[Kstd::thread::id[m[K
[7.180s] [01m[K/home/maghetto/ros2_ws/src/my_first_personal_project/src/random_generator.cpp:37:33:[m[K [01;31m[Kerror: [m[Kno matching function for call to ‘[01m[Krclcpp::Publisher<std_msgs::msg::String_<std::allocator<void> > >::publish(my_first_personal_project::msg::Number_<std::allocator<void> >&)[m[K’
[7.180s]    37 |       publisher_->publish(number[01;31m[K)[m[K;
[7.180s]       |                                 [01;31m[K^[m[K
[7.180s] In file included from [01m[K/opt/ros/foxy/include/rclcpp/topic_statistics/subscription_topic_statistics.hpp:31[m[K,
[7.180s]                  from [01m[K/opt/ros/foxy/include/rclcpp/subscription.hpp:50[m[K,
[7.180s]                  from [01m[K/opt/ros/foxy/include/rclcpp/any_executable.hpp:25[m[K,
[7.180s]                  from [01m[K/opt/ros/foxy/include/rclcpp/memory_strategy.hpp:24[m[K,
[7.180s]                  from [01m[K/opt/ros/foxy/include/rclcpp/memory_strategies.hpp:18[m[K,
[7.180s]                  from [01m[K/opt/ros/foxy/include/rclcpp/executor_options.hpp:20[m[K,
[7.180s]                  from [01m[K/opt/ros/foxy/include/rclcpp/executor.hpp:33[m[K,
[7.180s]                  from [01m[K/opt/ros/foxy/include/rclcpp/executors/multi_threaded_executor.hpp:26[m[K,
[7.180s]                  from [01m[K/opt/ros/foxy/include/rclcpp/executors.hpp:21[m[K,
[7.181s]                  from [01m[K/opt/ros/foxy/include/rclcpp/rclcpp.hpp:146[m[K,
[7.181s]                  from [01m[K/home/maghetto/ros2_ws/src/my_first_personal_project/src/random_generator.cpp:7[m[K:
[7.181s] [01m[K/opt/ros/foxy/include/rclcpp/publisher.hpp:185:3:[m[K [01;36m[Knote: [m[Kcandidate: ‘[01m[Kvoid rclcpp::Publisher<MessageT, AllocatorT>::publish(std::unique_ptr<MessageT, typename std::conditional<std::is_same<typename std::allocator_traits<typename std::allocator_traits<_Alloc>::rebind_traits<MessageT>::allocator_type>::rebind_alloc<MessageT>, typename std::allocator<void>::rebind<_Tp1>::other>::value, std::default_delete<_Tp>, rclcpp::allocator::AllocatorDeleter<typename std::allocator_traits<_Alloc>::rebind_traits<MessageT>::allocator_type> >::type>) [with MessageT = std_msgs::msg::String_<std::allocator<void> >; AllocatorT = std::allocator<void>; typename std::conditional<std::is_same<typename std::allocator_traits<typename std::allocator_traits<_Alloc>::rebind_traits<MessageT>::allocator_type>::rebind_alloc<MessageT>, typename std::allocator<void>::rebind<_Tp1>::other>::value, std::default_delete<_Tp>, rclcpp::allocator::AllocatorDeleter<typename std::allocator_traits<_Alloc>::rebind_traits<MessageT>::allocator_type> >::type = std::default_delete<std_msgs::msg::String_<std::allocator<void> > >][m[K’
[7.181s]   185 |   [01;36m[Kpublish[m[K(std::unique_ptr<MessageT, MessageDeleter> msg)
[7.181s]       |   [01;36m[K^~~~~~~[m[K
[7.181s] [01m[K/opt/ros/foxy/include/rclcpp/publisher.hpp:185:53:[m[K [01;36m[Knote: [m[K  no known conversion for argument 1 from ‘[01m[Kmy_first_personal_project::msg::Number_<std::allocator<void> >[m[K’ to ‘[01m[Kstd::unique_ptr<std_msgs::msg::String_<std::allocator<void> >, std::default_delete<std_msgs::msg::String_<std::allocator<void> > > >[m[K’
[7.181s]   185 |   publish([01;36m[Kstd::unique_ptr<MessageT, MessageDeleter> msg[m[K)
[7.181s]       |           [01;36m[K~~~~~~~~~~~~~~~~~~~~~~~~~~~~~~~~~~~~~~~~~~^~~[m[K
[7.181s] [01m[K/opt/ros/foxy/include/rclcpp/publisher.hpp:209:3:[m[K [01;36m[Knote: [m[Kcandidate: ‘[01m[Kvoid rclcpp::Publisher<MessageT, AllocatorT>::publish(const MessageT&) [with MessageT = std_msgs::msg::String_<std::allocator<void> >; AllocatorT = std::allocator<void>][m[K’
[7.181s]   209 |   [01;36m[Kpublish[m[K(const MessageT & msg)
[7.181s]       |   [01;36m[K^~~~~~~[m[K
[7.181s] [01m[K/opt/ros/foxy/include/rclcpp/publisher.hpp:209:28:[m[K [01;36m[Knote: [m[K  no known conversion for argument 1 from ‘[01m[Kmy_first_personal_project::msg::Number_<std::allocator<void> >[m[K’ to ‘[01m[Kconst std_msgs::msg::String_<std::allocator<void> >&[m[K’
[7.181s]   209 |   publish([01;36m[Kconst MessageT & msg[m[K)
[7.181s]       |           [01;36m[K~~~~~~~~~~~~~~~~~^~~[m[K
[7.181s] [01m[K/opt/ros/foxy/include/rclcpp/publisher.hpp:226:3:[m[K [01;36m[Knote: [m[Kcandidate: ‘[01m[Kvoid rclcpp::Publisher<MessageT, AllocatorT>::publish(const rcl_serialized_message_t&) [with MessageT = std_msgs::msg::String_<std::allocator<void> >; AllocatorT = std::allocator<void>; rcl_serialized_message_t = rcutils_uint8_array_t][m[K’
[7.181s]   226 |   [01;36m[Kpublish[m[K(const rcl_serialized_message_t & serialized_msg)
[7.182s]       |   [01;36m[K^~~~~~~[m[K
[7.182s] [01m[K/opt/ros/foxy/include/rclcpp/publisher.hpp:226:44:[m[K [01;36m[Knote: [m[K  no known conversion for argument 1 from ‘[01m[Kmy_first_personal_project::msg::Number_<std::allocator<void> >[m[K’ to ‘[01m[Kconst rcl_serialized_message_t&[m[K’ {aka ‘[01m[Kconst rcutils_uint8_array_t&[m[K’}
[7.182s]   226 |   publish([01;36m[Kconst rcl_serialized_message_t & serialized_msg[m[K)
[7.182s]       |           [01;36m[K~~~~~~~~~~~~~~~~~~~~~~~~~~~~~~~~~^~~~~~~~~~~~~~[m[K
[7.182s] [01m[K/opt/ros/foxy/include/rclcpp/publisher.hpp:232:3:[m[K [01;36m[Knote: [m[Kcandidate: ‘[01m[Kvoid rclcpp::Publisher<MessageT, AllocatorT>::publish(const rclcpp::SerializedMessage&) [with MessageT = std_msgs::msg::String_<std::allocator<void> >; AllocatorT = std::allocator<void>][m[K’
[7.182s]   232 |   [01;36m[Kpublish[m[K(const SerializedMessage & serialized_msg)
[7.182s]       |   [01;36m[K^~~~~~~[m[K
[7.182s] [01m[K/opt/ros/foxy/include/rclcpp/publisher.hpp:232:37:[m[K [01;36m[Knote: [m[K  no known conversion for argument 1 from ‘[01m[Kmy_first_personal_project::msg::Number_<std::allocator<void> >[m[K’ to ‘[01m[Kconst rclcpp::SerializedMessage&[m[K’
[7.182s]   232 |   publish([01;36m[Kconst SerializedMessage & serialized_msg[m[K)
[7.182s]       |           [01;36m[K~~~~~~~~~~~~~~~~~~~~~~~~~~^~~~~~~~~~~~~~[m[K
[7.182s] [01m[K/opt/ros/foxy/include/rclcpp/publisher.hpp:246:3:[m[K [01;36m[Knote: [m[Kcandidate: ‘[01m[Kvoid rclcpp::Publisher<MessageT, AllocatorT>::publish(rclcpp::LoanedMessage<MessageT, AllocatorT>&&) [with MessageT = std_msgs::msg::String_<std::allocator<void> >; AllocatorT = std::allocator<void>][m[K’
[7.182s]   246 |   [01;36m[Kpublish[m[K(rclcpp::LoanedMessage<MessageT, AllocatorT> && loaned_msg)
[7.182s]       |   [01;36m[K^~~~~~~[m[K
[7.182s] [01m[K/opt/ros/foxy/include/rclcpp/publisher.hpp:246:58:[m[K [01;36m[Knote: [m[K  no known conversion for argument 1 from ‘[01m[Kmy_first_personal_project::msg::Number_<std::allocator<void> >[m[K’ to ‘[01m[Krclcpp::LoanedMessage<std_msgs::msg::String_<std::allocator<void> >, std::allocator<void> >&&[m[K’
[7.182s]   246 |   publish([01;36m[Krclcpp::LoanedMessage<MessageT, AllocatorT> && loaned_msg[m[K)
[7.182s]       |           [01;36m[K~~~~~~~~~~~~~~~~~~~~~~~~~~~~~~~~~~~~~~~~~~~~~~~^~~~~~~~~~[m[K
[7.942s] make[2]: *** [CMakeFiles/random_generator.dir/build.make:63: CMakeFiles/random_generator.dir/src/random_generator.cpp.o] Errore 1
[7.943s] make[1]: *** [CMakeFiles/Makefile2:155: CMakeFiles/random_generator.dir/all] Errore 2
[7.943s] make: *** [Makefile:141: all] Errore 2
[7.949s] Invoked command in '/home/maghetto/ros2_ws/build/my_first_personal_project' returned '2': CMAKE_PREFIX_PATH=/opt/ros/foxy /usr/bin/cmake --build /home/maghetto/ros2_ws/build/my_first_personal_project -- -j6 -l6
