[0.615s] Invoking command in '/home/maghetto/ros2_ws/build/cpp_parameters': CMAKE_PREFIX_PATH=/opt/ros/foxy /usr/bin/cmake --build /home/maghetto/ros2_ws/build/cpp_parameters -- -j6 -l6
[0.764s] [100%] Built target minimal_param_node
[0.810s] Invoked command in '/home/maghetto/ros2_ws/build/cpp_parameters' returned '0': CMAKE_PREFIX_PATH=/opt/ros/foxy /usr/bin/cmake --build /home/maghetto/ros2_ws/build/cpp_parameters -- -j6 -l6
[1.042s] Invoking command in '/home/maghetto/ros2_ws/build/cpp_parameters': CMAKE_PREFIX_PATH=/opt/ros/foxy /usr/bin/cmake --install /home/maghetto/ros2_ws/build/cpp_parameters
[1.060s] -- Install configuration: ""
[1.066s] -- Up-to-date: /home/maghetto/ros2_ws/install/cpp_parameters/lib/cpp_parameters/minimal_param_node
[1.066s] -- Up-to-date: /home/maghetto/ros2_ws/install/cpp_parameters/share/cpp_parameters/launch
[1.066s] -- Up-to-date: /home/maghetto/ros2_ws/install/cpp_parameters/share/cpp_parameters/launch/cpp_parameters_launch.py
[1.066s] -- Up-to-date: /home/maghetto/ros2_ws/install/cpp_parameters/share/ament_index/resource_index/package_run_dependencies/cpp_parameters
[1.066s] -- Up-to-date: /home/maghetto/ros2_ws/install/cpp_parameters/share/ament_index/resource_index/parent_prefix_path/cpp_parameters
[1.067s] -- Up-to-date: /home/maghetto/ros2_ws/install/cpp_parameters/share/cpp_parameters/environment/ament_prefix_path.sh
[1.067s] -- Up-to-date: /home/maghetto/ros2_ws/install/cpp_parameters/share/cpp_parameters/environment/ament_prefix_path.dsv
[1.067s] -- Up-to-date: /home/maghetto/ros2_ws/install/cpp_parameters/share/cpp_parameters/environment/path.sh
[1.067s] -- Up-to-date: /home/maghetto/ros2_ws/install/cpp_parameters/share/cpp_parameters/environment/path.dsv
[1.067s] -- Up-to-date: /home/maghetto/ros2_ws/install/cpp_parameters/share/cpp_parameters/local_setup.bash
[1.068s] -- Up-to-date: /home/maghetto/ros2_ws/install/cpp_parameters/share/cpp_parameters/local_setup.sh
[1.068s] -- Up-to-date: /home/maghetto/ros2_ws/install/cpp_parameters/share/cpp_parameters/local_setup.zsh
[1.068s] -- Up-to-date: /home/maghetto/ros2_ws/install/cpp_parameters/share/cpp_parameters/local_setup.dsv
[1.068s] -- Up-to-date: /home/maghetto/ros2_ws/install/cpp_parameters/share/cpp_parameters/package.dsv
[1.068s] -- Up-to-date: /home/maghetto/ros2_ws/install/cpp_parameters/share/ament_index/resource_index/packages/cpp_parameters
[1.071s] -- Up-to-date: /home/maghetto/ros2_ws/install/cpp_parameters/share/cpp_parameters/cmake/cpp_parametersConfig.cmake
[1.071s] -- Up-to-date: /home/maghetto/ros2_ws/install/cpp_parameters/share/cpp_parameters/cmake/cpp_parametersConfig-version.cmake
[1.071s] -- Up-to-date: /home/maghetto/ros2_ws/install/cpp_parameters/share/cpp_parameters/package.xml
[1.077s] Invoked command in '/home/maghetto/ros2_ws/build/cpp_parameters' returned '0': CMAKE_PREFIX_PATH=/opt/ros/foxy /usr/bin/cmake --install /home/maghetto/ros2_ws/build/cpp_parameters
