[2.819s] Invoking command in '/home/maghetto/ros2_ws/build/examples_rclpy_minimal_client': PYTHONPATH=/home/maghetto/ros2_ws/build/examples_rclpy_minimal_client/prefix_override:/home/maghetto/ros2_ws/install/examples_rclpy_minimal_client/lib/python3.8/site-packages:${PYTHONPATH} /usr/bin/python3 setup.py develop --uninstall --editable --build-directory /home/maghetto/ros2_ws/build/examples_rclpy_minimal_client/build
[3.388s] running develop
[3.389s] Removing /home/maghetto/ros2_ws/install/examples_rclpy_minimal_client/lib/python3.8/site-packages/examples-rclpy-minimal-client.egg-link (link to .)
[3.402s] Invoked command in '/home/maghetto/ros2_ws/build/examples_rclpy_minimal_client' returned '0': PYTHONPATH=/home/maghetto/ros2_ws/build/examples_rclpy_minimal_client/prefix_override:/home/maghetto/ros2_ws/install/examples_rclpy_minimal_client/lib/python3.8/site-packages:${PYTHONPATH} /usr/bin/python3 setup.py develop --uninstall --editable --build-directory /home/maghetto/ros2_ws/build/examples_rclpy_minimal_client/build
[3.407s] Invoking command in '/home/maghetto/ros2_ws/src/examples/rclpy/services/minimal_client': PYTHONPATH=/home/maghetto/ros2_ws/build/examples_rclpy_minimal_client/prefix_override:/home/maghetto/ros2_ws/install/examples_rclpy_minimal_client/lib/python3.8/site-packages:${PYTHONPATH} /usr/bin/python3 setup.py egg_info --egg-base ../../../../../build/examples_rclpy_minimal_client build --build-base /home/maghetto/ros2_ws/build/examples_rclpy_minimal_client/build install --record /home/maghetto/ros2_ws/build/examples_rclpy_minimal_client/install.log --install-scripts $base/lib/examples_rclpy_minimal_client --single-version-externally-managed
[3.636s] running egg_info
[3.636s] writing ../../../../../build/examples_rclpy_minimal_client/examples_rclpy_minimal_client.egg-info/PKG-INFO
[3.638s] writing dependency_links to ../../../../../build/examples_rclpy_minimal_client/examples_rclpy_minimal_client.egg-info/dependency_links.txt
[3.638s] writing entry points to ../../../../../build/examples_rclpy_minimal_client/examples_rclpy_minimal_client.egg-info/entry_points.txt
[3.638s] writing requirements to ../../../../../build/examples_rclpy_minimal_client/examples_rclpy_minimal_client.egg-info/requires.txt
[3.639s] writing top-level names to ../../../../../build/examples_rclpy_minimal_client/examples_rclpy_minimal_client.egg-info/top_level.txt
[3.677s] reading manifest file '../../../../../build/examples_rclpy_minimal_client/examples_rclpy_minimal_client.egg-info/SOURCES.txt'
[3.682s] writing manifest file '../../../../../build/examples_rclpy_minimal_client/examples_rclpy_minimal_client.egg-info/SOURCES.txt'
[3.682s] running build
[3.682s] running build_py
[3.682s] creating /home/maghetto/ros2_ws/build/examples_rclpy_minimal_client/build
[3.682s] creating /home/maghetto/ros2_ws/build/examples_rclpy_minimal_client/build/lib
[3.682s] creating /home/maghetto/ros2_ws/build/examples_rclpy_minimal_client/build/lib/examples_rclpy_minimal_client
[3.682s] copying examples_rclpy_minimal_client/client_async_member_function.py -> /home/maghetto/ros2_ws/build/examples_rclpy_minimal_client/build/lib/examples_rclpy_minimal_client
[3.683s] copying examples_rclpy_minimal_client/__init__.py -> /home/maghetto/ros2_ws/build/examples_rclpy_minimal_client/build/lib/examples_rclpy_minimal_client
[3.683s] copying examples_rclpy_minimal_client/client.py -> /home/maghetto/ros2_ws/build/examples_rclpy_minimal_client/build/lib/examples_rclpy_minimal_client
[3.683s] copying examples_rclpy_minimal_client/client_async_callback.py -> /home/maghetto/ros2_ws/build/examples_rclpy_minimal_client/build/lib/examples_rclpy_minimal_client
[3.683s] copying examples_rclpy_minimal_client/client_async.py -> /home/maghetto/ros2_ws/build/examples_rclpy_minimal_client/build/lib/examples_rclpy_minimal_client
[3.683s] running install
[3.683s] running install_lib
[3.687s] creating /home/maghetto/ros2_ws/install/examples_rclpy_minimal_client/lib/python3.8/site-packages/examples_rclpy_minimal_client
[3.687s] copying /home/maghetto/ros2_ws/build/examples_rclpy_minimal_client/build/lib/examples_rclpy_minimal_client/client_async_member_function.py -> /home/maghetto/ros2_ws/install/examples_rclpy_minimal_client/lib/python3.8/site-packages/examples_rclpy_minimal_client
[3.687s] copying /home/maghetto/ros2_ws/build/examples_rclpy_minimal_client/build/lib/examples_rclpy_minimal_client/__init__.py -> /home/maghetto/ros2_ws/install/examples_rclpy_minimal_client/lib/python3.8/site-packages/examples_rclpy_minimal_client
[3.687s] copying /home/maghetto/ros2_ws/build/examples_rclpy_minimal_client/build/lib/examples_rclpy_minimal_client/client.py -> /home/maghetto/ros2_ws/install/examples_rclpy_minimal_client/lib/python3.8/site-packages/examples_rclpy_minimal_client
[3.687s] copying /home/maghetto/ros2_ws/build/examples_rclpy_minimal_client/build/lib/examples_rclpy_minimal_client/client_async_callback.py -> /home/maghetto/ros2_ws/install/examples_rclpy_minimal_client/lib/python3.8/site-packages/examples_rclpy_minimal_client
[3.688s] copying /home/maghetto/ros2_ws/build/examples_rclpy_minimal_client/build/lib/examples_rclpy_minimal_client/client_async.py -> /home/maghetto/ros2_ws/install/examples_rclpy_minimal_client/lib/python3.8/site-packages/examples_rclpy_minimal_client
[3.688s] byte-compiling /home/maghetto/ros2_ws/install/examples_rclpy_minimal_client/lib/python3.8/site-packages/examples_rclpy_minimal_client/client_async_member_function.py to client_async_member_function.cpython-38.pyc
[3.690s] byte-compiling /home/maghetto/ros2_ws/install/examples_rclpy_minimal_client/lib/python3.8/site-packages/examples_rclpy_minimal_client/__init__.py to __init__.cpython-38.pyc
[3.690s] byte-compiling /home/maghetto/ros2_ws/install/examples_rclpy_minimal_client/lib/python3.8/site-packages/examples_rclpy_minimal_client/client.py to client.cpython-38.pyc
[3.690s] byte-compiling /home/maghetto/ros2_ws/install/examples_rclpy_minimal_client/lib/python3.8/site-packages/examples_rclpy_minimal_client/client_async_callback.py to client_async_callback.cpython-38.pyc
[3.691s] byte-compiling /home/maghetto/ros2_ws/install/examples_rclpy_minimal_client/lib/python3.8/site-packages/examples_rclpy_minimal_client/client_async.py to client_async.cpython-38.pyc
[3.691s] running install_data
[3.692s] running install_egg_info
[3.695s] Copying ../../../../../build/examples_rclpy_minimal_client/examples_rclpy_minimal_client.egg-info to /home/maghetto/ros2_ws/install/examples_rclpy_minimal_client/lib/python3.8/site-packages/examples_rclpy_minimal_client-0.9.4-py3.8.egg-info
[3.697s] running install_scripts
[3.718s] Installing client script to /home/maghetto/ros2_ws/install/examples_rclpy_minimal_client/lib/examples_rclpy_minimal_client
[3.721s] Installing client_async script to /home/maghetto/ros2_ws/install/examples_rclpy_minimal_client/lib/examples_rclpy_minimal_client
[3.721s] Installing client_async_callback script to /home/maghetto/ros2_ws/install/examples_rclpy_minimal_client/lib/examples_rclpy_minimal_client
[3.722s] Installing client_async_member_function script to /home/maghetto/ros2_ws/install/examples_rclpy_minimal_client/lib/examples_rclpy_minimal_client
[3.723s] writing list of installed files to '/home/maghetto/ros2_ws/build/examples_rclpy_minimal_client/install.log'
[4.358s] Invoked command in '/home/maghetto/ros2_ws/src/examples/rclpy/services/minimal_client' returned '0': PYTHONPATH=/home/maghetto/ros2_ws/build/examples_rclpy_minimal_client/prefix_override:/home/maghetto/ros2_ws/install/examples_rclpy_minimal_client/lib/python3.8/site-packages:${PYTHONPATH} /usr/bin/python3 setup.py egg_info --egg-base ../../../../../build/examples_rclpy_minimal_client build --build-base /home/maghetto/ros2_ws/build/examples_rclpy_minimal_client/build install --record /home/maghetto/ros2_ws/build/examples_rclpy_minimal_client/install.log --install-scripts $base/lib/examples_rclpy_minimal_client --single-version-externally-managed
