[1.471s] Invoking command in '/home/maghetto/ros2_ws/build/more_interfaces': CMAKE_PREFIX_PATH=/opt/ros/foxy /usr/bin/cmake --build /home/maghetto/ros2_ws/build/more_interfaces -- -j6 -l6
[1.653s] [  3%] Built target more_interfaces__cpp
[1.654s] [ 12%] Built target more_interfaces__rosidl_generator_c
[1.655s] [ 21%] Built target more_interfaces__rosidl_typesupport_introspection_cpp
[1.656s] [ 30%] Built target more_interfaces__rosidl_typesupport_c
[1.657s] [ 39%] Built target more_interfaces__rosidl_typesupport_cpp
[1.657s] [ 48%] Built target more_interfaces__rosidl_typesupport_introspection_c
[1.669s] [ 57%] Built target more_interfaces__rosidl_typesupport_fastrtps_cpp
[1.706s] [ 66%] Built target more_interfaces__rosidl_typesupport_fastrtps_c
[1.737s] [ 66%] Built target more_interfaces
[1.794s] [ 69%] Built target more_interfaces__py
[1.794s] [ 75%] Built target publish_address_book
[1.835s] [ 81%] Built target more_interfaces__python
[1.918s] [ 93%] Built target more_interfaces__rosidl_typesupport_introspection_c__pyext
[1.918s] [ 93%] Built target more_interfaces__rosidl_typesupport_c__pyext
[1.918s] [100%] Built target more_interfaces__rosidl_typesupport_fastrtps_c__pyext
[2.060s] Invoked command in '/home/maghetto/ros2_ws/build/more_interfaces' returned '0': CMAKE_PREFIX_PATH=/opt/ros/foxy /usr/bin/cmake --build /home/maghetto/ros2_ws/build/more_interfaces -- -j6 -l6
[2.250s] Invoking command in '/home/maghetto/ros2_ws/build/more_interfaces': CMAKE_PREFIX_PATH=/opt/ros/foxy /usr/bin/cmake --install /home/maghetto/ros2_ws/build/more_interfaces
[2.277s] -- Install configuration: ""
[2.279s] -- Up-to-date: /home/maghetto/ros2_ws/install/more_interfaces/lib/more_interfaces/publish_address_book
[2.292s] -- Up-to-date: /home/maghetto/ros2_ws/install/more_interfaces/share/ament_index/resource_index/rosidl_interfaces/more_interfaces
[2.293s] -- Up-to-date: /home/maghetto/ros2_ws/install/more_interfaces/include/more_interfaces
[2.300s] -- Up-to-date: /home/maghetto/ros2_ws/install/more_interfaces/include/more_interfaces/msg
[2.301s] -- Up-to-date: /home/maghetto/ros2_ws/install/more_interfaces/include/more_interfaces/msg/rosidl_generator_c__visibility_control.h
[2.301s] -- Up-to-date: /home/maghetto/ros2_ws/install/more_interfaces/include/more_interfaces/msg/address_book.h
[2.301s] -- Up-to-date: /home/maghetto/ros2_ws/install/more_interfaces/include/more_interfaces/msg/detail
[2.301s] -- Up-to-date: /home/maghetto/ros2_ws/install/more_interfaces/include/more_interfaces/msg/detail/address_book__type_support.h
[2.301s] -- Up-to-date: /home/maghetto/ros2_ws/install/more_interfaces/include/more_interfaces/msg/detail/address_book__functions.h
[2.301s] -- Up-to-date: /home/maghetto/ros2_ws/install/more_interfaces/include/more_interfaces/msg/detail/address_book__functions.c
[2.301s] -- Up-to-date: /home/maghetto/ros2_ws/install/more_interfaces/include/more_interfaces/msg/detail/address_book__struct.h
[2.301s] -- Up-to-date: /home/maghetto/ros2_ws/install/more_interfaces/share/more_interfaces/environment/library_path.sh
[2.301s] -- Up-to-date: /home/maghetto/ros2_ws/install/more_interfaces/share/more_interfaces/environment/library_path.dsv
[2.301s] -- Up-to-date: /home/maghetto/ros2_ws/install/more_interfaces/lib/libmore_interfaces__rosidl_generator_c.so
[2.302s] -- Up-to-date: /home/maghetto/ros2_ws/install/more_interfaces/include/more_interfaces
[2.302s] -- Up-to-date: /home/maghetto/ros2_ws/install/more_interfaces/include/more_interfaces/msg
[2.302s] -- Up-to-date: /home/maghetto/ros2_ws/install/more_interfaces/include/more_interfaces/msg/rosidl_typesupport_fastrtps_c__visibility_control.h
[2.302s] -- Up-to-date: /home/maghetto/ros2_ws/install/more_interfaces/include/more_interfaces/msg/detail
[2.302s] -- Up-to-date: /home/maghetto/ros2_ws/install/more_interfaces/include/more_interfaces/msg/detail/address_book__rosidl_typesupport_fastrtps_c.h
[2.302s] -- Up-to-date: /home/maghetto/ros2_ws/install/more_interfaces/lib/libmore_interfaces__rosidl_typesupport_fastrtps_c.so
[2.302s] -- Up-to-date: /home/maghetto/ros2_ws/install/more_interfaces/include/more_interfaces
[2.302s] -- Up-to-date: /home/maghetto/ros2_ws/install/more_interfaces/include/more_interfaces/msg
[2.302s] -- Up-to-date: /home/maghetto/ros2_ws/install/more_interfaces/include/more_interfaces/msg/rosidl_typesupport_fastrtps_cpp__visibility_control.h
[2.302s] -- Up-to-date: /home/maghetto/ros2_ws/install/more_interfaces/include/more_interfaces/msg/detail
[2.302s] -- Up-to-date: /home/maghetto/ros2_ws/install/more_interfaces/include/more_interfaces/msg/detail/dds_fastrtps
[2.302s] -- Up-to-date: /home/maghetto/ros2_ws/install/more_interfaces/include/more_interfaces/msg/detail/address_book__rosidl_typesupport_fastrtps_cpp.hpp
[2.302s] -- Up-to-date: /home/maghetto/ros2_ws/install/more_interfaces/lib/libmore_interfaces__rosidl_typesupport_fastrtps_cpp.so
[2.303s] -- Up-to-date: /home/maghetto/ros2_ws/install/more_interfaces/include/more_interfaces
[2.303s] -- Up-to-date: /home/maghetto/ros2_ws/install/more_interfaces/include/more_interfaces/msg
[2.303s] -- Up-to-date: /home/maghetto/ros2_ws/install/more_interfaces/include/more_interfaces/msg/rosidl_typesupport_introspection_c__visibility_control.h
[2.303s] -- Up-to-date: /home/maghetto/ros2_ws/install/more_interfaces/include/more_interfaces/msg/detail
[2.303s] -- Up-to-date: /home/maghetto/ros2_ws/install/more_interfaces/include/more_interfaces/msg/detail/address_book__rosidl_typesupport_introspection_c.h
[2.303s] -- Up-to-date: /home/maghetto/ros2_ws/install/more_interfaces/include/more_interfaces/msg/detail/address_book__type_support.c
[2.303s] -- Up-to-date: /home/maghetto/ros2_ws/install/more_interfaces/lib/libmore_interfaces__rosidl_typesupport_introspection_c.so
[2.303s] -- Up-to-date: /home/maghetto/ros2_ws/install/more_interfaces/lib/libmore_interfaces__rosidl_typesupport_c.so
[2.303s] -- Up-to-date: /home/maghetto/ros2_ws/install/more_interfaces/include/more_interfaces
[2.303s] -- Up-to-date: /home/maghetto/ros2_ws/install/more_interfaces/include/more_interfaces/msg
[2.303s] -- Up-to-date: /home/maghetto/ros2_ws/install/more_interfaces/include/more_interfaces/msg/address_book.hpp
[2.303s] -- Up-to-date: /home/maghetto/ros2_ws/install/more_interfaces/include/more_interfaces/msg/rosidl_generator_cpp__visibility_control.hpp
[2.303s] -- Up-to-date: /home/maghetto/ros2_ws/install/more_interfaces/include/more_interfaces/msg/detail
[2.303s] -- Up-to-date: /home/maghetto/ros2_ws/install/more_interfaces/include/more_interfaces/msg/detail/address_book__traits.hpp
[2.303s] -- Up-to-date: /home/maghetto/ros2_ws/install/more_interfaces/include/more_interfaces/msg/detail/address_book__type_support.hpp
[2.304s] -- Up-to-date: /home/maghetto/ros2_ws/install/more_interfaces/include/more_interfaces/msg/detail/address_book__builder.hpp
[2.304s] -- Up-to-date: /home/maghetto/ros2_ws/install/more_interfaces/include/more_interfaces/msg/detail/address_book__struct.hpp
[2.304s] -- Up-to-date: /home/maghetto/ros2_ws/install/more_interfaces/include/more_interfaces
[2.304s] -- Up-to-date: /home/maghetto/ros2_ws/install/more_interfaces/include/more_interfaces/msg
[2.304s] -- Up-to-date: /home/maghetto/ros2_ws/install/more_interfaces/include/more_interfaces/msg/detail
[2.304s] -- Up-to-date: /home/maghetto/ros2_ws/install/more_interfaces/include/more_interfaces/msg/detail/address_book__rosidl_typesupport_introspection_cpp.hpp
[2.304s] -- Up-to-date: /home/maghetto/ros2_ws/install/more_interfaces/include/more_interfaces/msg/detail/address_book__type_support.cpp
[2.304s] -- Up-to-date: /home/maghetto/ros2_ws/install/more_interfaces/lib/libmore_interfaces__rosidl_typesupport_introspection_cpp.so
[2.304s] -- Up-to-date: /home/maghetto/ros2_ws/install/more_interfaces/lib/libmore_interfaces__rosidl_typesupport_cpp.so
[2.305s] -- Up-to-date: /home/maghetto/ros2_ws/install/more_interfaces/share/more_interfaces/environment/pythonpath.sh
[2.305s] -- Up-to-date: /home/maghetto/ros2_ws/install/more_interfaces/share/more_interfaces/environment/pythonpath.dsv
[2.306s] -- Up-to-date: /home/maghetto/ros2_ws/install/more_interfaces/lib/python3.8/site-packages/more_interfaces/__init__.py
[2.362s] -- Up-to-date: /home/maghetto/ros2_ws/install/more_interfaces/lib/python3.8/site-packages/more_interfaces/msg
[2.362s] -- Up-to-date: /home/maghetto/ros2_ws/install/more_interfaces/lib/python3.8/site-packages/more_interfaces/msg/_address_book_s.c
[2.362s] -- Up-to-date: /home/maghetto/ros2_ws/install/more_interfaces/lib/python3.8/site-packages/more_interfaces/msg/__init__.py
[2.362s] -- Up-to-date: /home/maghetto/ros2_ws/install/more_interfaces/lib/python3.8/site-packages/more_interfaces/msg/_address_book.py
[2.363s] -- Up-to-date: /home/maghetto/ros2_ws/install/more_interfaces/lib/python3.8/site-packages/more_interfaces/more_interfaces_s__rosidl_typesupport_fastrtps_c.cpython-38-x86_64-linux-gnu.so
[2.364s] -- Up-to-date: /home/maghetto/ros2_ws/install/more_interfaces/lib/python3.8/site-packages/more_interfaces/more_interfaces_s__rosidl_typesupport_introspection_c.cpython-38-x86_64-linux-gnu.so
[2.366s] -- Up-to-date: /home/maghetto/ros2_ws/install/more_interfaces/lib/python3.8/site-packages/more_interfaces/more_interfaces_s__rosidl_typesupport_c.cpython-38-x86_64-linux-gnu.so
[2.368s] -- Up-to-date: /home/maghetto/ros2_ws/install/more_interfaces/lib/libmore_interfaces__python.so
[2.369s] -- Up-to-date: /home/maghetto/ros2_ws/install/more_interfaces/share/more_interfaces/msg/AddressBook.idl
[2.370s] -- Up-to-date: /home/maghetto/ros2_ws/install/more_interfaces/share/more_interfaces/msg/AddressBook.msg
[2.370s] -- Up-to-date: /home/maghetto/ros2_ws/install/more_interfaces/share/ament_index/resource_index/package_run_dependencies/more_interfaces
[2.372s] -- Up-to-date: /home/maghetto/ros2_ws/install/more_interfaces/share/ament_index/resource_index/parent_prefix_path/more_interfaces
[2.372s] -- Up-to-date: /home/maghetto/ros2_ws/install/more_interfaces/share/more_interfaces/environment/ament_prefix_path.sh
[2.372s] -- Up-to-date: /home/maghetto/ros2_ws/install/more_interfaces/share/more_interfaces/environment/ament_prefix_path.dsv
[2.372s] -- Up-to-date: /home/maghetto/ros2_ws/install/more_interfaces/share/more_interfaces/environment/path.sh
[2.372s] -- Up-to-date: /home/maghetto/ros2_ws/install/more_interfaces/share/more_interfaces/environment/path.dsv
[2.372s] -- Up-to-date: /home/maghetto/ros2_ws/install/more_interfaces/share/more_interfaces/local_setup.bash
[2.372s] -- Up-to-date: /home/maghetto/ros2_ws/install/more_interfaces/share/more_interfaces/local_setup.sh
[2.372s] -- Up-to-date: /home/maghetto/ros2_ws/install/more_interfaces/share/more_interfaces/local_setup.zsh
[2.372s] -- Up-to-date: /home/maghetto/ros2_ws/install/more_interfaces/share/more_interfaces/local_setup.dsv
[2.372s] -- Installing: /home/maghetto/ros2_ws/install/more_interfaces/share/more_interfaces/package.dsv
[2.373s] -- Up-to-date: /home/maghetto/ros2_ws/install/more_interfaces/share/ament_index/resource_index/packages/more_interfaces
[2.378s] -- Up-to-date: /home/maghetto/ros2_ws/install/more_interfaces/share/more_interfaces/cmake/more_interfaces__rosidl_generator_cExport.cmake
[2.378s] -- Up-to-date: /home/maghetto/ros2_ws/install/more_interfaces/share/more_interfaces/cmake/more_interfaces__rosidl_generator_cExport-noconfig.cmake
[2.380s] -- Up-to-date: /home/maghetto/ros2_ws/install/more_interfaces/share/more_interfaces/cmake/more_interfaces__rosidl_typesupport_introspection_cExport.cmake
[2.380s] -- Up-to-date: /home/maghetto/ros2_ws/install/more_interfaces/share/more_interfaces/cmake/more_interfaces__rosidl_typesupport_introspection_cExport-noconfig.cmake
[2.384s] -- Up-to-date: /home/maghetto/ros2_ws/install/more_interfaces/share/more_interfaces/cmake/more_interfaces__rosidl_typesupport_cExport.cmake
[2.384s] -- Up-to-date: /home/maghetto/ros2_ws/install/more_interfaces/share/more_interfaces/cmake/more_interfaces__rosidl_typesupport_cExport-noconfig.cmake
[2.384s] -- Up-to-date: /home/maghetto/ros2_ws/install/more_interfaces/share/more_interfaces/cmake/more_interfaces__rosidl_generator_cppExport.cmake
[2.385s] -- Up-to-date: /home/maghetto/ros2_ws/install/more_interfaces/share/more_interfaces/cmake/more_interfaces__rosidl_typesupport_introspection_cppExport.cmake
[2.385s] -- Up-to-date: /home/maghetto/ros2_ws/install/more_interfaces/share/more_interfaces/cmake/more_interfaces__rosidl_typesupport_introspection_cppExport-noconfig.cmake
[2.386s] -- Up-to-date: /home/maghetto/ros2_ws/install/more_interfaces/share/more_interfaces/cmake/more_interfaces__rosidl_typesupport_cppExport.cmake
[2.386s] -- Up-to-date: /home/maghetto/ros2_ws/install/more_interfaces/share/more_interfaces/cmake/more_interfaces__rosidl_typesupport_cppExport-noconfig.cmake
[2.386s] -- Up-to-date: /home/maghetto/ros2_ws/install/more_interfaces/share/more_interfaces/cmake/rosidl_cmake-extras.cmake
[2.386s] -- Up-to-date: /home/maghetto/ros2_ws/install/more_interfaces/share/more_interfaces/cmake/ament_cmake_export_dependencies-extras.cmake
[2.386s] -- Up-to-date: /home/maghetto/ros2_ws/install/more_interfaces/share/more_interfaces/cmake/ament_cmake_export_libraries-extras.cmake
[2.386s] -- Up-to-date: /home/maghetto/ros2_ws/install/more_interfaces/share/more_interfaces/cmake/ament_cmake_export_targets-extras.cmake
[2.386s] -- Up-to-date: /home/maghetto/ros2_ws/install/more_interfaces/share/more_interfaces/cmake/ament_cmake_export_include_directories-extras.cmake
[2.386s] -- Up-to-date: /home/maghetto/ros2_ws/install/more_interfaces/share/more_interfaces/cmake/rosidl_cmake_export_typesupport_libraries-extras.cmake
[2.387s] -- Up-to-date: /home/maghetto/ros2_ws/install/more_interfaces/share/more_interfaces/cmake/rosidl_cmake_export_typesupport_targets-extras.cmake
[2.387s] -- Up-to-date: /home/maghetto/ros2_ws/install/more_interfaces/share/more_interfaces/cmake/more_interfacesConfig.cmake
[2.387s] -- Up-to-date: /home/maghetto/ros2_ws/install/more_interfaces/share/more_interfaces/cmake/more_interfacesConfig-version.cmake
[2.387s] -- Up-to-date: /home/maghetto/ros2_ws/install/more_interfaces/share/more_interfaces/package.xml
[2.866s] Invoked command in '/home/maghetto/ros2_ws/build/more_interfaces' returned '0': CMAKE_PREFIX_PATH=/opt/ros/foxy /usr/bin/cmake --install /home/maghetto/ros2_ws/build/more_interfaces
