[0.891s] Invoking command in '/home/maghetto/ros2_ws/build/examples_rclcpp_minimal_composition': CMAKE_PREFIX_PATH=/opt/ros/foxy /usr/bin/cmake --build /home/maghetto/ros2_ws/build/examples_rclcpp_minimal_composition -- -j6 -l6
[1.054s] [ 33%] Built target composition_nodes
[1.102s] [ 77%] Built target composition_composed
[1.102s] [ 77%] Built target composition_subscriber
[1.102s] [100%] Built target composition_publisher
[1.570s] Invoked command in '/home/maghetto/ros2_ws/build/examples_rclcpp_minimal_composition' returned '0': CMAKE_PREFIX_PATH=/opt/ros/foxy /usr/bin/cmake --build /home/maghetto/ros2_ws/build/examples_rclcpp_minimal_composition -- -j6 -l6
[2.152s] Invoking command in '/home/maghetto/ros2_ws/build/examples_rclcpp_minimal_composition': CMAKE_PREFIX_PATH=/opt/ros/foxy /usr/bin/cmake --install /home/maghetto/ros2_ws/build/examples_rclcpp_minimal_composition
[2.316s] -- Install configuration: ""
[2.317s] -- Execute custom install script
[2.318s] -- Up-to-date symlink: /home/maghetto/ros2_ws/install/examples_rclcpp_minimal_composition/share/examples_rclcpp_minimal_composition/environment/library_path.sh
[2.318s] -- Up-to-date symlink: /home/maghetto/ros2_ws/install/examples_rclcpp_minimal_composition/share/examples_rclcpp_minimal_composition/environment/library_path.dsv
[2.318s] -- Up-to-date symlink: /home/maghetto/ros2_ws/install/examples_rclcpp_minimal_composition/lib/libcomposition_nodes.so
[2.318s] -- Up-to-date symlink: /home/maghetto/ros2_ws/install/examples_rclcpp_minimal_composition/lib/examples_rclcpp_minimal_composition/composition_publisher
[2.318s] -- Up-to-date symlink: /home/maghetto/ros2_ws/install/examples_rclcpp_minimal_composition/lib/examples_rclcpp_minimal_composition/composition_subscriber
[2.318s] -- Up-to-date symlink: /home/maghetto/ros2_ws/install/examples_rclcpp_minimal_composition/lib/examples_rclcpp_minimal_composition/composition_composed
[2.318s] -- Up-to-date symlink: /home/maghetto/ros2_ws/install/examples_rclcpp_minimal_composition/share/ament_index/resource_index/package_run_dependencies/examples_rclcpp_minimal_composition
[2.318s] -- Up-to-date symlink: /home/maghetto/ros2_ws/install/examples_rclcpp_minimal_composition/share/ament_index/resource_index/parent_prefix_path/examples_rclcpp_minimal_composition
[2.318s] -- Up-to-date symlink: /home/maghetto/ros2_ws/install/examples_rclcpp_minimal_composition/share/examples_rclcpp_minimal_composition/environment/ament_prefix_path.sh
[2.318s] -- Up-to-date symlink: /home/maghetto/ros2_ws/install/examples_rclcpp_minimal_composition/share/examples_rclcpp_minimal_composition/environment/ament_prefix_path.dsv
[2.319s] -- Up-to-date symlink: /home/maghetto/ros2_ws/install/examples_rclcpp_minimal_composition/share/examples_rclcpp_minimal_composition/environment/path.sh
[2.319s] -- Up-to-date symlink: /home/maghetto/ros2_ws/install/examples_rclcpp_minimal_composition/share/examples_rclcpp_minimal_composition/environment/path.dsv
[2.319s] -- Up-to-date symlink: /home/maghetto/ros2_ws/install/examples_rclcpp_minimal_composition/share/examples_rclcpp_minimal_composition/local_setup.bash
[2.319s] -- Up-to-date symlink: /home/maghetto/ros2_ws/install/examples_rclcpp_minimal_composition/share/examples_rclcpp_minimal_composition/local_setup.sh
[2.319s] -- Up-to-date symlink: /home/maghetto/ros2_ws/install/examples_rclcpp_minimal_composition/share/examples_rclcpp_minimal_composition/local_setup.zsh
[2.320s] -- Up-to-date symlink: /home/maghetto/ros2_ws/install/examples_rclcpp_minimal_composition/share/examples_rclcpp_minimal_composition/local_setup.dsv
[2.320s] -- Symlinking: /home/maghetto/ros2_ws/install/examples_rclcpp_minimal_composition/share/examples_rclcpp_minimal_composition/package.dsv
[2.320s] -- Up-to-date symlink: /home/maghetto/ros2_ws/install/examples_rclcpp_minimal_composition/share/ament_index/resource_index/packages/examples_rclcpp_minimal_composition
[2.320s] -- Up-to-date symlink: /home/maghetto/ros2_ws/install/examples_rclcpp_minimal_composition/share/examples_rclcpp_minimal_composition/cmake/examples_rclcpp_minimal_compositionConfig.cmake
[2.321s] -- Up-to-date symlink: /home/maghetto/ros2_ws/install/examples_rclcpp_minimal_composition/share/examples_rclcpp_minimal_composition/cmake/examples_rclcpp_minimal_compositionConfig-version.cmake
[2.321s] -- Up-to-date symlink: /home/maghetto/ros2_ws/install/examples_rclcpp_minimal_composition/share/examples_rclcpp_minimal_composition/package.xml
[2.707s] Invoked command in '/home/maghetto/ros2_ws/build/examples_rclcpp_minimal_composition' returned '0': CMAKE_PREFIX_PATH=/opt/ros/foxy /usr/bin/cmake --install /home/maghetto/ros2_ws/build/examples_rclcpp_minimal_composition
