[0.169s] Invoking command in '/home/maghetto/ros2_ws/build/examples_rclcpp_minimal_timer': CMAKE_PREFIX_PATH=/opt/ros/foxy /usr/bin/cmake /home/maghetto/ros2_ws/src/examples/rclcpp/timers/minimal_timer -DAMENT_CMAKE_SYMLINK_INSTALL=1 -DCMAKE_INSTALL_PREFIX=/home/maghetto/ros2_ws/install/examples_rclcpp_minimal_timer
[0.278s] -- The C compiler identification is GNU 9.4.0
[0.395s] -- The CXX compiler identification is GNU 9.4.0
[0.395s] -- Check for working C compiler: /usr/bin/cc
[0.512s] -- Check for working C compiler: /usr/bin/cc -- works
[0.520s] -- Detecting C compiler ABI info
[0.667s] -- Detecting C compiler ABI info - done
[0.682s] -- Detecting C compile features
[0.682s] -- Detecting C compile features - done
[0.690s] -- Check for working CXX compiler: /usr/bin/c++
[0.831s] -- Check for working CXX compiler: /usr/bin/c++ -- works
[0.872s] -- Detecting CXX compiler ABI info
[1.003s] -- Detecting CXX compiler ABI info - done
[1.022s] -- Detecting CXX compile features
[1.022s] -- Detecting CXX compile features - done
[1.025s] -- Found ament_cmake: 0.9.12 (/opt/ros/foxy/share/ament_cmake/cmake)
[1.067s] -- Found PythonInterp: /usr/bin/python3 (found suitable version "3.8.10", minimum required is "3") 
[1.067s] -- Using PYTHON_EXECUTABLE: /usr/bin/python3
[1.297s] -- Override CMake install command with custom implementation using symlinks instead of copying resources
[1.328s] -- Found rclcpp: 2.4.3 (/opt/ros/foxy/share/rclcpp/cmake)
[1.406s] -- Using all available rosidl_typesupport_c: rosidl_typesupport_fastrtps_c;rosidl_typesupport_introspection_c
[1.418s] -- Found rosidl_adapter: 1.3.1 (/opt/ros/foxy/share/rosidl_adapter/cmake)
[1.617s] -- Found OpenSSL: /usr/lib/x86_64-linux-gnu/libcrypto.so (found version "1.1.1f")  
[1.670s] -- Found FastRTPS: /opt/ros/foxy/include  
[1.826s] -- Using all available rosidl_typesupport_cpp: rosidl_typesupport_fastrtps_cpp;rosidl_typesupport_introspection_cpp
[1.901s] -- Found rmw_implementation_cmake: 1.0.4 (/opt/ros/foxy/share/rmw_implementation_cmake/cmake)
[1.902s] -- Using RMW implementation 'rmw_fastrtps_cpp' as default
[1.904s] -- Looking for pthread.h
[2.099s] -- Looking for pthread.h - found
[2.099s] -- Performing Test CMAKE_HAVE_LIBC_PTHREAD
[2.330s] -- Performing Test CMAKE_HAVE_LIBC_PTHREAD - Failed
[2.330s] -- Looking for pthread_create in pthreads
[2.472s] -- Looking for pthread_create in pthreads - not found
[2.472s] -- Looking for pthread_create in pthread
[2.690s] -- Looking for pthread_create in pthread - found
[2.692s] -- Found Threads: TRUE  
[3.008s] -- Found ament_lint_auto: 0.9.8 (/opt/ros/foxy/share/ament_lint_auto/cmake)
[3.370s] -- Added test 'copyright' to check source files copyright and LICENSE
[3.371s] -- Added test 'cppcheck' to perform static code analysis on C / C++ code
[3.371s] -- Configured cppcheck include dirs: 
[3.372s] -- Configured cppcheck exclude dirs and/or files: 
[3.372s] -- Added test 'cpplint' to check C / C++ code against the Google style
[3.373s] -- Configured cpplint exclude dirs and/or files: 
[3.373s] -- Added test 'lint_cmake' to check CMake code style
[3.373s] -- Added test 'uncrustify' to check C / C++ code style
[3.373s] -- Configured uncrustify additional arguments: 
[3.373s] -- Added test 'xmllint' to check XML markup files
[3.377s] -- Configuring done
[3.391s] -- Generating done
[3.393s] -- Build files have been written to: /home/maghetto/ros2_ws/build/examples_rclcpp_minimal_timer
[3.410s] Invoked command in '/home/maghetto/ros2_ws/build/examples_rclcpp_minimal_timer' returned '0': CMAKE_PREFIX_PATH=/opt/ros/foxy /usr/bin/cmake /home/maghetto/ros2_ws/src/examples/rclcpp/timers/minimal_timer -DAMENT_CMAKE_SYMLINK_INSTALL=1 -DCMAKE_INSTALL_PREFIX=/home/maghetto/ros2_ws/install/examples_rclcpp_minimal_timer
[3.412s] Invoking command in '/home/maghetto/ros2_ws/build/examples_rclcpp_minimal_timer': CMAKE_PREFIX_PATH=/opt/ros/foxy /usr/bin/cmake --build /home/maghetto/ros2_ws/build/examples_rclcpp_minimal_timer -- -j5 -l5
[3.612s] [35m[1mScanning dependencies of target timer_member_function[0m
[3.630s] [35m[1mScanning dependencies of target timer_lambda[0m
[3.754s] [ 25%] [32mBuilding CXX object CMakeFiles/timer_member_function.dir/member_function.cpp.o[0m
[3.954s] [ 50%] [32mBuilding CXX object CMakeFiles/timer_lambda.dir/lambda.cpp.o[0m
[6.764s] [ 75%] [32m[1mLinking CXX executable timer_member_function[0m
[6.995s] [ 75%] Built target timer_member_function
[7.000s] [100%] [32m[1mLinking CXX executable timer_lambda[0m
[8.004s] [100%] Built target timer_lambda
[8.045s] Invoked command in '/home/maghetto/ros2_ws/build/examples_rclcpp_minimal_timer' returned '0': CMAKE_PREFIX_PATH=/opt/ros/foxy /usr/bin/cmake --build /home/maghetto/ros2_ws/build/examples_rclcpp_minimal_timer -- -j5 -l5
[8.729s] Invoking command in '/home/maghetto/ros2_ws/build/examples_rclcpp_minimal_timer': CMAKE_PREFIX_PATH=/opt/ros/foxy /usr/bin/cmake --install /home/maghetto/ros2_ws/build/examples_rclcpp_minimal_timer
[8.777s] -- Install configuration: ""
[8.777s] -- Execute custom install script
[8.777s] -- Symlinking: /home/maghetto/ros2_ws/install/examples_rclcpp_minimal_timer/lib/examples_rclcpp_minimal_timer/timer_lambda
[8.799s] -- Symlinking: /home/maghetto/ros2_ws/install/examples_rclcpp_minimal_timer/lib/examples_rclcpp_minimal_timer/timer_member_function
[8.863s] -- Symlinking: /home/maghetto/ros2_ws/install/examples_rclcpp_minimal_timer/share/ament_index/resource_index/package_run_dependencies/examples_rclcpp_minimal_timer
[8.866s] -- Symlinking: /home/maghetto/ros2_ws/install/examples_rclcpp_minimal_timer/share/ament_index/resource_index/parent_prefix_path/examples_rclcpp_minimal_timer
[8.905s] -- Symlinking: /home/maghetto/ros2_ws/install/examples_rclcpp_minimal_timer/share/examples_rclcpp_minimal_timer/environment/ament_prefix_path.sh
[8.905s] -- Symlinking: /home/maghetto/ros2_ws/install/examples_rclcpp_minimal_timer/share/examples_rclcpp_minimal_timer/environment/ament_prefix_path.dsv
[8.933s] -- Symlinking: /home/maghetto/ros2_ws/install/examples_rclcpp_minimal_timer/share/examples_rclcpp_minimal_timer/environment/path.sh
[8.999s] -- Symlinking: /home/maghetto/ros2_ws/install/examples_rclcpp_minimal_timer/share/examples_rclcpp_minimal_timer/environment/path.dsv
[9.000s] -- Symlinking: /home/maghetto/ros2_ws/install/examples_rclcpp_minimal_timer/share/examples_rclcpp_minimal_timer/local_setup.bash
[9.058s] -- Symlinking: /home/maghetto/ros2_ws/install/examples_rclcpp_minimal_timer/share/examples_rclcpp_minimal_timer/local_setup.sh
[9.080s] -- Symlinking: /home/maghetto/ros2_ws/install/examples_rclcpp_minimal_timer/share/examples_rclcpp_minimal_timer/local_setup.zsh
[9.080s] -- Symlinking: /home/maghetto/ros2_ws/install/examples_rclcpp_minimal_timer/share/examples_rclcpp_minimal_timer/local_setup.dsv
[9.108s] -- Symlinking: /home/maghetto/ros2_ws/install/examples_rclcpp_minimal_timer/share/examples_rclcpp_minimal_timer/package.dsv
[9.111s] -- Symlinking: /home/maghetto/ros2_ws/install/examples_rclcpp_minimal_timer/share/ament_index/resource_index/packages/examples_rclcpp_minimal_timer
[9.117s] -- Symlinking: /home/maghetto/ros2_ws/install/examples_rclcpp_minimal_timer/share/examples_rclcpp_minimal_timer/cmake/examples_rclcpp_minimal_timerConfig.cmake
[9.135s] -- Symlinking: /home/maghetto/ros2_ws/install/examples_rclcpp_minimal_timer/share/examples_rclcpp_minimal_timer/cmake/examples_rclcpp_minimal_timerConfig-version.cmake
[9.147s] -- Symlinking: /home/maghetto/ros2_ws/install/examples_rclcpp_minimal_timer/share/examples_rclcpp_minimal_timer/package.xml
[9.251s] Invoked command in '/home/maghetto/ros2_ws/build/examples_rclcpp_minimal_timer' returned '0': CMAKE_PREFIX_PATH=/opt/ros/foxy /usr/bin/cmake --install /home/maghetto/ros2_ws/build/examples_rclcpp_minimal_timer
