[2.526s] Invoking command in '/home/maghetto/ros2_ws/build/examples_rclpy_minimal_service': PYTHONPATH=/home/maghetto/ros2_ws/build/examples_rclpy_minimal_service/prefix_override:/home/maghetto/ros2_ws/install/examples_rclpy_minimal_service/lib/python3.8/site-packages:${PYTHONPATH} /usr/bin/python3 setup.py develop --uninstall --editable --build-directory /home/maghetto/ros2_ws/build/examples_rclpy_minimal_service/build
[2.820s] running develop
[2.965s] Removing /home/maghetto/ros2_ws/install/examples_rclpy_minimal_service/lib/python3.8/site-packages/examples-rclpy-minimal-service.egg-link (link to .)
[3.213s] Invoked command in '/home/maghetto/ros2_ws/build/examples_rclpy_minimal_service' returned '0': PYTHONPATH=/home/maghetto/ros2_ws/build/examples_rclpy_minimal_service/prefix_override:/home/maghetto/ros2_ws/install/examples_rclpy_minimal_service/lib/python3.8/site-packages:${PYTHONPATH} /usr/bin/python3 setup.py develop --uninstall --editable --build-directory /home/maghetto/ros2_ws/build/examples_rclpy_minimal_service/build
[3.220s] Invoking command in '/home/maghetto/ros2_ws/src/examples/rclpy/services/minimal_service': PYTHONPATH=/home/maghetto/ros2_ws/build/examples_rclpy_minimal_service/prefix_override:/home/maghetto/ros2_ws/install/examples_rclpy_minimal_service/lib/python3.8/site-packages:${PYTHONPATH} /usr/bin/python3 setup.py egg_info --egg-base ../../../../../build/examples_rclpy_minimal_service build --build-base /home/maghetto/ros2_ws/build/examples_rclpy_minimal_service/build install --record /home/maghetto/ros2_ws/build/examples_rclpy_minimal_service/install.log --install-scripts $base/lib/examples_rclpy_minimal_service --single-version-externally-managed
[3.485s] running egg_info
[3.486s] writing ../../../../../build/examples_rclpy_minimal_service/examples_rclpy_minimal_service.egg-info/PKG-INFO
[3.487s] writing dependency_links to ../../../../../build/examples_rclpy_minimal_service/examples_rclpy_minimal_service.egg-info/dependency_links.txt
[3.487s] writing entry points to ../../../../../build/examples_rclpy_minimal_service/examples_rclpy_minimal_service.egg-info/entry_points.txt
[3.488s] writing requirements to ../../../../../build/examples_rclpy_minimal_service/examples_rclpy_minimal_service.egg-info/requires.txt
[3.488s] writing top-level names to ../../../../../build/examples_rclpy_minimal_service/examples_rclpy_minimal_service.egg-info/top_level.txt
[3.523s] reading manifest file '../../../../../build/examples_rclpy_minimal_service/examples_rclpy_minimal_service.egg-info/SOURCES.txt'
[3.524s] writing manifest file '../../../../../build/examples_rclpy_minimal_service/examples_rclpy_minimal_service.egg-info/SOURCES.txt'
[3.524s] running build
[3.525s] running build_py
[3.525s] creating /home/maghetto/ros2_ws/build/examples_rclpy_minimal_service/build
[3.525s] creating /home/maghetto/ros2_ws/build/examples_rclpy_minimal_service/build/lib
[3.525s] creating /home/maghetto/ros2_ws/build/examples_rclpy_minimal_service/build/lib/examples_rclpy_minimal_service
[3.525s] copying examples_rclpy_minimal_service/__init__.py -> /home/maghetto/ros2_ws/build/examples_rclpy_minimal_service/build/lib/examples_rclpy_minimal_service
[3.526s] copying examples_rclpy_minimal_service/service_member_function.py -> /home/maghetto/ros2_ws/build/examples_rclpy_minimal_service/build/lib/examples_rclpy_minimal_service
[3.526s] copying examples_rclpy_minimal_service/service.py -> /home/maghetto/ros2_ws/build/examples_rclpy_minimal_service/build/lib/examples_rclpy_minimal_service
[3.527s] running install
[3.527s] running install_lib
[3.528s] creating /home/maghetto/ros2_ws/install/examples_rclpy_minimal_service/lib/python3.8/site-packages/examples_rclpy_minimal_service
[3.528s] copying /home/maghetto/ros2_ws/build/examples_rclpy_minimal_service/build/lib/examples_rclpy_minimal_service/__init__.py -> /home/maghetto/ros2_ws/install/examples_rclpy_minimal_service/lib/python3.8/site-packages/examples_rclpy_minimal_service
[3.528s] copying /home/maghetto/ros2_ws/build/examples_rclpy_minimal_service/build/lib/examples_rclpy_minimal_service/service_member_function.py -> /home/maghetto/ros2_ws/install/examples_rclpy_minimal_service/lib/python3.8/site-packages/examples_rclpy_minimal_service
[3.529s] copying /home/maghetto/ros2_ws/build/examples_rclpy_minimal_service/build/lib/examples_rclpy_minimal_service/service.py -> /home/maghetto/ros2_ws/install/examples_rclpy_minimal_service/lib/python3.8/site-packages/examples_rclpy_minimal_service
[3.529s] byte-compiling /home/maghetto/ros2_ws/install/examples_rclpy_minimal_service/lib/python3.8/site-packages/examples_rclpy_minimal_service/__init__.py to __init__.cpython-38.pyc
[3.530s] byte-compiling /home/maghetto/ros2_ws/install/examples_rclpy_minimal_service/lib/python3.8/site-packages/examples_rclpy_minimal_service/service_member_function.py to service_member_function.cpython-38.pyc
[3.531s] byte-compiling /home/maghetto/ros2_ws/install/examples_rclpy_minimal_service/lib/python3.8/site-packages/examples_rclpy_minimal_service/service.py to service.cpython-38.pyc
[3.531s] running install_data
[3.532s] running install_egg_info
[3.534s] Copying ../../../../../build/examples_rclpy_minimal_service/examples_rclpy_minimal_service.egg-info to /home/maghetto/ros2_ws/install/examples_rclpy_minimal_service/lib/python3.8/site-packages/examples_rclpy_minimal_service-0.9.4-py3.8.egg-info
[3.535s] running install_scripts
[3.579s] Installing service script to /home/maghetto/ros2_ws/install/examples_rclpy_minimal_service/lib/examples_rclpy_minimal_service
[3.580s] Installing service_member_function script to /home/maghetto/ros2_ws/install/examples_rclpy_minimal_service/lib/examples_rclpy_minimal_service
[3.581s] writing list of installed files to '/home/maghetto/ros2_ws/build/examples_rclpy_minimal_service/install.log'
[3.752s] Invoked command in '/home/maghetto/ros2_ws/src/examples/rclpy/services/minimal_service' returned '0': PYTHONPATH=/home/maghetto/ros2_ws/build/examples_rclpy_minimal_service/prefix_override:/home/maghetto/ros2_ws/install/examples_rclpy_minimal_service/lib/python3.8/site-packages:${PYTHONPATH} /usr/bin/python3 setup.py egg_info --egg-base ../../../../../build/examples_rclpy_minimal_service build --build-base /home/maghetto/ros2_ws/build/examples_rclpy_minimal_service/build install --record /home/maghetto/ros2_ws/build/examples_rclpy_minimal_service/install.log --install-scripts $base/lib/examples_rclpy_minimal_service --single-version-externally-managed
