[0.277s] Invoking command in '/home/maghetto/ros2_ws/build/examples_rclcpp_minimal_publisher': CMAKE_PREFIX_PATH=/opt/ros/foxy /usr/bin/cmake /home/maghetto/ros2_ws/src/examples/rclcpp/topics/minimal_publisher -DAMENT_CMAKE_SYMLINK_INSTALL=1 -DCMAKE_INSTALL_PREFIX=/home/maghetto/ros2_ws/install/examples_rclcpp_minimal_publisher
[1.020s] -- The C compiler identification is GNU 9.4.0
[1.496s] -- The CXX compiler identification is GNU 9.4.0
[1.535s] -- Check for working C compiler: /usr/bin/cc
[1.700s] -- Check for working C compiler: /usr/bin/cc -- works
[1.702s] -- Detecting C compiler ABI info
[1.862s] -- Detecting C compiler ABI info - done
[1.881s] -- Detecting C compile features
[1.881s] -- Detecting C compile features - done
[1.885s] -- Check for working CXX compiler: /usr/bin/c++
[2.039s] -- Check for working CXX compiler: /usr/bin/c++ -- works
[2.041s] -- Detecting CXX compiler ABI info
[2.243s] -- Detecting CXX compiler ABI info - done
[2.266s] -- Detecting CXX compile features
[2.266s] -- Detecting CXX compile features - done
[2.269s] -- Found ament_cmake: 0.9.12 (/opt/ros/foxy/share/ament_cmake/cmake)
[2.327s] -- Found PythonInterp: /usr/bin/python3 (found suitable version "3.8.10", minimum required is "3") 
[2.327s] -- Using PYTHON_EXECUTABLE: /usr/bin/python3
[2.592s] -- Override CMake install command with custom implementation using symlinks instead of copying resources
[2.728s] -- Found rclcpp: 2.4.3 (/opt/ros/foxy/share/rclcpp/cmake)
[2.852s] -- Using all available rosidl_typesupport_c: rosidl_typesupport_fastrtps_c;rosidl_typesupport_introspection_c
[2.888s] -- Found rosidl_adapter: 1.3.1 (/opt/ros/foxy/share/rosidl_adapter/cmake)
[3.213s] -- Found OpenSSL: /usr/lib/x86_64-linux-gnu/libcrypto.so (found version "1.1.1f")  
[3.260s] -- Found FastRTPS: /opt/ros/foxy/include  
[3.545s] -- Using all available rosidl_typesupport_cpp: rosidl_typesupport_fastrtps_cpp;rosidl_typesupport_introspection_cpp
[3.835s] -- Found rmw_implementation_cmake: 1.0.4 (/opt/ros/foxy/share/rmw_implementation_cmake/cmake)
[3.853s] -- Using RMW implementation 'rmw_fastrtps_cpp' as default
[3.854s] -- Looking for pthread.h
[4.193s] -- Looking for pthread.h - found
[4.194s] -- Performing Test CMAKE_HAVE_LIBC_PTHREAD
[4.449s] -- Performing Test CMAKE_HAVE_LIBC_PTHREAD - Failed
[4.450s] -- Looking for pthread_create in pthreads
[4.665s] -- Looking for pthread_create in pthreads - not found
[4.666s] -- Looking for pthread_create in pthread
[4.877s] -- Looking for pthread_create in pthread - found
[4.880s] -- Found Threads: TRUE  
[5.284s] -- Found ament_lint_auto: 0.9.8 (/opt/ros/foxy/share/ament_lint_auto/cmake)
[5.538s] -- Added test 'copyright' to check source files copyright and LICENSE
[5.542s] -- Added test 'cppcheck' to perform static code analysis on C / C++ code
[5.543s] -- Configured cppcheck include dirs: 
[5.543s] -- Configured cppcheck exclude dirs and/or files: 
[5.544s] -- Added test 'cpplint' to check C / C++ code against the Google style
[5.544s] -- Configured cpplint exclude dirs and/or files: 
[5.549s] -- Added test 'lint_cmake' to check CMake code style
[5.554s] -- Added test 'uncrustify' to check C / C++ code style
[5.554s] -- Configured uncrustify additional arguments: 
[5.561s] -- Added test 'xmllint' to check XML markup files
[5.568s] -- Configuring done
[5.588s] -- Generating done
[5.592s] -- Build files have been written to: /home/maghetto/ros2_ws/build/examples_rclcpp_minimal_publisher
[5.610s] Invoked command in '/home/maghetto/ros2_ws/build/examples_rclcpp_minimal_publisher' returned '0': CMAKE_PREFIX_PATH=/opt/ros/foxy /usr/bin/cmake /home/maghetto/ros2_ws/src/examples/rclcpp/topics/minimal_publisher -DAMENT_CMAKE_SYMLINK_INSTALL=1 -DCMAKE_INSTALL_PREFIX=/home/maghetto/ros2_ws/install/examples_rclcpp_minimal_publisher
[5.611s] Invoking command in '/home/maghetto/ros2_ws/build/examples_rclcpp_minimal_publisher': CMAKE_PREFIX_PATH=/opt/ros/foxy /usr/bin/cmake --build /home/maghetto/ros2_ws/build/examples_rclcpp_minimal_publisher -- -j5 -l5
[5.687s] [35m[1mScanning dependencies of target publisher_not_composable[0m
[5.765s] [35m[1mScanning dependencies of target publisher_member_function[0m
[5.768s] [35m[1mScanning dependencies of target publisher_lambda[0m
[6.453s] [ 16%] [32mBuilding CXX object CMakeFiles/publisher_not_composable.dir/not_composable.cpp.o[0m
[6.465s] [ 33%] [32mBuilding CXX object CMakeFiles/publisher_member_function.dir/member_function.cpp.o[0m
[6.465s] [ 50%] [32mBuilding CXX object CMakeFiles/publisher_lambda.dir/lambda.cpp.o[0m
[24.074s] [ 66%] [32m[1mLinking CXX executable publisher_not_composable[0m
[24.430s] [ 66%] Built target publisher_not_composable
[24.528s] [ 83%] [32m[1mLinking CXX executable publisher_member_function[0m
[24.877s] [100%] [32m[1mLinking CXX executable publisher_lambda[0m
[25.069s] [100%] Built target publisher_member_function
[25.436s] [100%] Built target publisher_lambda
[25.474s] Invoked command in '/home/maghetto/ros2_ws/build/examples_rclcpp_minimal_publisher' returned '0': CMAKE_PREFIX_PATH=/opt/ros/foxy /usr/bin/cmake --build /home/maghetto/ros2_ws/build/examples_rclcpp_minimal_publisher -- -j5 -l5
[26.227s] Invoking command in '/home/maghetto/ros2_ws/build/examples_rclcpp_minimal_publisher': CMAKE_PREFIX_PATH=/opt/ros/foxy /usr/bin/cmake --install /home/maghetto/ros2_ws/build/examples_rclcpp_minimal_publisher
[26.247s] -- Install configuration: ""
[26.263s] -- Execute custom install script
[26.273s] -- Symlinking: /home/maghetto/ros2_ws/install/examples_rclcpp_minimal_publisher/lib/examples_rclcpp_minimal_publisher/publisher_lambda
[26.290s] -- Symlinking: /home/maghetto/ros2_ws/install/examples_rclcpp_minimal_publisher/lib/examples_rclcpp_minimal_publisher/publisher_member_function
[26.306s] -- Symlinking: /home/maghetto/ros2_ws/install/examples_rclcpp_minimal_publisher/lib/examples_rclcpp_minimal_publisher/publisher_not_composable
[26.320s] -- Symlinking: /home/maghetto/ros2_ws/install/examples_rclcpp_minimal_publisher/share/ament_index/resource_index/package_run_dependencies/examples_rclcpp_minimal_publisher
[26.333s] -- Symlinking: /home/maghetto/ros2_ws/install/examples_rclcpp_minimal_publisher/share/ament_index/resource_index/parent_prefix_path/examples_rclcpp_minimal_publisher
[26.349s] -- Symlinking: /home/maghetto/ros2_ws/install/examples_rclcpp_minimal_publisher/share/examples_rclcpp_minimal_publisher/environment/ament_prefix_path.sh
[26.365s] -- Symlinking: /home/maghetto/ros2_ws/install/examples_rclcpp_minimal_publisher/share/examples_rclcpp_minimal_publisher/environment/ament_prefix_path.dsv
[26.386s] -- Symlinking: /home/maghetto/ros2_ws/install/examples_rclcpp_minimal_publisher/share/examples_rclcpp_minimal_publisher/environment/path.sh
[26.400s] -- Symlinking: /home/maghetto/ros2_ws/install/examples_rclcpp_minimal_publisher/share/examples_rclcpp_minimal_publisher/environment/path.dsv
[26.415s] -- Symlinking: /home/maghetto/ros2_ws/install/examples_rclcpp_minimal_publisher/share/examples_rclcpp_minimal_publisher/local_setup.bash
[26.429s] -- Symlinking: /home/maghetto/ros2_ws/install/examples_rclcpp_minimal_publisher/share/examples_rclcpp_minimal_publisher/local_setup.sh
[26.445s] -- Symlinking: /home/maghetto/ros2_ws/install/examples_rclcpp_minimal_publisher/share/examples_rclcpp_minimal_publisher/local_setup.zsh
[26.458s] -- Symlinking: /home/maghetto/ros2_ws/install/examples_rclcpp_minimal_publisher/share/examples_rclcpp_minimal_publisher/local_setup.dsv
[26.474s] -- Symlinking: /home/maghetto/ros2_ws/install/examples_rclcpp_minimal_publisher/share/examples_rclcpp_minimal_publisher/package.dsv
[26.504s] -- Symlinking: /home/maghetto/ros2_ws/install/examples_rclcpp_minimal_publisher/share/ament_index/resource_index/packages/examples_rclcpp_minimal_publisher
[26.504s] -- Symlinking: /home/maghetto/ros2_ws/install/examples_rclcpp_minimal_publisher/share/examples_rclcpp_minimal_publisher/cmake/examples_rclcpp_minimal_publisherConfig.cmake
[26.516s] -- Symlinking: /home/maghetto/ros2_ws/install/examples_rclcpp_minimal_publisher/share/examples_rclcpp_minimal_publisher/cmake/examples_rclcpp_minimal_publisherConfig-version.cmake
[26.535s] -- Symlinking: /home/maghetto/ros2_ws/install/examples_rclcpp_minimal_publisher/share/examples_rclcpp_minimal_publisher/package.xml
[26.740s] Invoked command in '/home/maghetto/ros2_ws/build/examples_rclcpp_minimal_publisher' returned '0': CMAKE_PREFIX_PATH=/opt/ros/foxy /usr/bin/cmake --install /home/maghetto/ros2_ws/build/examples_rclcpp_minimal_publisher
