[0.188s] Invoking command in '/home/maghetto/ros2_ws/build/my_first_personal_project': CMAKE_PREFIX_PATH=/opt/ros/foxy /usr/bin/cmake --build /home/maghetto/ros2_ws/build/my_first_personal_project -- -j6 -l6
[0.285s] [  2%] Built target my_first_personal_project__cpp
[0.286s] [ 11%] Built target my_first_personal_project__rosidl_generator_c
[0.348s] [ 20%] Built target my_first_personal_project__rosidl_typesupport_introspection_c
[0.349s] [ 28%] Built target my_first_personal_project__rosidl_typesupport_cpp
[0.350s] [ 37%] Built target my_first_personal_project__rosidl_typesupport_c
[0.351s] [ 45%] Built target my_first_personal_project__rosidl_typesupport_introspection_cpp
[0.364s] [ 54%] Built target my_first_personal_project__rosidl_typesupport_fastrtps_cpp
[0.408s] [ 62%] Built target my_first_personal_project__rosidl_typesupport_fastrtps_c
[0.435s] [ 62%] Built target my_first_personal_project
[0.470s] [35m[1mScanning dependencies of target eworker[0m
[0.491s] [ 65%] Built target my_first_personal_project__py
[0.505s] [ 71%] Built target random_generator
[0.508s] [ 74%] [32mBuilding CXX object CMakeFiles/eworker.dir/src/eworker.cpp.o[0m
[0.532s] [ 80%] Built target my_first_personal_project__python
[0.592s] [ 85%] Built target my_first_personal_project__rosidl_typesupport_c__pyext
[0.592s] [ 91%] Built target my_first_personal_project__rosidl_typesupport_fastrtps_c__pyext
[0.592s] [ 97%] Built target my_first_personal_project__rosidl_typesupport_introspection_c__pyext
[1.987s] [01m[K/home/maghetto/ros2_ws/src/my_first_personal_project/src/eworker.cpp:[m[K In constructor ‘[01m[KEworker::Eworker()[m[K’:
[1.987s] [01m[K/home/maghetto/ros2_ws/src/my_first_personal_project/src/eworker.cpp:23:7:[m[K [01;31m[Kerror: [m[Kunable to find numeric literal operator ‘[01m[Koperator""ms[m[K’
[1.987s]    23 |       [01;31m[K5000ms[m[K, std::bind(&Eworker::timer_callback, this));
[1.987s]       |       [01;31m[K^~~~~~[m[K
[1.996s] [01m[K/home/maghetto/ros2_ws/src/my_first_personal_project/src/eworker.cpp:[m[K In member function ‘[01m[Kvoid Eworker::topic_callback(my_first_personal_project::msg::Number_<std::allocator<void> >::SharedPtr) const[m[K’:
[1.996s] [01m[K/home/maghetto/ros2_ws/src/my_first_personal_project/src/eworker.cpp:33:40:[m[K [01;31m[Kerror: [m[Kpassing ‘[01m[Kconst std::vector<my_first_personal_project::msg::Number_<std::allocator<void> > >[m[K’ as ‘[01m[Kthis[m[K’ argument discards qualifiers [[01;31m[K-fpermissive[m[K]
[1.996s]    33 |       received_numbers.push_back(number[01;31m[K)[m[K;
[1.996s]       |                                        [01;31m[K^[m[K
[1.997s] In file included from [01m[K/usr/include/c++/9/vector:67[m[K,
[1.997s]                  from [01m[K/home/maghetto/ros2_ws/src/my_first_personal_project/src/eworker.cpp:6[m[K:
[1.998s] [01m[K/usr/include/c++/9/bits/stl_vector.h:1184:7:[m[K [01;36m[Knote: [m[K  in call to ‘[01m[Kvoid std::vector<_Tp, _Alloc>::push_back(const value_type&) [with _Tp = my_first_personal_project::msg::Number_<std::allocator<void> >; _Alloc = std::allocator<my_first_personal_project::msg::Number_<std::allocator<void> > >; std::vector<_Tp, _Alloc>::value_type = my_first_personal_project::msg::Number_<std::allocator<void> >][m[K’
[1.998s]  1184 |       [01;36m[Kpush_back[m[K(const value_type& __x)
[1.998s]       |       [01;36m[K^~~~~~~~~[m[K
[1.999s] [01m[K/home/maghetto/ros2_ws/src/my_first_personal_project/src/eworker.cpp:45:40:[m[K [01;31m[Kerror: [m[Kpassing ‘[01m[Kconst std::vector<std::__cxx11::basic_string<char> >[m[K’ as ‘[01m[Kthis[m[K’ argument discards qualifiers [[01;31m[K-fpermissive[m[K]
[1.999s]    45 |         pub_id.push_back(number.node_id[01;31m[K)[m[K;
[1.999s]       |                                        [01;31m[K^[m[K
[1.999s] In file included from [01m[K/usr/include/c++/9/vector:67[m[K,
[1.999s]                  from [01m[K/home/maghetto/ros2_ws/src/my_first_personal_project/src/eworker.cpp:6[m[K:
[1.999s] [01m[K/usr/include/c++/9/bits/stl_vector.h:1184:7:[m[K [01;36m[Knote: [m[K  in call to ‘[01m[Kvoid std::vector<_Tp, _Alloc>::push_back(const value_type&) [with _Tp = std::__cxx11::basic_string<char>; _Alloc = std::allocator<std::__cxx11::basic_string<char> >; std::vector<_Tp, _Alloc>::value_type = std::__cxx11::basic_string<char>][m[K’
[1.999s]  1184 |       [01;36m[Kpush_back[m[K(const value_type& __x)
[2.000s]       |       [01;36m[K^~~~~~~~~[m[K
[3.715s] make[2]: *** [CMakeFiles/eworker.dir/build.make:63: CMakeFiles/eworker.dir/src/eworker.cpp.o] Errore 1
[3.716s] make[1]: *** [CMakeFiles/Makefile2:126: CMakeFiles/eworker.dir/all] Errore 2
[3.717s] make: *** [Makefile:141: all] Errore 2
[3.721s] Invoked command in '/home/maghetto/ros2_ws/build/my_first_personal_project' returned '2': CMAKE_PREFIX_PATH=/opt/ros/foxy /usr/bin/cmake --build /home/maghetto/ros2_ws/build/my_first_personal_project -- -j6 -l6
