[0.158s] Invoking command in '/home/maghetto/ros2_ws/src/my_first_personal_project/build/my_first_personal_project': CMAKE_PREFIX_PATH=/opt/ros/foxy /usr/bin/cmake /home/maghetto/ros2_ws/src/my_first_personal_project -DCMAKE_INSTALL_PREFIX=/home/maghetto/ros2_ws/src/my_first_personal_project/install/my_first_personal_project
[0.526s] -- The C compiler identification is GNU 9.4.0
[0.777s] -- The CXX compiler identification is GNU 9.4.0
[0.804s] -- Check for working C compiler: /usr/bin/cc
[0.959s] -- Check for working C compiler: /usr/bin/cc -- works
[0.963s] -- Detecting C compiler ABI info
[1.165s] -- Detecting C compiler ABI info - done
[1.186s] -- Detecting C compile features
[1.187s] -- Detecting C compile features - done
[1.196s] -- Check for working CXX compiler: /usr/bin/c++
[1.433s] -- Check for working CXX compiler: /usr/bin/c++ -- works
[1.433s] -- Detecting CXX compiler ABI info
[1.619s] -- Detecting CXX compiler ABI info - done
[1.637s] -- Detecting CXX compile features
[1.638s] -- Detecting CXX compile features - done
[1.653s] -- Found ament_cmake: 0.9.12 (/opt/ros/foxy/share/ament_cmake/cmake)
[1.705s] -- Found PythonInterp: /usr/bin/python3 (found suitable version "3.8.10", minimum required is "3") 
[1.705s] -- Using PYTHON_EXECUTABLE: /usr/bin/python3
[2.061s] -- Found rclcpp: 2.4.3 (/opt/ros/foxy/share/rclcpp/cmake)
[2.211s] -- Using all available rosidl_typesupport_c: rosidl_typesupport_fastrtps_c;rosidl_typesupport_introspection_c
[2.229s] -- Found rosidl_adapter: 1.3.1 (/opt/ros/foxy/share/rosidl_adapter/cmake)
[2.393s] -- Found OpenSSL: /usr/lib/x86_64-linux-gnu/libcrypto.so (found version "1.1.1f")  
[2.453s] -- Found FastRTPS: /opt/ros/foxy/include  
[2.624s] -- Using all available rosidl_typesupport_cpp: rosidl_typesupport_fastrtps_cpp;rosidl_typesupport_introspection_cpp
[2.760s] -- Found rmw_implementation_cmake: 1.0.4 (/opt/ros/foxy/share/rmw_implementation_cmake/cmake)
[2.767s] -- Using RMW implementation 'rmw_fastrtps_cpp' as default
[2.773s] -- Looking for pthread.h
[2.894s] -- Looking for pthread.h - found
[2.895s] -- Performing Test CMAKE_HAVE_LIBC_PTHREAD
[3.073s] -- Performing Test CMAKE_HAVE_LIBC_PTHREAD - Failed
[3.078s] -- Looking for pthread_create in pthreads
[3.242s] -- Looking for pthread_create in pthreads - not found
[3.242s] -- Looking for pthread_create in pthread
[3.400s] -- Looking for pthread_create in pthread - found
[3.415s] -- Found Threads: TRUE  
[3.735s] -- Found rosbag2_cpp: 0.3.11 (/opt/ros/foxy/share/rosbag2_cpp/cmake)
[3.836s] -- Setting yaml-cpp_DIR to: '/opt/ros/foxy/share/yaml_cpp_vendor/cmake/../../../opt/yaml_cpp_vendor/lib/cmake/yaml-cpp'
[3.848s] -- Found rosidl_default_generators: 1.0.1 (/opt/ros/foxy/share/rosidl_default_generators/cmake)
[3.901s] -- Found PythonInterp: /usr/bin/python3 (found version "3.8.10") 
[4.071s] -- Found ament_cmake_ros: 0.9.2 (/opt/ros/foxy/share/ament_cmake_ros/cmake)
[4.228s] -- Using all available rosidl_typesupport_c: rosidl_typesupport_fastrtps_c;rosidl_typesupport_introspection_c
[4.240s] -- Using all available rosidl_typesupport_cpp: rosidl_typesupport_fastrtps_cpp;rosidl_typesupport_introspection_cpp
[4.277s] -- Found PythonInterp: /usr/bin/python3 (found suitable version "3.8.10", minimum required is "3.5") 
[4.282s] -- Found python_cmake_module: 0.8.1 (/opt/ros/foxy/share/python_cmake_module/cmake)
[4.324s] -- Found PythonLibs: /usr/lib/x86_64-linux-gnu/libpython3.8.so (found suitable version "3.8.10", minimum required is "3.5") 
[4.324s] -- Using PYTHON_EXECUTABLE: /usr/bin/python3
[4.325s] -- Using PYTHON_INCLUDE_DIRS: /usr/include/python3.8
[4.325s] -- Using PYTHON_LIBRARIES: /usr/lib/x86_64-linux-gnu/libpython3.8.so
[4.362s] -- Found PythonExtra: .so  
[4.424s] -- Found ament_lint_auto: 0.9.8 (/opt/ros/foxy/share/ament_lint_auto/cmake)
[4.515s] -- Added test 'copyright' to check source files copyright and LICENSE
[4.525s] -- Added test 'cppcheck' to perform static code analysis on C / C++ code
[4.527s] -- Configured cppcheck include dirs: $<BUILD_INTERFACE:/home/maghetto/ros2_ws/src/my_first_personal_project/build/my_first_personal_project/rosidl_generator_c>;/home/maghetto/ros2_ws/src/my_first_personal_project/build/my_first_personal_project/rosidl_generator_c;/home/maghetto/ros2_ws/src/my_first_personal_project/build/my_first_personal_project/rosidl_generator_cpp;/home/maghetto/ros2_ws/src/my_first_personal_project/build/my_first_personal_project/rosidl_typesupport_fastrtps_c;/home/maghetto/ros2_ws/src/my_first_personal_project/build/my_first_personal_project/rosidl_typesupport_fastrtps_cpp;$<BUILD_INTERFACE:/home/maghetto/ros2_ws/src/my_first_personal_project/build/my_first_personal_project/rosidl_typesupport_introspection_c>;$<BUILD_INTERFACE:/home/maghetto/ros2_ws/src/my_first_personal_project/build/my_first_personal_project/rosidl_typesupport_c>;$<BUILD_INTERFACE:/home/maghetto/ros2_ws/src/my_first_personal_project/build/my_first_personal_project/rosidl_generator_cpp>;/home/maghetto/ros2_ws/src/my_first_personal_project/build/my_first_personal_project/rosidl_generator_py
[4.527s] -- Configured cppcheck exclude dirs and/or files: 
[4.534s] -- Added test 'cpplint' to check C / C++ code against the Google style
[4.534s] -- Configured cpplint exclude dirs and/or files: 
[4.536s] -- Added test 'flake8' to check Python code syntax and style conventions
[4.539s] -- Added test 'lint_cmake' to check CMake code style
[4.541s] -- Added test 'pep257' to check Python code against some of the style conventions in PEP 257
[4.547s] -- Added test 'uncrustify' to check C / C++ code style
[4.547s] -- Configured uncrustify additional arguments: 
[4.550s] -- Added test 'xmllint' to check XML markup files
[4.564s] -- Configuring done
[4.618s] -- Generating done
[4.623s] -- Build files have been written to: /home/maghetto/ros2_ws/src/my_first_personal_project/build/my_first_personal_project
[4.635s] Invoked command in '/home/maghetto/ros2_ws/src/my_first_personal_project/build/my_first_personal_project' returned '0': CMAKE_PREFIX_PATH=/opt/ros/foxy /usr/bin/cmake /home/maghetto/ros2_ws/src/my_first_personal_project -DCMAKE_INSTALL_PREFIX=/home/maghetto/ros2_ws/src/my_first_personal_project/install/my_first_personal_project
[4.641s] Invoking command in '/home/maghetto/ros2_ws/src/my_first_personal_project/build/my_first_personal_project': CMAKE_PREFIX_PATH=/opt/ros/foxy /usr/bin/cmake --build /home/maghetto/ros2_ws/src/my_first_personal_project/build/my_first_personal_project -- -j6 -l6
[4.709s] [  3%] [34m[1mGenerating C code for ROS interfaces[0m
[4.720s] [35m[1mScanning dependencies of target my_first_personal_project__cpp[0m
[4.745s] [  6%] [34m[1mGenerating C++ code for ROS interfaces[0m
[5.104s] [  6%] Built target my_first_personal_project__cpp
[5.116s] [35m[1mScanning dependencies of target my_first_personal_project__rosidl_generator_c[0m
[5.123s] [  9%] [34m[1mGenerating C++ introspection for ROS interfaces[0m
[5.124s] [ 12%] [34m[1mGenerating C++ type support for eProsima Fast-RTPS[0m
[5.125s] [ 15%] [34m[1mGenerating C++ type support dispatch for ROS interfaces[0m
[5.151s] [ 18%] [32mBuilding C object CMakeFiles/my_first_personal_project__rosidl_generator_c.dir/rosidl_generator_c/my_first_personal_project/msg/detail/number__functions.c.o[0m
[5.173s] In file included from [01m[K/home/maghetto/ros2_ws/src/my_first_personal_project/build/my_first_personal_project/rosidl_generator_c/my_first_personal_project/msg/detail/number__functions.h:19[m[K,
[5.173s]                  from [01m[K/home/maghetto/ros2_ws/src/my_first_personal_project/build/my_first_personal_project/rosidl_generator_c/my_first_personal_project/msg/detail/number__functions.c:4[m[K:
[5.173s] [01m[K/home/maghetto/ros2_ws/src/my_first_personal_project/build/my_first_personal_project/rosidl_generator_c/my_first_personal_project/msg/detail/number__struct.h:22:10:[m[K [01;31m[Kfatal error: [m[Kmy_first_personal_project/msg/detail/string__struct.h: File o directory non esistente
[5.173s]    22 | #include [01;31m[K"my_first_personal_project/msg/detail/string__struct.h"[m[K
[5.173s]       |          [01;31m[K^~~~~~~~~~~~~~~~~~~~~~~~~~~~~~~~~~~~~~~~~~~~~~~~~~~~~~~[m[K
[5.173s] compilation terminated.
[5.176s] make[2]: *** [CMakeFiles/my_first_personal_project__rosidl_generator_c.dir/build.make:92: CMakeFiles/my_first_personal_project__rosidl_generator_c.dir/rosidl_generator_c/my_first_personal_project/msg/detail/number__functions.c.o] Errore 1
[5.177s] make[1]: *** [CMakeFiles/Makefile2:362: CMakeFiles/my_first_personal_project__rosidl_generator_c.dir/all] Errore 2
[5.177s] make[1]: *** Attesa per i processi non terminati....
[5.399s] [35m[1mScanning dependencies of target my_first_personal_project__rosidl_typesupport_cpp[0m
[5.422s] [ 21%] [32mBuilding CXX object CMakeFiles/my_first_personal_project__rosidl_typesupport_cpp.dir/rosidl_typesupport_cpp/my_first_personal_project/msg/number__type_support.cpp.o[0m
[5.445s] [35m[1mScanning dependencies of target my_first_personal_project__rosidl_typesupport_introspection_cpp[0m
[5.462s] [35m[1mScanning dependencies of target my_first_personal_project__rosidl_typesupport_fastrtps_cpp[0m
[5.479s] [ 24%] [32mBuilding CXX object CMakeFiles/my_first_personal_project__rosidl_typesupport_introspection_cpp.dir/rosidl_typesupport_introspection_cpp/my_first_personal_project/msg/detail/number__type_support.cpp.o[0m
[5.495s] [ 27%] [32mBuilding CXX object CMakeFiles/my_first_personal_project__rosidl_typesupport_fastrtps_cpp.dir/rosidl_typesupport_fastrtps_cpp/my_first_personal_project/msg/detail/dds_fastrtps/number__type_support.cpp.o[0m
[5.508s] In file included from [01m[K/home/maghetto/ros2_ws/src/my_first_personal_project/build/my_first_personal_project/rosidl_typesupport_cpp/my_first_personal_project/msg/number__type_support.cpp:7[m[K:
[5.508s] [01m[K/home/maghetto/ros2_ws/src/my_first_personal_project/build/my_first_personal_project/rosidl_generator_cpp/my_first_personal_project/msg/detail/number__struct.hpp:19:10:[m[K [01;31m[Kfatal error: [m[Kmy_first_personal_project/msg/detail/string__struct.hpp: File o directory non esistente
[5.508s]    19 | #include [01;31m[K"my_first_personal_project/msg/detail/string__struct.hpp"[m[K
[5.508s]       |          [01;31m[K^~~~~~~~~~~~~~~~~~~~~~~~~~~~~~~~~~~~~~~~~~~~~~~~~~~~~~~~~[m[K
[5.509s] compilation terminated.
[5.528s] make[2]: *** [CMakeFiles/my_first_personal_project__rosidl_typesupport_cpp.dir/build.make:73: CMakeFiles/my_first_personal_project__rosidl_typesupport_cpp.dir/rosidl_typesupport_cpp/my_first_personal_project/msg/number__type_support.cpp.o] Errore 1
[5.529s] make[1]: *** [CMakeFiles/Makefile2:445: CMakeFiles/my_first_personal_project__rosidl_typesupport_cpp.dir/all] Errore 2
[5.571s] In file included from [01m[K/home/maghetto/ros2_ws/src/my_first_personal_project/build/my_first_personal_project/rosidl_typesupport_introspection_cpp/my_first_personal_project/msg/detail/number__type_support.cpp:12[m[K:
[5.572s] [01m[K/home/maghetto/ros2_ws/src/my_first_personal_project/build/my_first_personal_project/rosidl_generator_cpp/my_first_personal_project/msg/detail/number__struct.hpp:19:10:[m[K [01;31m[Kfatal error: [m[Kmy_first_personal_project/msg/detail/string__struct.hpp: File o directory non esistente
[5.572s]    19 | #include [01;31m[K"my_first_personal_project/msg/detail/string__struct.hpp"[m[K
[5.572s]       |          [01;31m[K^~~~~~~~~~~~~~~~~~~~~~~~~~~~~~~~~~~~~~~~~~~~~~~~~~~~~~~~~[m[K
[5.572s] compilation terminated.
[5.575s] make[2]: *** [CMakeFiles/my_first_personal_project__rosidl_typesupport_introspection_cpp.dir/build.make:78: CMakeFiles/my_first_personal_project__rosidl_typesupport_introspection_cpp.dir/rosidl_typesupport_introspection_cpp/my_first_personal_project/msg/detail/number__type_support.cpp.o] Errore 1
[5.575s] make[1]: *** [CMakeFiles/Makefile2:526: CMakeFiles/my_first_personal_project__rosidl_typesupport_introspection_cpp.dir/all] Errore 2
[5.589s] In file included from [01m[K/home/maghetto/ros2_ws/src/my_first_personal_project/build/my_first_personal_project/rosidl_typesupport_fastrtps_cpp/my_first_personal_project/msg/detail/number__rosidl_typesupport_fastrtps_cpp.hpp:11[m[K,
[5.589s]                  from [01m[K/home/maghetto/ros2_ws/src/my_first_personal_project/build/my_first_personal_project/rosidl_typesupport_fastrtps_cpp/my_first_personal_project/msg/detail/dds_fastrtps/number__type_support.cpp:4[m[K:
[5.589s] [01m[K/home/maghetto/ros2_ws/src/my_first_personal_project/build/my_first_personal_project/rosidl_generator_cpp/my_first_personal_project/msg/detail/number__struct.hpp:19:10:[m[K [01;31m[Kfatal error: [m[Kmy_first_personal_project/msg/detail/string__struct.hpp: File o directory non esistente
[5.589s]    19 | #include [01;31m[K"my_first_personal_project/msg/detail/string__struct.hpp"[m[K
[5.589s]       |          [01;31m[K^~~~~~~~~~~~~~~~~~~~~~~~~~~~~~~~~~~~~~~~~~~~~~~~~~~~~~~~~[m[K
[5.590s] compilation terminated.
[5.592s] make[2]: *** [CMakeFiles/my_first_personal_project__rosidl_typesupport_fastrtps_cpp.dir/build.make:78: CMakeFiles/my_first_personal_project__rosidl_typesupport_fastrtps_cpp.dir/rosidl_typesupport_fastrtps_cpp/my_first_personal_project/msg/detail/dds_fastrtps/number__type_support.cpp.o] Errore 1
[5.593s] make[1]: *** [CMakeFiles/Makefile2:308: CMakeFiles/my_first_personal_project__rosidl_typesupport_fastrtps_cpp.dir/all] Errore 2
[5.594s] make: *** [Makefile:141: all] Errore 2
[5.600s] Invoked command in '/home/maghetto/ros2_ws/src/my_first_personal_project/build/my_first_personal_project' returned '2': CMAKE_PREFIX_PATH=/opt/ros/foxy /usr/bin/cmake --build /home/maghetto/ros2_ws/src/my_first_personal_project/build/my_first_personal_project -- -j6 -l6
