[0.246s] Invoking command in '/home/maghetto/ros2_ws/build/my_first_personal_project': CMAKE_PREFIX_PATH=${CMAKE_PREFIX_PATH}:/home/maghetto/ros2_ws/install/py_launch_example:/home/maghetto/ros2_ws/install/launch_tutorial:/home/maghetto/ros2_ws/install/examples_rclpy_minimal_subscriber:/home/maghetto/ros2_ws/install/examples_rclpy_minimal_service:/home/maghetto/ros2_ws/install/examples_rclpy_minimal_publisher:/home/maghetto/ros2_ws/install/examples_rclpy_minimal_client:/home/maghetto/ros2_ws/install/examples_rclpy_minimal_action_server:/home/maghetto/ros2_ws/install/examples_rclpy_minimal_action_client:/home/maghetto/ros2_ws/install/examples_rclpy_executors:/opt/ros/foxy /usr/bin/cmake --build /home/maghetto/ros2_ws/build/my_first_personal_project -- -j6 -l6
[0.318s] -- Found ament_cmake: 0.9.12 (/opt/ros/foxy/share/ament_cmake/cmake)
[0.380s] -- Found PythonInterp: /usr/bin/python3 (found suitable version "3.8.10", minimum required is "3") 
[0.380s] -- Using PYTHON_EXECUTABLE: /usr/bin/python3
[0.767s] -- Found rclcpp: 2.4.3 (/opt/ros/foxy/share/rclcpp/cmake)
[0.998s] -- Using all available rosidl_typesupport_c: rosidl_typesupport_fastrtps_c;rosidl_typesupport_introspection_c
[1.011s] -- Found rosidl_adapter: 1.3.1 (/opt/ros/foxy/share/rosidl_adapter/cmake)
[1.293s] -- Using all available rosidl_typesupport_cpp: rosidl_typesupport_fastrtps_cpp;rosidl_typesupport_introspection_cpp
[1.442s] -- Found rmw_implementation_cmake: 1.0.4 (/opt/ros/foxy/share/rmw_implementation_cmake/cmake)
[1.470s] -- Using RMW implementation 'rmw_fastrtps_cpp' as default
[1.779s] -- Found rosbag2_cpp: 0.3.11 (/opt/ros/foxy/share/rosbag2_cpp/cmake)
[1.863s] -- Setting yaml-cpp_DIR to: '/opt/ros/foxy/share/yaml_cpp_vendor/cmake/../../../opt/yaml_cpp_vendor/lib/cmake/yaml-cpp'
[1.873s] -- Found rosidl_default_generators: 1.0.1 (/opt/ros/foxy/share/rosidl_default_generators/cmake)
[1.937s] -- Found PythonInterp: /usr/bin/python3 (found version "3.8.10") 
[2.120s] -- Found ament_cmake_ros: 0.9.2 (/opt/ros/foxy/share/ament_cmake_ros/cmake)
[2.284s] -- Using all available rosidl_typesupport_c: rosidl_typesupport_fastrtps_c;rosidl_typesupport_introspection_c
[2.307s] -- Using all available rosidl_typesupport_cpp: rosidl_typesupport_fastrtps_cpp;rosidl_typesupport_introspection_cpp
[2.401s] -- Found PythonInterp: /usr/bin/python3 (found suitable version "3.8.10", minimum required is "3.5") 
[2.403s] -- Found python_cmake_module: 0.8.1 (/opt/ros/foxy/share/python_cmake_module/cmake)
[2.498s] -- Using PYTHON_EXECUTABLE: /usr/bin/python3
[2.498s] -- Using PYTHON_INCLUDE_DIRS: /usr/include/python3.8
[2.498s] -- Using PYTHON_LIBRARIES: /usr/lib/x86_64-linux-gnu/libpython3.8.so
[2.529s] -- Found ament_lint_auto: 0.9.8 (/opt/ros/foxy/share/ament_lint_auto/cmake)
[2.605s] -- Added test 'copyright' to check source files copyright and LICENSE
[2.967s] -- Added test 'cppcheck' to perform static code analysis on C / C++ code
[2.967s] -- Configured cppcheck include dirs: 
[2.967s] -- Configured cppcheck exclude dirs and/or files: 
[3.008s] -- Added test 'cpplint' to check C / C++ code against the Google style
[3.008s] -- Configured cpplint exclude dirs and/or files: 
[3.031s] -- Added test 'flake8' to check Python code syntax and style conventions
[3.034s] -- Added test 'lint_cmake' to check CMake code style
[3.039s] -- Added test 'pep257' to check Python code against some of the style conventions in PEP 257
[3.100s] -- Added test 'uncrustify' to check C / C++ code style
[3.100s] -- Configured uncrustify additional arguments: 
[3.103s] -- Added test 'xmllint' to check XML markup files
[3.189s] -- Configuring done
[3.409s] -- Generating done
[3.463s] -- Build files have been written to: /home/maghetto/ros2_ws/build/my_first_personal_project
[3.533s] [  3%] [34m[1mGenerating C code for ROS interfaces[0m
[3.550s] [  6%] [34m[1mGenerating C++ code for ROS interfaces[0m
[4.329s] [  6%] Built target my_first_personal_project__cpp
[4.353s] [35m[1mScanning dependencies of target my_first_personal_project__rosidl_generator_c[0m
[4.354s] [  9%] [34m[1mGenerating C++ type support for eProsima Fast-RTPS[0m
[4.380s] [ 12%] [34m[1mGenerating C++ introspection for ROS interfaces[0m
[4.380s] [ 15%] [34m[1mGenerating C++ type support dispatch for ROS interfaces[0m
[4.433s] [ 18%] [32mBuilding C object CMakeFiles/my_first_personal_project__rosidl_generator_c.dir/rosidl_generator_c/my_first_personal_project/msg/detail/number__functions.c.o[0m
[4.822s] [35m[1mScanning dependencies of target my_first_personal_project__rosidl_typesupport_introspection_cpp[0m
[4.881s] [ 21%] [32mBuilding CXX object CMakeFiles/my_first_personal_project__rosidl_typesupport_introspection_cpp.dir/rosidl_typesupport_introspection_cpp/my_first_personal_project/msg/detail/number__type_support.cpp.o[0m
[5.003s] [35m[1mScanning dependencies of target my_first_personal_project__rosidl_typesupport_fastrtps_cpp[0m
[5.140s] [ 24%] [32mBuilding CXX object CMakeFiles/my_first_personal_project__rosidl_typesupport_fastrtps_cpp.dir/rosidl_typesupport_fastrtps_cpp/my_first_personal_project/msg/detail/dds_fastrtps/number__type_support.cpp.o[0m
[5.252s] [35m[1mScanning dependencies of target my_first_personal_project__rosidl_typesupport_cpp[0m
[5.328s] [ 27%] [32mBuilding CXX object CMakeFiles/my_first_personal_project__rosidl_typesupport_cpp.dir/rosidl_typesupport_cpp/my_first_personal_project/msg/number__type_support.cpp.o[0m
[5.498s] [ 30%] [32m[1mLinking C shared library libmy_first_personal_project__rosidl_generator_c.so[0m
[5.614s] [ 30%] Built target my_first_personal_project__rosidl_generator_c
[5.831s] [ 33%] [32m[1mLinking CXX shared library libmy_first_personal_project__rosidl_typesupport_introspection_cpp.so[0m
[5.955s] [ 33%] Built target my_first_personal_project__rosidl_typesupport_introspection_cpp
[5.978s] [ 36%] [34m[1mGenerating C type support dispatch for ROS interfaces[0m
[6.073s] [ 39%] [32m[1mLinking CXX shared library libmy_first_personal_project__rosidl_typesupport_cpp.so[0m
[6.183s] [ 39%] Built target my_first_personal_project__rosidl_typesupport_cpp
[6.211s] [ 42%] [34m[1mGenerating C introspection for ROS interfaces[0m
[6.325s] [ 45%] [32m[1mLinking CXX shared library libmy_first_personal_project__rosidl_typesupport_fastrtps_cpp.so[0m
[6.400s] [35m[1mScanning dependencies of target my_first_personal_project__rosidl_typesupport_c[0m
[6.431s] [ 48%] [32mBuilding CXX object CMakeFiles/my_first_personal_project__rosidl_typesupport_c.dir/rosidl_typesupport_c/my_first_personal_project/msg/number__type_support.cpp.o[0m
[6.515s] [ 51%] [32m[1mLinking CXX shared library libmy_first_personal_project__rosidl_typesupport_c.so[0m
[6.629s] [ 51%] Built target my_first_personal_project__rosidl_typesupport_fastrtps_cpp
[6.653s] [ 51%] Built target my_first_personal_project__rosidl_typesupport_c
[6.659s] [ 54%] [34m[1mGenerating C type support for eProsima Fast-RTPS[0m
[6.763s] [35m[1mScanning dependencies of target my_first_personal_project__rosidl_typesupport_introspection_c[0m
[6.787s] [ 57%] [32mBuilding C object CMakeFiles/my_first_personal_project__rosidl_typesupport_introspection_c.dir/rosidl_typesupport_introspection_c/my_first_personal_project/msg/detail/number__type_support.c.o[0m
[6.851s] [ 60%] [32m[1mLinking C shared library libmy_first_personal_project__rosidl_typesupport_introspection_c.so[0m
[6.891s] [ 60%] Built target my_first_personal_project__rosidl_typesupport_introspection_c
[7.084s] [35m[1mScanning dependencies of target my_first_personal_project__rosidl_typesupport_fastrtps_c[0m
[7.124s] [ 63%] [32mBuilding CXX object CMakeFiles/my_first_personal_project__rosidl_typesupport_fastrtps_c.dir/rosidl_typesupport_fastrtps_c/my_first_personal_project/msg/detail/number__type_support_c.cpp.o[0m
[7.724s] [ 66%] [32m[1mLinking CXX shared library libmy_first_personal_project__rosidl_typesupport_fastrtps_c.so[0m
[7.927s] [ 66%] Built target my_first_personal_project__rosidl_typesupport_fastrtps_c
[7.966s] [ 66%] Built target my_first_personal_project
[7.991s] [35m[1mScanning dependencies of target random_generator[0m
[8.035s] [ 69%] [34m[1mGenerating Python code for ROS interfaces[0m
[8.049s] [ 72%] [32mBuilding CXX object CMakeFiles/random_generator.dir/src/random_generator.cpp.o[0m
[9.039s] [ 72%] Built target my_first_personal_project__py
[9.098s] [35m[1mScanning dependencies of target my_first_personal_project__python[0m
[9.163s] [ 75%] [32mBuilding C object CMakeFiles/my_first_personal_project__python.dir/rosidl_generator_py/my_first_personal_project/msg/_number_s.c.o[0m
[9.760s] [ 78%] [32m[1mLinking C shared library rosidl_generator_py/my_first_personal_project/libmy_first_personal_project__python.so[0m
[9.922s] [ 78%] Built target my_first_personal_project__python
[9.978s] [35m[1mScanning dependencies of target my_first_personal_project__rosidl_typesupport_c__pyext[0m
[10.055s] [ 81%] [32mBuilding C object CMakeFiles/my_first_personal_project__rosidl_typesupport_c__pyext.dir/rosidl_generator_py/my_first_personal_project/_my_first_personal_project_s.ep.rosidl_typesupport_c.c.o[0m
[10.374s] [ 84%] [32m[1mLinking C shared library rosidl_generator_py/my_first_personal_project/my_first_personal_project_s__rosidl_typesupport_c.cpython-38-x86_64-linux-gnu.so[0m
[10.468s] [ 84%] Built target my_first_personal_project__rosidl_typesupport_c__pyext
[11.567s] [01m[K/home/maghetto/ros2_ws/src/my_first_personal_project/src/random_generator.cpp:[m[K In member function ‘[01m[Kvoid Random_Publisher::timer_callback()[m[K’:
[11.567s] [01m[K/home/maghetto/ros2_ws/src/my_first_personal_project/src/random_generator.cpp:35:7:[m[K [01;31m[Kerror: [m[K‘[01m[Kuint32[m[K’ was not declared in this scope; did you mean ‘[01m[Krintf32[m[K’?
[11.567s]    35 |       [01;31m[Kuint32[m[K max_n = this->get_parameter("max_n").as_uint32();
[11.567s]       |       [01;31m[K^~~~~~[m[K
[11.567s]       |       [32m[Krintf32[m[K
[11.567s] [01m[K/home/maghetto/ros2_ws/src/my_first_personal_project/src/random_generator.cpp:36:13:[m[K [01;31m[Kerror: [m[Kexpected ‘[01m[K;[m[K’ before ‘[01m[Kmin_n[m[K’
[11.568s]    36 |       uint32[01;31m[K [m[K[32m[Kmin_n[m[K = this->get_parameter("min_n").as_uint32();
[11.568s]       |             [01;31m[K^[m[K[32m[K~~~~~[m[K
[11.568s]       |             [32m[K;[m[K
[11.569s] [01m[K/home/maghetto/ros2_ws/src/my_first_personal_project/src/random_generator.cpp:39:33:[m[K [01;31m[Kerror: [m[K‘[01m[Kmax_n[m[K’ was not declared in this scope
[11.570s]    39 |       number.number = (rand() % [01;31m[Kmax_n[m[K) + min_n;
[11.570s]       |                                 [01;31m[K^~~~~[m[K
[11.572s] [01m[K/home/maghetto/ros2_ws/src/my_first_personal_project/src/random_generator.cpp:39:42:[m[K [01;31m[Kerror: [m[K‘[01m[Kmin_n[m[K’ was not declared in this scope
[11.572s]    39 |       number.number = (rand() % max_n) + [01;31m[Kmin_n[m[K;
[11.572s]       |                                          [01;31m[K^~~~~[m[K
[13.504s] make[2]: *** [CMakeFiles/random_generator.dir/build.make:63: CMakeFiles/random_generator.dir/src/random_generator.cpp.o] Errore 1
[13.505s] make[1]: *** [CMakeFiles/Makefile2:155: CMakeFiles/random_generator.dir/all] Errore 2
[13.505s] make: *** [Makefile:141: all] Errore 2
[13.511s] Invoked command in '/home/maghetto/ros2_ws/build/my_first_personal_project' returned '2': CMAKE_PREFIX_PATH=${CMAKE_PREFIX_PATH}:/home/maghetto/ros2_ws/install/py_launch_example:/home/maghetto/ros2_ws/install/launch_tutorial:/home/maghetto/ros2_ws/install/examples_rclpy_minimal_subscriber:/home/maghetto/ros2_ws/install/examples_rclpy_minimal_service:/home/maghetto/ros2_ws/install/examples_rclpy_minimal_publisher:/home/maghetto/ros2_ws/install/examples_rclpy_minimal_client:/home/maghetto/ros2_ws/install/examples_rclpy_minimal_action_server:/home/maghetto/ros2_ws/install/examples_rclpy_minimal_action_client:/home/maghetto/ros2_ws/install/examples_rclpy_executors:/opt/ros/foxy /usr/bin/cmake --build /home/maghetto/ros2_ws/build/my_first_personal_project -- -j6 -l6
