-- The C compiler identification is GNU 9.4.0
-- The CXX compiler identification is GNU 9.4.0
-- Check for working C compiler: /usr/bin/cc
-- Check for working C compiler: /usr/bin/cc -- works
-- Detecting C compiler ABI info
-- Detecting C compiler ABI info - done
-- Detecting C compile features
-- Detecting C compile features - done
-- Check for working CXX compiler: /usr/bin/c++
-- Check for working CXX compiler: /usr/bin/c++ -- works
-- Detecting CXX compiler ABI info
-- Detecting CXX compiler ABI info - done
-- Detecting CXX compile features
-- Detecting CXX compile features - done
-- Found ament_cmake: 0.9.12 (/opt/ros/foxy/share/ament_cmake/cmake)
-- Found PythonInterp: /usr/bin/python3 (found suitable version "3.8.10", minimum required is "3") 
-- Using PYTHON_EXECUTABLE: /usr/bin/python3
-- Found rclcpp: 2.4.3 (/opt/ros/foxy/share/rclcpp/cmake)
-- Using all available rosidl_typesupport_c: rosidl_typesupport_fastrtps_c;rosidl_typesupport_introspection_c
-- Found rosidl_adapter: 1.3.1 (/opt/ros/foxy/share/rosidl_adapter/cmake)
-- Found OpenSSL: /usr/lib/x86_64-linux-gnu/libcrypto.so (found version "1.1.1f")  
-- Found FastRTPS: /opt/ros/foxy/include  
-- Using all available rosidl_typesupport_cpp: rosidl_typesupport_fastrtps_cpp;rosidl_typesupport_introspection_cpp
-- Found rmw_implementation_cmake: 1.0.4 (/opt/ros/foxy/share/rmw_implementation_cmake/cmake)
-- Using RMW implementation 'rmw_fastrtps_cpp' as default
-- Looking for pthread.h
-- Looking for pthread.h - found
-- Performing Test CMAKE_HAVE_LIBC_PTHREAD
-- Performing Test CMAKE_HAVE_LIBC_PTHREAD - Failed
-- Looking for pthread_create in pthreads
-- Looking for pthread_create in pthreads - not found
-- Looking for pthread_create in pthread
-- Looking for pthread_create in pthread - found
-- Found Threads: TRUE  
-- Found rosbag2_cpp: 0.3.11 (/opt/ros/foxy/share/rosbag2_cpp/cmake)
-- Setting yaml-cpp_DIR to: '/opt/ros/foxy/share/yaml_cpp_vendor/cmake/../../../opt/yaml_cpp_vendor/lib/cmake/yaml-cpp'
-- Found example_interfaces: 0.9.1 (/opt/ros/foxy/share/example_interfaces/cmake)
-- Found ament_lint_auto: 0.9.8 (/opt/ros/foxy/share/ament_lint_auto/cmake)
-- Added test 'copyright' to check source files copyright and LICENSE
-- Added test 'cppcheck' to perform static code analysis on C / C++ code
-- Configured cppcheck include dirs: 
-- Configured cppcheck exclude dirs and/or files: 
-- Added test 'cpplint' to check C / C++ code against the Google style
-- Configured cpplint exclude dirs and/or files: 
-- Added test 'flake8' to check Python code syntax and style conventions
-- Added test 'lint_cmake' to check CMake code style
-- Added test 'pep257' to check Python code against some of the style conventions in PEP 257
-- Added test 'uncrustify' to check C / C++ code style
-- Configured uncrustify additional arguments: 
-- Added test 'xmllint' to check XML markup files
-- Configuring done
-- Generating done
-- Build files have been written to: /home/maghetto/ros2_ws/build/bag_recorder_nodes
[35m[1mScanning dependencies of target data_generator_node[0m
[35m[1mScanning dependencies of target simple_bag_recorder[0m
[ 25%] [32mBuilding CXX object CMakeFiles/simple_bag_recorder.dir/src/simple_bag_recorder.cpp.o[0m
[ 50%] [32mBuilding CXX object CMakeFiles/data_generator_node.dir/src/data_generator_node.cpp.o[0m
[ 75%] [32m[1mLinking CXX executable data_generator_node[0m
[ 75%] Built target data_generator_node
[100%] [32m[1mLinking CXX executable simple_bag_recorder[0m
[100%] Built target simple_bag_recorder
-- Install configuration: ""
-- Installing: /home/maghetto/ros2_ws/install/bag_recorder_nodes/lib/bag_recorder_nodes/simple_bag_recorder
-- Set runtime path of "/home/maghetto/ros2_ws/install/bag_recorder_nodes/lib/bag_recorder_nodes/simple_bag_recorder" to ""
-- Installing: /home/maghetto/ros2_ws/install/bag_recorder_nodes/lib/bag_recorder_nodes/data_generator_node
-- Set runtime path of "/home/maghetto/ros2_ws/install/bag_recorder_nodes/lib/bag_recorder_nodes/data_generator_node" to ""
-- Installing: /home/maghetto/ros2_ws/install/bag_recorder_nodes/share/ament_index/resource_index/package_run_dependencies/bag_recorder_nodes
-- Installing: /home/maghetto/ros2_ws/install/bag_recorder_nodes/share/ament_index/resource_index/parent_prefix_path/bag_recorder_nodes
-- Up-to-date: /home/maghetto/ros2_ws/install/bag_recorder_nodes/share/bag_recorder_nodes/environment/ament_prefix_path.sh
-- Installing: /home/maghetto/ros2_ws/install/bag_recorder_nodes/share/bag_recorder_nodes/environment/ament_prefix_path.dsv
-- Up-to-date: /home/maghetto/ros2_ws/install/bag_recorder_nodes/share/bag_recorder_nodes/environment/path.sh
-- Installing: /home/maghetto/ros2_ws/install/bag_recorder_nodes/share/bag_recorder_nodes/environment/path.dsv
-- Installing: /home/maghetto/ros2_ws/install/bag_recorder_nodes/share/bag_recorder_nodes/local_setup.bash
-- Installing: /home/maghetto/ros2_ws/install/bag_recorder_nodes/share/bag_recorder_nodes/local_setup.sh
-- Installing: /home/maghetto/ros2_ws/install/bag_recorder_nodes/share/bag_recorder_nodes/local_setup.zsh
-- Installing: /home/maghetto/ros2_ws/install/bag_recorder_nodes/share/bag_recorder_nodes/local_setup.dsv
-- Installing: /home/maghetto/ros2_ws/install/bag_recorder_nodes/share/bag_recorder_nodes/package.dsv
-- Installing: /home/maghetto/ros2_ws/install/bag_recorder_nodes/share/ament_index/resource_index/packages/bag_recorder_nodes
-- Installing: /home/maghetto/ros2_ws/install/bag_recorder_nodes/share/bag_recorder_nodes/cmake/bag_recorder_nodesConfig.cmake
-- Installing: /home/maghetto/ros2_ws/install/bag_recorder_nodes/share/bag_recorder_nodes/cmake/bag_recorder_nodesConfig-version.cmake
-- Up-to-date: /home/maghetto/ros2_ws/install/bag_recorder_nodes/share/bag_recorder_nodes/package.xml
