[0.163s] Invoking command in '/home/maghetto/ros2_ws/build/my_first_personal_project': CMAKE_PREFIX_PATH=/opt/ros/foxy /usr/bin/cmake --build /home/maghetto/ros2_ws/build/my_first_personal_project -- -j6 -l6
[0.258s] [  9%] Built target my_first_personal_project__rosidl_generator_c
[0.260s] [ 12%] Built target my_first_personal_project__cpp
[0.288s] [ 30%] Built target my_first_personal_project__rosidl_typesupport_introspection_c
[0.288s] [ 30%] Built target my_first_personal_project__rosidl_typesupport_c
[0.288s] [ 39%] Built target my_first_personal_project__rosidl_typesupport_introspection_cpp
[0.290s] [ 48%] Built target my_first_personal_project__rosidl_typesupport_cpp
[0.299s] [ 57%] Built target my_first_personal_project__rosidl_typesupport_fastrtps_cpp
[0.339s] [ 66%] Built target my_first_personal_project__rosidl_typesupport_fastrtps_c
[0.377s] [ 66%] Built target my_first_personal_project
[0.405s] [35m[1mScanning dependencies of target random_generator[0m
[0.419s] [ 69%] Built target my_first_personal_project__py
[0.436s] [ 72%] [32mBuilding CXX object CMakeFiles/random_generator.dir/src/random_generator.cpp.o[0m
[0.464s] [ 78%] Built target my_first_personal_project__python
[0.509s] [ 84%] Built target my_first_personal_project__rosidl_typesupport_c__pyext
[0.509s] [ 90%] Built target my_first_personal_project__rosidl_typesupport_introspection_c__pyext
[0.511s] [ 96%] Built target my_first_personal_project__rosidl_typesupport_fastrtps_c__pyext
[1.731s] [01m[K/home/maghetto/ros2_ws/src/my_first_personal_project/src/random_generator.cpp:[m[K In member function ‘[01m[Kvoid Random_Publisher::timer_callback()[m[K’:
[1.731s] [01m[K/home/maghetto/ros2_ws/src/my_first_personal_project/src/random_generator.cpp:34:50:[m[K [01;31m[Kerror: [m[Kinvalid cast from type ‘[01m[Kstd::thread::id[m[K’ to type ‘[01m[Kint[m[K’
[1.731s]    34 |       number.pid = (int)std::this_thread::get_id([01;31m[K)[m[K;
[1.731s]       |                                                  [01;31m[K^[m[K
[2.706s] make[2]: *** [CMakeFiles/random_generator.dir/build.make:63: CMakeFiles/random_generator.dir/src/random_generator.cpp.o] Errore 1
[2.707s] make[1]: *** [CMakeFiles/Makefile2:155: CMakeFiles/random_generator.dir/all] Errore 2
[2.707s] make: *** [Makefile:141: all] Errore 2
[2.720s] Invoked command in '/home/maghetto/ros2_ws/build/my_first_personal_project' returned '2': CMAKE_PREFIX_PATH=/opt/ros/foxy /usr/bin/cmake --build /home/maghetto/ros2_ws/build/my_first_personal_project -- -j6 -l6
