[2.926s] Invoking command in '/home/maghetto/ros2_ws/build/examples_rclpy_minimal_publisher': PYTHONPATH=/home/maghetto/ros2_ws/build/examples_rclpy_minimal_publisher/prefix_override:/home/maghetto/ros2_ws/install/examples_rclpy_minimal_publisher/lib/python3.8/site-packages:${PYTHONPATH} /usr/bin/python3 setup.py develop --editable --build-directory /home/maghetto/ros2_ws/build/examples_rclpy_minimal_publisher/build --no-deps install_data
[3.300s] running develop
[3.516s] running egg_info
[3.520s] creating examples_rclpy_minimal_publisher.egg-info
[3.547s] writing examples_rclpy_minimal_publisher.egg-info/PKG-INFO
[3.581s] writing dependency_links to examples_rclpy_minimal_publisher.egg-info/dependency_links.txt
[3.581s] writing entry points to examples_rclpy_minimal_publisher.egg-info/entry_points.txt
[3.582s] writing requirements to examples_rclpy_minimal_publisher.egg-info/requires.txt
[3.583s] writing top-level names to examples_rclpy_minimal_publisher.egg-info/top_level.txt
[3.583s] writing manifest file 'examples_rclpy_minimal_publisher.egg-info/SOURCES.txt'
[3.586s] reading manifest file 'examples_rclpy_minimal_publisher.egg-info/SOURCES.txt'
[3.586s] writing manifest file 'examples_rclpy_minimal_publisher.egg-info/SOURCES.txt'
[3.692s] running build_ext
[3.692s] Creating /home/maghetto/ros2_ws/install/examples_rclpy_minimal_publisher/lib/python3.8/site-packages/site.py
[3.692s] Creating /home/maghetto/ros2_ws/install/examples_rclpy_minimal_publisher/lib/python3.8/site-packages/examples-rclpy-minimal-publisher.egg-link (link to .)
[3.692s] Installing publisher_local_function script to /home/maghetto/ros2_ws/install/examples_rclpy_minimal_publisher/lib/examples_rclpy_minimal_publisher
[3.692s] Installing publisher_member_function script to /home/maghetto/ros2_ws/install/examples_rclpy_minimal_publisher/lib/examples_rclpy_minimal_publisher
[3.693s] Installing publisher_old_school script to /home/maghetto/ros2_ws/install/examples_rclpy_minimal_publisher/lib/examples_rclpy_minimal_publisher
[3.693s] 
[3.693s] Installed /home/maghetto/ros2_ws/build/examples_rclpy_minimal_publisher
[3.694s] running install_data
[3.694s] creating /home/maghetto/ros2_ws/install/examples_rclpy_minimal_publisher/share/ament_index
[3.694s] creating /home/maghetto/ros2_ws/install/examples_rclpy_minimal_publisher/share/ament_index/resource_index
[3.695s] creating /home/maghetto/ros2_ws/install/examples_rclpy_minimal_publisher/share/ament_index/resource_index/packages
[3.695s] copying resource/examples_rclpy_minimal_publisher -> /home/maghetto/ros2_ws/install/examples_rclpy_minimal_publisher/share/ament_index/resource_index/packages
[3.695s] copying package.xml -> /home/maghetto/ros2_ws/install/examples_rclpy_minimal_publisher/share/examples_rclpy_minimal_publisher
[3.998s] Invoked command in '/home/maghetto/ros2_ws/build/examples_rclpy_minimal_publisher' returned '0': PYTHONPATH=/home/maghetto/ros2_ws/build/examples_rclpy_minimal_publisher/prefix_override:/home/maghetto/ros2_ws/install/examples_rclpy_minimal_publisher/lib/python3.8/site-packages:${PYTHONPATH} /usr/bin/python3 setup.py develop --editable --build-directory /home/maghetto/ros2_ws/build/examples_rclpy_minimal_publisher/build --no-deps install_data
