[0.240s] Invoking command in '/home/maghetto/ros2_ws/build/my_first_personal_project': CMAKE_PREFIX_PATH=/opt/ros/foxy /usr/bin/cmake --build /home/maghetto/ros2_ws/build/my_first_personal_project -- -j6 -l6
[0.351s] [  8%] Built target my_first_personal_project__rosidl_generator_c
[0.355s] [ 11%] Built target my_first_personal_project__cpp
[0.422s] [ 20%] Built target my_first_personal_project__rosidl_typesupport_introspection_c
[0.424s] [ 28%] Built target my_first_personal_project__rosidl_typesupport_c
[0.426s] [ 37%] Built target my_first_personal_project__rosidl_typesupport_introspection_cpp
[0.434s] [ 45%] Built target my_first_personal_project__rosidl_typesupport_cpp
[0.457s] [ 54%] Built target my_first_personal_project__rosidl_typesupport_fastrtps_cpp
[0.522s] [ 62%] Built target my_first_personal_project__rosidl_typesupport_fastrtps_c
[0.560s] [ 62%] Built target my_first_personal_project
[0.604s] [35m[1mScanning dependencies of target eworker[0m
[0.633s] [ 65%] Built target my_first_personal_project__py
[0.647s] [ 71%] Built target random_generator
[0.655s] [ 74%] [32mBuilding CXX object CMakeFiles/eworker.dir/src/eworker.cpp.o[0m
[0.680s] [ 80%] Built target my_first_personal_project__python
[0.731s] [ 91%] Built target my_first_personal_project__rosidl_typesupport_c__pyext
[0.732s] [ 91%] Built target my_first_personal_project__rosidl_typesupport_fastrtps_c__pyext
[0.734s] [ 97%] Built target my_first_personal_project__rosidl_typesupport_introspection_c__pyext
[2.244s] In file included from [01m[K/opt/ros/foxy/include/rclcpp/client.hpp:40[m[K,
[2.244s]                  from [01m[K/opt/ros/foxy/include/rclcpp/callback_group.hpp:23[m[K,
[2.244s]                  from [01m[K/opt/ros/foxy/include/rclcpp/any_executable.hpp:20[m[K,
[2.244s]                  from [01m[K/opt/ros/foxy/include/rclcpp/memory_strategy.hpp:24[m[K,
[2.244s]                  from [01m[K/opt/ros/foxy/include/rclcpp/memory_strategies.hpp:18[m[K,
[2.245s]                  from [01m[K/opt/ros/foxy/include/rclcpp/executor_options.hpp:20[m[K,
[2.245s]                  from [01m[K/opt/ros/foxy/include/rclcpp/executor.hpp:33[m[K,
[2.245s]                  from [01m[K/opt/ros/foxy/include/rclcpp/executors/multi_threaded_executor.hpp:26[m[K,
[2.245s]                  from [01m[K/opt/ros/foxy/include/rclcpp/executors.hpp:21[m[K,
[2.245s]                  from [01m[K/opt/ros/foxy/include/rclcpp/rclcpp.hpp:146[m[K,
[2.245s]                  from [01m[K/home/maghetto/ros2_ws/src/my_first_personal_project/src/eworker.cpp:7[m[K:
[2.245s] [01m[K/home/maghetto/ros2_ws/src/my_first_personal_project/src/eworker.cpp:[m[K In member function ‘[01m[Kvoid Eworker::topic_callback(my_first_personal_project::msg::Number_<std::allocator<void> >::SharedPtr) const[m[K’:
[2.245s] [01m[K/home/maghetto/ros2_ws/src/my_first_personal_project/src/eworker.cpp:26:73:[m[K [01;31m[Kerror: [m[K‘[01m[Kusing element_type = struct my_first_personal_project::msg::Number_<std::allocator<void> >[m[K’ {aka ‘[01m[Kstruct my_first_personal_project::msg::Number_<std::allocator<void> >[m[K’} has no member named ‘[01m[Kdata[m[K’
[2.245s]    26 | CLCPP_INFO(this->get_logger(), "I heard: '%s'", received_number->[01;31m[Kdata[m[K.c_str());
[2.259s]       |                                                                  [01;31m[K^~~~[m[K
[2.260s] 
[4.142s] make[2]: *** [CMakeFiles/eworker.dir/build.make:63: CMakeFiles/eworker.dir/src/eworker.cpp.o] Errore 1
[4.154s] make[1]: *** [CMakeFiles/Makefile2:126: CMakeFiles/eworker.dir/all] Errore 2
[4.176s] make: *** [Makefile:141: all] Errore 2
[4.259s] Invoked command in '/home/maghetto/ros2_ws/build/my_first_personal_project' returned '2': CMAKE_PREFIX_PATH=/opt/ros/foxy /usr/bin/cmake --build /home/maghetto/ros2_ws/build/my_first_personal_project -- -j6 -l6
