[0.929s] Invoking command in '/home/maghetto/ros2_ws/build/turtlesim': CMAKE_PREFIX_PATH=${CMAKE_PREFIX_PATH}:/home/maghetto/ros2_ws/install/py_launch_example:/home/maghetto/ros2_ws/install/launch_tutorial:/home/maghetto/ros2_ws/install/examples_rclpy_minimal_subscriber:/home/maghetto/ros2_ws/install/examples_rclpy_minimal_service:/home/maghetto/ros2_ws/install/examples_rclpy_minimal_publisher:/home/maghetto/ros2_ws/install/examples_rclpy_minimal_client:/home/maghetto/ros2_ws/install/examples_rclpy_minimal_action_server:/home/maghetto/ros2_ws/install/examples_rclpy_minimal_action_client:/home/maghetto/ros2_ws/install/examples_rclpy_executors:/home/maghetto/ROS2-Tutorials/ros2_ws/install/py_launch_example:/home/maghetto/ROS2-Tutorials/ros2_ws/install/launch_tutorial:/home/maghetto/ROS2-Tutorials/ros2_ws/install/examples_rclpy_minimal_subscriber:/home/maghetto/ROS2-Tutorials/ros2_ws/install/examples_rclpy_minimal_service:/home/maghetto/ROS2-Tutorials/ros2_ws/install/examples_rclpy_minimal_publisher:/home/maghetto/ROS2-Tutorials/ros2_ws/install/examples_rclpy_minimal_client:/home/maghetto/ROS2-Tutorials/ros2_ws/install/examples_rclpy_minimal_action_server:/home/maghetto/ROS2-Tutorials/ros2_ws/install/examples_rclpy_minimal_action_client:/home/maghetto/ROS2-Tutorials/ros2_ws/install/examples_rclpy_executors:/opt/ros/foxy /usr/bin/cmake --build /home/maghetto/ros2_ws/build/turtlesim -- -j6 -l6
[1.065s] [  1%] Built target turtlesim__cpp
[1.130s] [ 11%] Built target turtlesim__rosidl_generator_c
[1.176s] [ 21%] Built target turtlesim__rosidl_typesupport_introspection_cpp
[1.179s] [ 31%] Built target turtlesim__rosidl_typesupport_cpp
[1.179s] [ 41%] Built target turtlesim__rosidl_typesupport_fastrtps_cpp
[1.197s] [ 51%] Built target turtlesim__rosidl_typesupport_introspection_c
[1.197s] [ 61%] Built target turtlesim__rosidl_typesupport_c
[1.236s] [ 71%] Built target turtlesim__rosidl_typesupport_fastrtps_c
[1.296s] [ 71%] Built target turtlesim
[1.424s] [ 72%] Built target turtlesim__py
[1.424s] [ 74%] Built target mimic
[1.424s] [ 76%] Built target turtle_teleop_key
[1.424s] [ 78%] Built target draw_square
[1.424s] [ 87%] Built target turtlesim__python
[1.451s] [ 93%] Built target turtlesim_node
[1.478s] [ 97%] Built target turtlesim__rosidl_typesupport_fastrtps_c__pyext
[1.478s] [ 97%] Built target turtlesim__rosidl_typesupport_introspection_c__pyext
[1.478s] [100%] Built target turtlesim__rosidl_typesupport_c__pyext
[1.992s] Invoked command in '/home/maghetto/ros2_ws/build/turtlesim' returned '0': CMAKE_PREFIX_PATH=${CMAKE_PREFIX_PATH}:/home/maghetto/ros2_ws/install/py_launch_example:/home/maghetto/ros2_ws/install/launch_tutorial:/home/maghetto/ros2_ws/install/examples_rclpy_minimal_subscriber:/home/maghetto/ros2_ws/install/examples_rclpy_minimal_service:/home/maghetto/ros2_ws/install/examples_rclpy_minimal_publisher:/home/maghetto/ros2_ws/install/examples_rclpy_minimal_client:/home/maghetto/ros2_ws/install/examples_rclpy_minimal_action_server:/home/maghetto/ros2_ws/install/examples_rclpy_minimal_action_client:/home/maghetto/ros2_ws/install/examples_rclpy_executors:/home/maghetto/ROS2-Tutorials/ros2_ws/install/py_launch_example:/home/maghetto/ROS2-Tutorials/ros2_ws/install/launch_tutorial:/home/maghetto/ROS2-Tutorials/ros2_ws/install/examples_rclpy_minimal_subscriber:/home/maghetto/ROS2-Tutorials/ros2_ws/install/examples_rclpy_minimal_service:/home/maghetto/ROS2-Tutorials/ros2_ws/install/examples_rclpy_minimal_publisher:/home/maghetto/ROS2-Tutorials/ros2_ws/install/examples_rclpy_minimal_client:/home/maghetto/ROS2-Tutorials/ros2_ws/install/examples_rclpy_minimal_action_server:/home/maghetto/ROS2-Tutorials/ros2_ws/install/examples_rclpy_minimal_action_client:/home/maghetto/ROS2-Tutorials/ros2_ws/install/examples_rclpy_executors:/opt/ros/foxy /usr/bin/cmake --build /home/maghetto/ros2_ws/build/turtlesim -- -j6 -l6
[2.563s] Invoking command in '/home/maghetto/ros2_ws/build/turtlesim': CMAKE_PREFIX_PATH=${CMAKE_PREFIX_PATH}:/home/maghetto/ros2_ws/install/py_launch_example:/home/maghetto/ros2_ws/install/launch_tutorial:/home/maghetto/ros2_ws/install/examples_rclpy_minimal_subscriber:/home/maghetto/ros2_ws/install/examples_rclpy_minimal_service:/home/maghetto/ros2_ws/install/examples_rclpy_minimal_publisher:/home/maghetto/ros2_ws/install/examples_rclpy_minimal_client:/home/maghetto/ros2_ws/install/examples_rclpy_minimal_action_server:/home/maghetto/ros2_ws/install/examples_rclpy_minimal_action_client:/home/maghetto/ros2_ws/install/examples_rclpy_executors:/home/maghetto/ROS2-Tutorials/ros2_ws/install/py_launch_example:/home/maghetto/ROS2-Tutorials/ros2_ws/install/launch_tutorial:/home/maghetto/ROS2-Tutorials/ros2_ws/install/examples_rclpy_minimal_subscriber:/home/maghetto/ROS2-Tutorials/ros2_ws/install/examples_rclpy_minimal_service:/home/maghetto/ROS2-Tutorials/ros2_ws/install/examples_rclpy_minimal_publisher:/home/maghetto/ROS2-Tutorials/ros2_ws/install/examples_rclpy_minimal_client:/home/maghetto/ROS2-Tutorials/ros2_ws/install/examples_rclpy_minimal_action_server:/home/maghetto/ROS2-Tutorials/ros2_ws/install/examples_rclpy_minimal_action_client:/home/maghetto/ROS2-Tutorials/ros2_ws/install/examples_rclpy_executors:/opt/ros/foxy /usr/bin/cmake --install /home/maghetto/ros2_ws/build/turtlesim
[2.588s] -- Install configuration: ""
[2.588s] -- Up-to-date: /home/maghetto/ros2_ws/install/turtlesim/share/ament_index/resource_index/rosidl_interfaces/turtlesim
[2.588s] -- Up-to-date: /home/maghetto/ros2_ws/install/turtlesim/include/turtlesim
[2.599s] -- Up-to-date: /home/maghetto/ros2_ws/install/turtlesim/include/turtlesim/action
[2.599s] -- Up-to-date: /home/maghetto/ros2_ws/install/turtlesim/include/turtlesim/action/rotate_absolute.h
[2.599s] -- Up-to-date: /home/maghetto/ros2_ws/install/turtlesim/include/turtlesim/action/detail
[2.599s] -- Up-to-date: /home/maghetto/ros2_ws/install/turtlesim/include/turtlesim/action/detail/rotate_absolute__functions.c
[2.599s] -- Up-to-date: /home/maghetto/ros2_ws/install/turtlesim/include/turtlesim/action/detail/rotate_absolute__functions.h
[2.599s] -- Up-to-date: /home/maghetto/ros2_ws/install/turtlesim/include/turtlesim/action/detail/rotate_absolute__type_support.h
[2.599s] -- Up-to-date: /home/maghetto/ros2_ws/install/turtlesim/include/turtlesim/action/detail/rotate_absolute__struct.h
[2.599s] -- Up-to-date: /home/maghetto/ros2_ws/install/turtlesim/include/turtlesim/srv
[2.606s] -- Up-to-date: /home/maghetto/ros2_ws/install/turtlesim/include/turtlesim/srv/set_pen.h
[2.606s] -- Up-to-date: /home/maghetto/ros2_ws/install/turtlesim/include/turtlesim/srv/teleport_relative.h
[2.606s] -- Up-to-date: /home/maghetto/ros2_ws/install/turtlesim/include/turtlesim/srv/teleport_absolute.h
[2.606s] -- Up-to-date: /home/maghetto/ros2_ws/install/turtlesim/include/turtlesim/srv/kill.h
[2.607s] -- Up-to-date: /home/maghetto/ros2_ws/install/turtlesim/include/turtlesim/srv/spawn.h
[2.609s] -- Up-to-date: /home/maghetto/ros2_ws/install/turtlesim/include/turtlesim/srv/detail
[2.609s] -- Up-to-date: /home/maghetto/ros2_ws/install/turtlesim/include/turtlesim/srv/detail/teleport_relative__functions.c
[2.609s] -- Up-to-date: /home/maghetto/ros2_ws/install/turtlesim/include/turtlesim/srv/detail/set_pen__functions.c
[2.609s] -- Up-to-date: /home/maghetto/ros2_ws/install/turtlesim/include/turtlesim/srv/detail/set_pen__type_support.h
[2.609s] -- Up-to-date: /home/maghetto/ros2_ws/install/turtlesim/include/turtlesim/srv/detail/teleport_absolute__type_support.h
[2.609s] -- Up-to-date: /home/maghetto/ros2_ws/install/turtlesim/include/turtlesim/srv/detail/kill__functions.c
[2.609s] -- Up-to-date: /home/maghetto/ros2_ws/install/turtlesim/include/turtlesim/srv/detail/spawn__type_support.h
[2.611s] -- Up-to-date: /home/maghetto/ros2_ws/install/turtlesim/include/turtlesim/srv/detail/kill__functions.h
[2.611s] -- Up-to-date: /home/maghetto/ros2_ws/install/turtlesim/include/turtlesim/srv/detail/teleport_absolute__functions.h
[2.613s] -- Up-to-date: /home/maghetto/ros2_ws/install/turtlesim/include/turtlesim/srv/detail/set_pen__functions.h
[2.615s] -- Up-to-date: /home/maghetto/ros2_ws/install/turtlesim/include/turtlesim/srv/detail/teleport_relative__struct.h
[2.616s] -- Up-to-date: /home/maghetto/ros2_ws/install/turtlesim/include/turtlesim/srv/detail/spawn__functions.c
[2.617s] -- Up-to-date: /home/maghetto/ros2_ws/install/turtlesim/include/turtlesim/srv/detail/kill__type_support.h
[2.617s] -- Up-to-date: /home/maghetto/ros2_ws/install/turtlesim/include/turtlesim/srv/detail/spawn__struct.h
[2.617s] -- Up-to-date: /home/maghetto/ros2_ws/install/turtlesim/include/turtlesim/srv/detail/teleport_absolute__struct.h
[2.617s] -- Up-to-date: /home/maghetto/ros2_ws/install/turtlesim/include/turtlesim/srv/detail/teleport_absolute__functions.c
[2.621s] -- Up-to-date: /home/maghetto/ros2_ws/install/turtlesim/include/turtlesim/srv/detail/kill__struct.h
[2.621s] -- Up-to-date: /home/maghetto/ros2_ws/install/turtlesim/include/turtlesim/srv/detail/teleport_relative__functions.h
[2.621s] -- Up-to-date: /home/maghetto/ros2_ws/install/turtlesim/include/turtlesim/srv/detail/set_pen__struct.h
[2.622s] -- Up-to-date: /home/maghetto/ros2_ws/install/turtlesim/include/turtlesim/srv/detail/teleport_relative__type_support.h
[2.623s] -- Up-to-date: /home/maghetto/ros2_ws/install/turtlesim/include/turtlesim/srv/detail/spawn__functions.h
[2.623s] -- Up-to-date: /home/maghetto/ros2_ws/install/turtlesim/include/turtlesim/msg
[2.623s] -- Up-to-date: /home/maghetto/ros2_ws/install/turtlesim/include/turtlesim/msg/color.h
[2.624s] -- Up-to-date: /home/maghetto/ros2_ws/install/turtlesim/include/turtlesim/msg/rosidl_generator_c__visibility_control.h
[2.624s] -- Up-to-date: /home/maghetto/ros2_ws/install/turtlesim/include/turtlesim/msg/pose.h
[2.625s] -- Up-to-date: /home/maghetto/ros2_ws/install/turtlesim/include/turtlesim/msg/detail
[2.625s] -- Up-to-date: /home/maghetto/ros2_ws/install/turtlesim/include/turtlesim/msg/detail/pose__struct.h
[2.625s] -- Up-to-date: /home/maghetto/ros2_ws/install/turtlesim/include/turtlesim/msg/detail/pose__functions.h
[2.626s] -- Up-to-date: /home/maghetto/ros2_ws/install/turtlesim/include/turtlesim/msg/detail/color__functions.h
[2.627s] -- Up-to-date: /home/maghetto/ros2_ws/install/turtlesim/include/turtlesim/msg/detail/color__type_support.h
[2.627s] -- Up-to-date: /home/maghetto/ros2_ws/install/turtlesim/include/turtlesim/msg/detail/pose__functions.c
[2.627s] -- Up-to-date: /home/maghetto/ros2_ws/install/turtlesim/include/turtlesim/msg/detail/color__functions.c
[2.627s] -- Up-to-date: /home/maghetto/ros2_ws/install/turtlesim/include/turtlesim/msg/detail/color__struct.h
[2.629s] -- Up-to-date: /home/maghetto/ros2_ws/install/turtlesim/include/turtlesim/msg/detail/pose__type_support.h
[2.630s] -- Up-to-date: /home/maghetto/ros2_ws/install/turtlesim/share/turtlesim/environment/library_path.sh
[2.630s] -- Up-to-date: /home/maghetto/ros2_ws/install/turtlesim/share/turtlesim/environment/library_path.dsv
[2.631s] -- Up-to-date: /home/maghetto/ros2_ws/install/turtlesim/lib/libturtlesim__rosidl_generator_c.so
[2.632s] -- Up-to-date: /home/maghetto/ros2_ws/install/turtlesim/include/turtlesim
[2.632s] -- Up-to-date: /home/maghetto/ros2_ws/install/turtlesim/include/turtlesim/action
[2.632s] -- Up-to-date: /home/maghetto/ros2_ws/install/turtlesim/include/turtlesim/action/detail
[2.632s] -- Up-to-date: /home/maghetto/ros2_ws/install/turtlesim/include/turtlesim/action/detail/rotate_absolute__rosidl_typesupport_fastrtps_c.h
[2.632s] -- Up-to-date: /home/maghetto/ros2_ws/install/turtlesim/include/turtlesim/srv
[2.633s] -- Up-to-date: /home/maghetto/ros2_ws/install/turtlesim/include/turtlesim/srv/detail
[2.637s] -- Up-to-date: /home/maghetto/ros2_ws/install/turtlesim/include/turtlesim/srv/detail/spawn__rosidl_typesupport_fastrtps_c.h
[2.637s] -- Up-to-date: /home/maghetto/ros2_ws/install/turtlesim/include/turtlesim/srv/detail/teleport_absolute__rosidl_typesupport_fastrtps_c.h
[2.637s] -- Up-to-date: /home/maghetto/ros2_ws/install/turtlesim/include/turtlesim/srv/detail/teleport_relative__rosidl_typesupport_fastrtps_c.h
[2.637s] -- Up-to-date: /home/maghetto/ros2_ws/install/turtlesim/include/turtlesim/srv/detail/set_pen__rosidl_typesupport_fastrtps_c.h
[2.637s] -- Up-to-date: /home/maghetto/ros2_ws/install/turtlesim/include/turtlesim/srv/detail/kill__rosidl_typesupport_fastrtps_c.h
[2.637s] -- Up-to-date: /home/maghetto/ros2_ws/install/turtlesim/include/turtlesim/msg
[2.638s] -- Up-to-date: /home/maghetto/ros2_ws/install/turtlesim/include/turtlesim/msg/rosidl_typesupport_fastrtps_c__visibility_control.h
[2.650s] -- Up-to-date: /home/maghetto/ros2_ws/install/turtlesim/include/turtlesim/msg/detail
[2.650s] -- Up-to-date: /home/maghetto/ros2_ws/install/turtlesim/include/turtlesim/msg/detail/color__rosidl_typesupport_fastrtps_c.h
[2.650s] -- Up-to-date: /home/maghetto/ros2_ws/install/turtlesim/include/turtlesim/msg/detail/pose__rosidl_typesupport_fastrtps_c.h
[2.651s] -- Up-to-date: /home/maghetto/ros2_ws/install/turtlesim/lib/libturtlesim__rosidl_typesupport_fastrtps_c.so
[2.656s] -- Up-to-date: /home/maghetto/ros2_ws/install/turtlesim/include/turtlesim
[2.657s] -- Up-to-date: /home/maghetto/ros2_ws/install/turtlesim/include/turtlesim/action
[2.660s] -- Up-to-date: /home/maghetto/ros2_ws/install/turtlesim/include/turtlesim/action/detail
[2.660s] -- Up-to-date: /home/maghetto/ros2_ws/install/turtlesim/include/turtlesim/action/detail/dds_fastrtps
[2.660s] -- Up-to-date: /home/maghetto/ros2_ws/install/turtlesim/include/turtlesim/action/detail/rotate_absolute__rosidl_typesupport_fastrtps_cpp.hpp
[2.660s] -- Up-to-date: /home/maghetto/ros2_ws/install/turtlesim/include/turtlesim/srv
[2.660s] -- Up-to-date: /home/maghetto/ros2_ws/install/turtlesim/include/turtlesim/srv/detail
[2.661s] -- Up-to-date: /home/maghetto/ros2_ws/install/turtlesim/include/turtlesim/srv/detail/kill__rosidl_typesupport_fastrtps_cpp.hpp
[2.661s] -- Up-to-date: /home/maghetto/ros2_ws/install/turtlesim/include/turtlesim/srv/detail/dds_fastrtps
[2.661s] -- Up-to-date: /home/maghetto/ros2_ws/install/turtlesim/include/turtlesim/srv/detail/spawn__rosidl_typesupport_fastrtps_cpp.hpp
[2.661s] -- Up-to-date: /home/maghetto/ros2_ws/install/turtlesim/include/turtlesim/srv/detail/teleport_absolute__rosidl_typesupport_fastrtps_cpp.hpp
[2.661s] -- Up-to-date: /home/maghetto/ros2_ws/install/turtlesim/include/turtlesim/srv/detail/teleport_relative__rosidl_typesupport_fastrtps_cpp.hpp
[2.661s] -- Up-to-date: /home/maghetto/ros2_ws/install/turtlesim/include/turtlesim/srv/detail/set_pen__rosidl_typesupport_fastrtps_cpp.hpp
[2.662s] -- Up-to-date: /home/maghetto/ros2_ws/install/turtlesim/include/turtlesim/msg
[2.662s] -- Up-to-date: /home/maghetto/ros2_ws/install/turtlesim/include/turtlesim/msg/rosidl_typesupport_fastrtps_cpp__visibility_control.h
[2.662s] -- Up-to-date: /home/maghetto/ros2_ws/install/turtlesim/include/turtlesim/msg/detail
[2.662s] -- Up-to-date: /home/maghetto/ros2_ws/install/turtlesim/include/turtlesim/msg/detail/color__rosidl_typesupport_fastrtps_cpp.hpp
[2.662s] -- Up-to-date: /home/maghetto/ros2_ws/install/turtlesim/include/turtlesim/msg/detail/dds_fastrtps
[2.663s] -- Up-to-date: /home/maghetto/ros2_ws/install/turtlesim/include/turtlesim/msg/detail/pose__rosidl_typesupport_fastrtps_cpp.hpp
[2.663s] -- Up-to-date: /home/maghetto/ros2_ws/install/turtlesim/lib/libturtlesim__rosidl_typesupport_fastrtps_cpp.so
[2.663s] -- Up-to-date: /home/maghetto/ros2_ws/install/turtlesim/include/turtlesim
[2.663s] -- Up-to-date: /home/maghetto/ros2_ws/install/turtlesim/include/turtlesim/action
[2.664s] -- Up-to-date: /home/maghetto/ros2_ws/install/turtlesim/include/turtlesim/action/detail
[2.664s] -- Up-to-date: /home/maghetto/ros2_ws/install/turtlesim/include/turtlesim/action/detail/rotate_absolute__rosidl_typesupport_introspection_c.h
[2.664s] -- Up-to-date: /home/maghetto/ros2_ws/install/turtlesim/include/turtlesim/action/detail/rotate_absolute__type_support.c
[2.664s] -- Up-to-date: /home/maghetto/ros2_ws/install/turtlesim/include/turtlesim/srv
[2.664s] -- Up-to-date: /home/maghetto/ros2_ws/install/turtlesim/include/turtlesim/srv/detail
[2.664s] -- Up-to-date: /home/maghetto/ros2_ws/install/turtlesim/include/turtlesim/srv/detail/teleport_relative__rosidl_typesupport_introspection_c.h
[2.665s] -- Up-to-date: /home/maghetto/ros2_ws/install/turtlesim/include/turtlesim/srv/detail/spawn__type_support.c
[2.665s] -- Up-to-date: /home/maghetto/ros2_ws/install/turtlesim/include/turtlesim/srv/detail/set_pen__type_support.c
[2.665s] -- Up-to-date: /home/maghetto/ros2_ws/install/turtlesim/include/turtlesim/srv/detail/set_pen__rosidl_typesupport_introspection_c.h
[2.665s] -- Up-to-date: /home/maghetto/ros2_ws/install/turtlesim/include/turtlesim/srv/detail/kill__type_support.c
[2.665s] -- Up-to-date: /home/maghetto/ros2_ws/install/turtlesim/include/turtlesim/srv/detail/teleport_absolute__rosidl_typesupport_introspection_c.h
[2.666s] -- Up-to-date: /home/maghetto/ros2_ws/install/turtlesim/include/turtlesim/srv/detail/teleport_relative__type_support.c
[2.666s] -- Up-to-date: /home/maghetto/ros2_ws/install/turtlesim/include/turtlesim/srv/detail/spawn__rosidl_typesupport_introspection_c.h
[2.666s] -- Up-to-date: /home/maghetto/ros2_ws/install/turtlesim/include/turtlesim/srv/detail/kill__rosidl_typesupport_introspection_c.h
[2.666s] -- Up-to-date: /home/maghetto/ros2_ws/install/turtlesim/include/turtlesim/srv/detail/teleport_absolute__type_support.c
[2.667s] -- Up-to-date: /home/maghetto/ros2_ws/install/turtlesim/include/turtlesim/msg
[2.667s] -- Up-to-date: /home/maghetto/ros2_ws/install/turtlesim/include/turtlesim/msg/rosidl_typesupport_introspection_c__visibility_control.h
[2.667s] -- Up-to-date: /home/maghetto/ros2_ws/install/turtlesim/include/turtlesim/msg/detail
[2.667s] -- Up-to-date: /home/maghetto/ros2_ws/install/turtlesim/include/turtlesim/msg/detail/pose__rosidl_typesupport_introspection_c.h
[2.667s] -- Up-to-date: /home/maghetto/ros2_ws/install/turtlesim/include/turtlesim/msg/detail/color__type_support.c
[2.667s] -- Up-to-date: /home/maghetto/ros2_ws/install/turtlesim/include/turtlesim/msg/detail/color__rosidl_typesupport_introspection_c.h
[2.667s] -- Up-to-date: /home/maghetto/ros2_ws/install/turtlesim/include/turtlesim/msg/detail/pose__type_support.c
[2.667s] -- Up-to-date: /home/maghetto/ros2_ws/install/turtlesim/lib/libturtlesim__rosidl_typesupport_introspection_c.so
[2.668s] -- Up-to-date: /home/maghetto/ros2_ws/install/turtlesim/lib/libturtlesim__rosidl_typesupport_c.so
[2.668s] -- Up-to-date: /home/maghetto/ros2_ws/install/turtlesim/include/turtlesim
[2.668s] -- Up-to-date: /home/maghetto/ros2_ws/install/turtlesim/include/turtlesim/action
[2.668s] -- Up-to-date: /home/maghetto/ros2_ws/install/turtlesim/include/turtlesim/action/rotate_absolute.hpp
[2.669s] -- Up-to-date: /home/maghetto/ros2_ws/install/turtlesim/include/turtlesim/action/detail
[2.669s] -- Up-to-date: /home/maghetto/ros2_ws/install/turtlesim/include/turtlesim/action/detail/rotate_absolute__struct.hpp
[2.669s] -- Up-to-date: /home/maghetto/ros2_ws/install/turtlesim/include/turtlesim/action/detail/rotate_absolute__builder.hpp
[2.669s] -- Up-to-date: /home/maghetto/ros2_ws/install/turtlesim/include/turtlesim/action/detail/rotate_absolute__traits.hpp
[2.670s] -- Up-to-date: /home/maghetto/ros2_ws/install/turtlesim/include/turtlesim/action/detail/rotate_absolute__type_support.hpp
[2.670s] -- Up-to-date: /home/maghetto/ros2_ws/install/turtlesim/include/turtlesim/srv
[2.670s] -- Up-to-date: /home/maghetto/ros2_ws/install/turtlesim/include/turtlesim/srv/kill.hpp
[2.670s] -- Up-to-date: /home/maghetto/ros2_ws/install/turtlesim/include/turtlesim/srv/spawn.hpp
[2.670s] -- Up-to-date: /home/maghetto/ros2_ws/install/turtlesim/include/turtlesim/srv/detail
[2.670s] -- Up-to-date: /home/maghetto/ros2_ws/install/turtlesim/include/turtlesim/srv/detail/teleport_relative__traits.hpp
[2.671s] -- Up-to-date: /home/maghetto/ros2_ws/install/turtlesim/include/turtlesim/srv/detail/teleport_relative__type_support.hpp
[2.674s] -- Up-to-date: /home/maghetto/ros2_ws/install/turtlesim/include/turtlesim/srv/detail/kill__type_support.hpp
[2.674s] -- Up-to-date: /home/maghetto/ros2_ws/install/turtlesim/include/turtlesim/srv/detail/teleport_relative__builder.hpp
[2.674s] -- Up-to-date: /home/maghetto/ros2_ws/install/turtlesim/include/turtlesim/srv/detail/teleport_absolute__traits.hpp
[2.674s] -- Up-to-date: /home/maghetto/ros2_ws/install/turtlesim/include/turtlesim/srv/detail/teleport_absolute__struct.hpp
[2.675s] -- Up-to-date: /home/maghetto/ros2_ws/install/turtlesim/include/turtlesim/srv/detail/spawn__traits.hpp
[2.675s] -- Up-to-date: /home/maghetto/ros2_ws/install/turtlesim/include/turtlesim/srv/detail/spawn__struct.hpp
[2.675s] -- Up-to-date: /home/maghetto/ros2_ws/install/turtlesim/include/turtlesim/srv/detail/set_pen__traits.hpp
[2.676s] -- Up-to-date: /home/maghetto/ros2_ws/install/turtlesim/include/turtlesim/srv/detail/set_pen__builder.hpp
[2.677s] -- Up-to-date: /home/maghetto/ros2_ws/install/turtlesim/include/turtlesim/srv/detail/kill__builder.hpp
[2.677s] -- Up-to-date: /home/maghetto/ros2_ws/install/turtlesim/include/turtlesim/srv/detail/spawn__type_support.hpp
[2.677s] -- Up-to-date: /home/maghetto/ros2_ws/install/turtlesim/include/turtlesim/srv/detail/kill__traits.hpp
[2.677s] -- Up-to-date: /home/maghetto/ros2_ws/install/turtlesim/include/turtlesim/srv/detail/set_pen__struct.hpp
[2.677s] -- Up-to-date: /home/maghetto/ros2_ws/install/turtlesim/include/turtlesim/srv/detail/spawn__builder.hpp
[2.678s] -- Up-to-date: /home/maghetto/ros2_ws/install/turtlesim/include/turtlesim/srv/detail/kill__struct.hpp
[2.678s] -- Up-to-date: /home/maghetto/ros2_ws/install/turtlesim/include/turtlesim/srv/detail/set_pen__type_support.hpp
[2.678s] -- Up-to-date: /home/maghetto/ros2_ws/install/turtlesim/include/turtlesim/srv/detail/teleport_absolute__type_support.hpp
[2.678s] -- Up-to-date: /home/maghetto/ros2_ws/install/turtlesim/include/turtlesim/srv/detail/teleport_absolute__builder.hpp
[2.678s] -- Up-to-date: /home/maghetto/ros2_ws/install/turtlesim/include/turtlesim/srv/detail/teleport_relative__struct.hpp
[2.678s] -- Up-to-date: /home/maghetto/ros2_ws/install/turtlesim/include/turtlesim/srv/teleport_absolute.hpp
[2.679s] -- Up-to-date: /home/maghetto/ros2_ws/install/turtlesim/include/turtlesim/srv/teleport_relative.hpp
[2.679s] -- Up-to-date: /home/maghetto/ros2_ws/install/turtlesim/include/turtlesim/srv/set_pen.hpp
[2.679s] -- Up-to-date: /home/maghetto/ros2_ws/install/turtlesim/include/turtlesim/msg
[2.679s] -- Up-to-date: /home/maghetto/ros2_ws/install/turtlesim/include/turtlesim/msg/pose.hpp
[2.679s] -- Up-to-date: /home/maghetto/ros2_ws/install/turtlesim/include/turtlesim/msg/rosidl_generator_cpp__visibility_control.hpp
[2.683s] -- Up-to-date: /home/maghetto/ros2_ws/install/turtlesim/include/turtlesim/msg/color.hpp
[2.683s] -- Up-to-date: /home/maghetto/ros2_ws/install/turtlesim/include/turtlesim/msg/detail
[2.684s] -- Up-to-date: /home/maghetto/ros2_ws/install/turtlesim/include/turtlesim/msg/detail/pose__traits.hpp
[2.684s] -- Up-to-date: /home/maghetto/ros2_ws/install/turtlesim/include/turtlesim/msg/detail/pose__builder.hpp
[2.684s] -- Up-to-date: /home/maghetto/ros2_ws/install/turtlesim/include/turtlesim/msg/detail/pose__struct.hpp
[2.684s] -- Up-to-date: /home/maghetto/ros2_ws/install/turtlesim/include/turtlesim/msg/detail/color__struct.hpp
[2.684s] -- Up-to-date: /home/maghetto/ros2_ws/install/turtlesim/include/turtlesim/msg/detail/color__traits.hpp
[2.685s] -- Up-to-date: /home/maghetto/ros2_ws/install/turtlesim/include/turtlesim/msg/detail/color__type_support.hpp
[2.685s] -- Up-to-date: /home/maghetto/ros2_ws/install/turtlesim/include/turtlesim/msg/detail/pose__type_support.hpp
[2.685s] -- Up-to-date: /home/maghetto/ros2_ws/install/turtlesim/include/turtlesim/msg/detail/color__builder.hpp
[2.685s] -- Up-to-date: /home/maghetto/ros2_ws/install/turtlesim/include/turtlesim
[2.686s] -- Up-to-date: /home/maghetto/ros2_ws/install/turtlesim/include/turtlesim/action
[2.686s] -- Up-to-date: /home/maghetto/ros2_ws/install/turtlesim/include/turtlesim/action/detail
[2.686s] -- Up-to-date: /home/maghetto/ros2_ws/install/turtlesim/include/turtlesim/action/detail/rotate_absolute__type_support.cpp
[2.700s] -- Up-to-date: /home/maghetto/ros2_ws/install/turtlesim/include/turtlesim/action/detail/rotate_absolute__rosidl_typesupport_introspection_cpp.hpp
[2.700s] -- Up-to-date: /home/maghetto/ros2_ws/install/turtlesim/include/turtlesim/srv
[2.700s] -- Up-to-date: /home/maghetto/ros2_ws/install/turtlesim/include/turtlesim/srv/detail
[2.701s] -- Up-to-date: /home/maghetto/ros2_ws/install/turtlesim/include/turtlesim/srv/detail/teleport_absolute__type_support.cpp
[2.701s] -- Up-to-date: /home/maghetto/ros2_ws/install/turtlesim/include/turtlesim/srv/detail/set_pen__rosidl_typesupport_introspection_cpp.hpp
[2.701s] -- Up-to-date: /home/maghetto/ros2_ws/install/turtlesim/include/turtlesim/srv/detail/spawn__type_support.cpp
[2.746s] -- Up-to-date: /home/maghetto/ros2_ws/install/turtlesim/include/turtlesim/srv/detail/teleport_relative__type_support.cpp
[2.760s] -- Up-to-date: /home/maghetto/ros2_ws/install/turtlesim/include/turtlesim/srv/detail/set_pen__type_support.cpp
[2.760s] -- Up-to-date: /home/maghetto/ros2_ws/install/turtlesim/include/turtlesim/srv/detail/kill__type_support.cpp
[2.761s] -- Up-to-date: /home/maghetto/ros2_ws/install/turtlesim/include/turtlesim/srv/detail/kill__rosidl_typesupport_introspection_cpp.hpp
[2.761s] -- Up-to-date: /home/maghetto/ros2_ws/install/turtlesim/include/turtlesim/srv/detail/teleport_relative__rosidl_typesupport_introspection_cpp.hpp
[2.761s] -- Up-to-date: /home/maghetto/ros2_ws/install/turtlesim/include/turtlesim/srv/detail/spawn__rosidl_typesupport_introspection_cpp.hpp
[2.761s] -- Up-to-date: /home/maghetto/ros2_ws/install/turtlesim/include/turtlesim/srv/detail/teleport_absolute__rosidl_typesupport_introspection_cpp.hpp
[2.761s] -- Up-to-date: /home/maghetto/ros2_ws/install/turtlesim/include/turtlesim/msg
[2.772s] -- Up-to-date: /home/maghetto/ros2_ws/install/turtlesim/include/turtlesim/msg/detail
[2.784s] -- Up-to-date: /home/maghetto/ros2_ws/install/turtlesim/include/turtlesim/msg/detail/color__type_support.cpp
[2.788s] -- Up-to-date: /home/maghetto/ros2_ws/install/turtlesim/include/turtlesim/msg/detail/pose__type_support.cpp
[2.788s] -- Up-to-date: /home/maghetto/ros2_ws/install/turtlesim/include/turtlesim/msg/detail/pose__rosidl_typesupport_introspection_cpp.hpp
[2.789s] -- Up-to-date: /home/maghetto/ros2_ws/install/turtlesim/include/turtlesim/msg/detail/color__rosidl_typesupport_introspection_cpp.hpp
[2.789s] -- Up-to-date: /home/maghetto/ros2_ws/install/turtlesim/lib/libturtlesim__rosidl_typesupport_introspection_cpp.so
[2.789s] -- Up-to-date: /home/maghetto/ros2_ws/install/turtlesim/lib/libturtlesim__rosidl_typesupport_cpp.so
[2.789s] -- Up-to-date: /home/maghetto/ros2_ws/install/turtlesim/share/turtlesim/environment/pythonpath.sh
[2.789s] -- Up-to-date: /home/maghetto/ros2_ws/install/turtlesim/share/turtlesim/environment/pythonpath.dsv
[2.789s] -- Up-to-date: /home/maghetto/ros2_ws/install/turtlesim/lib/python3.8/site-packages/turtlesim/__init__.py
[2.790s] -- Up-to-date: /home/maghetto/ros2_ws/install/turtlesim/lib/python3.8/site-packages/turtlesim/action
[2.790s] -- Up-to-date: /home/maghetto/ros2_ws/install/turtlesim/lib/python3.8/site-packages/turtlesim/action/_rotate_absolute_s.c
[2.790s] -- Up-to-date: /home/maghetto/ros2_ws/install/turtlesim/lib/python3.8/site-packages/turtlesim/action/__init__.py
[2.790s] -- Up-to-date: /home/maghetto/ros2_ws/install/turtlesim/lib/python3.8/site-packages/turtlesim/action/_rotate_absolute.py
[2.791s] -- Up-to-date: /home/maghetto/ros2_ws/install/turtlesim/lib/python3.8/site-packages/turtlesim/msg
[2.791s] -- Up-to-date: /home/maghetto/ros2_ws/install/turtlesim/lib/python3.8/site-packages/turtlesim/msg/_color_s.c
[2.791s] -- Up-to-date: /home/maghetto/ros2_ws/install/turtlesim/lib/python3.8/site-packages/turtlesim/msg/_pose_s.c
[2.791s] -- Up-to-date: /home/maghetto/ros2_ws/install/turtlesim/lib/python3.8/site-packages/turtlesim/msg/_color.py
[2.791s] -- Up-to-date: /home/maghetto/ros2_ws/install/turtlesim/lib/python3.8/site-packages/turtlesim/msg/__init__.py
[2.792s] -- Up-to-date: /home/maghetto/ros2_ws/install/turtlesim/lib/python3.8/site-packages/turtlesim/msg/_pose.py
[2.792s] -- Up-to-date: /home/maghetto/ros2_ws/install/turtlesim/lib/python3.8/site-packages/turtlesim/srv
[2.792s] -- Up-to-date: /home/maghetto/ros2_ws/install/turtlesim/lib/python3.8/site-packages/turtlesim/srv/_teleport_relative.py
[2.792s] -- Up-to-date: /home/maghetto/ros2_ws/install/turtlesim/lib/python3.8/site-packages/turtlesim/srv/_teleport_relative_s.c
[2.792s] -- Up-to-date: /home/maghetto/ros2_ws/install/turtlesim/lib/python3.8/site-packages/turtlesim/srv/_set_pen_s.c
[2.792s] -- Up-to-date: /home/maghetto/ros2_ws/install/turtlesim/lib/python3.8/site-packages/turtlesim/srv/_spawn.py
[2.793s] -- Up-to-date: /home/maghetto/ros2_ws/install/turtlesim/lib/python3.8/site-packages/turtlesim/srv/_set_pen.py
[2.793s] -- Up-to-date: /home/maghetto/ros2_ws/install/turtlesim/lib/python3.8/site-packages/turtlesim/srv/_teleport_absolute.py
[2.793s] -- Up-to-date: /home/maghetto/ros2_ws/install/turtlesim/lib/python3.8/site-packages/turtlesim/srv/__init__.py
[2.793s] -- Up-to-date: /home/maghetto/ros2_ws/install/turtlesim/lib/python3.8/site-packages/turtlesim/srv/_kill_s.c
[2.793s] -- Up-to-date: /home/maghetto/ros2_ws/install/turtlesim/lib/python3.8/site-packages/turtlesim/srv/_kill.py
[2.794s] -- Up-to-date: /home/maghetto/ros2_ws/install/turtlesim/lib/python3.8/site-packages/turtlesim/srv/_spawn_s.c
[2.794s] -- Up-to-date: /home/maghetto/ros2_ws/install/turtlesim/lib/python3.8/site-packages/turtlesim/srv/_teleport_absolute_s.c
[2.794s] -- Up-to-date: /home/maghetto/ros2_ws/install/turtlesim/lib/python3.8/site-packages/turtlesim/turtlesim_s__rosidl_typesupport_fastrtps_c.cpython-38-x86_64-linux-gnu.so
[2.794s] -- Up-to-date: /home/maghetto/ros2_ws/install/turtlesim/lib/python3.8/site-packages/turtlesim/turtlesim_s__rosidl_typesupport_introspection_c.cpython-38-x86_64-linux-gnu.so
[2.794s] -- Up-to-date: /home/maghetto/ros2_ws/install/turtlesim/lib/python3.8/site-packages/turtlesim/turtlesim_s__rosidl_typesupport_c.cpython-38-x86_64-linux-gnu.so
[2.795s] -- Up-to-date: /home/maghetto/ros2_ws/install/turtlesim/lib/libturtlesim__python.so
[2.795s] -- Up-to-date: /home/maghetto/ros2_ws/install/turtlesim/share/turtlesim/action/RotateAbsolute.idl
[2.795s] -- Up-to-date: /home/maghetto/ros2_ws/install/turtlesim/share/turtlesim/msg/Color.idl
[2.795s] -- Up-to-date: /home/maghetto/ros2_ws/install/turtlesim/share/turtlesim/msg/Pose.idl
[2.796s] -- Up-to-date: /home/maghetto/ros2_ws/install/turtlesim/share/turtlesim/srv/Kill.idl
[2.796s] -- Up-to-date: /home/maghetto/ros2_ws/install/turtlesim/share/turtlesim/srv/SetPen.idl
[2.796s] -- Up-to-date: /home/maghetto/ros2_ws/install/turtlesim/share/turtlesim/srv/Spawn.idl
[2.796s] -- Up-to-date: /home/maghetto/ros2_ws/install/turtlesim/share/turtlesim/srv/TeleportAbsolute.idl
[2.796s] -- Up-to-date: /home/maghetto/ros2_ws/install/turtlesim/share/turtlesim/srv/TeleportRelative.idl
[2.797s] -- Up-to-date: /home/maghetto/ros2_ws/install/turtlesim/share/turtlesim/action/RotateAbsolute.action
[2.797s] -- Up-to-date: /home/maghetto/ros2_ws/install/turtlesim/share/turtlesim/msg/Color.msg
[2.797s] -- Up-to-date: /home/maghetto/ros2_ws/install/turtlesim/share/turtlesim/msg/Pose.msg
[2.797s] -- Up-to-date: /home/maghetto/ros2_ws/install/turtlesim/share/turtlesim/srv/Kill.srv
[2.797s] -- Up-to-date: /home/maghetto/ros2_ws/install/turtlesim/share/turtlesim/srv/Kill_Request.msg
[2.798s] -- Up-to-date: /home/maghetto/ros2_ws/install/turtlesim/share/turtlesim/srv/Kill_Response.msg
[2.798s] -- Up-to-date: /home/maghetto/ros2_ws/install/turtlesim/share/turtlesim/srv/SetPen.srv
[2.798s] -- Up-to-date: /home/maghetto/ros2_ws/install/turtlesim/share/turtlesim/srv/SetPen_Request.msg
[2.798s] -- Up-to-date: /home/maghetto/ros2_ws/install/turtlesim/share/turtlesim/srv/SetPen_Response.msg
[2.798s] -- Up-to-date: /home/maghetto/ros2_ws/install/turtlesim/share/turtlesim/srv/Spawn.srv
[2.799s] -- Up-to-date: /home/maghetto/ros2_ws/install/turtlesim/share/turtlesim/srv/Spawn_Request.msg
[2.799s] -- Up-to-date: /home/maghetto/ros2_ws/install/turtlesim/share/turtlesim/srv/Spawn_Response.msg
[2.799s] -- Up-to-date: /home/maghetto/ros2_ws/install/turtlesim/share/turtlesim/srv/TeleportAbsolute.srv
[2.801s] -- Up-to-date: /home/maghetto/ros2_ws/install/turtlesim/share/turtlesim/srv/TeleportAbsolute_Request.msg
[2.803s] -- Up-to-date: /home/maghetto/ros2_ws/install/turtlesim/share/turtlesim/srv/TeleportAbsolute_Response.msg
[2.804s] -- Up-to-date: /home/maghetto/ros2_ws/install/turtlesim/share/turtlesim/srv/TeleportRelative.srv
[2.804s] -- Up-to-date: /home/maghetto/ros2_ws/install/turtlesim/share/turtlesim/srv/TeleportRelative_Request.msg
[2.804s] -- Up-to-date: /home/maghetto/ros2_ws/install/turtlesim/share/turtlesim/srv/TeleportRelative_Response.msg
[2.807s] -- Up-to-date: /home/maghetto/ros2_ws/install/turtlesim/lib/turtlesim/turtlesim_node
[2.807s] -- Up-to-date: /home/maghetto/ros2_ws/install/turtlesim/lib/turtlesim/turtle_teleop_key
[2.807s] -- Up-to-date: /home/maghetto/ros2_ws/install/turtlesim/lib/turtlesim/draw_square
[2.808s] -- Up-to-date: /home/maghetto/ros2_ws/install/turtlesim/lib/turtlesim/mimic
[2.808s] -- Up-to-date: /home/maghetto/ros2_ws/install/turtlesim/share/turtlesim/images
[2.808s] -- Up-to-date: /home/maghetto/ros2_ws/install/turtlesim/share/turtlesim/images/foxy.png
[2.808s] -- Up-to-date: /home/maghetto/ros2_ws/install/turtlesim/share/turtlesim/images/crystal.png
[2.808s] -- Up-to-date: /home/maghetto/ros2_ws/install/turtlesim/share/turtlesim/images/eloquent.png
[2.809s] -- Up-to-date: /home/maghetto/ros2_ws/install/turtlesim/share/turtlesim/images/ardent.png
[2.809s] -- Up-to-date: /home/maghetto/ros2_ws/install/turtlesim/share/turtlesim/images/bouncy.png
[2.809s] -- Up-to-date: /home/maghetto/ros2_ws/install/turtlesim/share/turtlesim/images/dashing.png
[2.809s] -- Up-to-date: /home/maghetto/ros2_ws/install/turtlesim/share/turtlesim/launch
[2.809s] -- Up-to-date: /home/maghetto/ros2_ws/install/turtlesim/share/turtlesim/launch/multisim.launch.py
[2.810s] -- Up-to-date: /home/maghetto/ros2_ws/install/turtlesim/share/ament_index/resource_index/package_run_dependencies/turtlesim
[2.810s] -- Up-to-date: /home/maghetto/ros2_ws/install/turtlesim/share/ament_index/resource_index/parent_prefix_path/turtlesim
[2.832s] -- Up-to-date: /home/maghetto/ros2_ws/install/turtlesim/share/turtlesim/environment/ament_prefix_path.sh
[2.842s] -- Up-to-date: /home/maghetto/ros2_ws/install/turtlesim/share/turtlesim/environment/ament_prefix_path.dsv
[2.842s] -- Up-to-date: /home/maghetto/ros2_ws/install/turtlesim/share/turtlesim/environment/path.sh
[2.843s] -- Up-to-date: /home/maghetto/ros2_ws/install/turtlesim/share/turtlesim/environment/path.dsv
[2.843s] -- Up-to-date: /home/maghetto/ros2_ws/install/turtlesim/share/turtlesim/local_setup.bash
[2.843s] -- Up-to-date: /home/maghetto/ros2_ws/install/turtlesim/share/turtlesim/local_setup.sh
[2.843s] -- Up-to-date: /home/maghetto/ros2_ws/install/turtlesim/share/turtlesim/local_setup.zsh
[2.843s] -- Up-to-date: /home/maghetto/ros2_ws/install/turtlesim/share/turtlesim/local_setup.dsv
[2.846s] -- Installing: /home/maghetto/ros2_ws/install/turtlesim/share/turtlesim/package.dsv
[2.847s] -- Up-to-date: /home/maghetto/ros2_ws/install/turtlesim/share/ament_index/resource_index/packages/turtlesim
[2.847s] -- Up-to-date: /home/maghetto/ros2_ws/install/turtlesim/share/turtlesim/cmake/turtlesim__rosidl_generator_cExport.cmake
[2.847s] -- Up-to-date: /home/maghetto/ros2_ws/install/turtlesim/share/turtlesim/cmake/turtlesim__rosidl_generator_cExport-noconfig.cmake
[2.848s] -- Up-to-date: /home/maghetto/ros2_ws/install/turtlesim/share/turtlesim/cmake/turtlesim__rosidl_typesupport_introspection_cExport.cmake
[2.848s] -- Up-to-date: /home/maghetto/ros2_ws/install/turtlesim/share/turtlesim/cmake/turtlesim__rosidl_typesupport_introspection_cExport-noconfig.cmake
[2.848s] -- Up-to-date: /home/maghetto/ros2_ws/install/turtlesim/share/turtlesim/cmake/turtlesim__rosidl_typesupport_cExport.cmake
[2.848s] -- Up-to-date: /home/maghetto/ros2_ws/install/turtlesim/share/turtlesim/cmake/turtlesim__rosidl_typesupport_cExport-noconfig.cmake
[2.848s] -- Up-to-date: /home/maghetto/ros2_ws/install/turtlesim/share/turtlesim/cmake/turtlesim__rosidl_generator_cppExport.cmake
[2.849s] -- Up-to-date: /home/maghetto/ros2_ws/install/turtlesim/share/turtlesim/cmake/turtlesim__rosidl_typesupport_introspection_cppExport.cmake
[2.849s] -- Up-to-date: /home/maghetto/ros2_ws/install/turtlesim/share/turtlesim/cmake/turtlesim__rosidl_typesupport_introspection_cppExport-noconfig.cmake
[2.849s] -- Up-to-date: /home/maghetto/ros2_ws/install/turtlesim/share/turtlesim/cmake/turtlesim__rosidl_typesupport_cppExport.cmake
[2.849s] -- Up-to-date: /home/maghetto/ros2_ws/install/turtlesim/share/turtlesim/cmake/turtlesim__rosidl_typesupport_cppExport-noconfig.cmake
[2.850s] -- Up-to-date: /home/maghetto/ros2_ws/install/turtlesim/share/turtlesim/cmake/rosidl_cmake-extras.cmake
[2.850s] -- Up-to-date: /home/maghetto/ros2_ws/install/turtlesim/share/turtlesim/cmake/ament_cmake_export_dependencies-extras.cmake
[2.850s] -- Up-to-date: /home/maghetto/ros2_ws/install/turtlesim/share/turtlesim/cmake/ament_cmake_export_libraries-extras.cmake
[2.850s] -- Up-to-date: /home/maghetto/ros2_ws/install/turtlesim/share/turtlesim/cmake/ament_cmake_export_targets-extras.cmake
[2.851s] -- Up-to-date: /home/maghetto/ros2_ws/install/turtlesim/share/turtlesim/cmake/ament_cmake_export_include_directories-extras.cmake
[2.851s] -- Up-to-date: /home/maghetto/ros2_ws/install/turtlesim/share/turtlesim/cmake/rosidl_cmake_export_typesupport_libraries-extras.cmake
[2.851s] -- Up-to-date: /home/maghetto/ros2_ws/install/turtlesim/share/turtlesim/cmake/rosidl_cmake_export_typesupport_targets-extras.cmake
[2.851s] -- Up-to-date: /home/maghetto/ros2_ws/install/turtlesim/share/turtlesim/cmake/turtlesimConfig.cmake
[2.852s] -- Up-to-date: /home/maghetto/ros2_ws/install/turtlesim/share/turtlesim/cmake/turtlesimConfig-version.cmake
[2.852s] -- Up-to-date: /home/maghetto/ros2_ws/install/turtlesim/share/turtlesim/package.xml
[2.980s] Invoked command in '/home/maghetto/ros2_ws/build/turtlesim' returned '0': CMAKE_PREFIX_PATH=${CMAKE_PREFIX_PATH}:/home/maghetto/ros2_ws/install/py_launch_example:/home/maghetto/ros2_ws/install/launch_tutorial:/home/maghetto/ros2_ws/install/examples_rclpy_minimal_subscriber:/home/maghetto/ros2_ws/install/examples_rclpy_minimal_service:/home/maghetto/ros2_ws/install/examples_rclpy_minimal_publisher:/home/maghetto/ros2_ws/install/examples_rclpy_minimal_client:/home/maghetto/ros2_ws/install/examples_rclpy_minimal_action_server:/home/maghetto/ros2_ws/install/examples_rclpy_minimal_action_client:/home/maghetto/ros2_ws/install/examples_rclpy_executors:/home/maghetto/ROS2-Tutorials/ros2_ws/install/py_launch_example:/home/maghetto/ROS2-Tutorials/ros2_ws/install/launch_tutorial:/home/maghetto/ROS2-Tutorials/ros2_ws/install/examples_rclpy_minimal_subscriber:/home/maghetto/ROS2-Tutorials/ros2_ws/install/examples_rclpy_minimal_service:/home/maghetto/ROS2-Tutorials/ros2_ws/install/examples_rclpy_minimal_publisher:/home/maghetto/ROS2-Tutorials/ros2_ws/install/examples_rclpy_minimal_client:/home/maghetto/ROS2-Tutorials/ros2_ws/install/examples_rclpy_minimal_action_server:/home/maghetto/ROS2-Tutorials/ros2_ws/install/examples_rclpy_minimal_action_client:/home/maghetto/ROS2-Tutorials/ros2_ws/install/examples_rclpy_executors:/opt/ros/foxy /usr/bin/cmake --install /home/maghetto/ros2_ws/build/turtlesim
