[0.823s] Invoking command in '/home/maghetto/ros2_ws/build/examples_rclcpp_minimal_action_client': CMAKE_PREFIX_PATH=/opt/ros/foxy /usr/bin/cmake /home/maghetto/ros2_ws/src/examples/rclcpp/actions/minimal_action_client -DAMENT_CMAKE_SYMLINK_INSTALL=1 -DCMAKE_INSTALL_PREFIX=/home/maghetto/ros2_ws/install/examples_rclcpp_minimal_action_client
[1.662s] -- The C compiler identification is GNU 9.4.0
[2.128s] -- The CXX compiler identification is GNU 9.4.0
[2.178s] -- Check for working C compiler: /usr/bin/cc
[2.338s] -- Check for working C compiler: /usr/bin/cc -- works
[2.342s] -- Detecting C compiler ABI info
[2.513s] -- Detecting C compiler ABI info - done
[2.535s] -- Detecting C compile features
[2.536s] -- Detecting C compile features - done
[2.549s] -- Check for working CXX compiler: /usr/bin/c++
[2.706s] -- Check for working CXX compiler: /usr/bin/c++ -- works
[2.707s] -- Detecting CXX compiler ABI info
[2.894s] -- Detecting CXX compiler ABI info - done
[2.915s] -- Detecting CXX compile features
[2.916s] -- Detecting CXX compile features - done
[2.919s] -- Found ament_cmake: 0.9.12 (/opt/ros/foxy/share/ament_cmake/cmake)
[2.964s] -- Found PythonInterp: /usr/bin/python3 (found suitable version "3.8.10", minimum required is "3") 
[2.964s] -- Using PYTHON_EXECUTABLE: /usr/bin/python3
[3.233s] -- Override CMake install command with custom implementation using symlinks instead of copying resources
[3.367s] -- Found example_interfaces: 0.9.1 (/opt/ros/foxy/share/example_interfaces/cmake)
[3.486s] -- Using all available rosidl_typesupport_c: rosidl_typesupport_fastrtps_c;rosidl_typesupport_introspection_c
[3.529s] -- Found rosidl_adapter: 1.3.1 (/opt/ros/foxy/share/rosidl_adapter/cmake)
[3.855s] -- Found OpenSSL: /usr/lib/x86_64-linux-gnu/libcrypto.so (found version "1.1.1f")  
[3.920s] -- Found FastRTPS: /opt/ros/foxy/include  
[4.186s] -- Using all available rosidl_typesupport_cpp: rosidl_typesupport_fastrtps_cpp;rosidl_typesupport_introspection_cpp
[4.698s] -- Found rclcpp: 2.4.3 (/opt/ros/foxy/share/rclcpp/cmake)
[4.773s] -- Found rmw_implementation_cmake: 1.0.4 (/opt/ros/foxy/share/rmw_implementation_cmake/cmake)
[4.777s] -- Using RMW implementation 'rmw_fastrtps_cpp' as default
[4.778s] -- Looking for pthread.h
[4.978s] -- Looking for pthread.h - found
[4.979s] -- Performing Test CMAKE_HAVE_LIBC_PTHREAD
[5.172s] -- Performing Test CMAKE_HAVE_LIBC_PTHREAD - Failed
[5.174s] -- Looking for pthread_create in pthreads
[5.425s] -- Looking for pthread_create in pthreads - not found
[5.425s] -- Looking for pthread_create in pthread
[5.658s] -- Looking for pthread_create in pthread - found
[5.660s] -- Found Threads: TRUE  
[6.052s] -- Found rclcpp_action: 2.4.3 (/opt/ros/foxy/share/rclcpp_action/cmake)
[6.138s] -- Found ament_lint_auto: 0.9.8 (/opt/ros/foxy/share/ament_lint_auto/cmake)
[6.291s] -- Added test 'copyright' to check source files copyright and LICENSE
[6.293s] -- Added test 'cppcheck' to perform static code analysis on C / C++ code
[6.293s] -- Configured cppcheck include dirs: 
[6.293s] -- Configured cppcheck exclude dirs and/or files: 
[6.294s] -- Added test 'cpplint' to check C / C++ code against the Google style
[6.294s] -- Configured cpplint exclude dirs and/or files: 
[6.294s] -- Added test 'lint_cmake' to check CMake code style
[6.296s] -- Added test 'uncrustify' to check C / C++ code style
[6.296s] -- Configured uncrustify additional arguments: 
[6.296s] -- Added test 'xmllint' to check XML markup files
[6.301s] -- Configuring done
[6.336s] -- Generating done
[6.338s] -- Build files have been written to: /home/maghetto/ros2_ws/build/examples_rclcpp_minimal_action_client
[6.369s] Invoked command in '/home/maghetto/ros2_ws/build/examples_rclcpp_minimal_action_client' returned '0': CMAKE_PREFIX_PATH=/opt/ros/foxy /usr/bin/cmake /home/maghetto/ros2_ws/src/examples/rclcpp/actions/minimal_action_client -DAMENT_CMAKE_SYMLINK_INSTALL=1 -DCMAKE_INSTALL_PREFIX=/home/maghetto/ros2_ws/install/examples_rclcpp_minimal_action_client
[6.371s] Invoking command in '/home/maghetto/ros2_ws/build/examples_rclcpp_minimal_action_client': CMAKE_PREFIX_PATH=/opt/ros/foxy /usr/bin/cmake --build /home/maghetto/ros2_ws/build/examples_rclcpp_minimal_action_client -- -j5 -l5
[6.483s] [35m[1mScanning dependencies of target action_client_not_composable_with_feedback[0m
[6.511s] [35m[1mScanning dependencies of target action_client_not_composable_with_cancel[0m
[6.520s] [35m[1mScanning dependencies of target action_client_not_composable[0m
[6.671s] [35m[1mScanning dependencies of target action_client_member_functions[0m
[7.099s] [ 12%] [32mBuilding CXX object CMakeFiles/action_client_not_composable_with_feedback.dir/not_composable_with_feedback.cpp.o[0m
[7.114s] [ 25%] [32mBuilding CXX object CMakeFiles/action_client_not_composable.dir/not_composable.cpp.o[0m
[7.128s] [ 37%] [32mBuilding CXX object CMakeFiles/action_client_member_functions.dir/member_functions.cpp.o[0m
[7.167s] [ 50%] [32mBuilding CXX object CMakeFiles/action_client_not_composable_with_cancel.dir/not_composable_with_cancel.cpp.o[0m
[24.285s] [ 62%] [32m[1mLinking CXX executable action_client_not_composable[0m
[25.171s] [ 62%] Built target action_client_not_composable
[25.491s] [ 75%] [32m[1mLinking CXX executable action_client_member_functions[0m
[25.933s] [ 75%] Built target action_client_member_functions
[26.304s] [ 87%] [32m[1mLinking CXX executable action_client_not_composable_with_cancel[0m
[26.539s] [100%] [32m[1mLinking CXX executable action_client_not_composable_with_feedback[0m
[26.853s] [100%] Built target action_client_not_composable_with_cancel
[26.890s] [100%] Built target action_client_not_composable_with_feedback
[26.911s] Invoked command in '/home/maghetto/ros2_ws/build/examples_rclcpp_minimal_action_client' returned '0': CMAKE_PREFIX_PATH=/opt/ros/foxy /usr/bin/cmake --build /home/maghetto/ros2_ws/build/examples_rclcpp_minimal_action_client -- -j5 -l5
[27.013s] Invoking command in '/home/maghetto/ros2_ws/build/examples_rclcpp_minimal_action_client': CMAKE_PREFIX_PATH=/opt/ros/foxy /usr/bin/cmake --install /home/maghetto/ros2_ws/build/examples_rclcpp_minimal_action_client
[27.027s] -- Install configuration: ""
[27.028s] -- Execute custom install script
[27.028s] -- Symlinking: /home/maghetto/ros2_ws/install/examples_rclcpp_minimal_action_client/lib/examples_rclcpp_minimal_action_client/action_client_member_functions
[27.044s] -- Symlinking: /home/maghetto/ros2_ws/install/examples_rclcpp_minimal_action_client/lib/examples_rclcpp_minimal_action_client/action_client_not_composable
[27.057s] -- Symlinking: /home/maghetto/ros2_ws/install/examples_rclcpp_minimal_action_client/lib/examples_rclcpp_minimal_action_client/action_client_not_composable_with_cancel
[27.071s] -- Symlinking: /home/maghetto/ros2_ws/install/examples_rclcpp_minimal_action_client/lib/examples_rclcpp_minimal_action_client/action_client_not_composable_with_feedback
[27.087s] -- Symlinking: /home/maghetto/ros2_ws/install/examples_rclcpp_minimal_action_client/share/ament_index/resource_index/package_run_dependencies/examples_rclcpp_minimal_action_client
[27.101s] -- Symlinking: /home/maghetto/ros2_ws/install/examples_rclcpp_minimal_action_client/share/ament_index/resource_index/parent_prefix_path/examples_rclcpp_minimal_action_client
[27.146s] -- Symlinking: /home/maghetto/ros2_ws/install/examples_rclcpp_minimal_action_client/share/examples_rclcpp_minimal_action_client/environment/ament_prefix_path.sh
[27.146s] -- Symlinking: /home/maghetto/ros2_ws/install/examples_rclcpp_minimal_action_client/share/examples_rclcpp_minimal_action_client/environment/ament_prefix_path.dsv
[27.146s] -- Symlinking: /home/maghetto/ros2_ws/install/examples_rclcpp_minimal_action_client/share/examples_rclcpp_minimal_action_client/environment/path.sh
[27.158s] -- Symlinking: /home/maghetto/ros2_ws/install/examples_rclcpp_minimal_action_client/share/examples_rclcpp_minimal_action_client/environment/path.dsv
[27.171s] -- Symlinking: /home/maghetto/ros2_ws/install/examples_rclcpp_minimal_action_client/share/examples_rclcpp_minimal_action_client/local_setup.bash
[27.184s] -- Symlinking: /home/maghetto/ros2_ws/install/examples_rclcpp_minimal_action_client/share/examples_rclcpp_minimal_action_client/local_setup.sh
[27.202s] -- Symlinking: /home/maghetto/ros2_ws/install/examples_rclcpp_minimal_action_client/share/examples_rclcpp_minimal_action_client/local_setup.zsh
[27.224s] -- Symlinking: /home/maghetto/ros2_ws/install/examples_rclcpp_minimal_action_client/share/examples_rclcpp_minimal_action_client/local_setup.dsv
[27.242s] -- Symlinking: /home/maghetto/ros2_ws/install/examples_rclcpp_minimal_action_client/share/examples_rclcpp_minimal_action_client/package.dsv
[27.280s] -- Symlinking: /home/maghetto/ros2_ws/install/examples_rclcpp_minimal_action_client/share/ament_index/resource_index/packages/examples_rclcpp_minimal_action_client
[27.295s] -- Symlinking: /home/maghetto/ros2_ws/install/examples_rclcpp_minimal_action_client/share/examples_rclcpp_minimal_action_client/cmake/examples_rclcpp_minimal_action_clientConfig.cmake
[27.307s] -- Symlinking: /home/maghetto/ros2_ws/install/examples_rclcpp_minimal_action_client/share/examples_rclcpp_minimal_action_client/cmake/examples_rclcpp_minimal_action_clientConfig-version.cmake
[27.307s] -- Symlinking: /home/maghetto/ros2_ws/install/examples_rclcpp_minimal_action_client/share/examples_rclcpp_minimal_action_client/package.xml
[27.529s] Invoked command in '/home/maghetto/ros2_ws/build/examples_rclcpp_minimal_action_client' returned '0': CMAKE_PREFIX_PATH=/opt/ros/foxy /usr/bin/cmake --install /home/maghetto/ros2_ws/build/examples_rclcpp_minimal_action_client
