[0.167s] Invoking command in '/home/maghetto/ros2_ws/build/my_first_personal_project': CMAKE_PREFIX_PATH=/opt/ros/foxy /usr/bin/cmake --build /home/maghetto/ros2_ws/build/my_first_personal_project -- -j6 -l6
[0.248s] [  3%] Built target my_first_personal_project__cpp
[0.261s] [  6%] [32mBuilding C object CMakeFiles/my_first_personal_project__rosidl_generator_c.dir/rosidl_generator_c/my_first_personal_project/msg/detail/number__functions.c.o[0m
[0.277s] In file included from [01m[K/home/maghetto/ros2_ws/build/my_first_personal_project/rosidl_generator_c/my_first_personal_project/msg/detail/number__functions.h:19[m[K,
[0.277s]                  from [01m[K/home/maghetto/ros2_ws/build/my_first_personal_project/rosidl_generator_c/my_first_personal_project/msg/detail/number__functions.c:4[m[K:
[0.277s] [01m[K/home/maghetto/ros2_ws/build/my_first_personal_project/rosidl_generator_c/my_first_personal_project/msg/detail/number__struct.h:22:10:[m[K [01;31m[Kfatal error: [m[Kmy_first_personal_project/msg/detail/string__struct.h: File o directory non esistente
[0.278s]    22 | #include [01;31m[K"my_first_personal_project/msg/detail/string__struct.h"[m[K
[0.278s]       |          [01;31m[K^~~~~~~~~~~~~~~~~~~~~~~~~~~~~~~~~~~~~~~~~~~~~~~~~~~~~~~[m[K
[0.278s] compilation terminated.
[0.280s] make[2]: *** [CMakeFiles/my_first_personal_project__rosidl_generator_c.dir/build.make:92: CMakeFiles/my_first_personal_project__rosidl_generator_c.dir/rosidl_generator_c/my_first_personal_project/msg/detail/number__functions.c.o] Errore 1
[0.281s] make[1]: *** [CMakeFiles/Makefile2:362: CMakeFiles/my_first_personal_project__rosidl_generator_c.dir/all] Errore 2
[0.281s] make[1]: *** Attesa per i processi non terminati....
[0.283s] [  9%] [32mBuilding CXX object CMakeFiles/my_first_personal_project__rosidl_typesupport_fastrtps_cpp.dir/rosidl_typesupport_fastrtps_cpp/my_first_personal_project/msg/detail/dds_fastrtps/number__type_support.cpp.o[0m
[0.284s] [ 12%] [32mBuilding CXX object CMakeFiles/my_first_personal_project__rosidl_typesupport_cpp.dir/rosidl_typesupport_cpp/my_first_personal_project/msg/number__type_support.cpp.o[0m
[0.287s] [ 15%] [32mBuilding CXX object CMakeFiles/my_first_personal_project__rosidl_typesupport_introspection_cpp.dir/rosidl_typesupport_introspection_cpp/my_first_personal_project/msg/detail/number__type_support.cpp.o[0m
[0.329s] In file included from [01m[K/home/maghetto/ros2_ws/build/my_first_personal_project/rosidl_typesupport_cpp/my_first_personal_project/msg/number__type_support.cpp:7[m[K:
[0.329s] [01m[K/home/maghetto/ros2_ws/build/my_first_personal_project/rosidl_generator_cpp/my_first_personal_project/msg/detail/number__struct.hpp:19:10:[m[K [01;31m[Kfatal error: [m[Kmy_first_personal_project/msg/detail/string__struct.hpp: File o directory non esistente
[0.329s]    19 | #include [01;31m[K"my_first_personal_project/msg/detail/string__struct.hpp"[m[K
[0.329s]       |          [01;31m[K^~~~~~~~~~~~~~~~~~~~~~~~~~~~~~~~~~~~~~~~~~~~~~~~~~~~~~~~~[m[K
[0.329s] compilation terminated.
[0.330s] In file included from [01m[K/home/maghetto/ros2_ws/build/my_first_personal_project/rosidl_typesupport_fastrtps_cpp/my_first_personal_project/msg/detail/number__rosidl_typesupport_fastrtps_cpp.hpp:11[m[K,
[0.330s]                  from [01m[K/home/maghetto/ros2_ws/build/my_first_personal_project/rosidl_typesupport_fastrtps_cpp/my_first_personal_project/msg/detail/dds_fastrtps/number__type_support.cpp:4[m[K:
[0.330s] [01m[K/home/maghetto/ros2_ws/build/my_first_personal_project/rosidl_generator_cpp/my_first_personal_project/msg/detail/number__struct.hpp:19:10:[m[K [01;31m[Kfatal error: [m[Kmy_first_personal_project/msg/detail/string__struct.hpp: File o directory non esistente
[0.330s]    19 | #include [01;31m[K"my_first_personal_project/msg/detail/string__struct.hpp"[m[K
[0.330s]       |          [01;31m[K^~~~~~~~~~~~~~~~~~~~~~~~~~~~~~~~~~~~~~~~~~~~~~~~~~~~~~~~~[m[K
[0.330s] compilation terminated.
[0.340s] make[2]: *** [CMakeFiles/my_first_personal_project__rosidl_typesupport_cpp.dir/build.make:73: CMakeFiles/my_first_personal_project__rosidl_typesupport_cpp.dir/rosidl_typesupport_cpp/my_first_personal_project/msg/number__type_support.cpp.o] Errore 1
[0.341s] In file included from [01m[K/home/maghetto/ros2_ws/build/my_first_personal_project/rosidl_typesupport_introspection_cpp/my_first_personal_project/msg/detail/number__type_support.cpp:12[m[K:
[0.341s] [01m[K/home/maghetto/ros2_ws/build/my_first_personal_project/rosidl_generator_cpp/my_first_personal_project/msg/detail/number__struct.hpp:19:10:[m[K [01;31m[Kfatal error: [m[Kmy_first_personal_project/msg/detail/string__struct.hpp: File o directory non esistente
[0.341s]    19 | #include [01;31m[K"my_first_personal_project/msg/detail/string__struct.hpp"[m[K
[0.341s]       |          [01;31m[K^~~~~~~~~~~~~~~~~~~~~~~~~~~~~~~~~~~~~~~~~~~~~~~~~~~~~~~~~[m[K
[0.341s] compilation terminated.
[0.342s] make[1]: *** [CMakeFiles/Makefile2:445: CMakeFiles/my_first_personal_project__rosidl_typesupport_cpp.dir/all] Errore 2
[0.342s] make[2]: *** [CMakeFiles/my_first_personal_project__rosidl_typesupport_fastrtps_cpp.dir/build.make:78: CMakeFiles/my_first_personal_project__rosidl_typesupport_fastrtps_cpp.dir/rosidl_typesupport_fastrtps_cpp/my_first_personal_project/msg/detail/dds_fastrtps/number__type_support.cpp.o] Errore 1
[0.342s] make[1]: *** [CMakeFiles/Makefile2:308: CMakeFiles/my_first_personal_project__rosidl_typesupport_fastrtps_cpp.dir/all] Errore 2
[0.342s] make[2]: *** [CMakeFiles/my_first_personal_project__rosidl_typesupport_introspection_cpp.dir/build.make:78: CMakeFiles/my_first_personal_project__rosidl_typesupport_introspection_cpp.dir/rosidl_typesupport_introspection_cpp/my_first_personal_project/msg/detail/number__type_support.cpp.o] Errore 1
[0.343s] make[1]: *** [CMakeFiles/Makefile2:526: CMakeFiles/my_first_personal_project__rosidl_typesupport_introspection_cpp.dir/all] Errore 2
[0.343s] make: *** [Makefile:141: all] Errore 2
[0.348s] Invoked command in '/home/maghetto/ros2_ws/build/my_first_personal_project' returned '2': CMAKE_PREFIX_PATH=/opt/ros/foxy /usr/bin/cmake --build /home/maghetto/ros2_ws/build/my_first_personal_project -- -j6 -l6
